

================================================================
== Vivado HLS Report for 'FFT0126'
================================================================
* Date:           Thu Dec 31 16:12:07 2020

* Version:        2020.1 (Build 2897737 on Wed May 27 20:21:37 MDT 2020)
* Project:        vhlsv4_256
* Solution:       soln256
* Product family: zynq
* Target device:  xc7z020-clg400-1


================================================================
== Performance Estimates
================================================================
+ Timing: 
    * Summary: 
    +--------+----------+----------+------------+
    |  Clock |  Target  | Estimated| Uncertainty|
    +--------+----------+----------+------------+
    |ap_clk  | 10.00 ns | 8.358 ns |   1.25 ns  |
    +--------+----------+----------+------------+

+ Latency: 
    * Summary: 
    +---------+---------+----------+----------+-----+-----+---------+
    |  Latency (cycles) |  Latency (absolute) |  Interval | Pipeline|
    |   min   |   max   |    min   |    max   | min | max |   Type  |
    +---------+---------+----------+----------+-----+-----+---------+
    |      145|      145| 1.450 us | 1.450 us |  145|  145|   none  |
    +---------+---------+----------+----------+-----+-----+---------+

    + Detail: 
        * Instance: 
        N/A

        * Loop: 
        +--------------+---------+---------+----------+-----------+-----------+------+----------+
        |              |  Latency (cycles) | Iteration|  Initiation Interval  | Trip |          |
        |   Loop Name  |   min   |   max   |  Latency |  achieved |   target  | Count| Pipelined|
        +--------------+---------+---------+----------+-----------+-----------+------+----------+
        |- FFT_label1  |      143|      143|        17|          1|          1|   128|    yes   |
        +--------------+---------+---------+----------+-----------+-----------+------+----------+

============================================================
+ Verbose Summary: Synthesis Manager
============================================================
InlineROM: 1
ExposeGlobal: 0
============================================================
+ Verbose Summary: CDFG Model
============================================================
IsTopModel: 0
ResetActiveHigh: 1
IsCombinational: 2
IsDatapathOnly: 0
HasWiredReturn: 1
HasMFsm: 0
HasVarLatency: 1
IsPipeline: 0
IsRtlPipelined: 0
IsInstanceOverlapped: 0
IsDontTouch: 0
HasImplIP: 0
IsGatedGlobalClock: 0

+ Individual pipeline summary: 
  * Pipeline-0: initiation interval (II) = 1, depth = 17


============================================================
+ Verbose Summary: Schedule
============================================================
* Number of FSM states : 19
* Pipeline : 1
  Pipeline-0 : II = 1, D = 17, States = { 2 3 4 5 6 7 8 9 10 11 12 13 14 15 16 17 18 }
* Dataflow Pipeline: 0

* FSM state transitions: 
1 --> 2 
2 --> 19 3 
3 --> 4 
4 --> 5 
5 --> 6 
6 --> 7 
7 --> 8 
8 --> 9 
9 --> 10 
10 --> 11 
11 --> 12 
12 --> 13 
13 --> 14 
14 --> 15 
15 --> 16 
16 --> 17 
17 --> 18 
18 --> 2 
19 --> 

* FSM state operations: 

State 1 <SV = 0> <Delay = 1.76>
ST_1 : Operation 20 [1/1] (1.76ns)   --->   "br label %0" [vhls_src/fft.cpp:86]   --->   Operation 20 'br' <Predicate = true> <Delay = 1.76>

State 2 <SV = 1> <Delay = 8.35>
ST_2 : Operation 21 [1/1] (0.00ns)   --->   "%butterfly_span_0_i = phi i32 [ 0, %entry ], [ %select_ln94, %FFT_label1 ]" [vhls_src/fft.cpp:94]   --->   Operation 21 'phi' 'butterfly_span_0_i' <Predicate = true> <Delay = 0.00>
ST_2 : Operation 22 [1/1] (0.00ns)   --->   "%butterfly_pass_0_i = phi i32 [ 0, %entry ], [ %butterfly_pass_6, %FFT_label1 ]"   --->   Operation 22 'phi' 'butterfly_pass_0_i' <Predicate = true> <Delay = 0.00>
ST_2 : Operation 23 [1/1] (0.00ns)   --->   "%i_0_i = phi i8 [ 0, %entry ], [ %i, %FFT_label1 ]"   --->   Operation 23 'phi' 'i_0_i' <Predicate = true> <Delay = 0.00>
ST_2 : Operation 24 [1/1] (1.55ns)   --->   "%icmp_ln86 = icmp eq i8 %i_0_i, -128" [vhls_src/fft.cpp:86]   --->   Operation 24 'icmp' 'icmp_ln86' <Predicate = true> <Delay = 1.55> <Core = "Cmp">   --->   Core 25 'Cmp' <Latency = 0> <II = 1> <Delay = 2.47> <FuncUnit> <Opcode : 'icmp'> <InPorts = 2> <OutPorts = 1>
ST_2 : Operation 25 [1/1] (0.00ns)   --->   "%empty = call i32 (...)* @_ssdm_op_SpecLoopTripCount(i64 128, i64 128, i64 128)"   --->   Operation 25 'speclooptripcount' 'empty' <Predicate = true> <Delay = 0.00>
ST_2 : Operation 26 [1/1] (1.91ns)   --->   "%i = add i8 %i_0_i, 1" [vhls_src/fft.cpp:86]   --->   Operation 26 'add' 'i' <Predicate = true> <Delay = 1.91> <Core = "AddSub">   --->   Core 14 'AddSub' <Latency = 0> <II = 1> <Delay = 2.55> <FuncUnit> <Opcode : 'add' 'sub'> <InPorts = 2> <OutPorts = 1>
ST_2 : Operation 27 [1/1] (0.00ns)   --->   "br i1 %icmp_ln86, label %FFT0126.exit, label %FFT_label1" [vhls_src/fft.cpp:86]   --->   Operation 27 'br' <Predicate = true> <Delay = 0.00>
ST_2 : Operation 28 [1/1] (0.00ns)   --->   "%index = shl i32 %butterfly_span_0_i, 2" [vhls_src/fft.cpp:88]   --->   Operation 28 'shl' 'index' <Predicate = (!icmp_ln86)> <Delay = 0.00>
ST_2 : Operation 29 [1/1] (0.00ns) (grouped into LUT with out node Ulimit)   --->   "%shl_ln89 = shl i32 %butterfly_pass_0_i, 6" [vhls_src/fft.cpp:89]   --->   Operation 29 'shl' 'shl_ln89' <Predicate = (!icmp_ln86)> <Delay = 0.00>
ST_2 : Operation 30 [1/1] (2.55ns) (out node of the LUT)   --->   "%Ulimit = add nsw i32 %butterfly_span_0_i, %shl_ln89" [vhls_src/fft.cpp:89]   --->   Operation 30 'add' 'Ulimit' <Predicate = (!icmp_ln86)> <Delay = 2.55> <Core = "AddSub">   --->   Core 14 'AddSub' <Latency = 0> <II = 1> <Delay = 2.55> <FuncUnit> <Opcode : 'add' 'sub'> <InPorts = 2> <OutPorts = 1>
ST_2 : Operation 31 [1/1] (2.55ns)   --->   "%Llimit = add nsw i32 32, %Ulimit" [vhls_src/fft.cpp:90]   --->   Operation 31 'add' 'Llimit' <Predicate = (!icmp_ln86)> <Delay = 2.55> <Core = "AddSub">   --->   Core 14 'AddSub' <Latency = 0> <II = 1> <Delay = 2.55> <FuncUnit> <Opcode : 'add' 'sub'> <InPorts = 2> <OutPorts = 1>
ST_2 : Operation 32 [1/1] (0.00ns)   --->   "%sext_ln91 = sext i32 %index to i64" [vhls_src/fft.cpp:91]   --->   Operation 32 'sext' 'sext_ln91' <Predicate = (!icmp_ln86)> <Delay = 0.00>
ST_2 : Operation 33 [1/1] (0.00ns)   --->   "%W_M_real137_addr = getelementptr [128 x float]* @W_M_real137, i64 0, i64 %sext_ln91" [vhls_src/fft.cpp:91]   --->   Operation 33 'getelementptr' 'W_M_real137_addr' <Predicate = (!icmp_ln86)> <Delay = 0.00>
ST_2 : Operation 34 [1/1] (0.00ns)   --->   "%W_M_imag130_addr = getelementptr [128 x float]* @W_M_imag130, i64 0, i64 %sext_ln91" [vhls_src/fft.cpp:91]   --->   Operation 34 'getelementptr' 'W_M_imag130_addr' <Predicate = (!icmp_ln86)> <Delay = 0.00>
ST_2 : Operation 35 [1/1] (0.00ns)   --->   "%sext_ln91_3 = sext i32 %Llimit to i64" [vhls_src/fft.cpp:91]   --->   Operation 35 'sext' 'sext_ln91_3' <Predicate = (!icmp_ln86)> <Delay = 0.00>
ST_2 : Operation 36 [1/1] (0.00ns)   --->   "%data_OUT5_M_real_ad = getelementptr [256 x float]* @data_OUT5_M_real, i64 0, i64 %sext_ln91_3" [vhls_src/fft.cpp:91]   --->   Operation 36 'getelementptr' 'data_OUT5_M_real_ad' <Predicate = (!icmp_ln86)> <Delay = 0.00>
ST_2 : Operation 37 [1/1] (0.00ns)   --->   "%data_OUT5_M_imag_ad = getelementptr [256 x float]* @data_OUT5_M_imag, i64 0, i64 %sext_ln91_3" [vhls_src/fft.cpp:91]   --->   Operation 37 'getelementptr' 'data_OUT5_M_imag_ad' <Predicate = (!icmp_ln86)> <Delay = 0.00>
ST_2 : Operation 38 [2/2] (3.25ns)   --->   "%p_r_M_real = load float* %W_M_real137_addr, align 16" [vhls_src/fft.cpp:91]   --->   Operation 38 'load' 'p_r_M_real' <Predicate = (!icmp_ln86)> <Delay = 3.25> <Core = "ROM_nP">   --->   Core 52 'ROM_nP' <Latency = 1> <II = 1> <Delay = 3.25> <Storage> <Opcode : 'load'> <Ports = 0> <Width = 32> <Depth = 128> <ROM>
ST_2 : Operation 39 [2/2] (3.25ns)   --->   "%p_r_M_imag = load float* %W_M_imag130_addr, align 16" [vhls_src/fft.cpp:91]   --->   Operation 39 'load' 'p_r_M_imag' <Predicate = (!icmp_ln86)> <Delay = 3.25> <Core = "ROM_nP">   --->   Core 52 'ROM_nP' <Latency = 1> <II = 1> <Delay = 3.25> <Storage> <Opcode : 'load'> <Ports = 0> <Width = 32> <Depth = 128> <ROM>
ST_2 : Operation 40 [2/2] (3.25ns)   --->   "%p_t_real = load float* %data_OUT5_M_real_ad, align 4" [vhls_src/fft.cpp:91]   --->   Operation 40 'load' 'p_t_real' <Predicate = (!icmp_ln86)> <Delay = 3.25> <Core = "RAM">   --->   Core 37 'RAM' <Latency = 1> <II = 1> <Delay = 3.25> <Storage> <Opcode : 'load' 'store'> <Ports = 2> <Width = 32> <Depth = 256> <RAM>
ST_2 : Operation 41 [2/2] (3.25ns)   --->   "%p_t_imag = load float* %data_OUT5_M_imag_ad, align 4" [vhls_src/fft.cpp:91]   --->   Operation 41 'load' 'p_t_imag' <Predicate = (!icmp_ln86)> <Delay = 3.25> <Core = "RAM">   --->   Core 37 'RAM' <Latency = 1> <II = 1> <Delay = 3.25> <Storage> <Opcode : 'load' 'store'> <Ports = 2> <Width = 32> <Depth = 256> <RAM>
ST_2 : Operation 42 [1/1] (2.47ns)   --->   "%icmp_ln94 = icmp slt i32 %butterfly_span_0_i, 31" [vhls_src/fft.cpp:94]   --->   Operation 42 'icmp' 'icmp_ln94' <Predicate = (!icmp_ln86)> <Delay = 2.47> <Core = "Cmp">   --->   Core 25 'Cmp' <Latency = 0> <II = 1> <Delay = 2.47> <FuncUnit> <Opcode : 'icmp'> <InPorts = 2> <OutPorts = 1>
ST_2 : Operation 43 [1/1] (2.55ns)   --->   "%butterfly_span = add nsw i32 1, %butterfly_span_0_i" [vhls_src/fft.cpp:95]   --->   Operation 43 'add' 'butterfly_span' <Predicate = (!icmp_ln86)> <Delay = 2.55> <Core = "AddSub">   --->   Core 14 'AddSub' <Latency = 0> <II = 1> <Delay = 2.55> <FuncUnit> <Opcode : 'add' 'sub'> <InPorts = 2> <OutPorts = 1>
ST_2 : Operation 44 [1/1] (2.47ns)   --->   "%icmp_ln96 = icmp slt i32 %butterfly_pass_0_i, 3" [vhls_src/fft.cpp:96]   --->   Operation 44 'icmp' 'icmp_ln96' <Predicate = (!icmp_ln86)> <Delay = 2.47> <Core = "Cmp">   --->   Core 25 'Cmp' <Latency = 0> <II = 1> <Delay = 2.47> <FuncUnit> <Opcode : 'icmp'> <InPorts = 2> <OutPorts = 1>
ST_2 : Operation 45 [1/1] (2.55ns)   --->   "%butterfly_pass = add nsw i32 1, %butterfly_pass_0_i" [vhls_src/fft.cpp:97]   --->   Operation 45 'add' 'butterfly_pass' <Predicate = (!icmp_ln86)> <Delay = 2.55> <Core = "AddSub">   --->   Core 14 'AddSub' <Latency = 0> <II = 1> <Delay = 2.55> <FuncUnit> <Opcode : 'add' 'sub'> <InPorts = 2> <OutPorts = 1>
ST_2 : Operation 46 [1/1] (0.00ns) (grouped into LUT with out node butterfly_pass_6)   --->   "%butterfly_pass_5 = select i1 %icmp_ln96, i32 %butterfly_pass, i32 0" [vhls_src/fft.cpp:96]   --->   Operation 46 'select' 'butterfly_pass_5' <Predicate = (!icmp_ln86)> <Delay = 0.00> <Core = "Sel">   --->   Core 26 'Sel' <Latency = 0> <II = 1> <Delay = 0.69> <FuncUnit> <Opcode : 'select'> <InPorts = 3> <OutPorts = 1>
ST_2 : Operation 47 [1/1] (0.69ns)   --->   "%select_ln94 = select i1 %icmp_ln94, i32 %butterfly_span, i32 0" [vhls_src/fft.cpp:94]   --->   Operation 47 'select' 'select_ln94' <Predicate = (!icmp_ln86)> <Delay = 0.69> <Core = "Sel">   --->   Core 26 'Sel' <Latency = 0> <II = 1> <Delay = 0.69> <FuncUnit> <Opcode : 'select'> <InPorts = 3> <OutPorts = 1>
ST_2 : Operation 48 [1/1] (0.69ns) (out node of the LUT)   --->   "%butterfly_pass_6 = select i1 %icmp_ln94, i32 %butterfly_pass_0_i, i32 %butterfly_pass_5" [vhls_src/fft.cpp:94]   --->   Operation 48 'select' 'butterfly_pass_6' <Predicate = (!icmp_ln86)> <Delay = 0.69> <Core = "Sel">   --->   Core 26 'Sel' <Latency = 0> <II = 1> <Delay = 0.69> <FuncUnit> <Opcode : 'select'> <InPorts = 3> <OutPorts = 1>

State 3 <SV = 2> <Delay = 3.25>
ST_3 : Operation 49 [1/2] (3.25ns)   --->   "%p_r_M_real = load float* %W_M_real137_addr, align 16" [vhls_src/fft.cpp:91]   --->   Operation 49 'load' 'p_r_M_real' <Predicate = (!icmp_ln86)> <Delay = 3.25> <Core = "ROM_nP">   --->   Core 52 'ROM_nP' <Latency = 1> <II = 1> <Delay = 3.25> <Storage> <Opcode : 'load'> <Ports = 0> <Width = 32> <Depth = 128> <ROM>
ST_3 : Operation 50 [1/2] (3.25ns)   --->   "%p_r_M_imag = load float* %W_M_imag130_addr, align 16" [vhls_src/fft.cpp:91]   --->   Operation 50 'load' 'p_r_M_imag' <Predicate = (!icmp_ln86)> <Delay = 3.25> <Core = "ROM_nP">   --->   Core 52 'ROM_nP' <Latency = 1> <II = 1> <Delay = 3.25> <Storage> <Opcode : 'load'> <Ports = 0> <Width = 32> <Depth = 128> <ROM>
ST_3 : Operation 51 [1/2] (3.25ns)   --->   "%p_t_real = load float* %data_OUT5_M_real_ad, align 4" [vhls_src/fft.cpp:91]   --->   Operation 51 'load' 'p_t_real' <Predicate = (!icmp_ln86)> <Delay = 3.25> <Core = "RAM">   --->   Core 37 'RAM' <Latency = 1> <II = 1> <Delay = 3.25> <Storage> <Opcode : 'load' 'store'> <Ports = 2> <Width = 32> <Depth = 256> <RAM>
ST_3 : Operation 52 [1/2] (3.25ns)   --->   "%p_t_imag = load float* %data_OUT5_M_imag_ad, align 4" [vhls_src/fft.cpp:91]   --->   Operation 52 'load' 'p_t_imag' <Predicate = (!icmp_ln86)> <Delay = 3.25> <Core = "RAM">   --->   Core 37 'RAM' <Latency = 1> <II = 1> <Delay = 3.25> <Storage> <Opcode : 'load' 'store'> <Ports = 2> <Width = 32> <Depth = 256> <RAM>

State 4 <SV = 3> <Delay = 5.70>
ST_4 : Operation 53 [4/4] (5.70ns)   --->   "%tmp_i_i_i = fmul float %p_r_M_real, %p_t_real" [vhls_src/fft.cpp:91]   --->   Operation 53 'fmul' 'tmp_i_i_i' <Predicate = (!icmp_ln86)> <Delay = 5.70> <Core = "FMul">   --->   Core 106 'FMul' <Latency = 3> <II = 1> <Delay = 5.70> <FuncUnit> <Opcode : 'fmul'> <InPorts = 2> <OutPorts = 1>
ST_4 : Operation 54 [4/4] (5.70ns)   --->   "%tmp_3_i_i_i = fmul float %p_r_M_imag, %p_t_imag" [vhls_src/fft.cpp:91]   --->   Operation 54 'fmul' 'tmp_3_i_i_i' <Predicate = (!icmp_ln86)> <Delay = 5.70> <Core = "FMul">   --->   Core 106 'FMul' <Latency = 3> <II = 1> <Delay = 5.70> <FuncUnit> <Opcode : 'fmul'> <InPorts = 2> <OutPorts = 1>
ST_4 : Operation 55 [4/4] (5.70ns)   --->   "%tmp_5_i_i_i = fmul float %p_r_M_imag, %p_t_real" [vhls_src/fft.cpp:91]   --->   Operation 55 'fmul' 'tmp_5_i_i_i' <Predicate = (!icmp_ln86)> <Delay = 5.70> <Core = "FMul">   --->   Core 106 'FMul' <Latency = 3> <II = 1> <Delay = 5.70> <FuncUnit> <Opcode : 'fmul'> <InPorts = 2> <OutPorts = 1>
ST_4 : Operation 56 [4/4] (5.70ns)   --->   "%tmp_6_i_i_i = fmul float %p_r_M_real, %p_t_imag" [vhls_src/fft.cpp:91]   --->   Operation 56 'fmul' 'tmp_6_i_i_i' <Predicate = (!icmp_ln86)> <Delay = 5.70> <Core = "FMul">   --->   Core 106 'FMul' <Latency = 3> <II = 1> <Delay = 5.70> <FuncUnit> <Opcode : 'fmul'> <InPorts = 2> <OutPorts = 1>

State 5 <SV = 4> <Delay = 5.70>
ST_5 : Operation 57 [3/4] (5.70ns)   --->   "%tmp_i_i_i = fmul float %p_r_M_real, %p_t_real" [vhls_src/fft.cpp:91]   --->   Operation 57 'fmul' 'tmp_i_i_i' <Predicate = (!icmp_ln86)> <Delay = 5.70> <Core = "FMul">   --->   Core 106 'FMul' <Latency = 3> <II = 1> <Delay = 5.70> <FuncUnit> <Opcode : 'fmul'> <InPorts = 2> <OutPorts = 1>
ST_5 : Operation 58 [3/4] (5.70ns)   --->   "%tmp_3_i_i_i = fmul float %p_r_M_imag, %p_t_imag" [vhls_src/fft.cpp:91]   --->   Operation 58 'fmul' 'tmp_3_i_i_i' <Predicate = (!icmp_ln86)> <Delay = 5.70> <Core = "FMul">   --->   Core 106 'FMul' <Latency = 3> <II = 1> <Delay = 5.70> <FuncUnit> <Opcode : 'fmul'> <InPorts = 2> <OutPorts = 1>
ST_5 : Operation 59 [3/4] (5.70ns)   --->   "%tmp_5_i_i_i = fmul float %p_r_M_imag, %p_t_real" [vhls_src/fft.cpp:91]   --->   Operation 59 'fmul' 'tmp_5_i_i_i' <Predicate = (!icmp_ln86)> <Delay = 5.70> <Core = "FMul">   --->   Core 106 'FMul' <Latency = 3> <II = 1> <Delay = 5.70> <FuncUnit> <Opcode : 'fmul'> <InPorts = 2> <OutPorts = 1>
ST_5 : Operation 60 [3/4] (5.70ns)   --->   "%tmp_6_i_i_i = fmul float %p_r_M_real, %p_t_imag" [vhls_src/fft.cpp:91]   --->   Operation 60 'fmul' 'tmp_6_i_i_i' <Predicate = (!icmp_ln86)> <Delay = 5.70> <Core = "FMul">   --->   Core 106 'FMul' <Latency = 3> <II = 1> <Delay = 5.70> <FuncUnit> <Opcode : 'fmul'> <InPorts = 2> <OutPorts = 1>

State 6 <SV = 5> <Delay = 5.70>
ST_6 : Operation 61 [2/4] (5.70ns)   --->   "%tmp_i_i_i = fmul float %p_r_M_real, %p_t_real" [vhls_src/fft.cpp:91]   --->   Operation 61 'fmul' 'tmp_i_i_i' <Predicate = (!icmp_ln86)> <Delay = 5.70> <Core = "FMul">   --->   Core 106 'FMul' <Latency = 3> <II = 1> <Delay = 5.70> <FuncUnit> <Opcode : 'fmul'> <InPorts = 2> <OutPorts = 1>
ST_6 : Operation 62 [2/4] (5.70ns)   --->   "%tmp_3_i_i_i = fmul float %p_r_M_imag, %p_t_imag" [vhls_src/fft.cpp:91]   --->   Operation 62 'fmul' 'tmp_3_i_i_i' <Predicate = (!icmp_ln86)> <Delay = 5.70> <Core = "FMul">   --->   Core 106 'FMul' <Latency = 3> <II = 1> <Delay = 5.70> <FuncUnit> <Opcode : 'fmul'> <InPorts = 2> <OutPorts = 1>
ST_6 : Operation 63 [2/4] (5.70ns)   --->   "%tmp_5_i_i_i = fmul float %p_r_M_imag, %p_t_real" [vhls_src/fft.cpp:91]   --->   Operation 63 'fmul' 'tmp_5_i_i_i' <Predicate = (!icmp_ln86)> <Delay = 5.70> <Core = "FMul">   --->   Core 106 'FMul' <Latency = 3> <II = 1> <Delay = 5.70> <FuncUnit> <Opcode : 'fmul'> <InPorts = 2> <OutPorts = 1>
ST_6 : Operation 64 [2/4] (5.70ns)   --->   "%tmp_6_i_i_i = fmul float %p_r_M_real, %p_t_imag" [vhls_src/fft.cpp:91]   --->   Operation 64 'fmul' 'tmp_6_i_i_i' <Predicate = (!icmp_ln86)> <Delay = 5.70> <Core = "FMul">   --->   Core 106 'FMul' <Latency = 3> <II = 1> <Delay = 5.70> <FuncUnit> <Opcode : 'fmul'> <InPorts = 2> <OutPorts = 1>

State 7 <SV = 6> <Delay = 5.70>
ST_7 : Operation 65 [1/4] (5.70ns)   --->   "%tmp_i_i_i = fmul float %p_r_M_real, %p_t_real" [vhls_src/fft.cpp:91]   --->   Operation 65 'fmul' 'tmp_i_i_i' <Predicate = (!icmp_ln86)> <Delay = 5.70> <Core = "FMul">   --->   Core 106 'FMul' <Latency = 3> <II = 1> <Delay = 5.70> <FuncUnit> <Opcode : 'fmul'> <InPorts = 2> <OutPorts = 1>
ST_7 : Operation 66 [1/4] (5.70ns)   --->   "%tmp_3_i_i_i = fmul float %p_r_M_imag, %p_t_imag" [vhls_src/fft.cpp:91]   --->   Operation 66 'fmul' 'tmp_3_i_i_i' <Predicate = (!icmp_ln86)> <Delay = 5.70> <Core = "FMul">   --->   Core 106 'FMul' <Latency = 3> <II = 1> <Delay = 5.70> <FuncUnit> <Opcode : 'fmul'> <InPorts = 2> <OutPorts = 1>
ST_7 : Operation 67 [1/4] (5.70ns)   --->   "%tmp_5_i_i_i = fmul float %p_r_M_imag, %p_t_real" [vhls_src/fft.cpp:91]   --->   Operation 67 'fmul' 'tmp_5_i_i_i' <Predicate = (!icmp_ln86)> <Delay = 5.70> <Core = "FMul">   --->   Core 106 'FMul' <Latency = 3> <II = 1> <Delay = 5.70> <FuncUnit> <Opcode : 'fmul'> <InPorts = 2> <OutPorts = 1>
ST_7 : Operation 68 [1/4] (5.70ns)   --->   "%tmp_6_i_i_i = fmul float %p_r_M_real, %p_t_imag" [vhls_src/fft.cpp:91]   --->   Operation 68 'fmul' 'tmp_6_i_i_i' <Predicate = (!icmp_ln86)> <Delay = 5.70> <Core = "FMul">   --->   Core 106 'FMul' <Latency = 3> <II = 1> <Delay = 5.70> <FuncUnit> <Opcode : 'fmul'> <InPorts = 2> <OutPorts = 1>

State 8 <SV = 7> <Delay = 7.25>
ST_8 : Operation 69 [5/5] (7.25ns)   --->   "%Product_M_real = fsub float %tmp_i_i_i, %tmp_3_i_i_i" [vhls_src/fft.cpp:91]   --->   Operation 69 'fsub' 'Product_M_real' <Predicate = (!icmp_ln86)> <Delay = 7.25> <Core = "FAddSub">   --->   Core 105 'FAddSub' <Latency = 4> <II = 1> <Delay = 7.25> <FuncUnit> <Opcode : 'fadd' 'fsub'> <InPorts = 2> <OutPorts = 1>
ST_8 : Operation 70 [5/5] (7.25ns)   --->   "%Product_M_imag = fadd float %tmp_5_i_i_i, %tmp_6_i_i_i" [vhls_src/fft.cpp:91]   --->   Operation 70 'fadd' 'Product_M_imag' <Predicate = (!icmp_ln86)> <Delay = 7.25> <Core = "FAddSub">   --->   Core 105 'FAddSub' <Latency = 4> <II = 1> <Delay = 7.25> <FuncUnit> <Opcode : 'fadd' 'fsub'> <InPorts = 2> <OutPorts = 1>

State 9 <SV = 8> <Delay = 7.25>
ST_9 : Operation 71 [4/5] (7.25ns)   --->   "%Product_M_real = fsub float %tmp_i_i_i, %tmp_3_i_i_i" [vhls_src/fft.cpp:91]   --->   Operation 71 'fsub' 'Product_M_real' <Predicate = (!icmp_ln86)> <Delay = 7.25> <Core = "FAddSub">   --->   Core 105 'FAddSub' <Latency = 4> <II = 1> <Delay = 7.25> <FuncUnit> <Opcode : 'fadd' 'fsub'> <InPorts = 2> <OutPorts = 1>
ST_9 : Operation 72 [4/5] (7.25ns)   --->   "%Product_M_imag = fadd float %tmp_5_i_i_i, %tmp_6_i_i_i" [vhls_src/fft.cpp:91]   --->   Operation 72 'fadd' 'Product_M_imag' <Predicate = (!icmp_ln86)> <Delay = 7.25> <Core = "FAddSub">   --->   Core 105 'FAddSub' <Latency = 4> <II = 1> <Delay = 7.25> <FuncUnit> <Opcode : 'fadd' 'fsub'> <InPorts = 2> <OutPorts = 1>

State 10 <SV = 9> <Delay = 7.25>
ST_10 : Operation 73 [3/5] (7.25ns)   --->   "%Product_M_real = fsub float %tmp_i_i_i, %tmp_3_i_i_i" [vhls_src/fft.cpp:91]   --->   Operation 73 'fsub' 'Product_M_real' <Predicate = (!icmp_ln86)> <Delay = 7.25> <Core = "FAddSub">   --->   Core 105 'FAddSub' <Latency = 4> <II = 1> <Delay = 7.25> <FuncUnit> <Opcode : 'fadd' 'fsub'> <InPorts = 2> <OutPorts = 1>
ST_10 : Operation 74 [3/5] (7.25ns)   --->   "%Product_M_imag = fadd float %tmp_5_i_i_i, %tmp_6_i_i_i" [vhls_src/fft.cpp:91]   --->   Operation 74 'fadd' 'Product_M_imag' <Predicate = (!icmp_ln86)> <Delay = 7.25> <Core = "FAddSub">   --->   Core 105 'FAddSub' <Latency = 4> <II = 1> <Delay = 7.25> <FuncUnit> <Opcode : 'fadd' 'fsub'> <InPorts = 2> <OutPorts = 1>

State 11 <SV = 10> <Delay = 7.25>
ST_11 : Operation 75 [2/5] (7.25ns)   --->   "%Product_M_real = fsub float %tmp_i_i_i, %tmp_3_i_i_i" [vhls_src/fft.cpp:91]   --->   Operation 75 'fsub' 'Product_M_real' <Predicate = (!icmp_ln86)> <Delay = 7.25> <Core = "FAddSub">   --->   Core 105 'FAddSub' <Latency = 4> <II = 1> <Delay = 7.25> <FuncUnit> <Opcode : 'fadd' 'fsub'> <InPorts = 2> <OutPorts = 1>
ST_11 : Operation 76 [2/5] (7.25ns)   --->   "%Product_M_imag = fadd float %tmp_5_i_i_i, %tmp_6_i_i_i" [vhls_src/fft.cpp:91]   --->   Operation 76 'fadd' 'Product_M_imag' <Predicate = (!icmp_ln86)> <Delay = 7.25> <Core = "FAddSub">   --->   Core 105 'FAddSub' <Latency = 4> <II = 1> <Delay = 7.25> <FuncUnit> <Opcode : 'fadd' 'fsub'> <InPorts = 2> <OutPorts = 1>
ST_11 : Operation 77 [1/1] (0.00ns)   --->   "%sext_ln92 = sext i32 %Ulimit to i64" [vhls_src/fft.cpp:92]   --->   Operation 77 'sext' 'sext_ln92' <Predicate = (!icmp_ln86)> <Delay = 0.00>
ST_11 : Operation 78 [1/1] (0.00ns)   --->   "%data_OUT5_M_real_ad_1 = getelementptr [256 x float]* @data_OUT5_M_real, i64 0, i64 %sext_ln92" [vhls_src/fft.cpp:92]   --->   Operation 78 'getelementptr' 'data_OUT5_M_real_ad_1' <Predicate = (!icmp_ln86)> <Delay = 0.00>
ST_11 : Operation 79 [1/1] (0.00ns)   --->   "%data_OUT5_M_imag_ad_1 = getelementptr [256 x float]* @data_OUT5_M_imag, i64 0, i64 %sext_ln92" [vhls_src/fft.cpp:92]   --->   Operation 79 'getelementptr' 'data_OUT5_M_imag_ad_1' <Predicate = (!icmp_ln86)> <Delay = 0.00>
ST_11 : Operation 80 [2/2] (3.25ns)   --->   "%p_r_M_real_4 = load float* %data_OUT5_M_real_ad_1, align 4" [vhls_src/fft.cpp:92]   --->   Operation 80 'load' 'p_r_M_real_4' <Predicate = (!icmp_ln86)> <Delay = 3.25> <Core = "RAM">   --->   Core 37 'RAM' <Latency = 1> <II = 1> <Delay = 3.25> <Storage> <Opcode : 'load' 'store'> <Ports = 2> <Width = 32> <Depth = 256> <RAM>
ST_11 : Operation 81 [2/2] (3.25ns)   --->   "%p_r_M_imag_4 = load float* %data_OUT5_M_imag_ad_1, align 4" [vhls_src/fft.cpp:92]   --->   Operation 81 'load' 'p_r_M_imag_4' <Predicate = (!icmp_ln86)> <Delay = 3.25> <Core = "RAM">   --->   Core 37 'RAM' <Latency = 1> <II = 1> <Delay = 3.25> <Storage> <Opcode : 'load' 'store'> <Ports = 2> <Width = 32> <Depth = 256> <RAM>

State 12 <SV = 11> <Delay = 7.25>
ST_12 : Operation 82 [1/5] (7.25ns)   --->   "%Product_M_real = fsub float %tmp_i_i_i, %tmp_3_i_i_i" [vhls_src/fft.cpp:91]   --->   Operation 82 'fsub' 'Product_M_real' <Predicate = (!icmp_ln86)> <Delay = 7.25> <Core = "FAddSub">   --->   Core 105 'FAddSub' <Latency = 4> <II = 1> <Delay = 7.25> <FuncUnit> <Opcode : 'fadd' 'fsub'> <InPorts = 2> <OutPorts = 1>
ST_12 : Operation 83 [1/5] (7.25ns)   --->   "%Product_M_imag = fadd float %tmp_5_i_i_i, %tmp_6_i_i_i" [vhls_src/fft.cpp:91]   --->   Operation 83 'fadd' 'Product_M_imag' <Predicate = (!icmp_ln86)> <Delay = 7.25> <Core = "FAddSub">   --->   Core 105 'FAddSub' <Latency = 4> <II = 1> <Delay = 7.25> <FuncUnit> <Opcode : 'fadd' 'fsub'> <InPorts = 2> <OutPorts = 1>
ST_12 : Operation 84 [1/2] (3.25ns)   --->   "%p_r_M_real_4 = load float* %data_OUT5_M_real_ad_1, align 4" [vhls_src/fft.cpp:92]   --->   Operation 84 'load' 'p_r_M_real_4' <Predicate = (!icmp_ln86)> <Delay = 3.25> <Core = "RAM">   --->   Core 37 'RAM' <Latency = 1> <II = 1> <Delay = 3.25> <Storage> <Opcode : 'load' 'store'> <Ports = 2> <Width = 32> <Depth = 256> <RAM>
ST_12 : Operation 85 [1/2] (3.25ns)   --->   "%p_r_M_imag_4 = load float* %data_OUT5_M_imag_ad_1, align 4" [vhls_src/fft.cpp:92]   --->   Operation 85 'load' 'p_r_M_imag_4' <Predicate = (!icmp_ln86)> <Delay = 3.25> <Core = "RAM">   --->   Core 37 'RAM' <Latency = 1> <II = 1> <Delay = 3.25> <Storage> <Opcode : 'load' 'store'> <Ports = 2> <Width = 32> <Depth = 256> <RAM>

State 13 <SV = 12> <Delay = 7.25>
ST_13 : Operation 86 [5/5] (7.25ns)   --->   "%complex_M_real_writ = fsub float %p_r_M_real_4, %Product_M_real" [vhls_src/fft.cpp:92]   --->   Operation 86 'fsub' 'complex_M_real_writ' <Predicate = (!icmp_ln86)> <Delay = 7.25> <Core = "FAddSub">   --->   Core 105 'FAddSub' <Latency = 4> <II = 1> <Delay = 7.25> <FuncUnit> <Opcode : 'fadd' 'fsub'> <InPorts = 2> <OutPorts = 1>
ST_13 : Operation 87 [5/5] (7.25ns)   --->   "%complex_M_imag_writ = fsub float %p_r_M_imag_4, %Product_M_imag" [vhls_src/fft.cpp:92]   --->   Operation 87 'fsub' 'complex_M_imag_writ' <Predicate = (!icmp_ln86)> <Delay = 7.25> <Core = "FAddSub">   --->   Core 105 'FAddSub' <Latency = 4> <II = 1> <Delay = 7.25> <FuncUnit> <Opcode : 'fadd' 'fsub'> <InPorts = 2> <OutPorts = 1>
ST_13 : Operation 88 [5/5] (7.25ns)   --->   "%complex_M_real_writ_4 = fadd float %p_r_M_real_4, %Product_M_real" [vhls_src/fft.cpp:93]   --->   Operation 88 'fadd' 'complex_M_real_writ_4' <Predicate = (!icmp_ln86)> <Delay = 7.25> <Core = "FAddSub">   --->   Core 105 'FAddSub' <Latency = 4> <II = 1> <Delay = 7.25> <FuncUnit> <Opcode : 'fadd' 'fsub'> <InPorts = 2> <OutPorts = 1>
ST_13 : Operation 89 [5/5] (7.25ns)   --->   "%complex_M_imag_writ_4 = fadd float %p_r_M_imag_4, %Product_M_imag" [vhls_src/fft.cpp:93]   --->   Operation 89 'fadd' 'complex_M_imag_writ_4' <Predicate = (!icmp_ln86)> <Delay = 7.25> <Core = "FAddSub">   --->   Core 105 'FAddSub' <Latency = 4> <II = 1> <Delay = 7.25> <FuncUnit> <Opcode : 'fadd' 'fsub'> <InPorts = 2> <OutPorts = 1>

State 14 <SV = 13> <Delay = 7.25>
ST_14 : Operation 90 [4/5] (7.25ns)   --->   "%complex_M_real_writ = fsub float %p_r_M_real_4, %Product_M_real" [vhls_src/fft.cpp:92]   --->   Operation 90 'fsub' 'complex_M_real_writ' <Predicate = (!icmp_ln86)> <Delay = 7.25> <Core = "FAddSub">   --->   Core 105 'FAddSub' <Latency = 4> <II = 1> <Delay = 7.25> <FuncUnit> <Opcode : 'fadd' 'fsub'> <InPorts = 2> <OutPorts = 1>
ST_14 : Operation 91 [4/5] (7.25ns)   --->   "%complex_M_imag_writ = fsub float %p_r_M_imag_4, %Product_M_imag" [vhls_src/fft.cpp:92]   --->   Operation 91 'fsub' 'complex_M_imag_writ' <Predicate = (!icmp_ln86)> <Delay = 7.25> <Core = "FAddSub">   --->   Core 105 'FAddSub' <Latency = 4> <II = 1> <Delay = 7.25> <FuncUnit> <Opcode : 'fadd' 'fsub'> <InPorts = 2> <OutPorts = 1>
ST_14 : Operation 92 [4/5] (7.25ns)   --->   "%complex_M_real_writ_4 = fadd float %p_r_M_real_4, %Product_M_real" [vhls_src/fft.cpp:93]   --->   Operation 92 'fadd' 'complex_M_real_writ_4' <Predicate = (!icmp_ln86)> <Delay = 7.25> <Core = "FAddSub">   --->   Core 105 'FAddSub' <Latency = 4> <II = 1> <Delay = 7.25> <FuncUnit> <Opcode : 'fadd' 'fsub'> <InPorts = 2> <OutPorts = 1>
ST_14 : Operation 93 [4/5] (7.25ns)   --->   "%complex_M_imag_writ_4 = fadd float %p_r_M_imag_4, %Product_M_imag" [vhls_src/fft.cpp:93]   --->   Operation 93 'fadd' 'complex_M_imag_writ_4' <Predicate = (!icmp_ln86)> <Delay = 7.25> <Core = "FAddSub">   --->   Core 105 'FAddSub' <Latency = 4> <II = 1> <Delay = 7.25> <FuncUnit> <Opcode : 'fadd' 'fsub'> <InPorts = 2> <OutPorts = 1>

State 15 <SV = 14> <Delay = 7.25>
ST_15 : Operation 94 [3/5] (7.25ns)   --->   "%complex_M_real_writ = fsub float %p_r_M_real_4, %Product_M_real" [vhls_src/fft.cpp:92]   --->   Operation 94 'fsub' 'complex_M_real_writ' <Predicate = (!icmp_ln86)> <Delay = 7.25> <Core = "FAddSub">   --->   Core 105 'FAddSub' <Latency = 4> <II = 1> <Delay = 7.25> <FuncUnit> <Opcode : 'fadd' 'fsub'> <InPorts = 2> <OutPorts = 1>
ST_15 : Operation 95 [3/5] (7.25ns)   --->   "%complex_M_imag_writ = fsub float %p_r_M_imag_4, %Product_M_imag" [vhls_src/fft.cpp:92]   --->   Operation 95 'fsub' 'complex_M_imag_writ' <Predicate = (!icmp_ln86)> <Delay = 7.25> <Core = "FAddSub">   --->   Core 105 'FAddSub' <Latency = 4> <II = 1> <Delay = 7.25> <FuncUnit> <Opcode : 'fadd' 'fsub'> <InPorts = 2> <OutPorts = 1>
ST_15 : Operation 96 [3/5] (7.25ns)   --->   "%complex_M_real_writ_4 = fadd float %p_r_M_real_4, %Product_M_real" [vhls_src/fft.cpp:93]   --->   Operation 96 'fadd' 'complex_M_real_writ_4' <Predicate = (!icmp_ln86)> <Delay = 7.25> <Core = "FAddSub">   --->   Core 105 'FAddSub' <Latency = 4> <II = 1> <Delay = 7.25> <FuncUnit> <Opcode : 'fadd' 'fsub'> <InPorts = 2> <OutPorts = 1>
ST_15 : Operation 97 [3/5] (7.25ns)   --->   "%complex_M_imag_writ_4 = fadd float %p_r_M_imag_4, %Product_M_imag" [vhls_src/fft.cpp:93]   --->   Operation 97 'fadd' 'complex_M_imag_writ_4' <Predicate = (!icmp_ln86)> <Delay = 7.25> <Core = "FAddSub">   --->   Core 105 'FAddSub' <Latency = 4> <II = 1> <Delay = 7.25> <FuncUnit> <Opcode : 'fadd' 'fsub'> <InPorts = 2> <OutPorts = 1>

State 16 <SV = 15> <Delay = 7.25>
ST_16 : Operation 98 [2/5] (7.25ns)   --->   "%complex_M_real_writ = fsub float %p_r_M_real_4, %Product_M_real" [vhls_src/fft.cpp:92]   --->   Operation 98 'fsub' 'complex_M_real_writ' <Predicate = (!icmp_ln86)> <Delay = 7.25> <Core = "FAddSub">   --->   Core 105 'FAddSub' <Latency = 4> <II = 1> <Delay = 7.25> <FuncUnit> <Opcode : 'fadd' 'fsub'> <InPorts = 2> <OutPorts = 1>
ST_16 : Operation 99 [2/5] (7.25ns)   --->   "%complex_M_imag_writ = fsub float %p_r_M_imag_4, %Product_M_imag" [vhls_src/fft.cpp:92]   --->   Operation 99 'fsub' 'complex_M_imag_writ' <Predicate = (!icmp_ln86)> <Delay = 7.25> <Core = "FAddSub">   --->   Core 105 'FAddSub' <Latency = 4> <II = 1> <Delay = 7.25> <FuncUnit> <Opcode : 'fadd' 'fsub'> <InPorts = 2> <OutPorts = 1>
ST_16 : Operation 100 [2/5] (7.25ns)   --->   "%complex_M_real_writ_4 = fadd float %p_r_M_real_4, %Product_M_real" [vhls_src/fft.cpp:93]   --->   Operation 100 'fadd' 'complex_M_real_writ_4' <Predicate = (!icmp_ln86)> <Delay = 7.25> <Core = "FAddSub">   --->   Core 105 'FAddSub' <Latency = 4> <II = 1> <Delay = 7.25> <FuncUnit> <Opcode : 'fadd' 'fsub'> <InPorts = 2> <OutPorts = 1>
ST_16 : Operation 101 [2/5] (7.25ns)   --->   "%complex_M_imag_writ_4 = fadd float %p_r_M_imag_4, %Product_M_imag" [vhls_src/fft.cpp:93]   --->   Operation 101 'fadd' 'complex_M_imag_writ_4' <Predicate = (!icmp_ln86)> <Delay = 7.25> <Core = "FAddSub">   --->   Core 105 'FAddSub' <Latency = 4> <II = 1> <Delay = 7.25> <FuncUnit> <Opcode : 'fadd' 'fsub'> <InPorts = 2> <OutPorts = 1>

State 17 <SV = 16> <Delay = 7.25>
ST_17 : Operation 102 [1/5] (7.25ns)   --->   "%complex_M_real_writ = fsub float %p_r_M_real_4, %Product_M_real" [vhls_src/fft.cpp:92]   --->   Operation 102 'fsub' 'complex_M_real_writ' <Predicate = (!icmp_ln86)> <Delay = 7.25> <Core = "FAddSub">   --->   Core 105 'FAddSub' <Latency = 4> <II = 1> <Delay = 7.25> <FuncUnit> <Opcode : 'fadd' 'fsub'> <InPorts = 2> <OutPorts = 1>
ST_17 : Operation 103 [1/5] (7.25ns)   --->   "%complex_M_imag_writ = fsub float %p_r_M_imag_4, %Product_M_imag" [vhls_src/fft.cpp:92]   --->   Operation 103 'fsub' 'complex_M_imag_writ' <Predicate = (!icmp_ln86)> <Delay = 7.25> <Core = "FAddSub">   --->   Core 105 'FAddSub' <Latency = 4> <II = 1> <Delay = 7.25> <FuncUnit> <Opcode : 'fadd' 'fsub'> <InPorts = 2> <OutPorts = 1>
ST_17 : Operation 104 [1/5] (7.25ns)   --->   "%complex_M_real_writ_4 = fadd float %p_r_M_real_4, %Product_M_real" [vhls_src/fft.cpp:93]   --->   Operation 104 'fadd' 'complex_M_real_writ_4' <Predicate = (!icmp_ln86)> <Delay = 7.25> <Core = "FAddSub">   --->   Core 105 'FAddSub' <Latency = 4> <II = 1> <Delay = 7.25> <FuncUnit> <Opcode : 'fadd' 'fsub'> <InPorts = 2> <OutPorts = 1>
ST_17 : Operation 105 [1/5] (7.25ns)   --->   "%complex_M_imag_writ_4 = fadd float %p_r_M_imag_4, %Product_M_imag" [vhls_src/fft.cpp:93]   --->   Operation 105 'fadd' 'complex_M_imag_writ_4' <Predicate = (!icmp_ln86)> <Delay = 7.25> <Core = "FAddSub">   --->   Core 105 'FAddSub' <Latency = 4> <II = 1> <Delay = 7.25> <FuncUnit> <Opcode : 'fadd' 'fsub'> <InPorts = 2> <OutPorts = 1>

State 18 <SV = 17> <Delay = 3.25>
ST_18 : Operation 106 [1/1] (0.00ns)   --->   "call void (...)* @_ssdm_op_SpecLoopName([11 x i8]* @p_str7) nounwind" [vhls_src/fft.cpp:86]   --->   Operation 106 'specloopname' <Predicate = (!icmp_ln86)> <Delay = 0.00>
ST_18 : Operation 107 [1/1] (0.00ns)   --->   "%tmp_i = call i32 (...)* @_ssdm_op_SpecRegionBegin([11 x i8]* @p_str7)" [vhls_src/fft.cpp:86]   --->   Operation 107 'specregionbegin' 'tmp_i' <Predicate = (!icmp_ln86)> <Delay = 0.00>
ST_18 : Operation 108 [1/1] (0.00ns)   --->   "call void (...)* @_ssdm_op_SpecPipeline(i32 -1, i32 1, i32 1, i32 0, [1 x i8]* @p_str1) nounwind" [vhls_src/fft.cpp:87]   --->   Operation 108 'specpipeline' <Predicate = (!icmp_ln86)> <Delay = 0.00>
ST_18 : Operation 109 [1/1] (0.00ns)   --->   "%data_OUT6_M_real_ad = getelementptr [256 x float]* %data_OUT6_M_real, i64 0, i64 %sext_ln91_3" [vhls_src/fft.cpp:92]   --->   Operation 109 'getelementptr' 'data_OUT6_M_real_ad' <Predicate = (!icmp_ln86)> <Delay = 0.00>
ST_18 : Operation 110 [1/1] (3.25ns)   --->   "store float %complex_M_real_writ, float* %data_OUT6_M_real_ad, align 4" [vhls_src/fft.cpp:92]   --->   Operation 110 'store' <Predicate = (!icmp_ln86)> <Delay = 3.25> <Core = "RAM">   --->   Core 37 'RAM' <Latency = 1> <II = 1> <Delay = 3.25> <Storage> <Opcode : 'load' 'store'> <Ports = 2> <Width = 32> <Depth = 256> <RAM>
ST_18 : Operation 111 [1/1] (0.00ns)   --->   "%data_OUT6_M_imag_ad = getelementptr [256 x float]* %data_OUT6_M_imag, i64 0, i64 %sext_ln91_3" [vhls_src/fft.cpp:92]   --->   Operation 111 'getelementptr' 'data_OUT6_M_imag_ad' <Predicate = (!icmp_ln86)> <Delay = 0.00>
ST_18 : Operation 112 [1/1] (3.25ns)   --->   "store float %complex_M_imag_writ, float* %data_OUT6_M_imag_ad, align 4" [vhls_src/fft.cpp:92]   --->   Operation 112 'store' <Predicate = (!icmp_ln86)> <Delay = 3.25> <Core = "RAM">   --->   Core 37 'RAM' <Latency = 1> <II = 1> <Delay = 3.25> <Storage> <Opcode : 'load' 'store'> <Ports = 2> <Width = 32> <Depth = 256> <RAM>
ST_18 : Operation 113 [1/1] (0.00ns)   --->   "%data_OUT6_M_real_ad_2 = getelementptr [256 x float]* %data_OUT6_M_real, i64 0, i64 %sext_ln92" [vhls_src/fft.cpp:93]   --->   Operation 113 'getelementptr' 'data_OUT6_M_real_ad_2' <Predicate = (!icmp_ln86)> <Delay = 0.00>
ST_18 : Operation 114 [1/1] (3.25ns)   --->   "store float %complex_M_real_writ_4, float* %data_OUT6_M_real_ad_2, align 4" [vhls_src/fft.cpp:93]   --->   Operation 114 'store' <Predicate = (!icmp_ln86)> <Delay = 3.25> <Core = "RAM">   --->   Core 37 'RAM' <Latency = 1> <II = 1> <Delay = 3.25> <Storage> <Opcode : 'load' 'store'> <Ports = 2> <Width = 32> <Depth = 256> <RAM>
ST_18 : Operation 115 [1/1] (0.00ns)   --->   "%data_OUT6_M_imag_ad_2 = getelementptr [256 x float]* %data_OUT6_M_imag, i64 0, i64 %sext_ln92" [vhls_src/fft.cpp:93]   --->   Operation 115 'getelementptr' 'data_OUT6_M_imag_ad_2' <Predicate = (!icmp_ln86)> <Delay = 0.00>
ST_18 : Operation 116 [1/1] (3.25ns)   --->   "store float %complex_M_imag_writ_4, float* %data_OUT6_M_imag_ad_2, align 4" [vhls_src/fft.cpp:93]   --->   Operation 116 'store' <Predicate = (!icmp_ln86)> <Delay = 3.25> <Core = "RAM">   --->   Core 37 'RAM' <Latency = 1> <II = 1> <Delay = 3.25> <Storage> <Opcode : 'load' 'store'> <Ports = 2> <Width = 32> <Depth = 256> <RAM>
ST_18 : Operation 117 [1/1] (0.00ns)   --->   "%empty_23 = call i32 (...)* @_ssdm_op_SpecRegionEnd([11 x i8]* @p_str7, i32 %tmp_i)" [vhls_src/fft.cpp:101]   --->   Operation 117 'specregionend' 'empty_23' <Predicate = (!icmp_ln86)> <Delay = 0.00>
ST_18 : Operation 118 [1/1] (0.00ns)   --->   "br label %0" [vhls_src/fft.cpp:86]   --->   Operation 118 'br' <Predicate = (!icmp_ln86)> <Delay = 0.00>

State 19 <SV = 2> <Delay = 0.00>
ST_19 : Operation 119 [1/1] (0.00ns)   --->   "ret void" [vhls_src/fft.cpp:83]   --->   Operation 119 'ret' <Predicate = true> <Delay = 0.00>


============================================================
+ Verbose Summary: Timing violations
============================================================
Target clock period: 10ns, clock uncertainty: 1.25ns.

 <State 1>: 1.77ns
The critical path consists of the following:
	multiplexor before 'phi' operation ('butterfly_span_0_i', vhls_src/fft.cpp:94) with incoming values : ('select_ln94', vhls_src/fft.cpp:94) [12]  (1.77 ns)

 <State 2>: 8.36ns
The critical path consists of the following:
	'phi' operation ('butterfly_span_0_i', vhls_src/fft.cpp:94) with incoming values : ('select_ln94', vhls_src/fft.cpp:94) [12]  (0 ns)
	'add' operation ('Ulimit', vhls_src/fft.cpp:89) [25]  (2.55 ns)
	'add' operation ('Llimit', vhls_src/fft.cpp:90) [26]  (2.55 ns)
	'getelementptr' operation ('data_OUT5_M_real_ad', vhls_src/fft.cpp:91) [31]  (0 ns)
	'load' operation ('__y._M_real', vhls_src/fft.cpp:91) on array 'data_OUT5_M_real' [35]  (3.25 ns)

 <State 3>: 3.25ns
The critical path consists of the following:
	'load' operation ('__x._M_real', vhls_src/fft.cpp:91) on array 'W_M_real137' [33]  (3.25 ns)

 <State 4>: 5.7ns
The critical path consists of the following:
	'fmul' operation ('tmp_i_i_i', vhls_src/fft.cpp:91) [37]  (5.7 ns)

 <State 5>: 5.7ns
The critical path consists of the following:
	'fmul' operation ('tmp_i_i_i', vhls_src/fft.cpp:91) [37]  (5.7 ns)

 <State 6>: 5.7ns
The critical path consists of the following:
	'fmul' operation ('tmp_i_i_i', vhls_src/fft.cpp:91) [37]  (5.7 ns)

 <State 7>: 5.7ns
The critical path consists of the following:
	'fmul' operation ('tmp_i_i_i', vhls_src/fft.cpp:91) [37]  (5.7 ns)

 <State 8>: 7.26ns
The critical path consists of the following:
	'fsub' operation ('complex<float>._M_real', vhls_src/fft.cpp:91) [39]  (7.26 ns)

 <State 9>: 7.26ns
The critical path consists of the following:
	'fsub' operation ('complex<float>._M_real', vhls_src/fft.cpp:91) [39]  (7.26 ns)

 <State 10>: 7.26ns
The critical path consists of the following:
	'fsub' operation ('complex<float>._M_real', vhls_src/fft.cpp:91) [39]  (7.26 ns)

 <State 11>: 7.26ns
The critical path consists of the following:
	'fsub' operation ('complex<float>._M_real', vhls_src/fft.cpp:91) [39]  (7.26 ns)

 <State 12>: 7.26ns
The critical path consists of the following:
	'fsub' operation ('complex<float>._M_real', vhls_src/fft.cpp:91) [39]  (7.26 ns)

 <State 13>: 7.26ns
The critical path consists of the following:
	'fsub' operation ('complex<float>._M_real', vhls_src/fft.cpp:92) [48]  (7.26 ns)

 <State 14>: 7.26ns
The critical path consists of the following:
	'fsub' operation ('complex<float>._M_real', vhls_src/fft.cpp:92) [48]  (7.26 ns)

 <State 15>: 7.26ns
The critical path consists of the following:
	'fsub' operation ('complex<float>._M_real', vhls_src/fft.cpp:92) [48]  (7.26 ns)

 <State 16>: 7.26ns
The critical path consists of the following:
	'fsub' operation ('complex<float>._M_real', vhls_src/fft.cpp:92) [48]  (7.26 ns)

 <State 17>: 7.26ns
The critical path consists of the following:
	'fsub' operation ('complex<float>._M_real', vhls_src/fft.cpp:92) [48]  (7.26 ns)

 <State 18>: 3.25ns
The critical path consists of the following:
	'getelementptr' operation ('data_OUT6_M_real_ad', vhls_src/fft.cpp:92) [50]  (0 ns)
	'store' operation ('store_ln92', vhls_src/fft.cpp:92) of variable 'complex<float>._M_real', vhls_src/fft.cpp:92 on array 'data_OUT6_M_real' [51]  (3.25 ns)

 <State 19>: 0ns
The critical path consists of the following:


============================================================
+ Verbose Summary: Binding
============================================================
N/A
* FSMD analyzer results:
  - Output states:
 - Input state : 
  - Chain level:
	State 1
	State 2
	State 3
	State 4
	State 5
	State 6
	State 7
	State 8
	State 9
	State 10
	State 11
	State 12
	State 13
	State 14
	State 15
	State 16
	State 17
	State 18
	State 19


============================================================
+ Verbose Summary: Datapath Resource usage 
============================================================
N/A
