

================================================================
== Vivado HLS Report for 'mult_window'
================================================================
* Date:           Thu Dec 31 16:12:04 2020

* Version:        2020.1 (Build 2897737 on Wed May 27 20:21:37 MDT 2020)
* Project:        vhlsv4_256
* Solution:       soln256
* Product family: zynq
* Target device:  xc7z020-clg400-1


================================================================
== Performance Estimates
================================================================
+ Timing: 
    * Summary: 
    +--------+----------+----------+------------+
    |  Clock |  Target  | Estimated| Uncertainty|
    +--------+----------+----------+------------+
    |ap_clk  | 10.00 ns | 7.256 ns |   1.25 ns  |
    +--------+----------+----------+------------+

+ Latency: 
    * Summary: 
    +---------+---------+----------+----------+-----+-----+---------+
    |  Latency (cycles) |  Latency (absolute) |  Interval | Pipeline|
    |   min   |   max   |    min   |    max   | min | max |   Type  |
    +---------+---------+----------+----------+-----+-----+---------+
    |      270|      270| 2.700 us | 2.700 us |  270|  270|   none  |
    +---------+---------+----------+----------+-----+-----+---------+

    + Detail: 
        * Instance: 
        N/A

        * Loop: 
        +----------+---------+---------+----------+-----------+-----------+------+----------+
        |          |  Latency (cycles) | Iteration|  Initiation Interval  | Trip |          |
        | Loop Name|   min   |   max   |  Latency |  achieved |   target  | Count| Pipelined|
        +----------+---------+---------+----------+-----------+-----------+------+----------+
        |- Loop 1  |      128|      128|         1|          -|          -|   128|    no    |
        |- Loop 2  |      128|      128|         2|          1|          1|   128|    yes   |
        |- Loop 3  |      128|      128|         2|          1|          1|   128|    yes   |
        |- Loop 4  |      128|      128|         2|          1|          1|   128|    yes   |
        |- Loop 5  |      138|      138|        12|          1|          1|   128|    yes   |
        +----------+---------+---------+----------+-----------+-----------+------+----------+

============================================================
+ Verbose Summary: Synthesis Manager
============================================================
InlineROM: 1
ExposeGlobal: 0
============================================================
+ Verbose Summary: CDFG Model
============================================================
IsTopModel: 0
ResetActiveHigh: 1
IsCombinational: 2
IsDatapathOnly: 0
HasWiredReturn: 1
HasMFsm: 0
HasVarLatency: 1
IsPipeline: 0
IsRtlPipelined: 0
IsInstanceOverlapped: 0
IsDontTouch: 0
HasImplIP: 0
IsGatedGlobalClock: 0

+ Individual pipeline summary: 
  * Pipeline-0: initiation interval (II) = 1, depth = 2
  * Pipeline-1: initiation interval (II) = 1, depth = 2
  * Pipeline-2: initiation interval (II) = 1, depth = 2
  * Pipeline-3: initiation interval (II) = 1, depth = 12


============================================================
+ Verbose Summary: Schedule
============================================================
* Number of FSM states : 22
* Pipeline : 4
  Pipeline-0 : II = 1, D = 2, States = { 2 3 }
  Pipeline-1 : II = 1, D = 2, States = { 5 6 }
  Pipeline-2 : II = 1, D = 2, States = { 7 8 }
  Pipeline-3 : II = 1, D = 12, States = { 10 11 12 13 14 15 16 17 18 19 20 21 }
* Dataflow Pipeline: 0

* FSM state transitions: 
1 --> 2 5 7 9 
2 --> 4 3 
3 --> 2 
4 --> 10 
5 --> 4 6 
6 --> 5 
7 --> 4 8 
8 --> 7 
9 --> 9 4 
10 --> 22 11 
11 --> 12 
12 --> 13 
13 --> 14 
14 --> 15 
15 --> 16 
16 --> 17 
17 --> 18 
18 --> 19 
19 --> 20 
20 --> 21 
21 --> 10 
22 --> 

* FSM state operations: 

State 1 <SV = 0> <Delay = 4.93>
ST_1 : Operation 23 [1/1] (0.00ns)   --->   "%window = alloca [256 x float], align 16" [vhls_src/fft.cpp:35->vhls_src/fft.cpp:128]   --->   Operation 23 'alloca' 'window' <Predicate = true> <Delay = 0.00> <Core = "RAM">   --->   Core 37 'RAM' <Latency = 1> <II = 1> <Delay = 3.25> <Storage> <Opcode : 'load' 'store'> <Ports = 2> <Width = 32> <Depth = 256> <RAM>
ST_1 : Operation 24 [1/1] (0.00ns)   --->   "call void (...)* @_ssdm_op_SpecInterface(i8* %win_mode, [8 x i8]* @ap_fifo_str, i32 0, i32 0, [1 x i8]* @p_str158, i32 0, i32 0, [1 x i8]* @p_str159, [1 x i8]* @p_str160, [1 x i8]* @p_str161, i32 2, i32 2, i32 16, i32 16, [1 x i8]* @p_str162, [11 x i8]* @ScalarProp_str)"   --->   Operation 24 'specinterface' <Predicate = true> <Delay = 0.00>
ST_1 : Operation 25 [1/1] (3.63ns)   --->   "%win_mode_read = call i8 @_ssdm_op_Read.ap_fifo.i8P(i8* %win_mode)" [vhls_src/fft.cpp:33]   --->   Operation 25 'read' 'win_mode_read' <Predicate = true> <Delay = 3.63> <Core = "FIFO">   --->   Core 32 'FIFO' <Latency = 0> <II = 1> <Delay = 3.63> <Storage> <Opcode : 'read' 'write' 'nbread' 'nbwrite'> <Ports = 0> <Width = 8> <Depth = 2> <FIFO>
ST_1 : Operation 26 [1/1] (1.30ns)   --->   "switch i8 %win_mode_read, label %.preheader.0.i.preheader [
    i8 1, label %.preheader5.0.i.preheader
    i8 2, label %.preheader3.0.i.preheader
    i8 4, label %.preheader1.0.i.preheader
  ]" [vhls_src/fft.cpp:36->vhls_src/fft.cpp:128]   --->   Operation 26 'switch' <Predicate = true> <Delay = 1.30>
ST_1 : Operation 27 [1/1] (1.76ns)   --->   "br label %.preheader1.0.i"   --->   Operation 27 'br' <Predicate = (win_mode_read == 4)> <Delay = 1.76>
ST_1 : Operation 28 [1/1] (1.76ns)   --->   "br label %.preheader3.0.i"   --->   Operation 28 'br' <Predicate = (win_mode_read == 2)> <Delay = 1.76>
ST_1 : Operation 29 [1/1] (1.76ns)   --->   "br label %.preheader5.0.i"   --->   Operation 29 'br' <Predicate = (win_mode_read == 1)> <Delay = 1.76>
ST_1 : Operation 30 [1/1] (1.76ns)   --->   "br label %.preheader.0.i"   --->   Operation 30 'br' <Predicate = (win_mode_read != 1 & win_mode_read != 2 & win_mode_read != 4)> <Delay = 1.76>

State 2 <SV = 1> <Delay = 3.25>
ST_2 : Operation 31 [1/1] (0.00ns)   --->   "%i2_0_0_i = phi i9 [ %add_ln55, %hls_label_2 ], [ 0, %.preheader1.0.i.preheader ]" [vhls_src/fft.cpp:55->vhls_src/fft.cpp:128]   --->   Operation 31 'phi' 'i2_0_0_i' <Predicate = true> <Delay = 0.00>
ST_2 : Operation 32 [1/1] (0.00ns)   --->   "%empty_5 = call i32 (...)* @_ssdm_op_SpecLoopTripCount(i64 128, i64 128, i64 128)"   --->   Operation 32 'speclooptripcount' 'empty_5' <Predicate = true> <Delay = 0.00>
ST_2 : Operation 33 [1/1] (1.66ns)   --->   "%icmp_ln55 = icmp eq i9 %i2_0_0_i, -256" [vhls_src/fft.cpp:55->vhls_src/fft.cpp:128]   --->   Operation 33 'icmp' 'icmp_ln55' <Predicate = true> <Delay = 1.66> <Core = "Cmp">   --->   Core 25 'Cmp' <Latency = 0> <II = 1> <Delay = 1.66> <FuncUnit> <Opcode : 'icmp'> <InPorts = 2> <OutPorts = 1>
ST_2 : Operation 34 [1/1] (0.00ns)   --->   "br i1 %icmp_ln55, label %.loopexit.i.loopexit292, label %hls_label_2" [vhls_src/fft.cpp:55->vhls_src/fft.cpp:128]   --->   Operation 34 'br' <Predicate = true> <Delay = 0.00>
ST_2 : Operation 35 [1/1] (0.00ns)   --->   "%empty_6 = trunc i9 %i2_0_0_i to i8" [vhls_src/fft.cpp:55->vhls_src/fft.cpp:128]   --->   Operation 35 'trunc' 'empty_6' <Predicate = (!icmp_ln55)> <Delay = 0.00>
ST_2 : Operation 36 [1/1] (0.00ns)   --->   "%zext_ln59 = zext i9 %i2_0_0_i to i64" [vhls_src/fft.cpp:59->vhls_src/fft.cpp:128]   --->   Operation 36 'zext' 'zext_ln59' <Predicate = (!icmp_ln55)> <Delay = 0.00>
ST_2 : Operation 37 [1/1] (0.00ns)   --->   "%Blackman256_addr = getelementptr inbounds [256 x float]* @Blackman256, i64 0, i64 %zext_ln59" [vhls_src/fft.cpp:59->vhls_src/fft.cpp:128]   --->   Operation 37 'getelementptr' 'Blackman256_addr' <Predicate = (!icmp_ln55)> <Delay = 0.00>
ST_2 : Operation 38 [2/2] (3.25ns)   --->   "%Blackman256_load = load float* %Blackman256_addr, align 8" [vhls_src/fft.cpp:59->vhls_src/fft.cpp:128]   --->   Operation 38 'load' 'Blackman256_load' <Predicate = (!icmp_ln55)> <Delay = 3.25> <Core = "ROM_nP">   --->   Core 52 'ROM_nP' <Latency = 1> <II = 1> <Delay = 3.25> <Storage> <Opcode : 'load'> <Ports = 0> <Width = 32> <Depth = 256> <ROM>
ST_2 : Operation 39 [1/1] (0.00ns)   --->   "%or_ln55 = or i8 %empty_6, 1" [vhls_src/fft.cpp:55->vhls_src/fft.cpp:128]   --->   Operation 39 'or' 'or_ln55' <Predicate = (!icmp_ln55)> <Delay = 0.00>
ST_2 : Operation 40 [1/1] (0.00ns)   --->   "%zext_ln59_1 = zext i8 %or_ln55 to i64" [vhls_src/fft.cpp:59->vhls_src/fft.cpp:128]   --->   Operation 40 'zext' 'zext_ln59_1' <Predicate = (!icmp_ln55)> <Delay = 0.00>
ST_2 : Operation 41 [1/1] (0.00ns)   --->   "%Blackman256_addr_1 = getelementptr inbounds [256 x float]* @Blackman256, i64 0, i64 %zext_ln59_1" [vhls_src/fft.cpp:59->vhls_src/fft.cpp:128]   --->   Operation 41 'getelementptr' 'Blackman256_addr_1' <Predicate = (!icmp_ln55)> <Delay = 0.00>
ST_2 : Operation 42 [2/2] (3.25ns)   --->   "%Blackman256_load_1 = load float* %Blackman256_addr_1, align 4" [vhls_src/fft.cpp:59->vhls_src/fft.cpp:128]   --->   Operation 42 'load' 'Blackman256_load_1' <Predicate = (!icmp_ln55)> <Delay = 3.25> <Core = "ROM_nP">   --->   Core 52 'ROM_nP' <Latency = 1> <II = 1> <Delay = 3.25> <Storage> <Opcode : 'load'> <Ports = 0> <Width = 32> <Depth = 256> <ROM>
ST_2 : Operation 43 [1/1] (1.82ns)   --->   "%add_ln55 = add i9 2, %i2_0_0_i" [vhls_src/fft.cpp:55->vhls_src/fft.cpp:128]   --->   Operation 43 'add' 'add_ln55' <Predicate = (!icmp_ln55)> <Delay = 1.82> <Core = "AddSub">   --->   Core 14 'AddSub' <Latency = 0> <II = 1> <Delay = 1.82> <FuncUnit> <Opcode : 'add' 'sub'> <InPorts = 2> <OutPorts = 1>

State 3 <SV = 2> <Delay = 6.50>
ST_3 : Operation 44 [1/1] (0.00ns)   --->   "%tmp_3_i = call i32 (...)* @_ssdm_op_SpecRegionBegin([12 x i8]* @p_str3)" [vhls_src/fft.cpp:55->vhls_src/fft.cpp:128]   --->   Operation 44 'specregionbegin' 'tmp_3_i' <Predicate = (!icmp_ln55)> <Delay = 0.00>
ST_3 : Operation 45 [1/1] (0.00ns)   --->   "call void (...)* @_ssdm_op_SpecPipeline(i32 -1, i32 1, i32 1, i32 0, [1 x i8]* @p_str1) nounwind" [vhls_src/fft.cpp:57->vhls_src/fft.cpp:128]   --->   Operation 45 'specpipeline' <Predicate = (!icmp_ln55)> <Delay = 0.00>
ST_3 : Operation 46 [1/2] (3.25ns)   --->   "%Blackman256_load = load float* %Blackman256_addr, align 8" [vhls_src/fft.cpp:59->vhls_src/fft.cpp:128]   --->   Operation 46 'load' 'Blackman256_load' <Predicate = (!icmp_ln55)> <Delay = 3.25> <Core = "ROM_nP">   --->   Core 52 'ROM_nP' <Latency = 1> <II = 1> <Delay = 3.25> <Storage> <Opcode : 'load'> <Ports = 0> <Width = 32> <Depth = 256> <ROM>
ST_3 : Operation 47 [1/1] (0.00ns)   --->   "%window_addr_6 = getelementptr inbounds [256 x float]* %window, i64 0, i64 %zext_ln59" [vhls_src/fft.cpp:59->vhls_src/fft.cpp:128]   --->   Operation 47 'getelementptr' 'window_addr_6' <Predicate = (!icmp_ln55)> <Delay = 0.00>
ST_3 : Operation 48 [1/1] (3.25ns)   --->   "store float %Blackman256_load, float* %window_addr_6, align 8" [vhls_src/fft.cpp:59->vhls_src/fft.cpp:128]   --->   Operation 48 'store' <Predicate = (!icmp_ln55)> <Delay = 3.25> <Core = "RAM">   --->   Core 37 'RAM' <Latency = 1> <II = 1> <Delay = 3.25> <Storage> <Opcode : 'load' 'store'> <Ports = 2> <Width = 32> <Depth = 256> <RAM>
ST_3 : Operation 49 [1/1] (0.00ns)   --->   "%empty_7 = call i32 (...)* @_ssdm_op_SpecRegionEnd([12 x i8]* @p_str3, i32 %tmp_3_i)" [vhls_src/fft.cpp:60->vhls_src/fft.cpp:128]   --->   Operation 49 'specregionend' 'empty_7' <Predicate = (!icmp_ln55)> <Delay = 0.00>
ST_3 : Operation 50 [1/2] (3.25ns)   --->   "%Blackman256_load_1 = load float* %Blackman256_addr_1, align 4" [vhls_src/fft.cpp:59->vhls_src/fft.cpp:128]   --->   Operation 50 'load' 'Blackman256_load_1' <Predicate = (!icmp_ln55)> <Delay = 3.25> <Core = "ROM_nP">   --->   Core 52 'ROM_nP' <Latency = 1> <II = 1> <Delay = 3.25> <Storage> <Opcode : 'load'> <Ports = 0> <Width = 32> <Depth = 256> <ROM>
ST_3 : Operation 51 [1/1] (0.00ns)   --->   "%window_addr_7 = getelementptr inbounds [256 x float]* %window, i64 0, i64 %zext_ln59_1" [vhls_src/fft.cpp:59->vhls_src/fft.cpp:128]   --->   Operation 51 'getelementptr' 'window_addr_7' <Predicate = (!icmp_ln55)> <Delay = 0.00>
ST_3 : Operation 52 [1/1] (3.25ns)   --->   "store float %Blackman256_load_1, float* %window_addr_7, align 4" [vhls_src/fft.cpp:59->vhls_src/fft.cpp:128]   --->   Operation 52 'store' <Predicate = (!icmp_ln55)> <Delay = 3.25> <Core = "RAM">   --->   Core 37 'RAM' <Latency = 1> <II = 1> <Delay = 3.25> <Storage> <Opcode : 'load' 'store'> <Ports = 2> <Width = 32> <Depth = 256> <RAM>
ST_3 : Operation 53 [1/1] (0.00ns)   --->   "br label %.preheader1.0.i" [vhls_src/fft.cpp:55->vhls_src/fft.cpp:128]   --->   Operation 53 'br' <Predicate = (!icmp_ln55)> <Delay = 0.00>

State 4 <SV = 2> <Delay = 1.76>
ST_4 : Operation 54 [1/1] (0.00ns)   --->   "br label %.loopexit.i"   --->   Operation 54 'br' <Predicate = (win_mode_read == 4)> <Delay = 0.00>
ST_4 : Operation 55 [1/1] (0.00ns)   --->   "br label %.loopexit.i"   --->   Operation 55 'br' <Predicate = (win_mode_read == 2)> <Delay = 0.00>
ST_4 : Operation 56 [1/1] (0.00ns)   --->   "br label %.loopexit.i"   --->   Operation 56 'br' <Predicate = (win_mode_read == 1)> <Delay = 0.00>
ST_4 : Operation 57 [1/1] (1.76ns)   --->   "br label %0" [vhls_src/fft.cpp:68->vhls_src/fft.cpp:128]   --->   Operation 57 'br' <Predicate = true> <Delay = 1.76>

State 5 <SV = 1> <Delay = 3.25>
ST_5 : Operation 58 [1/1] (0.00ns)   --->   "%i1_0_0_i = phi i9 [ %add_ln47, %hls_label_1 ], [ 0, %.preheader3.0.i.preheader ]" [vhls_src/fft.cpp:47->vhls_src/fft.cpp:128]   --->   Operation 58 'phi' 'i1_0_0_i' <Predicate = true> <Delay = 0.00>
ST_5 : Operation 59 [1/1] (0.00ns)   --->   "%empty_8 = call i32 (...)* @_ssdm_op_SpecLoopTripCount(i64 128, i64 128, i64 128)"   --->   Operation 59 'speclooptripcount' 'empty_8' <Predicate = true> <Delay = 0.00>
ST_5 : Operation 60 [1/1] (1.66ns)   --->   "%icmp_ln47 = icmp eq i9 %i1_0_0_i, -256" [vhls_src/fft.cpp:47->vhls_src/fft.cpp:128]   --->   Operation 60 'icmp' 'icmp_ln47' <Predicate = true> <Delay = 1.66> <Core = "Cmp">   --->   Core 25 'Cmp' <Latency = 0> <II = 1> <Delay = 1.66> <FuncUnit> <Opcode : 'icmp'> <InPorts = 2> <OutPorts = 1>
ST_5 : Operation 61 [1/1] (0.00ns)   --->   "br i1 %icmp_ln47, label %.loopexit.i.loopexit291, label %hls_label_1" [vhls_src/fft.cpp:47->vhls_src/fft.cpp:128]   --->   Operation 61 'br' <Predicate = true> <Delay = 0.00>
ST_5 : Operation 62 [1/1] (0.00ns)   --->   "%empty_9 = trunc i9 %i1_0_0_i to i8" [vhls_src/fft.cpp:47->vhls_src/fft.cpp:128]   --->   Operation 62 'trunc' 'empty_9' <Predicate = (!icmp_ln47)> <Delay = 0.00>
ST_5 : Operation 63 [1/1] (0.00ns)   --->   "%zext_ln51 = zext i9 %i1_0_0_i to i64" [vhls_src/fft.cpp:51->vhls_src/fft.cpp:128]   --->   Operation 63 'zext' 'zext_ln51' <Predicate = (!icmp_ln47)> <Delay = 0.00>
ST_5 : Operation 64 [1/1] (0.00ns)   --->   "%Hamm256_addr = getelementptr inbounds [256 x float]* @Hamm256, i64 0, i64 %zext_ln51" [vhls_src/fft.cpp:51->vhls_src/fft.cpp:128]   --->   Operation 64 'getelementptr' 'Hamm256_addr' <Predicate = (!icmp_ln47)> <Delay = 0.00>
ST_5 : Operation 65 [2/2] (3.25ns)   --->   "%Hamm256_load = load float* %Hamm256_addr, align 8" [vhls_src/fft.cpp:51->vhls_src/fft.cpp:128]   --->   Operation 65 'load' 'Hamm256_load' <Predicate = (!icmp_ln47)> <Delay = 3.25> <Core = "ROM_nP">   --->   Core 52 'ROM_nP' <Latency = 1> <II = 1> <Delay = 3.25> <Storage> <Opcode : 'load'> <Ports = 0> <Width = 32> <Depth = 256> <ROM>
ST_5 : Operation 66 [1/1] (0.00ns)   --->   "%or_ln47 = or i8 %empty_9, 1" [vhls_src/fft.cpp:47->vhls_src/fft.cpp:128]   --->   Operation 66 'or' 'or_ln47' <Predicate = (!icmp_ln47)> <Delay = 0.00>
ST_5 : Operation 67 [1/1] (0.00ns)   --->   "%zext_ln51_1 = zext i8 %or_ln47 to i64" [vhls_src/fft.cpp:51->vhls_src/fft.cpp:128]   --->   Operation 67 'zext' 'zext_ln51_1' <Predicate = (!icmp_ln47)> <Delay = 0.00>
ST_5 : Operation 68 [1/1] (0.00ns)   --->   "%Hamm256_addr_1 = getelementptr inbounds [256 x float]* @Hamm256, i64 0, i64 %zext_ln51_1" [vhls_src/fft.cpp:51->vhls_src/fft.cpp:128]   --->   Operation 68 'getelementptr' 'Hamm256_addr_1' <Predicate = (!icmp_ln47)> <Delay = 0.00>
ST_5 : Operation 69 [2/2] (3.25ns)   --->   "%Hamm256_load_1 = load float* %Hamm256_addr_1, align 4" [vhls_src/fft.cpp:51->vhls_src/fft.cpp:128]   --->   Operation 69 'load' 'Hamm256_load_1' <Predicate = (!icmp_ln47)> <Delay = 3.25> <Core = "ROM_nP">   --->   Core 52 'ROM_nP' <Latency = 1> <II = 1> <Delay = 3.25> <Storage> <Opcode : 'load'> <Ports = 0> <Width = 32> <Depth = 256> <ROM>
ST_5 : Operation 70 [1/1] (1.82ns)   --->   "%add_ln47 = add i9 2, %i1_0_0_i" [vhls_src/fft.cpp:47->vhls_src/fft.cpp:128]   --->   Operation 70 'add' 'add_ln47' <Predicate = (!icmp_ln47)> <Delay = 1.82> <Core = "AddSub">   --->   Core 14 'AddSub' <Latency = 0> <II = 1> <Delay = 1.82> <FuncUnit> <Opcode : 'add' 'sub'> <InPorts = 2> <OutPorts = 1>

State 6 <SV = 2> <Delay = 6.50>
ST_6 : Operation 71 [1/1] (0.00ns)   --->   "%tmp_2_i = call i32 (...)* @_ssdm_op_SpecRegionBegin([12 x i8]* @p_str2)" [vhls_src/fft.cpp:47->vhls_src/fft.cpp:128]   --->   Operation 71 'specregionbegin' 'tmp_2_i' <Predicate = (!icmp_ln47)> <Delay = 0.00>
ST_6 : Operation 72 [1/1] (0.00ns)   --->   "call void (...)* @_ssdm_op_SpecPipeline(i32 -1, i32 1, i32 1, i32 0, [1 x i8]* @p_str1) nounwind" [vhls_src/fft.cpp:49->vhls_src/fft.cpp:128]   --->   Operation 72 'specpipeline' <Predicate = (!icmp_ln47)> <Delay = 0.00>
ST_6 : Operation 73 [1/2] (3.25ns)   --->   "%Hamm256_load = load float* %Hamm256_addr, align 8" [vhls_src/fft.cpp:51->vhls_src/fft.cpp:128]   --->   Operation 73 'load' 'Hamm256_load' <Predicate = (!icmp_ln47)> <Delay = 3.25> <Core = "ROM_nP">   --->   Core 52 'ROM_nP' <Latency = 1> <II = 1> <Delay = 3.25> <Storage> <Opcode : 'load'> <Ports = 0> <Width = 32> <Depth = 256> <ROM>
ST_6 : Operation 74 [1/1] (0.00ns)   --->   "%window_addr_4 = getelementptr inbounds [256 x float]* %window, i64 0, i64 %zext_ln51" [vhls_src/fft.cpp:51->vhls_src/fft.cpp:128]   --->   Operation 74 'getelementptr' 'window_addr_4' <Predicate = (!icmp_ln47)> <Delay = 0.00>
ST_6 : Operation 75 [1/1] (3.25ns)   --->   "store float %Hamm256_load, float* %window_addr_4, align 8" [vhls_src/fft.cpp:51->vhls_src/fft.cpp:128]   --->   Operation 75 'store' <Predicate = (!icmp_ln47)> <Delay = 3.25> <Core = "RAM">   --->   Core 37 'RAM' <Latency = 1> <II = 1> <Delay = 3.25> <Storage> <Opcode : 'load' 'store'> <Ports = 2> <Width = 32> <Depth = 256> <RAM>
ST_6 : Operation 76 [1/1] (0.00ns)   --->   "%empty_10 = call i32 (...)* @_ssdm_op_SpecRegionEnd([12 x i8]* @p_str2, i32 %tmp_2_i)" [vhls_src/fft.cpp:52->vhls_src/fft.cpp:128]   --->   Operation 76 'specregionend' 'empty_10' <Predicate = (!icmp_ln47)> <Delay = 0.00>
ST_6 : Operation 77 [1/2] (3.25ns)   --->   "%Hamm256_load_1 = load float* %Hamm256_addr_1, align 4" [vhls_src/fft.cpp:51->vhls_src/fft.cpp:128]   --->   Operation 77 'load' 'Hamm256_load_1' <Predicate = (!icmp_ln47)> <Delay = 3.25> <Core = "ROM_nP">   --->   Core 52 'ROM_nP' <Latency = 1> <II = 1> <Delay = 3.25> <Storage> <Opcode : 'load'> <Ports = 0> <Width = 32> <Depth = 256> <ROM>
ST_6 : Operation 78 [1/1] (0.00ns)   --->   "%window_addr_5 = getelementptr inbounds [256 x float]* %window, i64 0, i64 %zext_ln51_1" [vhls_src/fft.cpp:51->vhls_src/fft.cpp:128]   --->   Operation 78 'getelementptr' 'window_addr_5' <Predicate = (!icmp_ln47)> <Delay = 0.00>
ST_6 : Operation 79 [1/1] (3.25ns)   --->   "store float %Hamm256_load_1, float* %window_addr_5, align 4" [vhls_src/fft.cpp:51->vhls_src/fft.cpp:128]   --->   Operation 79 'store' <Predicate = (!icmp_ln47)> <Delay = 3.25> <Core = "RAM">   --->   Core 37 'RAM' <Latency = 1> <II = 1> <Delay = 3.25> <Storage> <Opcode : 'load' 'store'> <Ports = 2> <Width = 32> <Depth = 256> <RAM>
ST_6 : Operation 80 [1/1] (0.00ns)   --->   "br label %.preheader3.0.i" [vhls_src/fft.cpp:47->vhls_src/fft.cpp:128]   --->   Operation 80 'br' <Predicate = (!icmp_ln47)> <Delay = 0.00>

State 7 <SV = 1> <Delay = 3.25>
ST_7 : Operation 81 [1/1] (0.00ns)   --->   "%i_0_0_i = phi i9 [ %add_ln39, %hls_label_0 ], [ 0, %.preheader5.0.i.preheader ]" [vhls_src/fft.cpp:39->vhls_src/fft.cpp:128]   --->   Operation 81 'phi' 'i_0_0_i' <Predicate = true> <Delay = 0.00>
ST_7 : Operation 82 [1/1] (0.00ns)   --->   "%empty_11 = call i32 (...)* @_ssdm_op_SpecLoopTripCount(i64 128, i64 128, i64 128)"   --->   Operation 82 'speclooptripcount' 'empty_11' <Predicate = true> <Delay = 0.00>
ST_7 : Operation 83 [1/1] (1.66ns)   --->   "%icmp_ln39 = icmp eq i9 %i_0_0_i, -256" [vhls_src/fft.cpp:39->vhls_src/fft.cpp:128]   --->   Operation 83 'icmp' 'icmp_ln39' <Predicate = true> <Delay = 1.66> <Core = "Cmp">   --->   Core 25 'Cmp' <Latency = 0> <II = 1> <Delay = 1.66> <FuncUnit> <Opcode : 'icmp'> <InPorts = 2> <OutPorts = 1>
ST_7 : Operation 84 [1/1] (0.00ns)   --->   "br i1 %icmp_ln39, label %.loopexit.i.loopexit, label %hls_label_0" [vhls_src/fft.cpp:39->vhls_src/fft.cpp:128]   --->   Operation 84 'br' <Predicate = true> <Delay = 0.00>
ST_7 : Operation 85 [1/1] (0.00ns)   --->   "%empty_12 = trunc i9 %i_0_0_i to i8" [vhls_src/fft.cpp:39->vhls_src/fft.cpp:128]   --->   Operation 85 'trunc' 'empty_12' <Predicate = (!icmp_ln39)> <Delay = 0.00>
ST_7 : Operation 86 [1/1] (0.00ns)   --->   "%zext_ln43 = zext i9 %i_0_0_i to i64" [vhls_src/fft.cpp:43->vhls_src/fft.cpp:128]   --->   Operation 86 'zext' 'zext_ln43' <Predicate = (!icmp_ln39)> <Delay = 0.00>
ST_7 : Operation 87 [1/1] (0.00ns)   --->   "%Hann256_addr = getelementptr inbounds [256 x float]* @Hann256, i64 0, i64 %zext_ln43" [vhls_src/fft.cpp:43->vhls_src/fft.cpp:128]   --->   Operation 87 'getelementptr' 'Hann256_addr' <Predicate = (!icmp_ln39)> <Delay = 0.00>
ST_7 : Operation 88 [2/2] (3.25ns)   --->   "%Hann256_load = load float* %Hann256_addr, align 8" [vhls_src/fft.cpp:43->vhls_src/fft.cpp:128]   --->   Operation 88 'load' 'Hann256_load' <Predicate = (!icmp_ln39)> <Delay = 3.25> <Core = "ROM_nP">   --->   Core 52 'ROM_nP' <Latency = 1> <II = 1> <Delay = 3.25> <Storage> <Opcode : 'load'> <Ports = 0> <Width = 32> <Depth = 256> <ROM>
ST_7 : Operation 89 [1/1] (0.00ns)   --->   "%or_ln39 = or i8 %empty_12, 1" [vhls_src/fft.cpp:39->vhls_src/fft.cpp:128]   --->   Operation 89 'or' 'or_ln39' <Predicate = (!icmp_ln39)> <Delay = 0.00>
ST_7 : Operation 90 [1/1] (0.00ns)   --->   "%zext_ln43_1 = zext i8 %or_ln39 to i64" [vhls_src/fft.cpp:43->vhls_src/fft.cpp:128]   --->   Operation 90 'zext' 'zext_ln43_1' <Predicate = (!icmp_ln39)> <Delay = 0.00>
ST_7 : Operation 91 [1/1] (0.00ns)   --->   "%Hann256_addr_1 = getelementptr inbounds [256 x float]* @Hann256, i64 0, i64 %zext_ln43_1" [vhls_src/fft.cpp:43->vhls_src/fft.cpp:128]   --->   Operation 91 'getelementptr' 'Hann256_addr_1' <Predicate = (!icmp_ln39)> <Delay = 0.00>
ST_7 : Operation 92 [2/2] (3.25ns)   --->   "%Hann256_load_1 = load float* %Hann256_addr_1, align 4" [vhls_src/fft.cpp:43->vhls_src/fft.cpp:128]   --->   Operation 92 'load' 'Hann256_load_1' <Predicate = (!icmp_ln39)> <Delay = 3.25> <Core = "ROM_nP">   --->   Core 52 'ROM_nP' <Latency = 1> <II = 1> <Delay = 3.25> <Storage> <Opcode : 'load'> <Ports = 0> <Width = 32> <Depth = 256> <ROM>
ST_7 : Operation 93 [1/1] (1.82ns)   --->   "%add_ln39 = add i9 2, %i_0_0_i" [vhls_src/fft.cpp:39->vhls_src/fft.cpp:128]   --->   Operation 93 'add' 'add_ln39' <Predicate = (!icmp_ln39)> <Delay = 1.82> <Core = "AddSub">   --->   Core 14 'AddSub' <Latency = 0> <II = 1> <Delay = 1.82> <FuncUnit> <Opcode : 'add' 'sub'> <InPorts = 2> <OutPorts = 1>

State 8 <SV = 2> <Delay = 6.50>
ST_8 : Operation 94 [1/1] (0.00ns)   --->   "%tmp_i = call i32 (...)* @_ssdm_op_SpecRegionBegin([12 x i8]* @p_str)" [vhls_src/fft.cpp:39->vhls_src/fft.cpp:128]   --->   Operation 94 'specregionbegin' 'tmp_i' <Predicate = (!icmp_ln39)> <Delay = 0.00>
ST_8 : Operation 95 [1/1] (0.00ns)   --->   "call void (...)* @_ssdm_op_SpecPipeline(i32 -1, i32 1, i32 1, i32 0, [1 x i8]* @p_str1) nounwind" [vhls_src/fft.cpp:41->vhls_src/fft.cpp:128]   --->   Operation 95 'specpipeline' <Predicate = (!icmp_ln39)> <Delay = 0.00>
ST_8 : Operation 96 [1/2] (3.25ns)   --->   "%Hann256_load = load float* %Hann256_addr, align 8" [vhls_src/fft.cpp:43->vhls_src/fft.cpp:128]   --->   Operation 96 'load' 'Hann256_load' <Predicate = (!icmp_ln39)> <Delay = 3.25> <Core = "ROM_nP">   --->   Core 52 'ROM_nP' <Latency = 1> <II = 1> <Delay = 3.25> <Storage> <Opcode : 'load'> <Ports = 0> <Width = 32> <Depth = 256> <ROM>
ST_8 : Operation 97 [1/1] (0.00ns)   --->   "%window_addr_2 = getelementptr inbounds [256 x float]* %window, i64 0, i64 %zext_ln43" [vhls_src/fft.cpp:43->vhls_src/fft.cpp:128]   --->   Operation 97 'getelementptr' 'window_addr_2' <Predicate = (!icmp_ln39)> <Delay = 0.00>
ST_8 : Operation 98 [1/1] (3.25ns)   --->   "store float %Hann256_load, float* %window_addr_2, align 8" [vhls_src/fft.cpp:43->vhls_src/fft.cpp:128]   --->   Operation 98 'store' <Predicate = (!icmp_ln39)> <Delay = 3.25> <Core = "RAM">   --->   Core 37 'RAM' <Latency = 1> <II = 1> <Delay = 3.25> <Storage> <Opcode : 'load' 'store'> <Ports = 2> <Width = 32> <Depth = 256> <RAM>
ST_8 : Operation 99 [1/1] (0.00ns)   --->   "%empty_13 = call i32 (...)* @_ssdm_op_SpecRegionEnd([12 x i8]* @p_str, i32 %tmp_i)" [vhls_src/fft.cpp:44->vhls_src/fft.cpp:128]   --->   Operation 99 'specregionend' 'empty_13' <Predicate = (!icmp_ln39)> <Delay = 0.00>
ST_8 : Operation 100 [1/2] (3.25ns)   --->   "%Hann256_load_1 = load float* %Hann256_addr_1, align 4" [vhls_src/fft.cpp:43->vhls_src/fft.cpp:128]   --->   Operation 100 'load' 'Hann256_load_1' <Predicate = (!icmp_ln39)> <Delay = 3.25> <Core = "ROM_nP">   --->   Core 52 'ROM_nP' <Latency = 1> <II = 1> <Delay = 3.25> <Storage> <Opcode : 'load'> <Ports = 0> <Width = 32> <Depth = 256> <ROM>
ST_8 : Operation 101 [1/1] (0.00ns)   --->   "%window_addr_3 = getelementptr inbounds [256 x float]* %window, i64 0, i64 %zext_ln43_1" [vhls_src/fft.cpp:43->vhls_src/fft.cpp:128]   --->   Operation 101 'getelementptr' 'window_addr_3' <Predicate = (!icmp_ln39)> <Delay = 0.00>
ST_8 : Operation 102 [1/1] (3.25ns)   --->   "store float %Hann256_load_1, float* %window_addr_3, align 4" [vhls_src/fft.cpp:43->vhls_src/fft.cpp:128]   --->   Operation 102 'store' <Predicate = (!icmp_ln39)> <Delay = 3.25> <Core = "RAM">   --->   Core 37 'RAM' <Latency = 1> <II = 1> <Delay = 3.25> <Storage> <Opcode : 'load' 'store'> <Ports = 2> <Width = 32> <Depth = 256> <RAM>
ST_8 : Operation 103 [1/1] (0.00ns)   --->   "br label %.preheader5.0.i" [vhls_src/fft.cpp:39->vhls_src/fft.cpp:128]   --->   Operation 103 'br' <Predicate = (!icmp_ln39)> <Delay = 0.00>

State 9 <SV = 1> <Delay = 3.25>
ST_9 : Operation 104 [1/1] (0.00ns)   --->   "%i3_0_0_i = phi i9 [ %add_ln62, %.preheader.1.i ], [ 0, %.preheader.0.i.preheader ]" [vhls_src/fft.cpp:62->vhls_src/fft.cpp:128]   --->   Operation 104 'phi' 'i3_0_0_i' <Predicate = true> <Delay = 0.00>
ST_9 : Operation 105 [1/1] (0.00ns)   --->   "%empty = call i32 (...)* @_ssdm_op_SpecLoopTripCount(i64 128, i64 128, i64 128)"   --->   Operation 105 'speclooptripcount' 'empty' <Predicate = true> <Delay = 0.00>
ST_9 : Operation 106 [1/1] (1.66ns)   --->   "%icmp_ln62 = icmp eq i9 %i3_0_0_i, -256" [vhls_src/fft.cpp:62->vhls_src/fft.cpp:128]   --->   Operation 106 'icmp' 'icmp_ln62' <Predicate = true> <Delay = 1.66> <Core = "Cmp">   --->   Core 25 'Cmp' <Latency = 0> <II = 1> <Delay = 1.66> <FuncUnit> <Opcode : 'icmp'> <InPorts = 2> <OutPorts = 1>
ST_9 : Operation 107 [1/1] (0.00ns)   --->   "br i1 %icmp_ln62, label %.loopexit.i.loopexit293, label %.preheader.1.i" [vhls_src/fft.cpp:62->vhls_src/fft.cpp:128]   --->   Operation 107 'br' <Predicate = true> <Delay = 0.00>
ST_9 : Operation 108 [1/1] (0.00ns)   --->   "%zext_ln64 = zext i9 %i3_0_0_i to i64" [vhls_src/fft.cpp:64->vhls_src/fft.cpp:128]   --->   Operation 108 'zext' 'zext_ln64' <Predicate = (!icmp_ln62)> <Delay = 0.00>
ST_9 : Operation 109 [1/1] (0.00ns)   --->   "%window_addr = getelementptr inbounds [256 x float]* %window, i64 0, i64 %zext_ln64" [vhls_src/fft.cpp:64->vhls_src/fft.cpp:128]   --->   Operation 109 'getelementptr' 'window_addr' <Predicate = (!icmp_ln62)> <Delay = 0.00>
ST_9 : Operation 110 [1/1] (3.25ns)   --->   "store float 1.000000e+00, float* %window_addr, align 8" [vhls_src/fft.cpp:64->vhls_src/fft.cpp:128]   --->   Operation 110 'store' <Predicate = (!icmp_ln62)> <Delay = 3.25> <Core = "RAM">   --->   Core 37 'RAM' <Latency = 1> <II = 1> <Delay = 3.25> <Storage> <Opcode : 'load' 'store'> <Ports = 2> <Width = 32> <Depth = 256> <RAM>
ST_9 : Operation 111 [1/1] (0.00ns)   --->   "%empty_4 = trunc i9 %i3_0_0_i to i8" [vhls_src/fft.cpp:62->vhls_src/fft.cpp:128]   --->   Operation 111 'trunc' 'empty_4' <Predicate = (!icmp_ln62)> <Delay = 0.00>
ST_9 : Operation 112 [1/1] (0.00ns)   --->   "%or_ln62 = or i8 %empty_4, 1" [vhls_src/fft.cpp:62->vhls_src/fft.cpp:128]   --->   Operation 112 'or' 'or_ln62' <Predicate = (!icmp_ln62)> <Delay = 0.00>
ST_9 : Operation 113 [1/1] (0.00ns)   --->   "%zext_ln64_1 = zext i8 %or_ln62 to i64" [vhls_src/fft.cpp:64->vhls_src/fft.cpp:128]   --->   Operation 113 'zext' 'zext_ln64_1' <Predicate = (!icmp_ln62)> <Delay = 0.00>
ST_9 : Operation 114 [1/1] (0.00ns)   --->   "%window_addr_1 = getelementptr inbounds [256 x float]* %window, i64 0, i64 %zext_ln64_1" [vhls_src/fft.cpp:64->vhls_src/fft.cpp:128]   --->   Operation 114 'getelementptr' 'window_addr_1' <Predicate = (!icmp_ln62)> <Delay = 0.00>
ST_9 : Operation 115 [1/1] (3.25ns)   --->   "store float 1.000000e+00, float* %window_addr_1, align 4" [vhls_src/fft.cpp:64->vhls_src/fft.cpp:128]   --->   Operation 115 'store' <Predicate = (!icmp_ln62)> <Delay = 3.25> <Core = "RAM">   --->   Core 37 'RAM' <Latency = 1> <II = 1> <Delay = 3.25> <Storage> <Opcode : 'load' 'store'> <Ports = 2> <Width = 32> <Depth = 256> <RAM>
ST_9 : Operation 116 [1/1] (1.82ns)   --->   "%add_ln62 = add i9 2, %i3_0_0_i" [vhls_src/fft.cpp:62->vhls_src/fft.cpp:128]   --->   Operation 116 'add' 'add_ln62' <Predicate = (!icmp_ln62)> <Delay = 1.82> <Core = "AddSub">   --->   Core 14 'AddSub' <Latency = 0> <II = 1> <Delay = 1.82> <FuncUnit> <Opcode : 'add' 'sub'> <InPorts = 2> <OutPorts = 1>
ST_9 : Operation 117 [1/1] (0.00ns)   --->   "br label %.preheader.0.i" [vhls_src/fft.cpp:62->vhls_src/fft.cpp:128]   --->   Operation 117 'br' <Predicate = (!icmp_ln62)> <Delay = 0.00>
ST_9 : Operation 118 [1/1] (0.00ns)   --->   "br label %.loopexit.i"   --->   Operation 118 'br' <Predicate = (icmp_ln62)> <Delay = 0.00>

State 10 <SV = 3> <Delay = 3.25>
ST_10 : Operation 119 [1/1] (0.00ns)   --->   "%i4_0_0_i = phi i9 [ 0, %.loopexit.i ], [ %add_ln68, %hls_label_4 ]" [vhls_src/fft.cpp:68->vhls_src/fft.cpp:128]   --->   Operation 119 'phi' 'i4_0_0_i' <Predicate = true> <Delay = 0.00>
ST_10 : Operation 120 [1/1] (0.00ns)   --->   "%empty_14 = call i32 (...)* @_ssdm_op_SpecLoopTripCount(i64 128, i64 128, i64 128)"   --->   Operation 120 'speclooptripcount' 'empty_14' <Predicate = true> <Delay = 0.00>
ST_10 : Operation 121 [1/1] (1.66ns)   --->   "%icmp_ln68 = icmp eq i9 %i4_0_0_i, -256" [vhls_src/fft.cpp:68->vhls_src/fft.cpp:128]   --->   Operation 121 'icmp' 'icmp_ln68' <Predicate = true> <Delay = 1.66> <Core = "Cmp">   --->   Core 25 'Cmp' <Latency = 0> <II = 1> <Delay = 1.66> <FuncUnit> <Opcode : 'icmp'> <InPorts = 2> <OutPorts = 1>
ST_10 : Operation 122 [1/1] (0.00ns)   --->   "br i1 %icmp_ln68, label %.exit, label %hls_label_4" [vhls_src/fft.cpp:68->vhls_src/fft.cpp:128]   --->   Operation 122 'br' <Predicate = true> <Delay = 0.00>
ST_10 : Operation 123 [1/1] (0.00ns)   --->   "%empty_15 = trunc i9 %i4_0_0_i to i8" [vhls_src/fft.cpp:68->vhls_src/fft.cpp:128]   --->   Operation 123 'trunc' 'empty_15' <Predicate = (!icmp_ln68)> <Delay = 0.00>
ST_10 : Operation 124 [1/1] (0.00ns)   --->   "%zext_ln71 = zext i9 %i4_0_0_i to i64" [vhls_src/fft.cpp:71->vhls_src/fft.cpp:128]   --->   Operation 124 'zext' 'zext_ln71' <Predicate = (!icmp_ln68)> <Delay = 0.00>
ST_10 : Operation 125 [1/1] (0.00ns)   --->   "%xin_M_real_addr = getelementptr [256 x float]* @xin_M_real, i64 0, i64 %zext_ln71" [vhls_src/fft.cpp:71->vhls_src/fft.cpp:128]   --->   Operation 125 'getelementptr' 'xin_M_real_addr' <Predicate = (!icmp_ln68)> <Delay = 0.00>
ST_10 : Operation 126 [1/1] (0.00ns)   --->   "%xin_M_imag_addr = getelementptr [256 x float]* @xin_M_imag, i64 0, i64 %zext_ln71" [vhls_src/fft.cpp:71->vhls_src/fft.cpp:128]   --->   Operation 126 'getelementptr' 'xin_M_imag_addr' <Predicate = (!icmp_ln68)> <Delay = 0.00>
ST_10 : Operation 127 [1/1] (0.00ns)   --->   "%window_addr_8 = getelementptr inbounds [256 x float]* %window, i64 0, i64 %zext_ln71" [vhls_src/fft.cpp:71->vhls_src/fft.cpp:128]   --->   Operation 127 'getelementptr' 'window_addr_8' <Predicate = (!icmp_ln68)> <Delay = 0.00>
ST_10 : Operation 128 [2/2] (3.25ns)   --->   "%p_r_M_real = load float* %xin_M_real_addr, align 8" [vhls_src/fft.cpp:71->vhls_src/fft.cpp:128]   --->   Operation 128 'load' 'p_r_M_real' <Predicate = (!icmp_ln68)> <Delay = 3.25> <Core = "RAM">   --->   Core 37 'RAM' <Latency = 1> <II = 1> <Delay = 3.25> <Storage> <Opcode : 'load' 'store'> <Ports = 2> <Width = 32> <Depth = 256> <RAM>
ST_10 : Operation 129 [2/2] (3.25ns)   --->   "%p_r_M_imag = load float* %xin_M_imag_addr, align 8" [vhls_src/fft.cpp:71->vhls_src/fft.cpp:128]   --->   Operation 129 'load' 'p_r_M_imag' <Predicate = (!icmp_ln68)> <Delay = 3.25> <Core = "RAM">   --->   Core 37 'RAM' <Latency = 1> <II = 1> <Delay = 3.25> <Storage> <Opcode : 'load' 'store'> <Ports = 2> <Width = 32> <Depth = 256> <RAM>
ST_10 : Operation 130 [2/2] (3.25ns)   --->   "%window_load = load float* %window_addr_8, align 8" [vhls_src/fft.cpp:71->vhls_src/fft.cpp:128]   --->   Operation 130 'load' 'window_load' <Predicate = (!icmp_ln68)> <Delay = 3.25> <Core = "RAM">   --->   Core 37 'RAM' <Latency = 1> <II = 1> <Delay = 3.25> <Storage> <Opcode : 'load' 'store'> <Ports = 2> <Width = 32> <Depth = 256> <RAM>
ST_10 : Operation 131 [1/1] (0.00ns)   --->   "%or_ln68 = or i8 %empty_15, 1" [vhls_src/fft.cpp:68->vhls_src/fft.cpp:128]   --->   Operation 131 'or' 'or_ln68' <Predicate = (!icmp_ln68)> <Delay = 0.00>
ST_10 : Operation 132 [1/1] (0.00ns)   --->   "%zext_ln71_1 = zext i8 %or_ln68 to i64" [vhls_src/fft.cpp:71->vhls_src/fft.cpp:128]   --->   Operation 132 'zext' 'zext_ln71_1' <Predicate = (!icmp_ln68)> <Delay = 0.00>
ST_10 : Operation 133 [1/1] (0.00ns)   --->   "%xin_M_real_addr_1 = getelementptr [256 x float]* @xin_M_real, i64 0, i64 %zext_ln71_1" [vhls_src/fft.cpp:71->vhls_src/fft.cpp:128]   --->   Operation 133 'getelementptr' 'xin_M_real_addr_1' <Predicate = (!icmp_ln68)> <Delay = 0.00>
ST_10 : Operation 134 [1/1] (0.00ns)   --->   "%xin_M_imag_addr_1 = getelementptr [256 x float]* @xin_M_imag, i64 0, i64 %zext_ln71_1" [vhls_src/fft.cpp:71->vhls_src/fft.cpp:128]   --->   Operation 134 'getelementptr' 'xin_M_imag_addr_1' <Predicate = (!icmp_ln68)> <Delay = 0.00>
ST_10 : Operation 135 [1/1] (0.00ns)   --->   "%window_addr_9 = getelementptr inbounds [256 x float]* %window, i64 0, i64 %zext_ln71_1" [vhls_src/fft.cpp:71->vhls_src/fft.cpp:128]   --->   Operation 135 'getelementptr' 'window_addr_9' <Predicate = (!icmp_ln68)> <Delay = 0.00>
ST_10 : Operation 136 [2/2] (3.25ns)   --->   "%p_r_M_real_1 = load float* %xin_M_real_addr_1, align 4" [vhls_src/fft.cpp:71->vhls_src/fft.cpp:128]   --->   Operation 136 'load' 'p_r_M_real_1' <Predicate = (!icmp_ln68)> <Delay = 3.25> <Core = "RAM">   --->   Core 37 'RAM' <Latency = 1> <II = 1> <Delay = 3.25> <Storage> <Opcode : 'load' 'store'> <Ports = 2> <Width = 32> <Depth = 256> <RAM>
ST_10 : Operation 137 [2/2] (3.25ns)   --->   "%p_r_M_imag_1 = load float* %xin_M_imag_addr_1, align 4" [vhls_src/fft.cpp:71->vhls_src/fft.cpp:128]   --->   Operation 137 'load' 'p_r_M_imag_1' <Predicate = (!icmp_ln68)> <Delay = 3.25> <Core = "RAM">   --->   Core 37 'RAM' <Latency = 1> <II = 1> <Delay = 3.25> <Storage> <Opcode : 'load' 'store'> <Ports = 2> <Width = 32> <Depth = 256> <RAM>
ST_10 : Operation 138 [2/2] (3.25ns)   --->   "%window_load_1 = load float* %window_addr_9, align 4" [vhls_src/fft.cpp:71->vhls_src/fft.cpp:128]   --->   Operation 138 'load' 'window_load_1' <Predicate = (!icmp_ln68)> <Delay = 3.25> <Core = "RAM">   --->   Core 37 'RAM' <Latency = 1> <II = 1> <Delay = 3.25> <Storage> <Opcode : 'load' 'store'> <Ports = 2> <Width = 32> <Depth = 256> <RAM>
ST_10 : Operation 139 [1/1] (1.82ns)   --->   "%add_ln68 = add i9 2, %i4_0_0_i" [vhls_src/fft.cpp:68->vhls_src/fft.cpp:128]   --->   Operation 139 'add' 'add_ln68' <Predicate = (!icmp_ln68)> <Delay = 1.82> <Core = "AddSub">   --->   Core 14 'AddSub' <Latency = 0> <II = 1> <Delay = 1.82> <FuncUnit> <Opcode : 'add' 'sub'> <InPorts = 2> <OutPorts = 1>

State 11 <SV = 4> <Delay = 3.25>
ST_11 : Operation 140 [1/2] (3.25ns)   --->   "%p_r_M_real = load float* %xin_M_real_addr, align 8" [vhls_src/fft.cpp:71->vhls_src/fft.cpp:128]   --->   Operation 140 'load' 'p_r_M_real' <Predicate = (!icmp_ln68)> <Delay = 3.25> <Core = "RAM">   --->   Core 37 'RAM' <Latency = 1> <II = 1> <Delay = 3.25> <Storage> <Opcode : 'load' 'store'> <Ports = 2> <Width = 32> <Depth = 256> <RAM>
ST_11 : Operation 141 [1/2] (3.25ns)   --->   "%p_r_M_imag = load float* %xin_M_imag_addr, align 8" [vhls_src/fft.cpp:71->vhls_src/fft.cpp:128]   --->   Operation 141 'load' 'p_r_M_imag' <Predicate = (!icmp_ln68)> <Delay = 3.25> <Core = "RAM">   --->   Core 37 'RAM' <Latency = 1> <II = 1> <Delay = 3.25> <Storage> <Opcode : 'load' 'store'> <Ports = 2> <Width = 32> <Depth = 256> <RAM>
ST_11 : Operation 142 [1/2] (3.25ns)   --->   "%window_load = load float* %window_addr_8, align 8" [vhls_src/fft.cpp:71->vhls_src/fft.cpp:128]   --->   Operation 142 'load' 'window_load' <Predicate = (!icmp_ln68)> <Delay = 3.25> <Core = "RAM">   --->   Core 37 'RAM' <Latency = 1> <II = 1> <Delay = 3.25> <Storage> <Opcode : 'load' 'store'> <Ports = 2> <Width = 32> <Depth = 256> <RAM>
ST_11 : Operation 143 [1/2] (3.25ns)   --->   "%p_r_M_real_1 = load float* %xin_M_real_addr_1, align 4" [vhls_src/fft.cpp:71->vhls_src/fft.cpp:128]   --->   Operation 143 'load' 'p_r_M_real_1' <Predicate = (!icmp_ln68)> <Delay = 3.25> <Core = "RAM">   --->   Core 37 'RAM' <Latency = 1> <II = 1> <Delay = 3.25> <Storage> <Opcode : 'load' 'store'> <Ports = 2> <Width = 32> <Depth = 256> <RAM>
ST_11 : Operation 144 [1/2] (3.25ns)   --->   "%p_r_M_imag_1 = load float* %xin_M_imag_addr_1, align 4" [vhls_src/fft.cpp:71->vhls_src/fft.cpp:128]   --->   Operation 144 'load' 'p_r_M_imag_1' <Predicate = (!icmp_ln68)> <Delay = 3.25> <Core = "RAM">   --->   Core 37 'RAM' <Latency = 1> <II = 1> <Delay = 3.25> <Storage> <Opcode : 'load' 'store'> <Ports = 2> <Width = 32> <Depth = 256> <RAM>
ST_11 : Operation 145 [1/2] (3.25ns)   --->   "%window_load_1 = load float* %window_addr_9, align 4" [vhls_src/fft.cpp:71->vhls_src/fft.cpp:128]   --->   Operation 145 'load' 'window_load_1' <Predicate = (!icmp_ln68)> <Delay = 3.25> <Core = "RAM">   --->   Core 37 'RAM' <Latency = 1> <II = 1> <Delay = 3.25> <Storage> <Opcode : 'load' 'store'> <Ports = 2> <Width = 32> <Depth = 256> <RAM>

State 12 <SV = 5> <Delay = 5.70>
ST_12 : Operation 146 [4/4] (5.70ns)   --->   "%tmp_i_i_i = fmul float %p_r_M_real, %window_load" [vhls_src/fft.cpp:71->vhls_src/fft.cpp:128]   --->   Operation 146 'fmul' 'tmp_i_i_i' <Predicate = (!icmp_ln68)> <Delay = 5.70> <Core = "FMul">   --->   Core 106 'FMul' <Latency = 3> <II = 1> <Delay = 5.70> <FuncUnit> <Opcode : 'fmul'> <InPorts = 2> <OutPorts = 1>
ST_12 : Operation 147 [4/4] (5.70ns)   --->   "%tmp_8_i_i_i = fmul float %p_r_M_imag, 0.000000e+00" [vhls_src/fft.cpp:71->vhls_src/fft.cpp:128]   --->   Operation 147 'fmul' 'tmp_8_i_i_i' <Predicate = (!icmp_ln68)> <Delay = 5.70> <Core = "FMul">   --->   Core 106 'FMul' <Latency = 3> <II = 1> <Delay = 5.70> <FuncUnit> <Opcode : 'fmul'> <InPorts = 2> <OutPorts = 1>
ST_12 : Operation 148 [4/4] (5.70ns)   --->   "%tmp_i_i_i_16 = fmul float %p_r_M_imag, %window_load" [vhls_src/fft.cpp:71->vhls_src/fft.cpp:128]   --->   Operation 148 'fmul' 'tmp_i_i_i_16' <Predicate = (!icmp_ln68)> <Delay = 5.70> <Core = "FMul">   --->   Core 106 'FMul' <Latency = 3> <II = 1> <Delay = 5.70> <FuncUnit> <Opcode : 'fmul'> <InPorts = 2> <OutPorts = 1>
ST_12 : Operation 149 [4/4] (5.70ns)   --->   "%tmp_1_i_i_i = fmul float %p_r_M_real, 0.000000e+00" [vhls_src/fft.cpp:71->vhls_src/fft.cpp:128]   --->   Operation 149 'fmul' 'tmp_1_i_i_i' <Predicate = (!icmp_ln68)> <Delay = 5.70> <Core = "FMul">   --->   Core 106 'FMul' <Latency = 3> <II = 1> <Delay = 5.70> <FuncUnit> <Opcode : 'fmul'> <InPorts = 2> <OutPorts = 1>
ST_12 : Operation 150 [4/4] (5.70ns)   --->   "%tmp_i_i35_i = fmul float %p_r_M_real_1, %window_load_1" [vhls_src/fft.cpp:71->vhls_src/fft.cpp:128]   --->   Operation 150 'fmul' 'tmp_i_i35_i' <Predicate = (!icmp_ln68)> <Delay = 5.70> <Core = "FMul">   --->   Core 106 'FMul' <Latency = 3> <II = 1> <Delay = 5.70> <FuncUnit> <Opcode : 'fmul'> <InPorts = 2> <OutPorts = 1>
ST_12 : Operation 151 [4/4] (5.70ns)   --->   "%tmp_8_i_i36_i = fmul float %p_r_M_imag_1, 0.000000e+00" [vhls_src/fft.cpp:71->vhls_src/fft.cpp:128]   --->   Operation 151 'fmul' 'tmp_8_i_i36_i' <Predicate = (!icmp_ln68)> <Delay = 5.70> <Core = "FMul">   --->   Core 106 'FMul' <Latency = 3> <II = 1> <Delay = 5.70> <FuncUnit> <Opcode : 'fmul'> <InPorts = 2> <OutPorts = 1>
ST_12 : Operation 152 [4/4] (5.70ns)   --->   "%tmp_i_i38_i = fmul float %p_r_M_imag_1, %window_load_1" [vhls_src/fft.cpp:71->vhls_src/fft.cpp:128]   --->   Operation 152 'fmul' 'tmp_i_i38_i' <Predicate = (!icmp_ln68)> <Delay = 5.70> <Core = "FMul">   --->   Core 106 'FMul' <Latency = 3> <II = 1> <Delay = 5.70> <FuncUnit> <Opcode : 'fmul'> <InPorts = 2> <OutPorts = 1>
ST_12 : Operation 153 [4/4] (5.70ns)   --->   "%tmp_1_i_i39_i = fmul float %p_r_M_real_1, 0.000000e+00" [vhls_src/fft.cpp:71->vhls_src/fft.cpp:128]   --->   Operation 153 'fmul' 'tmp_1_i_i39_i' <Predicate = (!icmp_ln68)> <Delay = 5.70> <Core = "FMul">   --->   Core 106 'FMul' <Latency = 3> <II = 1> <Delay = 5.70> <FuncUnit> <Opcode : 'fmul'> <InPorts = 2> <OutPorts = 1>

State 13 <SV = 6> <Delay = 5.70>
ST_13 : Operation 154 [3/4] (5.70ns)   --->   "%tmp_i_i_i = fmul float %p_r_M_real, %window_load" [vhls_src/fft.cpp:71->vhls_src/fft.cpp:128]   --->   Operation 154 'fmul' 'tmp_i_i_i' <Predicate = (!icmp_ln68)> <Delay = 5.70> <Core = "FMul">   --->   Core 106 'FMul' <Latency = 3> <II = 1> <Delay = 5.70> <FuncUnit> <Opcode : 'fmul'> <InPorts = 2> <OutPorts = 1>
ST_13 : Operation 155 [3/4] (5.70ns)   --->   "%tmp_8_i_i_i = fmul float %p_r_M_imag, 0.000000e+00" [vhls_src/fft.cpp:71->vhls_src/fft.cpp:128]   --->   Operation 155 'fmul' 'tmp_8_i_i_i' <Predicate = (!icmp_ln68)> <Delay = 5.70> <Core = "FMul">   --->   Core 106 'FMul' <Latency = 3> <II = 1> <Delay = 5.70> <FuncUnit> <Opcode : 'fmul'> <InPorts = 2> <OutPorts = 1>
ST_13 : Operation 156 [3/4] (5.70ns)   --->   "%tmp_i_i_i_16 = fmul float %p_r_M_imag, %window_load" [vhls_src/fft.cpp:71->vhls_src/fft.cpp:128]   --->   Operation 156 'fmul' 'tmp_i_i_i_16' <Predicate = (!icmp_ln68)> <Delay = 5.70> <Core = "FMul">   --->   Core 106 'FMul' <Latency = 3> <II = 1> <Delay = 5.70> <FuncUnit> <Opcode : 'fmul'> <InPorts = 2> <OutPorts = 1>
ST_13 : Operation 157 [3/4] (5.70ns)   --->   "%tmp_1_i_i_i = fmul float %p_r_M_real, 0.000000e+00" [vhls_src/fft.cpp:71->vhls_src/fft.cpp:128]   --->   Operation 157 'fmul' 'tmp_1_i_i_i' <Predicate = (!icmp_ln68)> <Delay = 5.70> <Core = "FMul">   --->   Core 106 'FMul' <Latency = 3> <II = 1> <Delay = 5.70> <FuncUnit> <Opcode : 'fmul'> <InPorts = 2> <OutPorts = 1>
ST_13 : Operation 158 [3/4] (5.70ns)   --->   "%tmp_i_i35_i = fmul float %p_r_M_real_1, %window_load_1" [vhls_src/fft.cpp:71->vhls_src/fft.cpp:128]   --->   Operation 158 'fmul' 'tmp_i_i35_i' <Predicate = (!icmp_ln68)> <Delay = 5.70> <Core = "FMul">   --->   Core 106 'FMul' <Latency = 3> <II = 1> <Delay = 5.70> <FuncUnit> <Opcode : 'fmul'> <InPorts = 2> <OutPorts = 1>
ST_13 : Operation 159 [3/4] (5.70ns)   --->   "%tmp_8_i_i36_i = fmul float %p_r_M_imag_1, 0.000000e+00" [vhls_src/fft.cpp:71->vhls_src/fft.cpp:128]   --->   Operation 159 'fmul' 'tmp_8_i_i36_i' <Predicate = (!icmp_ln68)> <Delay = 5.70> <Core = "FMul">   --->   Core 106 'FMul' <Latency = 3> <II = 1> <Delay = 5.70> <FuncUnit> <Opcode : 'fmul'> <InPorts = 2> <OutPorts = 1>
ST_13 : Operation 160 [3/4] (5.70ns)   --->   "%tmp_i_i38_i = fmul float %p_r_M_imag_1, %window_load_1" [vhls_src/fft.cpp:71->vhls_src/fft.cpp:128]   --->   Operation 160 'fmul' 'tmp_i_i38_i' <Predicate = (!icmp_ln68)> <Delay = 5.70> <Core = "FMul">   --->   Core 106 'FMul' <Latency = 3> <II = 1> <Delay = 5.70> <FuncUnit> <Opcode : 'fmul'> <InPorts = 2> <OutPorts = 1>
ST_13 : Operation 161 [3/4] (5.70ns)   --->   "%tmp_1_i_i39_i = fmul float %p_r_M_real_1, 0.000000e+00" [vhls_src/fft.cpp:71->vhls_src/fft.cpp:128]   --->   Operation 161 'fmul' 'tmp_1_i_i39_i' <Predicate = (!icmp_ln68)> <Delay = 5.70> <Core = "FMul">   --->   Core 106 'FMul' <Latency = 3> <II = 1> <Delay = 5.70> <FuncUnit> <Opcode : 'fmul'> <InPorts = 2> <OutPorts = 1>

State 14 <SV = 7> <Delay = 5.70>
ST_14 : Operation 162 [2/4] (5.70ns)   --->   "%tmp_i_i_i = fmul float %p_r_M_real, %window_load" [vhls_src/fft.cpp:71->vhls_src/fft.cpp:128]   --->   Operation 162 'fmul' 'tmp_i_i_i' <Predicate = (!icmp_ln68)> <Delay = 5.70> <Core = "FMul">   --->   Core 106 'FMul' <Latency = 3> <II = 1> <Delay = 5.70> <FuncUnit> <Opcode : 'fmul'> <InPorts = 2> <OutPorts = 1>
ST_14 : Operation 163 [2/4] (5.70ns)   --->   "%tmp_8_i_i_i = fmul float %p_r_M_imag, 0.000000e+00" [vhls_src/fft.cpp:71->vhls_src/fft.cpp:128]   --->   Operation 163 'fmul' 'tmp_8_i_i_i' <Predicate = (!icmp_ln68)> <Delay = 5.70> <Core = "FMul">   --->   Core 106 'FMul' <Latency = 3> <II = 1> <Delay = 5.70> <FuncUnit> <Opcode : 'fmul'> <InPorts = 2> <OutPorts = 1>
ST_14 : Operation 164 [2/4] (5.70ns)   --->   "%tmp_i_i_i_16 = fmul float %p_r_M_imag, %window_load" [vhls_src/fft.cpp:71->vhls_src/fft.cpp:128]   --->   Operation 164 'fmul' 'tmp_i_i_i_16' <Predicate = (!icmp_ln68)> <Delay = 5.70> <Core = "FMul">   --->   Core 106 'FMul' <Latency = 3> <II = 1> <Delay = 5.70> <FuncUnit> <Opcode : 'fmul'> <InPorts = 2> <OutPorts = 1>
ST_14 : Operation 165 [2/4] (5.70ns)   --->   "%tmp_1_i_i_i = fmul float %p_r_M_real, 0.000000e+00" [vhls_src/fft.cpp:71->vhls_src/fft.cpp:128]   --->   Operation 165 'fmul' 'tmp_1_i_i_i' <Predicate = (!icmp_ln68)> <Delay = 5.70> <Core = "FMul">   --->   Core 106 'FMul' <Latency = 3> <II = 1> <Delay = 5.70> <FuncUnit> <Opcode : 'fmul'> <InPorts = 2> <OutPorts = 1>
ST_14 : Operation 166 [2/4] (5.70ns)   --->   "%tmp_i_i35_i = fmul float %p_r_M_real_1, %window_load_1" [vhls_src/fft.cpp:71->vhls_src/fft.cpp:128]   --->   Operation 166 'fmul' 'tmp_i_i35_i' <Predicate = (!icmp_ln68)> <Delay = 5.70> <Core = "FMul">   --->   Core 106 'FMul' <Latency = 3> <II = 1> <Delay = 5.70> <FuncUnit> <Opcode : 'fmul'> <InPorts = 2> <OutPorts = 1>
ST_14 : Operation 167 [2/4] (5.70ns)   --->   "%tmp_8_i_i36_i = fmul float %p_r_M_imag_1, 0.000000e+00" [vhls_src/fft.cpp:71->vhls_src/fft.cpp:128]   --->   Operation 167 'fmul' 'tmp_8_i_i36_i' <Predicate = (!icmp_ln68)> <Delay = 5.70> <Core = "FMul">   --->   Core 106 'FMul' <Latency = 3> <II = 1> <Delay = 5.70> <FuncUnit> <Opcode : 'fmul'> <InPorts = 2> <OutPorts = 1>
ST_14 : Operation 168 [2/4] (5.70ns)   --->   "%tmp_i_i38_i = fmul float %p_r_M_imag_1, %window_load_1" [vhls_src/fft.cpp:71->vhls_src/fft.cpp:128]   --->   Operation 168 'fmul' 'tmp_i_i38_i' <Predicate = (!icmp_ln68)> <Delay = 5.70> <Core = "FMul">   --->   Core 106 'FMul' <Latency = 3> <II = 1> <Delay = 5.70> <FuncUnit> <Opcode : 'fmul'> <InPorts = 2> <OutPorts = 1>
ST_14 : Operation 169 [2/4] (5.70ns)   --->   "%tmp_1_i_i39_i = fmul float %p_r_M_real_1, 0.000000e+00" [vhls_src/fft.cpp:71->vhls_src/fft.cpp:128]   --->   Operation 169 'fmul' 'tmp_1_i_i39_i' <Predicate = (!icmp_ln68)> <Delay = 5.70> <Core = "FMul">   --->   Core 106 'FMul' <Latency = 3> <II = 1> <Delay = 5.70> <FuncUnit> <Opcode : 'fmul'> <InPorts = 2> <OutPorts = 1>

State 15 <SV = 8> <Delay = 5.70>
ST_15 : Operation 170 [1/4] (5.70ns)   --->   "%tmp_i_i_i = fmul float %p_r_M_real, %window_load" [vhls_src/fft.cpp:71->vhls_src/fft.cpp:128]   --->   Operation 170 'fmul' 'tmp_i_i_i' <Predicate = (!icmp_ln68)> <Delay = 5.70> <Core = "FMul">   --->   Core 106 'FMul' <Latency = 3> <II = 1> <Delay = 5.70> <FuncUnit> <Opcode : 'fmul'> <InPorts = 2> <OutPorts = 1>
ST_15 : Operation 171 [1/4] (5.70ns)   --->   "%tmp_8_i_i_i = fmul float %p_r_M_imag, 0.000000e+00" [vhls_src/fft.cpp:71->vhls_src/fft.cpp:128]   --->   Operation 171 'fmul' 'tmp_8_i_i_i' <Predicate = (!icmp_ln68)> <Delay = 5.70> <Core = "FMul">   --->   Core 106 'FMul' <Latency = 3> <II = 1> <Delay = 5.70> <FuncUnit> <Opcode : 'fmul'> <InPorts = 2> <OutPorts = 1>
ST_15 : Operation 172 [1/4] (5.70ns)   --->   "%tmp_i_i_i_16 = fmul float %p_r_M_imag, %window_load" [vhls_src/fft.cpp:71->vhls_src/fft.cpp:128]   --->   Operation 172 'fmul' 'tmp_i_i_i_16' <Predicate = (!icmp_ln68)> <Delay = 5.70> <Core = "FMul">   --->   Core 106 'FMul' <Latency = 3> <II = 1> <Delay = 5.70> <FuncUnit> <Opcode : 'fmul'> <InPorts = 2> <OutPorts = 1>
ST_15 : Operation 173 [1/4] (5.70ns)   --->   "%tmp_1_i_i_i = fmul float %p_r_M_real, 0.000000e+00" [vhls_src/fft.cpp:71->vhls_src/fft.cpp:128]   --->   Operation 173 'fmul' 'tmp_1_i_i_i' <Predicate = (!icmp_ln68)> <Delay = 5.70> <Core = "FMul">   --->   Core 106 'FMul' <Latency = 3> <II = 1> <Delay = 5.70> <FuncUnit> <Opcode : 'fmul'> <InPorts = 2> <OutPorts = 1>
ST_15 : Operation 174 [1/4] (5.70ns)   --->   "%tmp_i_i35_i = fmul float %p_r_M_real_1, %window_load_1" [vhls_src/fft.cpp:71->vhls_src/fft.cpp:128]   --->   Operation 174 'fmul' 'tmp_i_i35_i' <Predicate = (!icmp_ln68)> <Delay = 5.70> <Core = "FMul">   --->   Core 106 'FMul' <Latency = 3> <II = 1> <Delay = 5.70> <FuncUnit> <Opcode : 'fmul'> <InPorts = 2> <OutPorts = 1>
ST_15 : Operation 175 [1/4] (5.70ns)   --->   "%tmp_8_i_i36_i = fmul float %p_r_M_imag_1, 0.000000e+00" [vhls_src/fft.cpp:71->vhls_src/fft.cpp:128]   --->   Operation 175 'fmul' 'tmp_8_i_i36_i' <Predicate = (!icmp_ln68)> <Delay = 5.70> <Core = "FMul">   --->   Core 106 'FMul' <Latency = 3> <II = 1> <Delay = 5.70> <FuncUnit> <Opcode : 'fmul'> <InPorts = 2> <OutPorts = 1>
ST_15 : Operation 176 [1/4] (5.70ns)   --->   "%tmp_i_i38_i = fmul float %p_r_M_imag_1, %window_load_1" [vhls_src/fft.cpp:71->vhls_src/fft.cpp:128]   --->   Operation 176 'fmul' 'tmp_i_i38_i' <Predicate = (!icmp_ln68)> <Delay = 5.70> <Core = "FMul">   --->   Core 106 'FMul' <Latency = 3> <II = 1> <Delay = 5.70> <FuncUnit> <Opcode : 'fmul'> <InPorts = 2> <OutPorts = 1>
ST_15 : Operation 177 [1/4] (5.70ns)   --->   "%tmp_1_i_i39_i = fmul float %p_r_M_real_1, 0.000000e+00" [vhls_src/fft.cpp:71->vhls_src/fft.cpp:128]   --->   Operation 177 'fmul' 'tmp_1_i_i39_i' <Predicate = (!icmp_ln68)> <Delay = 5.70> <Core = "FMul">   --->   Core 106 'FMul' <Latency = 3> <II = 1> <Delay = 5.70> <FuncUnit> <Opcode : 'fmul'> <InPorts = 2> <OutPorts = 1>

State 16 <SV = 9> <Delay = 7.25>
ST_16 : Operation 178 [5/5] (7.25ns)   --->   "%complex_M_real_writ = fsub float %tmp_i_i_i, %tmp_8_i_i_i" [vhls_src/fft.cpp:71->vhls_src/fft.cpp:128]   --->   Operation 178 'fsub' 'complex_M_real_writ' <Predicate = (!icmp_ln68)> <Delay = 7.25> <Core = "FAddSub">   --->   Core 105 'FAddSub' <Latency = 4> <II = 1> <Delay = 7.25> <FuncUnit> <Opcode : 'fadd' 'fsub'> <InPorts = 2> <OutPorts = 1>
ST_16 : Operation 179 [5/5] (7.25ns)   --->   "%complex_M_imag_writ = fadd float %tmp_i_i_i_16, %tmp_1_i_i_i" [vhls_src/fft.cpp:71->vhls_src/fft.cpp:128]   --->   Operation 179 'fadd' 'complex_M_imag_writ' <Predicate = (!icmp_ln68)> <Delay = 7.25> <Core = "FAddSub">   --->   Core 105 'FAddSub' <Latency = 4> <II = 1> <Delay = 7.25> <FuncUnit> <Opcode : 'fadd' 'fsub'> <InPorts = 2> <OutPorts = 1>
ST_16 : Operation 180 [5/5] (7.25ns)   --->   "%complex_M_real_writ_1 = fsub float %tmp_i_i35_i, %tmp_8_i_i36_i" [vhls_src/fft.cpp:71->vhls_src/fft.cpp:128]   --->   Operation 180 'fsub' 'complex_M_real_writ_1' <Predicate = (!icmp_ln68)> <Delay = 7.25> <Core = "FAddSub">   --->   Core 105 'FAddSub' <Latency = 4> <II = 1> <Delay = 7.25> <FuncUnit> <Opcode : 'fadd' 'fsub'> <InPorts = 2> <OutPorts = 1>
ST_16 : Operation 181 [5/5] (7.25ns)   --->   "%complex_M_imag_writ_1 = fadd float %tmp_i_i38_i, %tmp_1_i_i39_i" [vhls_src/fft.cpp:71->vhls_src/fft.cpp:128]   --->   Operation 181 'fadd' 'complex_M_imag_writ_1' <Predicate = (!icmp_ln68)> <Delay = 7.25> <Core = "FAddSub">   --->   Core 105 'FAddSub' <Latency = 4> <II = 1> <Delay = 7.25> <FuncUnit> <Opcode : 'fadd' 'fsub'> <InPorts = 2> <OutPorts = 1>

State 17 <SV = 10> <Delay = 7.25>
ST_17 : Operation 182 [4/5] (7.25ns)   --->   "%complex_M_real_writ = fsub float %tmp_i_i_i, %tmp_8_i_i_i" [vhls_src/fft.cpp:71->vhls_src/fft.cpp:128]   --->   Operation 182 'fsub' 'complex_M_real_writ' <Predicate = (!icmp_ln68)> <Delay = 7.25> <Core = "FAddSub">   --->   Core 105 'FAddSub' <Latency = 4> <II = 1> <Delay = 7.25> <FuncUnit> <Opcode : 'fadd' 'fsub'> <InPorts = 2> <OutPorts = 1>
ST_17 : Operation 183 [4/5] (7.25ns)   --->   "%complex_M_imag_writ = fadd float %tmp_i_i_i_16, %tmp_1_i_i_i" [vhls_src/fft.cpp:71->vhls_src/fft.cpp:128]   --->   Operation 183 'fadd' 'complex_M_imag_writ' <Predicate = (!icmp_ln68)> <Delay = 7.25> <Core = "FAddSub">   --->   Core 105 'FAddSub' <Latency = 4> <II = 1> <Delay = 7.25> <FuncUnit> <Opcode : 'fadd' 'fsub'> <InPorts = 2> <OutPorts = 1>
ST_17 : Operation 184 [4/5] (7.25ns)   --->   "%complex_M_real_writ_1 = fsub float %tmp_i_i35_i, %tmp_8_i_i36_i" [vhls_src/fft.cpp:71->vhls_src/fft.cpp:128]   --->   Operation 184 'fsub' 'complex_M_real_writ_1' <Predicate = (!icmp_ln68)> <Delay = 7.25> <Core = "FAddSub">   --->   Core 105 'FAddSub' <Latency = 4> <II = 1> <Delay = 7.25> <FuncUnit> <Opcode : 'fadd' 'fsub'> <InPorts = 2> <OutPorts = 1>
ST_17 : Operation 185 [4/5] (7.25ns)   --->   "%complex_M_imag_writ_1 = fadd float %tmp_i_i38_i, %tmp_1_i_i39_i" [vhls_src/fft.cpp:71->vhls_src/fft.cpp:128]   --->   Operation 185 'fadd' 'complex_M_imag_writ_1' <Predicate = (!icmp_ln68)> <Delay = 7.25> <Core = "FAddSub">   --->   Core 105 'FAddSub' <Latency = 4> <II = 1> <Delay = 7.25> <FuncUnit> <Opcode : 'fadd' 'fsub'> <InPorts = 2> <OutPorts = 1>

State 18 <SV = 11> <Delay = 7.25>
ST_18 : Operation 186 [3/5] (7.25ns)   --->   "%complex_M_real_writ = fsub float %tmp_i_i_i, %tmp_8_i_i_i" [vhls_src/fft.cpp:71->vhls_src/fft.cpp:128]   --->   Operation 186 'fsub' 'complex_M_real_writ' <Predicate = (!icmp_ln68)> <Delay = 7.25> <Core = "FAddSub">   --->   Core 105 'FAddSub' <Latency = 4> <II = 1> <Delay = 7.25> <FuncUnit> <Opcode : 'fadd' 'fsub'> <InPorts = 2> <OutPorts = 1>
ST_18 : Operation 187 [3/5] (7.25ns)   --->   "%complex_M_imag_writ = fadd float %tmp_i_i_i_16, %tmp_1_i_i_i" [vhls_src/fft.cpp:71->vhls_src/fft.cpp:128]   --->   Operation 187 'fadd' 'complex_M_imag_writ' <Predicate = (!icmp_ln68)> <Delay = 7.25> <Core = "FAddSub">   --->   Core 105 'FAddSub' <Latency = 4> <II = 1> <Delay = 7.25> <FuncUnit> <Opcode : 'fadd' 'fsub'> <InPorts = 2> <OutPorts = 1>
ST_18 : Operation 188 [3/5] (7.25ns)   --->   "%complex_M_real_writ_1 = fsub float %tmp_i_i35_i, %tmp_8_i_i36_i" [vhls_src/fft.cpp:71->vhls_src/fft.cpp:128]   --->   Operation 188 'fsub' 'complex_M_real_writ_1' <Predicate = (!icmp_ln68)> <Delay = 7.25> <Core = "FAddSub">   --->   Core 105 'FAddSub' <Latency = 4> <II = 1> <Delay = 7.25> <FuncUnit> <Opcode : 'fadd' 'fsub'> <InPorts = 2> <OutPorts = 1>
ST_18 : Operation 189 [3/5] (7.25ns)   --->   "%complex_M_imag_writ_1 = fadd float %tmp_i_i38_i, %tmp_1_i_i39_i" [vhls_src/fft.cpp:71->vhls_src/fft.cpp:128]   --->   Operation 189 'fadd' 'complex_M_imag_writ_1' <Predicate = (!icmp_ln68)> <Delay = 7.25> <Core = "FAddSub">   --->   Core 105 'FAddSub' <Latency = 4> <II = 1> <Delay = 7.25> <FuncUnit> <Opcode : 'fadd' 'fsub'> <InPorts = 2> <OutPorts = 1>

State 19 <SV = 12> <Delay = 7.25>
ST_19 : Operation 190 [2/5] (7.25ns)   --->   "%complex_M_real_writ = fsub float %tmp_i_i_i, %tmp_8_i_i_i" [vhls_src/fft.cpp:71->vhls_src/fft.cpp:128]   --->   Operation 190 'fsub' 'complex_M_real_writ' <Predicate = (!icmp_ln68)> <Delay = 7.25> <Core = "FAddSub">   --->   Core 105 'FAddSub' <Latency = 4> <II = 1> <Delay = 7.25> <FuncUnit> <Opcode : 'fadd' 'fsub'> <InPorts = 2> <OutPorts = 1>
ST_19 : Operation 191 [2/5] (7.25ns)   --->   "%complex_M_imag_writ = fadd float %tmp_i_i_i_16, %tmp_1_i_i_i" [vhls_src/fft.cpp:71->vhls_src/fft.cpp:128]   --->   Operation 191 'fadd' 'complex_M_imag_writ' <Predicate = (!icmp_ln68)> <Delay = 7.25> <Core = "FAddSub">   --->   Core 105 'FAddSub' <Latency = 4> <II = 1> <Delay = 7.25> <FuncUnit> <Opcode : 'fadd' 'fsub'> <InPorts = 2> <OutPorts = 1>
ST_19 : Operation 192 [2/5] (7.25ns)   --->   "%complex_M_real_writ_1 = fsub float %tmp_i_i35_i, %tmp_8_i_i36_i" [vhls_src/fft.cpp:71->vhls_src/fft.cpp:128]   --->   Operation 192 'fsub' 'complex_M_real_writ_1' <Predicate = (!icmp_ln68)> <Delay = 7.25> <Core = "FAddSub">   --->   Core 105 'FAddSub' <Latency = 4> <II = 1> <Delay = 7.25> <FuncUnit> <Opcode : 'fadd' 'fsub'> <InPorts = 2> <OutPorts = 1>
ST_19 : Operation 193 [2/5] (7.25ns)   --->   "%complex_M_imag_writ_1 = fadd float %tmp_i_i38_i, %tmp_1_i_i39_i" [vhls_src/fft.cpp:71->vhls_src/fft.cpp:128]   --->   Operation 193 'fadd' 'complex_M_imag_writ_1' <Predicate = (!icmp_ln68)> <Delay = 7.25> <Core = "FAddSub">   --->   Core 105 'FAddSub' <Latency = 4> <II = 1> <Delay = 7.25> <FuncUnit> <Opcode : 'fadd' 'fsub'> <InPorts = 2> <OutPorts = 1>

State 20 <SV = 13> <Delay = 7.25>
ST_20 : Operation 194 [1/5] (7.25ns)   --->   "%complex_M_real_writ = fsub float %tmp_i_i_i, %tmp_8_i_i_i" [vhls_src/fft.cpp:71->vhls_src/fft.cpp:128]   --->   Operation 194 'fsub' 'complex_M_real_writ' <Predicate = (!icmp_ln68)> <Delay = 7.25> <Core = "FAddSub">   --->   Core 105 'FAddSub' <Latency = 4> <II = 1> <Delay = 7.25> <FuncUnit> <Opcode : 'fadd' 'fsub'> <InPorts = 2> <OutPorts = 1>
ST_20 : Operation 195 [1/5] (7.25ns)   --->   "%complex_M_imag_writ = fadd float %tmp_i_i_i_16, %tmp_1_i_i_i" [vhls_src/fft.cpp:71->vhls_src/fft.cpp:128]   --->   Operation 195 'fadd' 'complex_M_imag_writ' <Predicate = (!icmp_ln68)> <Delay = 7.25> <Core = "FAddSub">   --->   Core 105 'FAddSub' <Latency = 4> <II = 1> <Delay = 7.25> <FuncUnit> <Opcode : 'fadd' 'fsub'> <InPorts = 2> <OutPorts = 1>
ST_20 : Operation 196 [1/5] (7.25ns)   --->   "%complex_M_real_writ_1 = fsub float %tmp_i_i35_i, %tmp_8_i_i36_i" [vhls_src/fft.cpp:71->vhls_src/fft.cpp:128]   --->   Operation 196 'fsub' 'complex_M_real_writ_1' <Predicate = (!icmp_ln68)> <Delay = 7.25> <Core = "FAddSub">   --->   Core 105 'FAddSub' <Latency = 4> <II = 1> <Delay = 7.25> <FuncUnit> <Opcode : 'fadd' 'fsub'> <InPorts = 2> <OutPorts = 1>
ST_20 : Operation 197 [1/5] (7.25ns)   --->   "%complex_M_imag_writ_1 = fadd float %tmp_i_i38_i, %tmp_1_i_i39_i" [vhls_src/fft.cpp:71->vhls_src/fft.cpp:128]   --->   Operation 197 'fadd' 'complex_M_imag_writ_1' <Predicate = (!icmp_ln68)> <Delay = 7.25> <Core = "FAddSub">   --->   Core 105 'FAddSub' <Latency = 4> <II = 1> <Delay = 7.25> <FuncUnit> <Opcode : 'fadd' 'fsub'> <InPorts = 2> <OutPorts = 1>

State 21 <SV = 14> <Delay = 3.25>
ST_21 : Operation 198 [1/1] (0.00ns)   --->   "%tmp_4_i = call i32 (...)* @_ssdm_op_SpecRegionBegin([12 x i8]* @p_str5)" [vhls_src/fft.cpp:68->vhls_src/fft.cpp:128]   --->   Operation 198 'specregionbegin' 'tmp_4_i' <Predicate = (!icmp_ln68)> <Delay = 0.00>
ST_21 : Operation 199 [1/1] (0.00ns)   --->   "call void (...)* @_ssdm_op_SpecPipeline(i32 -1, i32 1, i32 1, i32 0, [1 x i8]* @p_str1) nounwind" [vhls_src/fft.cpp:70->vhls_src/fft.cpp:128]   --->   Operation 199 'specpipeline' <Predicate = (!icmp_ln68)> <Delay = 0.00>
ST_21 : Operation 200 [1/1] (0.00ns)   --->   "%win_IN_M_real_addr = getelementptr [256 x float]* @win_IN_M_real, i64 0, i64 %zext_ln71" [vhls_src/fft.cpp:71->vhls_src/fft.cpp:128]   --->   Operation 200 'getelementptr' 'win_IN_M_real_addr' <Predicate = (!icmp_ln68)> <Delay = 0.00>
ST_21 : Operation 201 [1/1] (3.25ns)   --->   "store float %complex_M_real_writ, float* %win_IN_M_real_addr, align 8" [vhls_src/fft.cpp:71->vhls_src/fft.cpp:128]   --->   Operation 201 'store' <Predicate = (!icmp_ln68)> <Delay = 3.25> <Core = "RAM">   --->   Core 37 'RAM' <Latency = 1> <II = 1> <Delay = 3.25> <Storage> <Opcode : 'load' 'store'> <Ports = 2> <Width = 32> <Depth = 256> <RAM>
ST_21 : Operation 202 [1/1] (0.00ns)   --->   "%win_IN_M_imag_addr = getelementptr [256 x float]* @win_IN_M_imag, i64 0, i64 %zext_ln71" [vhls_src/fft.cpp:71->vhls_src/fft.cpp:128]   --->   Operation 202 'getelementptr' 'win_IN_M_imag_addr' <Predicate = (!icmp_ln68)> <Delay = 0.00>
ST_21 : Operation 203 [1/1] (3.25ns)   --->   "store float %complex_M_imag_writ, float* %win_IN_M_imag_addr, align 8" [vhls_src/fft.cpp:71->vhls_src/fft.cpp:128]   --->   Operation 203 'store' <Predicate = (!icmp_ln68)> <Delay = 3.25> <Core = "RAM">   --->   Core 37 'RAM' <Latency = 1> <II = 1> <Delay = 3.25> <Storage> <Opcode : 'load' 'store'> <Ports = 2> <Width = 32> <Depth = 256> <RAM>
ST_21 : Operation 204 [1/1] (0.00ns)   --->   "%empty_17 = call i32 (...)* @_ssdm_op_SpecRegionEnd([12 x i8]* @p_str5, i32 %tmp_4_i)" [vhls_src/fft.cpp:72->vhls_src/fft.cpp:128]   --->   Operation 204 'specregionend' 'empty_17' <Predicate = (!icmp_ln68)> <Delay = 0.00>
ST_21 : Operation 205 [1/1] (0.00ns)   --->   "%win_IN_M_real_addr_1 = getelementptr [256 x float]* @win_IN_M_real, i64 0, i64 %zext_ln71_1" [vhls_src/fft.cpp:71->vhls_src/fft.cpp:128]   --->   Operation 205 'getelementptr' 'win_IN_M_real_addr_1' <Predicate = (!icmp_ln68)> <Delay = 0.00>
ST_21 : Operation 206 [1/1] (3.25ns)   --->   "store float %complex_M_real_writ_1, float* %win_IN_M_real_addr_1, align 4" [vhls_src/fft.cpp:71->vhls_src/fft.cpp:128]   --->   Operation 206 'store' <Predicate = (!icmp_ln68)> <Delay = 3.25> <Core = "RAM">   --->   Core 37 'RAM' <Latency = 1> <II = 1> <Delay = 3.25> <Storage> <Opcode : 'load' 'store'> <Ports = 2> <Width = 32> <Depth = 256> <RAM>
ST_21 : Operation 207 [1/1] (0.00ns)   --->   "%win_IN_M_imag_addr_1 = getelementptr [256 x float]* @win_IN_M_imag, i64 0, i64 %zext_ln71_1" [vhls_src/fft.cpp:71->vhls_src/fft.cpp:128]   --->   Operation 207 'getelementptr' 'win_IN_M_imag_addr_1' <Predicate = (!icmp_ln68)> <Delay = 0.00>
ST_21 : Operation 208 [1/1] (3.25ns)   --->   "store float %complex_M_imag_writ_1, float* %win_IN_M_imag_addr_1, align 4" [vhls_src/fft.cpp:71->vhls_src/fft.cpp:128]   --->   Operation 208 'store' <Predicate = (!icmp_ln68)> <Delay = 3.25> <Core = "RAM">   --->   Core 37 'RAM' <Latency = 1> <II = 1> <Delay = 3.25> <Storage> <Opcode : 'load' 'store'> <Ports = 2> <Width = 32> <Depth = 256> <RAM>
ST_21 : Operation 209 [1/1] (0.00ns)   --->   "br label %0" [vhls_src/fft.cpp:68->vhls_src/fft.cpp:128]   --->   Operation 209 'br' <Predicate = (!icmp_ln68)> <Delay = 0.00>

State 22 <SV = 4> <Delay = 0.00>
ST_22 : Operation 210 [1/1] (0.00ns)   --->   "ret void" [vhls_src/fft.cpp:128]   --->   Operation 210 'ret' <Predicate = true> <Delay = 0.00>


============================================================
+ Verbose Summary: Timing violations
============================================================
Target clock period: 10ns, clock uncertainty: 1.25ns.

 <State 1>: 4.94ns
The critical path consists of the following:
	fifo read on port 'win_mode' (vhls_src/fft.cpp:33) [15]  (3.63 ns)
	blocking operation 1.3 ns on control path)

 <State 2>: 3.25ns
The critical path consists of the following:
	'phi' operation ('i2_0_0_i', vhls_src/fft.cpp:55->vhls_src/fft.cpp:128) with incoming values : ('add_ln55', vhls_src/fft.cpp:55->vhls_src/fft.cpp:128) [20]  (0 ns)
	'getelementptr' operation ('Blackman256_addr', vhls_src/fft.cpp:59->vhls_src/fft.cpp:128) [29]  (0 ns)
	'load' operation ('Blackman256_load', vhls_src/fft.cpp:59->vhls_src/fft.cpp:128) on array 'Blackman256' [30]  (3.25 ns)

 <State 3>: 6.51ns
The critical path consists of the following:
	'load' operation ('Blackman256_load', vhls_src/fft.cpp:59->vhls_src/fft.cpp:128) on array 'Blackman256' [30]  (3.25 ns)
	'store' operation ('store_ln59', vhls_src/fft.cpp:59->vhls_src/fft.cpp:128) of variable 'Blackman256_load', vhls_src/fft.cpp:59->vhls_src/fft.cpp:128 on array 'window', vhls_src/fft.cpp:35->vhls_src/fft.cpp:128 [32]  (3.25 ns)

 <State 4>: 1.77ns
The critical path consists of the following:
	multiplexor before 'phi' operation ('i4_0_0_i', vhls_src/fft.cpp:68->vhls_src/fft.cpp:128) with incoming values : ('add_ln68', vhls_src/fft.cpp:68->vhls_src/fft.cpp:128) [121]  (1.77 ns)

 <State 5>: 3.25ns
The critical path consists of the following:
	'phi' operation ('i1_0_0_i', vhls_src/fft.cpp:47->vhls_src/fft.cpp:128) with incoming values : ('add_ln47', vhls_src/fft.cpp:47->vhls_src/fft.cpp:128) [47]  (0 ns)
	'getelementptr' operation ('Hamm256_addr', vhls_src/fft.cpp:51->vhls_src/fft.cpp:128) [56]  (0 ns)
	'load' operation ('Hamm256_load', vhls_src/fft.cpp:51->vhls_src/fft.cpp:128) on array 'Hamm256' [57]  (3.25 ns)

 <State 6>: 6.51ns
The critical path consists of the following:
	'load' operation ('Hamm256_load', vhls_src/fft.cpp:51->vhls_src/fft.cpp:128) on array 'Hamm256' [57]  (3.25 ns)
	'store' operation ('store_ln51', vhls_src/fft.cpp:51->vhls_src/fft.cpp:128) of variable 'Hamm256_load', vhls_src/fft.cpp:51->vhls_src/fft.cpp:128 on array 'window', vhls_src/fft.cpp:35->vhls_src/fft.cpp:128 [59]  (3.25 ns)

 <State 7>: 3.25ns
The critical path consists of the following:
	'phi' operation ('i_0_0_i', vhls_src/fft.cpp:39->vhls_src/fft.cpp:128) with incoming values : ('add_ln39', vhls_src/fft.cpp:39->vhls_src/fft.cpp:128) [74]  (0 ns)
	'getelementptr' operation ('Hann256_addr', vhls_src/fft.cpp:43->vhls_src/fft.cpp:128) [83]  (0 ns)
	'load' operation ('Hann256_load', vhls_src/fft.cpp:43->vhls_src/fft.cpp:128) on array 'Hann256' [84]  (3.25 ns)

 <State 8>: 6.51ns
The critical path consists of the following:
	'load' operation ('Hann256_load', vhls_src/fft.cpp:43->vhls_src/fft.cpp:128) on array 'Hann256' [84]  (3.25 ns)
	'store' operation ('store_ln43', vhls_src/fft.cpp:43->vhls_src/fft.cpp:128) of variable 'Hann256_load', vhls_src/fft.cpp:43->vhls_src/fft.cpp:128 on array 'window', vhls_src/fft.cpp:35->vhls_src/fft.cpp:128 [86]  (3.25 ns)

 <State 9>: 3.25ns
The critical path consists of the following:
	'phi' operation ('i3_0_0_i', vhls_src/fft.cpp:62->vhls_src/fft.cpp:128) with incoming values : ('add_ln62', vhls_src/fft.cpp:62->vhls_src/fft.cpp:128) [101]  (0 ns)
	'getelementptr' operation ('window_addr', vhls_src/fft.cpp:64->vhls_src/fft.cpp:128) [107]  (0 ns)
	'store' operation ('store_ln64', vhls_src/fft.cpp:64->vhls_src/fft.cpp:128) of constant 1 on array 'window', vhls_src/fft.cpp:35->vhls_src/fft.cpp:128 [108]  (3.25 ns)

 <State 10>: 3.25ns
The critical path consists of the following:
	'phi' operation ('i4_0_0_i', vhls_src/fft.cpp:68->vhls_src/fft.cpp:128) with incoming values : ('add_ln68', vhls_src/fft.cpp:68->vhls_src/fft.cpp:128) [121]  (0 ns)
	'getelementptr' operation ('xin_M_real_addr', vhls_src/fft.cpp:71->vhls_src/fft.cpp:128) [130]  (0 ns)
	'load' operation ('__x._M_real', vhls_src/fft.cpp:71->vhls_src/fft.cpp:128) on array 'xin_M_real' [133]  (3.25 ns)

 <State 11>: 3.25ns
The critical path consists of the following:
	'load' operation ('__x._M_real', vhls_src/fft.cpp:71->vhls_src/fft.cpp:128) on array 'xin_M_real' [133]  (3.25 ns)

 <State 12>: 5.7ns
The critical path consists of the following:
	'fmul' operation ('tmp_i_i_i', vhls_src/fft.cpp:71->vhls_src/fft.cpp:128) [136]  (5.7 ns)

 <State 13>: 5.7ns
The critical path consists of the following:
	'fmul' operation ('tmp_i_i_i', vhls_src/fft.cpp:71->vhls_src/fft.cpp:128) [136]  (5.7 ns)

 <State 14>: 5.7ns
The critical path consists of the following:
	'fmul' operation ('tmp_i_i_i', vhls_src/fft.cpp:71->vhls_src/fft.cpp:128) [136]  (5.7 ns)

 <State 15>: 5.7ns
The critical path consists of the following:
	'fmul' operation ('tmp_i_i_i', vhls_src/fft.cpp:71->vhls_src/fft.cpp:128) [136]  (5.7 ns)

 <State 16>: 7.26ns
The critical path consists of the following:
	'fsub' operation ('complex<float>._M_real', vhls_src/fft.cpp:71->vhls_src/fft.cpp:128) [138]  (7.26 ns)

 <State 17>: 7.26ns
The critical path consists of the following:
	'fsub' operation ('complex<float>._M_real', vhls_src/fft.cpp:71->vhls_src/fft.cpp:128) [138]  (7.26 ns)

 <State 18>: 7.26ns
The critical path consists of the following:
	'fsub' operation ('complex<float>._M_real', vhls_src/fft.cpp:71->vhls_src/fft.cpp:128) [138]  (7.26 ns)

 <State 19>: 7.26ns
The critical path consists of the following:
	'fsub' operation ('complex<float>._M_real', vhls_src/fft.cpp:71->vhls_src/fft.cpp:128) [138]  (7.26 ns)

 <State 20>: 7.26ns
The critical path consists of the following:
	'fsub' operation ('complex<float>._M_real', vhls_src/fft.cpp:71->vhls_src/fft.cpp:128) [138]  (7.26 ns)

 <State 21>: 3.25ns
The critical path consists of the following:
	'getelementptr' operation ('win_IN_M_real_addr', vhls_src/fft.cpp:71->vhls_src/fft.cpp:128) [142]  (0 ns)
	'store' operation ('store_ln71', vhls_src/fft.cpp:71->vhls_src/fft.cpp:128) of variable 'complex<float>._M_real', vhls_src/fft.cpp:71->vhls_src/fft.cpp:128 on array 'win_IN_M_real' [143]  (3.25 ns)

 <State 22>: 0ns
The critical path consists of the following:


============================================================
+ Verbose Summary: Binding
============================================================
N/A
* FSMD analyzer results:
  - Output states:
 - Input state : 
  - Chain level:
	State 1
	State 2
	State 3
	State 4
	State 5
	State 6
	State 7
	State 8
	State 9
	State 10
	State 11
	State 12
	State 13
	State 14
	State 15
	State 16
	State 17
	State 18
	State 19
	State 20
	State 21
	State 22


============================================================
+ Verbose Summary: Datapath Resource usage 
============================================================
N/A
