
*** Running vivado
    with args -log lite_32F_counter_0_0.vds -m64 -product Vivado -mode batch -messageDb vivado.pb -notrace -source lite_32F_counter_0_0.tcl


****** Vivado v2020.1 (64-bit)
  **** SW Build 2902540 on Wed May 27 19:54:35 MDT 2020
  **** IP Build 2902112 on Wed May 27 22:43:36 MDT 2020
    ** Copyright 1986-2020 Xilinx, Inc. All Rights Reserved.

source lite_32F_counter_0_0.tcl -notrace
create_project: Time (s): cpu = 00:00:04 ; elapsed = 00:00:06 . Memory (MB): peak = 2139.273 ; gain = 4.027 ; free physical = 1605 ; free virtual = 5565
INFO: [IP_Flow 19-234] Refreshing IP repositories
INFO: [IP_Flow 19-1700] Loaded user IP repository '/home/arjunmenonv/Arjun_acads/Year3/CompOrg/HW-Spectrum-Analyzer/SpecAnalv2.9'.
WARNING: [IP_Flow 19-3656] If you move the project, the path for repository '/home/arjunmenonv/Arjun_acads/Year3/CompOrg/HW-Spectrum-Analyzer/SpecAnalv2.9' may become invalid. A better location for the repository would be in a path adjacent to the project. (Current project location is '/home/arjunmenonv/Arjun_acads/Year3/CompOrg/HW-Spectrum-Analyzer/SpecAnalv2.9/FFT32v2.9_axis/FFT32v2.9_axis.runs/lite_32F_counter_0_0_synth_1'.)
INFO: [IP_Flow 19-2313] Loaded Vivado IP repository '/tools/Xilinx/Vivado/2020.1/data/ip'.
Command: synth_design -top lite_32F_counter_0_0 -part xc7z020clg400-1 -mode out_of_context
Starting synth_design
Attempting to get a license for feature 'Synthesis' and/or device 'xc7z020'
INFO: [Common 17-349] Got license for feature 'Synthesis' and/or device 'xc7z020'
INFO: [Device 21-403] Loading part xc7z020clg400-1
INFO: [Synth 8-7079] Multithreading enabled for synth_design using a maximum of 4 processes.
INFO: [Synth 8-7078] Launching helper process for spawning children vivado processes
INFO: [Synth 8-7075] Helper process launched with PID 17527
---------------------------------------------------------------------------------
Starting RTL Elaboration : Time (s): cpu = 00:00:09 ; elapsed = 00:00:25 . Memory (MB): peak = 2139.402 ; gain = 0.000 ; free physical = 1136 ; free virtual = 3883
---------------------------------------------------------------------------------
INFO: [Synth 8-6157] synthesizing module 'lite_32F_counter_0_0' [/home/arjunmenonv/Arjun_acads/Year3/CompOrg/HW-Spectrum-Analyzer/SpecAnalv2.9/FFT32v2.9_axis/FFT32v2.9_axis.srcs/sources_1/bd/lite_32F/ip/lite_32F_counter_0_0/synth/lite_32F_counter_0_0.v:58]
INFO: [Synth 8-6157] synthesizing module 'counter' [/home/arjunmenonv/Arjun_acads/Year3/CompOrg/HW-Spectrum-Analyzer/SpecAnalv2.9/FFT32v2.9_axis/FFT32v2.9_axis.srcs/sources_1/bd/lite_32F/ipshared/8640/hdl/verilog/counter.v:12]
	Parameter ap_ST_fsm_state1 bound to: 1'b1 
	Parameter C_S_AXI_AXILITES_DATA_WIDTH bound to: 32 - type: integer 
	Parameter C_S_AXI_AXILITES_ADDR_WIDTH bound to: 5 - type: integer 
	Parameter C_S_AXI_DATA_WIDTH bound to: 32 - type: integer 
	Parameter C_S_AXI_AXILITES_WSTRB_WIDTH bound to: 4 - type: integer 
	Parameter C_S_AXI_WSTRB_WIDTH bound to: 4 - type: integer 
INFO: [Synth 8-6157] synthesizing module 'counter_AXILiteS_s_axi' [/home/arjunmenonv/Arjun_acads/Year3/CompOrg/HW-Spectrum-Analyzer/SpecAnalv2.9/FFT32v2.9_axis/FFT32v2.9_axis.srcs/sources_1/bd/lite_32F/ipshared/8640/hdl/verilog/counter_AXILiteS_s_axi.v:6]
	Parameter C_S_AXI_ADDR_WIDTH bound to: 5 - type: integer 
	Parameter C_S_AXI_DATA_WIDTH bound to: 32 - type: integer 
	Parameter ADDR_AP_CTRL bound to: 5'b00000 
	Parameter ADDR_GIE bound to: 5'b00100 
	Parameter ADDR_IER bound to: 5'b01000 
	Parameter ADDR_ISR bound to: 5'b01100 
	Parameter ADDR_AP_RETURN_0 bound to: 5'b10000 
	Parameter WRIDLE bound to: 2'b00 
	Parameter WRDATA bound to: 2'b01 
	Parameter WRRESP bound to: 2'b10 
	Parameter WRRESET bound to: 2'b11 
	Parameter RDIDLE bound to: 2'b00 
	Parameter RDDATA bound to: 2'b01 
	Parameter RDRESET bound to: 2'b10 
	Parameter ADDR_BITS bound to: 5 - type: integer 
INFO: [Synth 8-155] case statement is not full and has no default [/home/arjunmenonv/Arjun_acads/Year3/CompOrg/HW-Spectrum-Analyzer/SpecAnalv2.9/FFT32v2.9_axis/FFT32v2.9_axis.srcs/sources_1/bd/lite_32F/ipshared/8640/hdl/verilog/counter_AXILiteS_s_axi.v:189]
INFO: [Synth 8-6155] done synthesizing module 'counter_AXILiteS_s_axi' (1#1) [/home/arjunmenonv/Arjun_acads/Year3/CompOrg/HW-Spectrum-Analyzer/SpecAnalv2.9/FFT32v2.9_axis/FFT32v2.9_axis.srcs/sources_1/bd/lite_32F/ipshared/8640/hdl/verilog/counter_AXILiteS_s_axi.v:6]
INFO: [Synth 8-6155] done synthesizing module 'counter' (2#1) [/home/arjunmenonv/Arjun_acads/Year3/CompOrg/HW-Spectrum-Analyzer/SpecAnalv2.9/FFT32v2.9_axis/FFT32v2.9_axis.srcs/sources_1/bd/lite_32F/ipshared/8640/hdl/verilog/counter.v:12]
INFO: [Synth 8-6155] done synthesizing module 'lite_32F_counter_0_0' (3#1) [/home/arjunmenonv/Arjun_acads/Year3/CompOrg/HW-Spectrum-Analyzer/SpecAnalv2.9/FFT32v2.9_axis/FFT32v2.9_axis.srcs/sources_1/bd/lite_32F/ip/lite_32F_counter_0_0/synth/lite_32F_counter_0_0.v:58]
---------------------------------------------------------------------------------
Finished RTL Elaboration : Time (s): cpu = 00:00:11 ; elapsed = 00:00:30 . Memory (MB): peak = 2139.402 ; gain = 0.000 ; free physical = 696 ; free virtual = 3694
---------------------------------------------------------------------------------
---------------------------------------------------------------------------------
Start Handling Custom Attributes
---------------------------------------------------------------------------------
---------------------------------------------------------------------------------
Finished Handling Custom Attributes : Time (s): cpu = 00:00:12 ; elapsed = 00:00:32 . Memory (MB): peak = 2142.242 ; gain = 2.840 ; free physical = 454 ; free virtual = 3525
---------------------------------------------------------------------------------
---------------------------------------------------------------------------------
Finished RTL Optimization Phase 1 : Time (s): cpu = 00:00:12 ; elapsed = 00:00:32 . Memory (MB): peak = 2142.242 ; gain = 2.840 ; free physical = 453 ; free virtual = 3525
---------------------------------------------------------------------------------
Netlist sorting complete. Time (s): cpu = 00:00:00 ; elapsed = 00:00:00.24 . Memory (MB): peak = 2142.242 ; gain = 0.000 ; free physical = 225 ; free virtual = 3305
INFO: [Project 1-570] Preparing netlist for logic optimization

Processing XDC Constraints
Initializing timing engine
Parsing XDC File [/home/arjunmenonv/Arjun_acads/Year3/CompOrg/HW-Spectrum-Analyzer/SpecAnalv2.9/FFT32v2.9_axis/FFT32v2.9_axis.srcs/sources_1/bd/lite_32F/ip/lite_32F_counter_0_0/constraints/counter_ooc.xdc] for cell 'inst'
Finished Parsing XDC File [/home/arjunmenonv/Arjun_acads/Year3/CompOrg/HW-Spectrum-Analyzer/SpecAnalv2.9/FFT32v2.9_axis/FFT32v2.9_axis.srcs/sources_1/bd/lite_32F/ip/lite_32F_counter_0_0/constraints/counter_ooc.xdc] for cell 'inst'
Parsing XDC File [/home/arjunmenonv/Arjun_acads/Year3/CompOrg/HW-Spectrum-Analyzer/SpecAnalv2.9/FFT32v2.9_axis/FFT32v2.9_axis.runs/lite_32F_counter_0_0_synth_1/dont_touch.xdc]
Finished Parsing XDC File [/home/arjunmenonv/Arjun_acads/Year3/CompOrg/HW-Spectrum-Analyzer/SpecAnalv2.9/FFT32v2.9_axis/FFT32v2.9_axis.runs/lite_32F_counter_0_0_synth_1/dont_touch.xdc]
Completed Processing XDC Constraints

Netlist sorting complete. Time (s): cpu = 00:00:00 ; elapsed = 00:00:00 . Memory (MB): peak = 2302.055 ; gain = 0.000 ; free physical = 564 ; free virtual = 3726
INFO: [Project 1-111] Unisim Transformation Summary:
No Unisim elements were transformed.

Constraint Validation Runtime : Time (s): cpu = 00:00:00.04 ; elapsed = 00:00:00.33 . Memory (MB): peak = 2305.023 ; gain = 2.969 ; free physical = 555 ; free virtual = 3723
---------------------------------------------------------------------------------
Finished Constraint Validation : Time (s): cpu = 00:00:22 ; elapsed = 00:00:51 . Memory (MB): peak = 2305.023 ; gain = 165.621 ; free physical = 636 ; free virtual = 3814
---------------------------------------------------------------------------------
---------------------------------------------------------------------------------
Start Loading Part and Timing Information
---------------------------------------------------------------------------------
Loading part: xc7z020clg400-1
---------------------------------------------------------------------------------
Finished Loading Part and Timing Information : Time (s): cpu = 00:00:22 ; elapsed = 00:00:51 . Memory (MB): peak = 2305.023 ; gain = 165.621 ; free physical = 636 ; free virtual = 3814
---------------------------------------------------------------------------------
---------------------------------------------------------------------------------
Start Applying 'set_property' XDC Constraints
---------------------------------------------------------------------------------
Applied set_property DONT_TOUCH = true for inst. (constraint file  /home/arjunmenonv/Arjun_acads/Year3/CompOrg/HW-Spectrum-Analyzer/SpecAnalv2.9/FFT32v2.9_axis/FFT32v2.9_axis.runs/lite_32F_counter_0_0_synth_1/dont_touch.xdc, line 9).
---------------------------------------------------------------------------------
Finished applying 'set_property' XDC Constraints : Time (s): cpu = 00:00:23 ; elapsed = 00:00:51 . Memory (MB): peak = 2305.023 ; gain = 165.621 ; free physical = 636 ; free virtual = 3814
---------------------------------------------------------------------------------
INFO: [Synth 8-802] inferred FSM for state register 'wstate_reg' in module 'counter_AXILiteS_s_axi'
INFO: [Synth 8-802] inferred FSM for state register 'rstate_reg' in module 'counter_AXILiteS_s_axi'
---------------------------------------------------------------------------------------------------
                   State |                     New Encoding |                Previous Encoding 
---------------------------------------------------------------------------------------------------
                  iSTATE |                             0001 |                               11
*
                  WRIDLE |                             0010 |                               00
                  WRDATA |                             0100 |                               01
                  WRRESP |                             1000 |                               10
---------------------------------------------------------------------------------------------------
INFO: [Synth 8-3354] encoded FSM with state register 'wstate_reg' using encoding 'one-hot' in module 'counter_AXILiteS_s_axi'
---------------------------------------------------------------------------------------------------
                   State |                     New Encoding |                Previous Encoding 
---------------------------------------------------------------------------------------------------
                  iSTATE |                              001 |                               10
*
                  RDIDLE |                              010 |                               00
                  RDDATA |                              100 |                               01
---------------------------------------------------------------------------------------------------
INFO: [Synth 8-3354] encoded FSM with state register 'rstate_reg' using encoding 'one-hot' in module 'counter_AXILiteS_s_axi'
---------------------------------------------------------------------------------
Finished RTL Optimization Phase 2 : Time (s): cpu = 00:00:23 ; elapsed = 00:00:52 . Memory (MB): peak = 2305.023 ; gain = 165.621 ; free physical = 667 ; free virtual = 3845
---------------------------------------------------------------------------------
---------------------------------------------------------------------------------
Start RTL Component Statistics 
---------------------------------------------------------------------------------
Detailed RTL Component Info : 
+---Adders : 
	   2 Input   32 Bit       Adders := 1     
+---XORs : 
	   2 Input      1 Bit         XORs := 2     
+---Registers : 
	               32 Bit    Registers := 2     
	                5 Bit    Registers := 1     
	                2 Bit    Registers := 1     
	                1 Bit    Registers := 9     
+---Muxes : 
	   4 Input    4 Bit        Muxes := 1     
	   2 Input    4 Bit        Muxes := 3     
	   3 Input    3 Bit        Muxes := 1     
	   2 Input    3 Bit        Muxes := 2     
	   2 Input    1 Bit        Muxes := 1     
---------------------------------------------------------------------------------
Finished RTL Component Statistics 
---------------------------------------------------------------------------------
---------------------------------------------------------------------------------
Start Part Resource Summary
---------------------------------------------------------------------------------
Part Resources:
DSPs: 220 (col length:60)
BRAMs: 280 (col length: RAMB18 60 RAMB36 30)
---------------------------------------------------------------------------------
Finished Part Resource Summary
---------------------------------------------------------------------------------
---------------------------------------------------------------------------------
Start Cross Boundary and Area Optimization
---------------------------------------------------------------------------------
---------------------------------------------------------------------------------
Finished Cross Boundary and Area Optimization : Time (s): cpu = 00:00:25 ; elapsed = 00:00:54 . Memory (MB): peak = 2305.023 ; gain = 165.621 ; free physical = 648 ; free virtual = 3836
---------------------------------------------------------------------------------
---------------------------------------------------------------------------------
Start Applying XDC Timing Constraints
---------------------------------------------------------------------------------
---------------------------------------------------------------------------------
Finished Applying XDC Timing Constraints : Time (s): cpu = 00:00:35 ; elapsed = 00:01:06 . Memory (MB): peak = 2305.023 ; gain = 165.621 ; free physical = 420 ; free virtual = 3645
---------------------------------------------------------------------------------
---------------------------------------------------------------------------------
Start Timing Optimization
---------------------------------------------------------------------------------
---------------------------------------------------------------------------------
Finished Timing Optimization : Time (s): cpu = 00:00:36 ; elapsed = 00:01:07 . Memory (MB): peak = 2305.023 ; gain = 165.621 ; free physical = 416 ; free virtual = 3640
---------------------------------------------------------------------------------
---------------------------------------------------------------------------------
Start Technology Mapping
---------------------------------------------------------------------------------
---------------------------------------------------------------------------------
Finished Technology Mapping : Time (s): cpu = 00:00:36 ; elapsed = 00:01:07 . Memory (MB): peak = 2305.023 ; gain = 165.621 ; free physical = 411 ; free virtual = 3635
---------------------------------------------------------------------------------
---------------------------------------------------------------------------------
Start IO Insertion
---------------------------------------------------------------------------------
---------------------------------------------------------------------------------
Start Flattening Before IO Insertion
---------------------------------------------------------------------------------
---------------------------------------------------------------------------------
Finished Flattening Before IO Insertion
---------------------------------------------------------------------------------
---------------------------------------------------------------------------------
Start Final Netlist Cleanup
---------------------------------------------------------------------------------
---------------------------------------------------------------------------------
Finished Final Netlist Cleanup
---------------------------------------------------------------------------------
---------------------------------------------------------------------------------
Finished IO Insertion : Time (s): cpu = 00:00:41 ; elapsed = 00:01:12 . Memory (MB): peak = 2305.023 ; gain = 165.621 ; free physical = 183 ; free virtual = 3408
---------------------------------------------------------------------------------
---------------------------------------------------------------------------------
Start Renaming Generated Instances
---------------------------------------------------------------------------------
---------------------------------------------------------------------------------
Finished Renaming Generated Instances : Time (s): cpu = 00:00:41 ; elapsed = 00:01:12 . Memory (MB): peak = 2305.023 ; gain = 165.621 ; free physical = 183 ; free virtual = 3408
---------------------------------------------------------------------------------
---------------------------------------------------------------------------------
Start Rebuilding User Hierarchy
---------------------------------------------------------------------------------
---------------------------------------------------------------------------------
Finished Rebuilding User Hierarchy : Time (s): cpu = 00:00:41 ; elapsed = 00:01:12 . Memory (MB): peak = 2305.023 ; gain = 165.621 ; free physical = 183 ; free virtual = 3408
---------------------------------------------------------------------------------
---------------------------------------------------------------------------------
Start Renaming Generated Ports
---------------------------------------------------------------------------------
---------------------------------------------------------------------------------
Finished Renaming Generated Ports : Time (s): cpu = 00:00:41 ; elapsed = 00:01:12 . Memory (MB): peak = 2305.023 ; gain = 165.621 ; free physical = 183 ; free virtual = 3408
---------------------------------------------------------------------------------
---------------------------------------------------------------------------------
Start Handling Custom Attributes
---------------------------------------------------------------------------------
---------------------------------------------------------------------------------
Finished Handling Custom Attributes : Time (s): cpu = 00:00:41 ; elapsed = 00:01:13 . Memory (MB): peak = 2305.023 ; gain = 165.621 ; free physical = 183 ; free virtual = 3408
---------------------------------------------------------------------------------
---------------------------------------------------------------------------------
Start Renaming Generated Nets
---------------------------------------------------------------------------------
---------------------------------------------------------------------------------
Finished Renaming Generated Nets : Time (s): cpu = 00:00:41 ; elapsed = 00:01:13 . Memory (MB): peak = 2305.023 ; gain = 165.621 ; free physical = 183 ; free virtual = 3408
---------------------------------------------------------------------------------
---------------------------------------------------------------------------------
Start Writing Synthesis Report
---------------------------------------------------------------------------------

Report BlackBoxes: 
+-+--------------+----------+
| |BlackBox name |Instances |
+-+--------------+----------+
+-+--------------+----------+

Report Cell Usage: 
+------+-------+------+
|      |Cell   |Count |
+------+-------+------+
|1     |CARRY4 |    16|
|2     |LUT1   |     4|
|3     |LUT2   |     4|
|4     |LUT3   |     1|
|5     |LUT4   |     8|
|6     |LUT5   |     4|
|7     |LUT6   |    14|
|8     |FDRE   |   116|
+------+-------+------+
---------------------------------------------------------------------------------
Finished Writing Synthesis Report : Time (s): cpu = 00:00:41 ; elapsed = 00:01:13 . Memory (MB): peak = 2305.023 ; gain = 165.621 ; free physical = 183 ; free virtual = 3408
---------------------------------------------------------------------------------
Synthesis finished with 0 errors, 0 critical warnings and 0 warnings.
Synthesis Optimization Runtime : Time (s): cpu = 00:00:38 ; elapsed = 00:01:03 . Memory (MB): peak = 2305.023 ; gain = 2.840 ; free physical = 237 ; free virtual = 3463
Synthesis Optimization Complete : Time (s): cpu = 00:00:42 ; elapsed = 00:01:13 . Memory (MB): peak = 2305.023 ; gain = 165.621 ; free physical = 237 ; free virtual = 3463
INFO: [Project 1-571] Translating synthesized netlist
Netlist sorting complete. Time (s): cpu = 00:00:00 ; elapsed = 00:00:00.01 . Memory (MB): peak = 2305.023 ; gain = 0.000 ; free physical = 230 ; free virtual = 3459
INFO: [Netlist 29-17] Analyzing 16 Unisim elements for replacement
INFO: [Netlist 29-28] Unisim Transformation completed in 0 CPU seconds
INFO: [Project 1-570] Preparing netlist for logic optimization
INFO: [Opt 31-138] Pushed 0 inverter(s) to 0 load pin(s).
Netlist sorting complete. Time (s): cpu = 00:00:00.01 ; elapsed = 00:00:00 . Memory (MB): peak = 2305.023 ; gain = 0.000 ; free physical = 246 ; free virtual = 3479
INFO: [Project 1-111] Unisim Transformation Summary:
No Unisim elements were transformed.

INFO: [Common 17-83] Releasing license: Synthesis
28 Infos, 1 Warnings, 0 Critical Warnings and 0 Errors encountered.
synth_design completed successfully
synth_design: Time (s): cpu = 00:01:00 ; elapsed = 00:01:31 . Memory (MB): peak = 2305.023 ; gain = 165.750 ; free physical = 383 ; free virtual = 3617
INFO: [Common 17-1381] The checkpoint '/home/arjunmenonv/Arjun_acads/Year3/CompOrg/HW-Spectrum-Analyzer/SpecAnalv2.9/FFT32v2.9_axis/FFT32v2.9_axis.runs/lite_32F_counter_0_0_synth_1/lite_32F_counter_0_0.dcp' has been generated.
WARNING: [Common 17-576] 'use_project_ipc' is deprecated. This option is deprecated and no longer used.
INFO: [Coretcl 2-1648] Added synthesis output to IP cache for IP lite_32F_counter_0_0, cache-ID = b11e6059c0885599
INFO: [Coretcl 2-1174] Renamed 2 cell refs.
INFO: [Common 17-1381] The checkpoint '/home/arjunmenonv/Arjun_acads/Year3/CompOrg/HW-Spectrum-Analyzer/SpecAnalv2.9/FFT32v2.9_axis/FFT32v2.9_axis.runs/lite_32F_counter_0_0_synth_1/lite_32F_counter_0_0.dcp' has been generated.
INFO: [runtcl-4] Executing : report_utilization -file lite_32F_counter_0_0_utilization_synth.rpt -pb lite_32F_counter_0_0_utilization_synth.pb
INFO: [Common 17-206] Exiting Vivado at Mon Jan  4 11:23:32 2021...
