

================================================================
== Vivado HLS Report for 'FFT0122'
================================================================
* Date:           Thu Dec 31 11:13:10 2020

* Version:        2020.1 (Build 2897737 on Wed May 27 20:21:37 MDT 2020)
* Project:        vhls_v3
* Solution:       solnv3
* Product family: zynq
* Target device:  xc7z020-clg400-1


================================================================
== Performance Estimates
================================================================
+ Timing: 
    * Summary: 
    +--------+----------+----------+------------+
    |  Clock |  Target  | Estimated| Uncertainty|
    +--------+----------+----------+------------+
    |ap_clk  | 10.00 ns | 8.358 ns |   1.25 ns  |
    +--------+----------+----------+------------+

+ Latency: 
    * Summary: 
    +---------+---------+----------+----------+-----+-----+---------+
    |  Latency (cycles) |  Latency (absolute) |  Interval | Pipeline|
    |   min   |   max   |    min   |    max   | min | max |   Type  |
    +---------+---------+----------+----------+-----+-----+---------+
    |       33|       33| 0.330 us | 0.330 us |   33|   33|   none  |
    +---------+---------+----------+----------+-----+-----+---------+

    + Detail: 
        * Instance: 
        N/A

        * Loop: 
        +--------------+---------+---------+----------+-----------+-----------+------+----------+
        |              |  Latency (cycles) | Iteration|  Initiation Interval  | Trip |          |
        |   Loop Name  |   min   |   max   |  Latency |  achieved |   target  | Count| Pipelined|
        +--------------+---------+---------+----------+-----------+-----------+------+----------+
        |- FFT_label1  |       31|       31|        17|          1|          1|    16|    yes   |
        +--------------+---------+---------+----------+-----------+-----------+------+----------+

============================================================
+ Verbose Summary: Synthesis Manager
============================================================
InlineROM: 1
ExposeGlobal: 0
============================================================
+ Verbose Summary: CDFG Model
============================================================
IsTopModel: 0
ResetActiveHigh: 1
IsCombinational: 2
IsDatapathOnly: 0
HasWiredReturn: 1
HasMFsm: 0
HasVarLatency: 1
IsPipeline: 0
IsRtlPipelined: 0
IsInstanceOverlapped: 0
IsDontTouch: 0
HasImplIP: 0
IsGatedGlobalClock: 0

+ Individual pipeline summary: 
  * Pipeline-0: initiation interval (II) = 1, depth = 17


============================================================
+ Verbose Summary: Schedule
============================================================
* Number of FSM states : 19
* Pipeline : 1
  Pipeline-0 : II = 1, D = 17, States = { 2 3 4 5 6 7 8 9 10 11 12 13 14 15 16 17 18 }
* Dataflow Pipeline: 0

* FSM state transitions: 
1 --> 2 
2 --> 19 3 
3 --> 4 
4 --> 5 
5 --> 6 
6 --> 7 
7 --> 8 
8 --> 9 
9 --> 10 
10 --> 11 
11 --> 12 
12 --> 13 
13 --> 14 
14 --> 15 
15 --> 16 
16 --> 17 
17 --> 18 
18 --> 2 
19 --> 

* FSM state operations: 

State 1 <SV = 0> <Delay = 1.76>
ST_1 : Operation 20 [1/1] (1.76ns)   --->   "br label %1" [vhls_src/fft.cpp:71]   --->   Operation 20 'br' <Predicate = true> <Delay = 1.76>

State 2 <SV = 1> <Delay = 8.35>
ST_2 : Operation 21 [1/1] (0.00ns)   --->   "%index = phi i32 [ 0, %0 ], [ %select_ln79, %FFT_label1 ]" [vhls_src/fft.cpp:79]   --->   Operation 21 'phi' 'index' <Predicate = true> <Delay = 0.00>
ST_2 : Operation 22 [1/1] (0.00ns)   --->   "%butterfly_pass_0 = phi i32 [ 0, %0 ], [ %butterfly_pass_2, %FFT_label1 ]"   --->   Operation 22 'phi' 'butterfly_pass_0' <Predicate = true> <Delay = 0.00>
ST_2 : Operation 23 [1/1] (0.00ns)   --->   "%i_0 = phi i5 [ 0, %0 ], [ %i, %FFT_label1 ]"   --->   Operation 23 'phi' 'i_0' <Predicate = true> <Delay = 0.00>
ST_2 : Operation 24 [1/1] (1.36ns)   --->   "%icmp_ln71 = icmp eq i5 %i_0, -16" [vhls_src/fft.cpp:71]   --->   Operation 24 'icmp' 'icmp_ln71' <Predicate = true> <Delay = 1.36> <Core = "Cmp">   --->   Core 25 'Cmp' <Latency = 0> <II = 1> <Delay = 2.47> <FuncUnit> <Opcode : 'icmp'> <InPorts = 2> <OutPorts = 1>
ST_2 : Operation 25 [1/1] (0.00ns)   --->   "%empty = call i32 (...)* @_ssdm_op_SpecLoopTripCount(i64 16, i64 16, i64 16)"   --->   Operation 25 'speclooptripcount' 'empty' <Predicate = true> <Delay = 0.00>
ST_2 : Operation 26 [1/1] (1.78ns)   --->   "%i = add i5 %i_0, 1" [vhls_src/fft.cpp:71]   --->   Operation 26 'add' 'i' <Predicate = true> <Delay = 1.78> <Core = "AddSub">   --->   Core 14 'AddSub' <Latency = 0> <II = 1> <Delay = 2.55> <FuncUnit> <Opcode : 'add' 'sub'> <InPorts = 2> <OutPorts = 1>
ST_2 : Operation 27 [1/1] (0.00ns)   --->   "br i1 %icmp_ln71, label %2, label %FFT_label1" [vhls_src/fft.cpp:71]   --->   Operation 27 'br' <Predicate = true> <Delay = 0.00>
ST_2 : Operation 28 [1/1] (0.00ns) (grouped into LUT with out node Ulimit)   --->   "%shl_ln74 = shl i32 %butterfly_pass_0, 5" [vhls_src/fft.cpp:74]   --->   Operation 28 'shl' 'shl_ln74' <Predicate = (!icmp_ln71)> <Delay = 0.00>
ST_2 : Operation 29 [1/1] (2.55ns) (out node of the LUT)   --->   "%Ulimit = add nsw i32 %index, %shl_ln74" [vhls_src/fft.cpp:74]   --->   Operation 29 'add' 'Ulimit' <Predicate = (!icmp_ln71)> <Delay = 2.55> <Core = "AddSub">   --->   Core 14 'AddSub' <Latency = 0> <II = 1> <Delay = 2.55> <FuncUnit> <Opcode : 'add' 'sub'> <InPorts = 2> <OutPorts = 1>
ST_2 : Operation 30 [1/1] (2.55ns)   --->   "%Llimit = add nsw i32 16, %Ulimit" [vhls_src/fft.cpp:75]   --->   Operation 30 'add' 'Llimit' <Predicate = (!icmp_ln71)> <Delay = 2.55> <Core = "AddSub">   --->   Core 14 'AddSub' <Latency = 0> <II = 1> <Delay = 2.55> <FuncUnit> <Opcode : 'add' 'sub'> <InPorts = 2> <OutPorts = 1>
ST_2 : Operation 31 [1/1] (0.00ns)   --->   "%sext_ln76 = sext i32 %index to i64" [vhls_src/fft.cpp:76]   --->   Operation 31 'sext' 'sext_ln76' <Predicate = (!icmp_ln71)> <Delay = 0.00>
ST_2 : Operation 32 [1/1] (0.00ns)   --->   "%W_M_real_addr = getelementptr [16 x float]* @W_M_real, i64 0, i64 %sext_ln76" [vhls_src/fft.cpp:76]   --->   Operation 32 'getelementptr' 'W_M_real_addr' <Predicate = (!icmp_ln71)> <Delay = 0.00>
ST_2 : Operation 33 [1/1] (0.00ns)   --->   "%W_M_imag_addr = getelementptr [16 x float]* @W_M_imag, i64 0, i64 %sext_ln76" [vhls_src/fft.cpp:76]   --->   Operation 33 'getelementptr' 'W_M_imag_addr' <Predicate = (!icmp_ln71)> <Delay = 0.00>
ST_2 : Operation 34 [1/1] (0.00ns)   --->   "%sext_ln76_1 = sext i32 %Llimit to i64" [vhls_src/fft.cpp:76]   --->   Operation 34 'sext' 'sext_ln76_1' <Predicate = (!icmp_ln71)> <Delay = 0.00>
ST_2 : Operation 35 [1/1] (0.00ns)   --->   "%data_OUT4_M_real_ad = getelementptr [32 x float]* @data_OUT4_M_real, i64 0, i64 %sext_ln76_1" [vhls_src/fft.cpp:76]   --->   Operation 35 'getelementptr' 'data_OUT4_M_real_ad' <Predicate = (!icmp_ln71)> <Delay = 0.00>
ST_2 : Operation 36 [1/1] (0.00ns)   --->   "%data_OUT4_M_imag_ad = getelementptr [32 x float]* @data_OUT4_M_imag, i64 0, i64 %sext_ln76_1" [vhls_src/fft.cpp:76]   --->   Operation 36 'getelementptr' 'data_OUT4_M_imag_ad' <Predicate = (!icmp_ln71)> <Delay = 0.00>
ST_2 : Operation 37 [2/2] (3.25ns)   --->   "%p_r_M_real = load float* %W_M_real_addr, align 4" [vhls_src/fft.cpp:76]   --->   Operation 37 'load' 'p_r_M_real' <Predicate = (!icmp_ln71)> <Delay = 3.25> <Core = "ROM_nP">   --->   Core 52 'ROM_nP' <Latency = 1> <II = 1> <Delay = 3.25> <Storage> <Opcode : 'load'> <Ports = 0> <Width = 32> <Depth = 16> <ROM>
ST_2 : Operation 38 [2/2] (3.25ns)   --->   "%p_r_M_imag = load float* %W_M_imag_addr, align 4" [vhls_src/fft.cpp:76]   --->   Operation 38 'load' 'p_r_M_imag' <Predicate = (!icmp_ln71)> <Delay = 3.25> <Core = "ROM_nP">   --->   Core 52 'ROM_nP' <Latency = 1> <II = 1> <Delay = 3.25> <Storage> <Opcode : 'load'> <Ports = 0> <Width = 32> <Depth = 16> <ROM>
ST_2 : Operation 39 [2/2] (3.25ns)   --->   "%p_t_real = load float* %data_OUT4_M_real_ad, align 4" [vhls_src/fft.cpp:76]   --->   Operation 39 'load' 'p_t_real' <Predicate = (!icmp_ln71)> <Delay = 3.25> <Core = "RAM">   --->   Core 37 'RAM' <Latency = 1> <II = 1> <Delay = 3.25> <Storage> <Opcode : 'load' 'store'> <Ports = 2> <Width = 32> <Depth = 32> <RAM>
ST_2 : Operation 40 [2/2] (3.25ns)   --->   "%p_t_imag = load float* %data_OUT4_M_imag_ad, align 4" [vhls_src/fft.cpp:76]   --->   Operation 40 'load' 'p_t_imag' <Predicate = (!icmp_ln71)> <Delay = 3.25> <Core = "RAM">   --->   Core 37 'RAM' <Latency = 1> <II = 1> <Delay = 3.25> <Storage> <Opcode : 'load' 'store'> <Ports = 2> <Width = 32> <Depth = 32> <RAM>
ST_2 : Operation 41 [1/1] (2.47ns)   --->   "%icmp_ln79 = icmp slt i32 %index, 15" [vhls_src/fft.cpp:79]   --->   Operation 41 'icmp' 'icmp_ln79' <Predicate = (!icmp_ln71)> <Delay = 2.47> <Core = "Cmp">   --->   Core 25 'Cmp' <Latency = 0> <II = 1> <Delay = 2.47> <FuncUnit> <Opcode : 'icmp'> <InPorts = 2> <OutPorts = 1>
ST_2 : Operation 42 [1/1] (2.55ns)   --->   "%butterfly_span = add nsw i32 1, %index" [vhls_src/fft.cpp:80]   --->   Operation 42 'add' 'butterfly_span' <Predicate = (!icmp_ln71)> <Delay = 2.55> <Core = "AddSub">   --->   Core 14 'AddSub' <Latency = 0> <II = 1> <Delay = 2.55> <FuncUnit> <Opcode : 'add' 'sub'> <InPorts = 2> <OutPorts = 1>
ST_2 : Operation 43 [1/1] (0.00ns) (grouped into LUT with out node butterfly_pass_2)   --->   "%tmp_1 = call i1 @_ssdm_op_BitSelect.i1.i32.i32(i32 %butterfly_pass_0, i32 31)" [vhls_src/fft.cpp:81]   --->   Operation 43 'bitselect' 'tmp_1' <Predicate = (!icmp_ln71)> <Delay = 0.00>
ST_2 : Operation 44 [1/1] (2.55ns)   --->   "%butterfly_pass = add nsw i32 1, %butterfly_pass_0" [vhls_src/fft.cpp:82]   --->   Operation 44 'add' 'butterfly_pass' <Predicate = (!icmp_ln71)> <Delay = 2.55> <Core = "AddSub">   --->   Core 14 'AddSub' <Latency = 0> <II = 1> <Delay = 2.55> <FuncUnit> <Opcode : 'add' 'sub'> <InPorts = 2> <OutPorts = 1>
ST_2 : Operation 45 [1/1] (0.00ns) (grouped into LUT with out node butterfly_pass_2)   --->   "%butterfly_pass_1 = select i1 %tmp_1, i32 %butterfly_pass, i32 0" [vhls_src/fft.cpp:81]   --->   Operation 45 'select' 'butterfly_pass_1' <Predicate = (!icmp_ln71)> <Delay = 0.00> <Core = "Sel">   --->   Core 26 'Sel' <Latency = 0> <II = 1> <Delay = 0.69> <FuncUnit> <Opcode : 'select'> <InPorts = 3> <OutPorts = 1>
ST_2 : Operation 46 [1/1] (0.69ns)   --->   "%select_ln79 = select i1 %icmp_ln79, i32 %butterfly_span, i32 0" [vhls_src/fft.cpp:79]   --->   Operation 46 'select' 'select_ln79' <Predicate = (!icmp_ln71)> <Delay = 0.69> <Core = "Sel">   --->   Core 26 'Sel' <Latency = 0> <II = 1> <Delay = 0.69> <FuncUnit> <Opcode : 'select'> <InPorts = 3> <OutPorts = 1>
ST_2 : Operation 47 [1/1] (0.69ns) (out node of the LUT)   --->   "%butterfly_pass_2 = select i1 %icmp_ln79, i32 %butterfly_pass_0, i32 %butterfly_pass_1" [vhls_src/fft.cpp:79]   --->   Operation 47 'select' 'butterfly_pass_2' <Predicate = (!icmp_ln71)> <Delay = 0.69> <Core = "Sel">   --->   Core 26 'Sel' <Latency = 0> <II = 1> <Delay = 0.69> <FuncUnit> <Opcode : 'select'> <InPorts = 3> <OutPorts = 1>

State 3 <SV = 2> <Delay = 3.25>
ST_3 : Operation 48 [1/2] (3.25ns)   --->   "%p_r_M_real = load float* %W_M_real_addr, align 4" [vhls_src/fft.cpp:76]   --->   Operation 48 'load' 'p_r_M_real' <Predicate = (!icmp_ln71)> <Delay = 3.25> <Core = "ROM_nP">   --->   Core 52 'ROM_nP' <Latency = 1> <II = 1> <Delay = 3.25> <Storage> <Opcode : 'load'> <Ports = 0> <Width = 32> <Depth = 16> <ROM>
ST_3 : Operation 49 [1/2] (3.25ns)   --->   "%p_r_M_imag = load float* %W_M_imag_addr, align 4" [vhls_src/fft.cpp:76]   --->   Operation 49 'load' 'p_r_M_imag' <Predicate = (!icmp_ln71)> <Delay = 3.25> <Core = "ROM_nP">   --->   Core 52 'ROM_nP' <Latency = 1> <II = 1> <Delay = 3.25> <Storage> <Opcode : 'load'> <Ports = 0> <Width = 32> <Depth = 16> <ROM>
ST_3 : Operation 50 [1/2] (3.25ns)   --->   "%p_t_real = load float* %data_OUT4_M_real_ad, align 4" [vhls_src/fft.cpp:76]   --->   Operation 50 'load' 'p_t_real' <Predicate = (!icmp_ln71)> <Delay = 3.25> <Core = "RAM">   --->   Core 37 'RAM' <Latency = 1> <II = 1> <Delay = 3.25> <Storage> <Opcode : 'load' 'store'> <Ports = 2> <Width = 32> <Depth = 32> <RAM>
ST_3 : Operation 51 [1/2] (3.25ns)   --->   "%p_t_imag = load float* %data_OUT4_M_imag_ad, align 4" [vhls_src/fft.cpp:76]   --->   Operation 51 'load' 'p_t_imag' <Predicate = (!icmp_ln71)> <Delay = 3.25> <Core = "RAM">   --->   Core 37 'RAM' <Latency = 1> <II = 1> <Delay = 3.25> <Storage> <Opcode : 'load' 'store'> <Ports = 2> <Width = 32> <Depth = 32> <RAM>

State 4 <SV = 3> <Delay = 5.70>
ST_4 : Operation 52 [4/4] (5.70ns)   --->   "%tmp_i_i = fmul float %p_r_M_real, %p_t_real" [vhls_src/fft.cpp:76]   --->   Operation 52 'fmul' 'tmp_i_i' <Predicate = (!icmp_ln71)> <Delay = 5.70> <Core = "FMul">   --->   Core 106 'FMul' <Latency = 3> <II = 1> <Delay = 5.70> <FuncUnit> <Opcode : 'fmul'> <InPorts = 2> <OutPorts = 1>
ST_4 : Operation 53 [4/4] (5.70ns)   --->   "%tmp_3_i_i = fmul float %p_r_M_imag, %p_t_imag" [vhls_src/fft.cpp:76]   --->   Operation 53 'fmul' 'tmp_3_i_i' <Predicate = (!icmp_ln71)> <Delay = 5.70> <Core = "FMul">   --->   Core 106 'FMul' <Latency = 3> <II = 1> <Delay = 5.70> <FuncUnit> <Opcode : 'fmul'> <InPorts = 2> <OutPorts = 1>
ST_4 : Operation 54 [4/4] (5.70ns)   --->   "%tmp_5_i_i = fmul float %p_r_M_imag, %p_t_real" [vhls_src/fft.cpp:76]   --->   Operation 54 'fmul' 'tmp_5_i_i' <Predicate = (!icmp_ln71)> <Delay = 5.70> <Core = "FMul">   --->   Core 106 'FMul' <Latency = 3> <II = 1> <Delay = 5.70> <FuncUnit> <Opcode : 'fmul'> <InPorts = 2> <OutPorts = 1>
ST_4 : Operation 55 [4/4] (5.70ns)   --->   "%tmp_6_i_i = fmul float %p_r_M_real, %p_t_imag" [vhls_src/fft.cpp:76]   --->   Operation 55 'fmul' 'tmp_6_i_i' <Predicate = (!icmp_ln71)> <Delay = 5.70> <Core = "FMul">   --->   Core 106 'FMul' <Latency = 3> <II = 1> <Delay = 5.70> <FuncUnit> <Opcode : 'fmul'> <InPorts = 2> <OutPorts = 1>

State 5 <SV = 4> <Delay = 5.70>
ST_5 : Operation 56 [3/4] (5.70ns)   --->   "%tmp_i_i = fmul float %p_r_M_real, %p_t_real" [vhls_src/fft.cpp:76]   --->   Operation 56 'fmul' 'tmp_i_i' <Predicate = (!icmp_ln71)> <Delay = 5.70> <Core = "FMul">   --->   Core 106 'FMul' <Latency = 3> <II = 1> <Delay = 5.70> <FuncUnit> <Opcode : 'fmul'> <InPorts = 2> <OutPorts = 1>
ST_5 : Operation 57 [3/4] (5.70ns)   --->   "%tmp_3_i_i = fmul float %p_r_M_imag, %p_t_imag" [vhls_src/fft.cpp:76]   --->   Operation 57 'fmul' 'tmp_3_i_i' <Predicate = (!icmp_ln71)> <Delay = 5.70> <Core = "FMul">   --->   Core 106 'FMul' <Latency = 3> <II = 1> <Delay = 5.70> <FuncUnit> <Opcode : 'fmul'> <InPorts = 2> <OutPorts = 1>
ST_5 : Operation 58 [3/4] (5.70ns)   --->   "%tmp_5_i_i = fmul float %p_r_M_imag, %p_t_real" [vhls_src/fft.cpp:76]   --->   Operation 58 'fmul' 'tmp_5_i_i' <Predicate = (!icmp_ln71)> <Delay = 5.70> <Core = "FMul">   --->   Core 106 'FMul' <Latency = 3> <II = 1> <Delay = 5.70> <FuncUnit> <Opcode : 'fmul'> <InPorts = 2> <OutPorts = 1>
ST_5 : Operation 59 [3/4] (5.70ns)   --->   "%tmp_6_i_i = fmul float %p_r_M_real, %p_t_imag" [vhls_src/fft.cpp:76]   --->   Operation 59 'fmul' 'tmp_6_i_i' <Predicate = (!icmp_ln71)> <Delay = 5.70> <Core = "FMul">   --->   Core 106 'FMul' <Latency = 3> <II = 1> <Delay = 5.70> <FuncUnit> <Opcode : 'fmul'> <InPorts = 2> <OutPorts = 1>

State 6 <SV = 5> <Delay = 5.70>
ST_6 : Operation 60 [2/4] (5.70ns)   --->   "%tmp_i_i = fmul float %p_r_M_real, %p_t_real" [vhls_src/fft.cpp:76]   --->   Operation 60 'fmul' 'tmp_i_i' <Predicate = (!icmp_ln71)> <Delay = 5.70> <Core = "FMul">   --->   Core 106 'FMul' <Latency = 3> <II = 1> <Delay = 5.70> <FuncUnit> <Opcode : 'fmul'> <InPorts = 2> <OutPorts = 1>
ST_6 : Operation 61 [2/4] (5.70ns)   --->   "%tmp_3_i_i = fmul float %p_r_M_imag, %p_t_imag" [vhls_src/fft.cpp:76]   --->   Operation 61 'fmul' 'tmp_3_i_i' <Predicate = (!icmp_ln71)> <Delay = 5.70> <Core = "FMul">   --->   Core 106 'FMul' <Latency = 3> <II = 1> <Delay = 5.70> <FuncUnit> <Opcode : 'fmul'> <InPorts = 2> <OutPorts = 1>
ST_6 : Operation 62 [2/4] (5.70ns)   --->   "%tmp_5_i_i = fmul float %p_r_M_imag, %p_t_real" [vhls_src/fft.cpp:76]   --->   Operation 62 'fmul' 'tmp_5_i_i' <Predicate = (!icmp_ln71)> <Delay = 5.70> <Core = "FMul">   --->   Core 106 'FMul' <Latency = 3> <II = 1> <Delay = 5.70> <FuncUnit> <Opcode : 'fmul'> <InPorts = 2> <OutPorts = 1>
ST_6 : Operation 63 [2/4] (5.70ns)   --->   "%tmp_6_i_i = fmul float %p_r_M_real, %p_t_imag" [vhls_src/fft.cpp:76]   --->   Operation 63 'fmul' 'tmp_6_i_i' <Predicate = (!icmp_ln71)> <Delay = 5.70> <Core = "FMul">   --->   Core 106 'FMul' <Latency = 3> <II = 1> <Delay = 5.70> <FuncUnit> <Opcode : 'fmul'> <InPorts = 2> <OutPorts = 1>

State 7 <SV = 6> <Delay = 5.70>
ST_7 : Operation 64 [1/4] (5.70ns)   --->   "%tmp_i_i = fmul float %p_r_M_real, %p_t_real" [vhls_src/fft.cpp:76]   --->   Operation 64 'fmul' 'tmp_i_i' <Predicate = (!icmp_ln71)> <Delay = 5.70> <Core = "FMul">   --->   Core 106 'FMul' <Latency = 3> <II = 1> <Delay = 5.70> <FuncUnit> <Opcode : 'fmul'> <InPorts = 2> <OutPorts = 1>
ST_7 : Operation 65 [1/4] (5.70ns)   --->   "%tmp_3_i_i = fmul float %p_r_M_imag, %p_t_imag" [vhls_src/fft.cpp:76]   --->   Operation 65 'fmul' 'tmp_3_i_i' <Predicate = (!icmp_ln71)> <Delay = 5.70> <Core = "FMul">   --->   Core 106 'FMul' <Latency = 3> <II = 1> <Delay = 5.70> <FuncUnit> <Opcode : 'fmul'> <InPorts = 2> <OutPorts = 1>
ST_7 : Operation 66 [1/4] (5.70ns)   --->   "%tmp_5_i_i = fmul float %p_r_M_imag, %p_t_real" [vhls_src/fft.cpp:76]   --->   Operation 66 'fmul' 'tmp_5_i_i' <Predicate = (!icmp_ln71)> <Delay = 5.70> <Core = "FMul">   --->   Core 106 'FMul' <Latency = 3> <II = 1> <Delay = 5.70> <FuncUnit> <Opcode : 'fmul'> <InPorts = 2> <OutPorts = 1>
ST_7 : Operation 67 [1/4] (5.70ns)   --->   "%tmp_6_i_i = fmul float %p_r_M_real, %p_t_imag" [vhls_src/fft.cpp:76]   --->   Operation 67 'fmul' 'tmp_6_i_i' <Predicate = (!icmp_ln71)> <Delay = 5.70> <Core = "FMul">   --->   Core 106 'FMul' <Latency = 3> <II = 1> <Delay = 5.70> <FuncUnit> <Opcode : 'fmul'> <InPorts = 2> <OutPorts = 1>

State 8 <SV = 7> <Delay = 7.25>
ST_8 : Operation 68 [5/5] (7.25ns)   --->   "%Product_M_real = fsub float %tmp_i_i, %tmp_3_i_i" [vhls_src/fft.cpp:76]   --->   Operation 68 'fsub' 'Product_M_real' <Predicate = (!icmp_ln71)> <Delay = 7.25> <Core = "FAddSub">   --->   Core 105 'FAddSub' <Latency = 4> <II = 1> <Delay = 7.25> <FuncUnit> <Opcode : 'fadd' 'fsub'> <InPorts = 2> <OutPorts = 1>
ST_8 : Operation 69 [5/5] (7.25ns)   --->   "%Product_M_imag = fadd float %tmp_5_i_i, %tmp_6_i_i" [vhls_src/fft.cpp:76]   --->   Operation 69 'fadd' 'Product_M_imag' <Predicate = (!icmp_ln71)> <Delay = 7.25> <Core = "FAddSub">   --->   Core 105 'FAddSub' <Latency = 4> <II = 1> <Delay = 7.25> <FuncUnit> <Opcode : 'fadd' 'fsub'> <InPorts = 2> <OutPorts = 1>

State 9 <SV = 8> <Delay = 7.25>
ST_9 : Operation 70 [4/5] (7.25ns)   --->   "%Product_M_real = fsub float %tmp_i_i, %tmp_3_i_i" [vhls_src/fft.cpp:76]   --->   Operation 70 'fsub' 'Product_M_real' <Predicate = (!icmp_ln71)> <Delay = 7.25> <Core = "FAddSub">   --->   Core 105 'FAddSub' <Latency = 4> <II = 1> <Delay = 7.25> <FuncUnit> <Opcode : 'fadd' 'fsub'> <InPorts = 2> <OutPorts = 1>
ST_9 : Operation 71 [4/5] (7.25ns)   --->   "%Product_M_imag = fadd float %tmp_5_i_i, %tmp_6_i_i" [vhls_src/fft.cpp:76]   --->   Operation 71 'fadd' 'Product_M_imag' <Predicate = (!icmp_ln71)> <Delay = 7.25> <Core = "FAddSub">   --->   Core 105 'FAddSub' <Latency = 4> <II = 1> <Delay = 7.25> <FuncUnit> <Opcode : 'fadd' 'fsub'> <InPorts = 2> <OutPorts = 1>

State 10 <SV = 9> <Delay = 7.25>
ST_10 : Operation 72 [3/5] (7.25ns)   --->   "%Product_M_real = fsub float %tmp_i_i, %tmp_3_i_i" [vhls_src/fft.cpp:76]   --->   Operation 72 'fsub' 'Product_M_real' <Predicate = (!icmp_ln71)> <Delay = 7.25> <Core = "FAddSub">   --->   Core 105 'FAddSub' <Latency = 4> <II = 1> <Delay = 7.25> <FuncUnit> <Opcode : 'fadd' 'fsub'> <InPorts = 2> <OutPorts = 1>
ST_10 : Operation 73 [3/5] (7.25ns)   --->   "%Product_M_imag = fadd float %tmp_5_i_i, %tmp_6_i_i" [vhls_src/fft.cpp:76]   --->   Operation 73 'fadd' 'Product_M_imag' <Predicate = (!icmp_ln71)> <Delay = 7.25> <Core = "FAddSub">   --->   Core 105 'FAddSub' <Latency = 4> <II = 1> <Delay = 7.25> <FuncUnit> <Opcode : 'fadd' 'fsub'> <InPorts = 2> <OutPorts = 1>

State 11 <SV = 10> <Delay = 7.25>
ST_11 : Operation 74 [2/5] (7.25ns)   --->   "%Product_M_real = fsub float %tmp_i_i, %tmp_3_i_i" [vhls_src/fft.cpp:76]   --->   Operation 74 'fsub' 'Product_M_real' <Predicate = (!icmp_ln71)> <Delay = 7.25> <Core = "FAddSub">   --->   Core 105 'FAddSub' <Latency = 4> <II = 1> <Delay = 7.25> <FuncUnit> <Opcode : 'fadd' 'fsub'> <InPorts = 2> <OutPorts = 1>
ST_11 : Operation 75 [2/5] (7.25ns)   --->   "%Product_M_imag = fadd float %tmp_5_i_i, %tmp_6_i_i" [vhls_src/fft.cpp:76]   --->   Operation 75 'fadd' 'Product_M_imag' <Predicate = (!icmp_ln71)> <Delay = 7.25> <Core = "FAddSub">   --->   Core 105 'FAddSub' <Latency = 4> <II = 1> <Delay = 7.25> <FuncUnit> <Opcode : 'fadd' 'fsub'> <InPorts = 2> <OutPorts = 1>
ST_11 : Operation 76 [1/1] (0.00ns)   --->   "%sext_ln77 = sext i32 %Ulimit to i64" [vhls_src/fft.cpp:77]   --->   Operation 76 'sext' 'sext_ln77' <Predicate = (!icmp_ln71)> <Delay = 0.00>
ST_11 : Operation 77 [1/1] (0.00ns)   --->   "%data_OUT4_M_real_ad_1 = getelementptr [32 x float]* @data_OUT4_M_real, i64 0, i64 %sext_ln77" [vhls_src/fft.cpp:77]   --->   Operation 77 'getelementptr' 'data_OUT4_M_real_ad_1' <Predicate = (!icmp_ln71)> <Delay = 0.00>
ST_11 : Operation 78 [1/1] (0.00ns)   --->   "%data_OUT4_M_imag_ad_1 = getelementptr [32 x float]* @data_OUT4_M_imag, i64 0, i64 %sext_ln77" [vhls_src/fft.cpp:77]   --->   Operation 78 'getelementptr' 'data_OUT4_M_imag_ad_1' <Predicate = (!icmp_ln71)> <Delay = 0.00>
ST_11 : Operation 79 [2/2] (3.25ns)   --->   "%p_r_M_real_2 = load float* %data_OUT4_M_real_ad_1, align 4" [vhls_src/fft.cpp:77]   --->   Operation 79 'load' 'p_r_M_real_2' <Predicate = (!icmp_ln71)> <Delay = 3.25> <Core = "RAM">   --->   Core 37 'RAM' <Latency = 1> <II = 1> <Delay = 3.25> <Storage> <Opcode : 'load' 'store'> <Ports = 2> <Width = 32> <Depth = 32> <RAM>
ST_11 : Operation 80 [2/2] (3.25ns)   --->   "%p_r_M_imag_2 = load float* %data_OUT4_M_imag_ad_1, align 4" [vhls_src/fft.cpp:77]   --->   Operation 80 'load' 'p_r_M_imag_2' <Predicate = (!icmp_ln71)> <Delay = 3.25> <Core = "RAM">   --->   Core 37 'RAM' <Latency = 1> <II = 1> <Delay = 3.25> <Storage> <Opcode : 'load' 'store'> <Ports = 2> <Width = 32> <Depth = 32> <RAM>

State 12 <SV = 11> <Delay = 7.25>
ST_12 : Operation 81 [1/5] (7.25ns)   --->   "%Product_M_real = fsub float %tmp_i_i, %tmp_3_i_i" [vhls_src/fft.cpp:76]   --->   Operation 81 'fsub' 'Product_M_real' <Predicate = (!icmp_ln71)> <Delay = 7.25> <Core = "FAddSub">   --->   Core 105 'FAddSub' <Latency = 4> <II = 1> <Delay = 7.25> <FuncUnit> <Opcode : 'fadd' 'fsub'> <InPorts = 2> <OutPorts = 1>
ST_12 : Operation 82 [1/5] (7.25ns)   --->   "%Product_M_imag = fadd float %tmp_5_i_i, %tmp_6_i_i" [vhls_src/fft.cpp:76]   --->   Operation 82 'fadd' 'Product_M_imag' <Predicate = (!icmp_ln71)> <Delay = 7.25> <Core = "FAddSub">   --->   Core 105 'FAddSub' <Latency = 4> <II = 1> <Delay = 7.25> <FuncUnit> <Opcode : 'fadd' 'fsub'> <InPorts = 2> <OutPorts = 1>
ST_12 : Operation 83 [1/2] (3.25ns)   --->   "%p_r_M_real_2 = load float* %data_OUT4_M_real_ad_1, align 4" [vhls_src/fft.cpp:77]   --->   Operation 83 'load' 'p_r_M_real_2' <Predicate = (!icmp_ln71)> <Delay = 3.25> <Core = "RAM">   --->   Core 37 'RAM' <Latency = 1> <II = 1> <Delay = 3.25> <Storage> <Opcode : 'load' 'store'> <Ports = 2> <Width = 32> <Depth = 32> <RAM>
ST_12 : Operation 84 [1/2] (3.25ns)   --->   "%p_r_M_imag_2 = load float* %data_OUT4_M_imag_ad_1, align 4" [vhls_src/fft.cpp:77]   --->   Operation 84 'load' 'p_r_M_imag_2' <Predicate = (!icmp_ln71)> <Delay = 3.25> <Core = "RAM">   --->   Core 37 'RAM' <Latency = 1> <II = 1> <Delay = 3.25> <Storage> <Opcode : 'load' 'store'> <Ports = 2> <Width = 32> <Depth = 32> <RAM>

State 13 <SV = 12> <Delay = 7.25>
ST_13 : Operation 85 [5/5] (7.25ns)   --->   "%complex_M_real_writ = fsub float %p_r_M_real_2, %Product_M_real" [vhls_src/fft.cpp:77]   --->   Operation 85 'fsub' 'complex_M_real_writ' <Predicate = (!icmp_ln71)> <Delay = 7.25> <Core = "FAddSub">   --->   Core 105 'FAddSub' <Latency = 4> <II = 1> <Delay = 7.25> <FuncUnit> <Opcode : 'fadd' 'fsub'> <InPorts = 2> <OutPorts = 1>
ST_13 : Operation 86 [5/5] (7.25ns)   --->   "%complex_M_imag_writ = fsub float %p_r_M_imag_2, %Product_M_imag" [vhls_src/fft.cpp:77]   --->   Operation 86 'fsub' 'complex_M_imag_writ' <Predicate = (!icmp_ln71)> <Delay = 7.25> <Core = "FAddSub">   --->   Core 105 'FAddSub' <Latency = 4> <II = 1> <Delay = 7.25> <FuncUnit> <Opcode : 'fadd' 'fsub'> <InPorts = 2> <OutPorts = 1>
ST_13 : Operation 87 [5/5] (7.25ns)   --->   "%complex_M_real_writ_2 = fadd float %p_r_M_real_2, %Product_M_real" [vhls_src/fft.cpp:78]   --->   Operation 87 'fadd' 'complex_M_real_writ_2' <Predicate = (!icmp_ln71)> <Delay = 7.25> <Core = "FAddSub">   --->   Core 105 'FAddSub' <Latency = 4> <II = 1> <Delay = 7.25> <FuncUnit> <Opcode : 'fadd' 'fsub'> <InPorts = 2> <OutPorts = 1>
ST_13 : Operation 88 [5/5] (7.25ns)   --->   "%complex_M_imag_writ_2 = fadd float %p_r_M_imag_2, %Product_M_imag" [vhls_src/fft.cpp:78]   --->   Operation 88 'fadd' 'complex_M_imag_writ_2' <Predicate = (!icmp_ln71)> <Delay = 7.25> <Core = "FAddSub">   --->   Core 105 'FAddSub' <Latency = 4> <II = 1> <Delay = 7.25> <FuncUnit> <Opcode : 'fadd' 'fsub'> <InPorts = 2> <OutPorts = 1>

State 14 <SV = 13> <Delay = 7.25>
ST_14 : Operation 89 [4/5] (7.25ns)   --->   "%complex_M_real_writ = fsub float %p_r_M_real_2, %Product_M_real" [vhls_src/fft.cpp:77]   --->   Operation 89 'fsub' 'complex_M_real_writ' <Predicate = (!icmp_ln71)> <Delay = 7.25> <Core = "FAddSub">   --->   Core 105 'FAddSub' <Latency = 4> <II = 1> <Delay = 7.25> <FuncUnit> <Opcode : 'fadd' 'fsub'> <InPorts = 2> <OutPorts = 1>
ST_14 : Operation 90 [4/5] (7.25ns)   --->   "%complex_M_imag_writ = fsub float %p_r_M_imag_2, %Product_M_imag" [vhls_src/fft.cpp:77]   --->   Operation 90 'fsub' 'complex_M_imag_writ' <Predicate = (!icmp_ln71)> <Delay = 7.25> <Core = "FAddSub">   --->   Core 105 'FAddSub' <Latency = 4> <II = 1> <Delay = 7.25> <FuncUnit> <Opcode : 'fadd' 'fsub'> <InPorts = 2> <OutPorts = 1>
ST_14 : Operation 91 [4/5] (7.25ns)   --->   "%complex_M_real_writ_2 = fadd float %p_r_M_real_2, %Product_M_real" [vhls_src/fft.cpp:78]   --->   Operation 91 'fadd' 'complex_M_real_writ_2' <Predicate = (!icmp_ln71)> <Delay = 7.25> <Core = "FAddSub">   --->   Core 105 'FAddSub' <Latency = 4> <II = 1> <Delay = 7.25> <FuncUnit> <Opcode : 'fadd' 'fsub'> <InPorts = 2> <OutPorts = 1>
ST_14 : Operation 92 [4/5] (7.25ns)   --->   "%complex_M_imag_writ_2 = fadd float %p_r_M_imag_2, %Product_M_imag" [vhls_src/fft.cpp:78]   --->   Operation 92 'fadd' 'complex_M_imag_writ_2' <Predicate = (!icmp_ln71)> <Delay = 7.25> <Core = "FAddSub">   --->   Core 105 'FAddSub' <Latency = 4> <II = 1> <Delay = 7.25> <FuncUnit> <Opcode : 'fadd' 'fsub'> <InPorts = 2> <OutPorts = 1>

State 15 <SV = 14> <Delay = 7.25>
ST_15 : Operation 93 [3/5] (7.25ns)   --->   "%complex_M_real_writ = fsub float %p_r_M_real_2, %Product_M_real" [vhls_src/fft.cpp:77]   --->   Operation 93 'fsub' 'complex_M_real_writ' <Predicate = (!icmp_ln71)> <Delay = 7.25> <Core = "FAddSub">   --->   Core 105 'FAddSub' <Latency = 4> <II = 1> <Delay = 7.25> <FuncUnit> <Opcode : 'fadd' 'fsub'> <InPorts = 2> <OutPorts = 1>
ST_15 : Operation 94 [3/5] (7.25ns)   --->   "%complex_M_imag_writ = fsub float %p_r_M_imag_2, %Product_M_imag" [vhls_src/fft.cpp:77]   --->   Operation 94 'fsub' 'complex_M_imag_writ' <Predicate = (!icmp_ln71)> <Delay = 7.25> <Core = "FAddSub">   --->   Core 105 'FAddSub' <Latency = 4> <II = 1> <Delay = 7.25> <FuncUnit> <Opcode : 'fadd' 'fsub'> <InPorts = 2> <OutPorts = 1>
ST_15 : Operation 95 [3/5] (7.25ns)   --->   "%complex_M_real_writ_2 = fadd float %p_r_M_real_2, %Product_M_real" [vhls_src/fft.cpp:78]   --->   Operation 95 'fadd' 'complex_M_real_writ_2' <Predicate = (!icmp_ln71)> <Delay = 7.25> <Core = "FAddSub">   --->   Core 105 'FAddSub' <Latency = 4> <II = 1> <Delay = 7.25> <FuncUnit> <Opcode : 'fadd' 'fsub'> <InPorts = 2> <OutPorts = 1>
ST_15 : Operation 96 [3/5] (7.25ns)   --->   "%complex_M_imag_writ_2 = fadd float %p_r_M_imag_2, %Product_M_imag" [vhls_src/fft.cpp:78]   --->   Operation 96 'fadd' 'complex_M_imag_writ_2' <Predicate = (!icmp_ln71)> <Delay = 7.25> <Core = "FAddSub">   --->   Core 105 'FAddSub' <Latency = 4> <II = 1> <Delay = 7.25> <FuncUnit> <Opcode : 'fadd' 'fsub'> <InPorts = 2> <OutPorts = 1>

State 16 <SV = 15> <Delay = 7.25>
ST_16 : Operation 97 [2/5] (7.25ns)   --->   "%complex_M_real_writ = fsub float %p_r_M_real_2, %Product_M_real" [vhls_src/fft.cpp:77]   --->   Operation 97 'fsub' 'complex_M_real_writ' <Predicate = (!icmp_ln71)> <Delay = 7.25> <Core = "FAddSub">   --->   Core 105 'FAddSub' <Latency = 4> <II = 1> <Delay = 7.25> <FuncUnit> <Opcode : 'fadd' 'fsub'> <InPorts = 2> <OutPorts = 1>
ST_16 : Operation 98 [2/5] (7.25ns)   --->   "%complex_M_imag_writ = fsub float %p_r_M_imag_2, %Product_M_imag" [vhls_src/fft.cpp:77]   --->   Operation 98 'fsub' 'complex_M_imag_writ' <Predicate = (!icmp_ln71)> <Delay = 7.25> <Core = "FAddSub">   --->   Core 105 'FAddSub' <Latency = 4> <II = 1> <Delay = 7.25> <FuncUnit> <Opcode : 'fadd' 'fsub'> <InPorts = 2> <OutPorts = 1>
ST_16 : Operation 99 [2/5] (7.25ns)   --->   "%complex_M_real_writ_2 = fadd float %p_r_M_real_2, %Product_M_real" [vhls_src/fft.cpp:78]   --->   Operation 99 'fadd' 'complex_M_real_writ_2' <Predicate = (!icmp_ln71)> <Delay = 7.25> <Core = "FAddSub">   --->   Core 105 'FAddSub' <Latency = 4> <II = 1> <Delay = 7.25> <FuncUnit> <Opcode : 'fadd' 'fsub'> <InPorts = 2> <OutPorts = 1>
ST_16 : Operation 100 [2/5] (7.25ns)   --->   "%complex_M_imag_writ_2 = fadd float %p_r_M_imag_2, %Product_M_imag" [vhls_src/fft.cpp:78]   --->   Operation 100 'fadd' 'complex_M_imag_writ_2' <Predicate = (!icmp_ln71)> <Delay = 7.25> <Core = "FAddSub">   --->   Core 105 'FAddSub' <Latency = 4> <II = 1> <Delay = 7.25> <FuncUnit> <Opcode : 'fadd' 'fsub'> <InPorts = 2> <OutPorts = 1>

State 17 <SV = 16> <Delay = 7.25>
ST_17 : Operation 101 [1/5] (7.25ns)   --->   "%complex_M_real_writ = fsub float %p_r_M_real_2, %Product_M_real" [vhls_src/fft.cpp:77]   --->   Operation 101 'fsub' 'complex_M_real_writ' <Predicate = (!icmp_ln71)> <Delay = 7.25> <Core = "FAddSub">   --->   Core 105 'FAddSub' <Latency = 4> <II = 1> <Delay = 7.25> <FuncUnit> <Opcode : 'fadd' 'fsub'> <InPorts = 2> <OutPorts = 1>
ST_17 : Operation 102 [1/5] (7.25ns)   --->   "%complex_M_imag_writ = fsub float %p_r_M_imag_2, %Product_M_imag" [vhls_src/fft.cpp:77]   --->   Operation 102 'fsub' 'complex_M_imag_writ' <Predicate = (!icmp_ln71)> <Delay = 7.25> <Core = "FAddSub">   --->   Core 105 'FAddSub' <Latency = 4> <II = 1> <Delay = 7.25> <FuncUnit> <Opcode : 'fadd' 'fsub'> <InPorts = 2> <OutPorts = 1>
ST_17 : Operation 103 [1/5] (7.25ns)   --->   "%complex_M_real_writ_2 = fadd float %p_r_M_real_2, %Product_M_real" [vhls_src/fft.cpp:78]   --->   Operation 103 'fadd' 'complex_M_real_writ_2' <Predicate = (!icmp_ln71)> <Delay = 7.25> <Core = "FAddSub">   --->   Core 105 'FAddSub' <Latency = 4> <II = 1> <Delay = 7.25> <FuncUnit> <Opcode : 'fadd' 'fsub'> <InPorts = 2> <OutPorts = 1>
ST_17 : Operation 104 [1/5] (7.25ns)   --->   "%complex_M_imag_writ_2 = fadd float %p_r_M_imag_2, %Product_M_imag" [vhls_src/fft.cpp:78]   --->   Operation 104 'fadd' 'complex_M_imag_writ_2' <Predicate = (!icmp_ln71)> <Delay = 7.25> <Core = "FAddSub">   --->   Core 105 'FAddSub' <Latency = 4> <II = 1> <Delay = 7.25> <FuncUnit> <Opcode : 'fadd' 'fsub'> <InPorts = 2> <OutPorts = 1>

State 18 <SV = 17> <Delay = 3.25>
ST_18 : Operation 105 [1/1] (0.00ns)   --->   "call void (...)* @_ssdm_op_SpecLoopName([11 x i8]* @p_str7) nounwind" [vhls_src/fft.cpp:71]   --->   Operation 105 'specloopname' <Predicate = (!icmp_ln71)> <Delay = 0.00>
ST_18 : Operation 106 [1/1] (0.00ns)   --->   "%tmp = call i32 (...)* @_ssdm_op_SpecRegionBegin([11 x i8]* @p_str7)" [vhls_src/fft.cpp:71]   --->   Operation 106 'specregionbegin' 'tmp' <Predicate = (!icmp_ln71)> <Delay = 0.00>
ST_18 : Operation 107 [1/1] (0.00ns)   --->   "call void (...)* @_ssdm_op_SpecPipeline(i32 -1, i32 1, i32 1, i32 0, [1 x i8]* @p_str1) nounwind" [vhls_src/fft.cpp:72]   --->   Operation 107 'specpipeline' <Predicate = (!icmp_ln71)> <Delay = 0.00>
ST_18 : Operation 108 [1/1] (0.00ns)   --->   "%data_OUTfft_M_real_s = getelementptr [32 x float]* @data_OUTfft_M_real, i64 0, i64 %sext_ln76_1" [vhls_src/fft.cpp:77]   --->   Operation 108 'getelementptr' 'data_OUTfft_M_real_s' <Predicate = (!icmp_ln71)> <Delay = 0.00>
ST_18 : Operation 109 [1/1] (3.25ns)   --->   "store float %complex_M_real_writ, float* %data_OUTfft_M_real_s, align 4" [vhls_src/fft.cpp:77]   --->   Operation 109 'store' <Predicate = (!icmp_ln71)> <Delay = 3.25> <Core = "RAM">   --->   Core 37 'RAM' <Latency = 1> <II = 1> <Delay = 3.25> <Storage> <Opcode : 'load' 'store'> <Ports = 2> <Width = 32> <Depth = 32> <RAM>
ST_18 : Operation 110 [1/1] (0.00ns)   --->   "%data_OUTfft_M_imag_s = getelementptr [32 x float]* @data_OUTfft_M_imag, i64 0, i64 %sext_ln76_1" [vhls_src/fft.cpp:77]   --->   Operation 110 'getelementptr' 'data_OUTfft_M_imag_s' <Predicate = (!icmp_ln71)> <Delay = 0.00>
ST_18 : Operation 111 [1/1] (3.25ns)   --->   "store float %complex_M_imag_writ, float* %data_OUTfft_M_imag_s, align 4" [vhls_src/fft.cpp:77]   --->   Operation 111 'store' <Predicate = (!icmp_ln71)> <Delay = 3.25> <Core = "RAM">   --->   Core 37 'RAM' <Latency = 1> <II = 1> <Delay = 3.25> <Storage> <Opcode : 'load' 'store'> <Ports = 2> <Width = 32> <Depth = 32> <RAM>
ST_18 : Operation 112 [1/1] (0.00ns)   --->   "%data_OUTfft_M_real_1 = getelementptr [32 x float]* @data_OUTfft_M_real, i64 0, i64 %sext_ln77" [vhls_src/fft.cpp:78]   --->   Operation 112 'getelementptr' 'data_OUTfft_M_real_1' <Predicate = (!icmp_ln71)> <Delay = 0.00>
ST_18 : Operation 113 [1/1] (3.25ns)   --->   "store float %complex_M_real_writ_2, float* %data_OUTfft_M_real_1, align 4" [vhls_src/fft.cpp:78]   --->   Operation 113 'store' <Predicate = (!icmp_ln71)> <Delay = 3.25> <Core = "RAM">   --->   Core 37 'RAM' <Latency = 1> <II = 1> <Delay = 3.25> <Storage> <Opcode : 'load' 'store'> <Ports = 2> <Width = 32> <Depth = 32> <RAM>
ST_18 : Operation 114 [1/1] (0.00ns)   --->   "%data_OUTfft_M_imag_1 = getelementptr [32 x float]* @data_OUTfft_M_imag, i64 0, i64 %sext_ln77" [vhls_src/fft.cpp:78]   --->   Operation 114 'getelementptr' 'data_OUTfft_M_imag_1' <Predicate = (!icmp_ln71)> <Delay = 0.00>
ST_18 : Operation 115 [1/1] (3.25ns)   --->   "store float %complex_M_imag_writ_2, float* %data_OUTfft_M_imag_1, align 4" [vhls_src/fft.cpp:78]   --->   Operation 115 'store' <Predicate = (!icmp_ln71)> <Delay = 3.25> <Core = "RAM">   --->   Core 37 'RAM' <Latency = 1> <II = 1> <Delay = 3.25> <Storage> <Opcode : 'load' 'store'> <Ports = 2> <Width = 32> <Depth = 32> <RAM>
ST_18 : Operation 116 [1/1] (0.00ns)   --->   "%empty_20 = call i32 (...)* @_ssdm_op_SpecRegionEnd([11 x i8]* @p_str7, i32 %tmp)" [vhls_src/fft.cpp:86]   --->   Operation 116 'specregionend' 'empty_20' <Predicate = (!icmp_ln71)> <Delay = 0.00>
ST_18 : Operation 117 [1/1] (0.00ns)   --->   "br label %1" [vhls_src/fft.cpp:71]   --->   Operation 117 'br' <Predicate = (!icmp_ln71)> <Delay = 0.00>

State 19 <SV = 2> <Delay = 0.00>
ST_19 : Operation 118 [1/1] (0.00ns)   --->   "ret void" [vhls_src/fft.cpp:87]   --->   Operation 118 'ret' <Predicate = true> <Delay = 0.00>


============================================================
+ Verbose Summary: Timing violations
============================================================
Target clock period: 10ns, clock uncertainty: 1.25ns.

 <State 1>: 1.77ns
The critical path consists of the following:
	multiplexor before 'phi' operation ('index', vhls_src/fft.cpp:79) with incoming values : ('select_ln79', vhls_src/fft.cpp:79) [12]  (1.77 ns)

 <State 2>: 8.36ns
The critical path consists of the following:
	'phi' operation ('index', vhls_src/fft.cpp:79) with incoming values : ('select_ln79', vhls_src/fft.cpp:79) [12]  (0 ns)
	'add' operation ('Ulimit', vhls_src/fft.cpp:74) [24]  (2.55 ns)
	'add' operation ('Llimit', vhls_src/fft.cpp:75) [25]  (2.55 ns)
	'getelementptr' operation ('data_OUT4_M_real_ad', vhls_src/fft.cpp:76) [30]  (0 ns)
	'load' operation ('__y._M_real', vhls_src/fft.cpp:76) on array 'data_OUT4_M_real' [34]  (3.25 ns)

 <State 3>: 3.25ns
The critical path consists of the following:
	'load' operation ('__x._M_real', vhls_src/fft.cpp:76) on array 'W_M_real' [32]  (3.25 ns)

 <State 4>: 5.7ns
The critical path consists of the following:
	'fmul' operation ('tmp_i_i', vhls_src/fft.cpp:76) [36]  (5.7 ns)

 <State 5>: 5.7ns
The critical path consists of the following:
	'fmul' operation ('tmp_i_i', vhls_src/fft.cpp:76) [36]  (5.7 ns)

 <State 6>: 5.7ns
The critical path consists of the following:
	'fmul' operation ('tmp_i_i', vhls_src/fft.cpp:76) [36]  (5.7 ns)

 <State 7>: 5.7ns
The critical path consists of the following:
	'fmul' operation ('tmp_i_i', vhls_src/fft.cpp:76) [36]  (5.7 ns)

 <State 8>: 7.26ns
The critical path consists of the following:
	'fsub' operation ('complex<float>._M_real', vhls_src/fft.cpp:76) [38]  (7.26 ns)

 <State 9>: 7.26ns
The critical path consists of the following:
	'fsub' operation ('complex<float>._M_real', vhls_src/fft.cpp:76) [38]  (7.26 ns)

 <State 10>: 7.26ns
The critical path consists of the following:
	'fsub' operation ('complex<float>._M_real', vhls_src/fft.cpp:76) [38]  (7.26 ns)

 <State 11>: 7.26ns
The critical path consists of the following:
	'fsub' operation ('complex<float>._M_real', vhls_src/fft.cpp:76) [38]  (7.26 ns)

 <State 12>: 7.26ns
The critical path consists of the following:
	'fsub' operation ('complex<float>._M_real', vhls_src/fft.cpp:76) [38]  (7.26 ns)

 <State 13>: 7.26ns
The critical path consists of the following:
	'fsub' operation ('complex<float>._M_real', vhls_src/fft.cpp:77) [47]  (7.26 ns)

 <State 14>: 7.26ns
The critical path consists of the following:
	'fsub' operation ('complex<float>._M_real', vhls_src/fft.cpp:77) [47]  (7.26 ns)

 <State 15>: 7.26ns
The critical path consists of the following:
	'fsub' operation ('complex<float>._M_real', vhls_src/fft.cpp:77) [47]  (7.26 ns)

 <State 16>: 7.26ns
The critical path consists of the following:
	'fsub' operation ('complex<float>._M_real', vhls_src/fft.cpp:77) [47]  (7.26 ns)

 <State 17>: 7.26ns
The critical path consists of the following:
	'fsub' operation ('complex<float>._M_real', vhls_src/fft.cpp:77) [47]  (7.26 ns)

 <State 18>: 3.25ns
The critical path consists of the following:
	'getelementptr' operation ('data_OUTfft_M_real_s', vhls_src/fft.cpp:77) [49]  (0 ns)
	'store' operation ('store_ln77', vhls_src/fft.cpp:77) of variable 'complex<float>._M_real', vhls_src/fft.cpp:77 on array 'data_OUTfft_M_real' [50]  (3.25 ns)

 <State 19>: 0ns
The critical path consists of the following:


============================================================
+ Verbose Summary: Binding
============================================================
N/A
* FSMD analyzer results:
  - Output states:
 - Input state : 
  - Chain level:
	State 1
	State 2
	State 3
	State 4
	State 5
	State 6
	State 7
	State 8
	State 9
	State 10
	State 11
	State 12
	State 13
	State 14
	State 15
	State 16
	State 17
	State 18
	State 19


============================================================
+ Verbose Summary: Datapath Resource usage 
============================================================
N/A
