Copyright 1986-2020 Xilinx, Inc. All Rights Reserved.
-------------------------------------------------------------------------------------------
| Tool Version : Vivado v.2020.1 (lin64) Build 2902540 Wed May 27 19:54:35 MDT 2020
| Date         : Tue Dec 29 13:25:05 2020
| Host         : arjun-Lenovo-ubuntu18 running 64-bit Ubuntu 18.04.5 LTS
| Command      : report_control_sets -verbose -file IPv2_0_wrapper_control_sets_placed.rpt
| Design       : IPv2_0_wrapper
| Device       : xc7z020
-------------------------------------------------------------------------------------------

Control Set Information

Table of Contents
-----------------
1. Summary
2. Histogram
3. Flip-Flop Distribution
4. Detailed Control Set Information

1. Summary
----------

+----------------------------------------------------------+-------+
|                          Status                          | Count |
+----------------------------------------------------------+-------+
| Total control sets                                       |   148 |
|    Minimum number of control sets                        |   148 |
|    Addition due to synthesis replication                 |     0 |
|    Addition due to physical synthesis replication        |     0 |
| Unused register locations in slices containing registers |   221 |
+----------------------------------------------------------+-------+
* Control sets can be merged at opt_design using control_set_merge or merge_equivalent_drivers
** Run report_qor_suggestions for automated merging and remapping suggestions


2. Histogram
------------

+--------------------+-------+
|       Fanout       | Count |
+--------------------+-------+
| Total control sets |   148 |
| >= 0 to < 4        |     1 |
| >= 4 to < 6        |    21 |
| >= 6 to < 8        |     7 |
| >= 8 to < 10       |    24 |
| >= 10 to < 12      |     6 |
| >= 12 to < 14      |     6 |
| >= 14 to < 16      |     3 |
| >= 16              |    80 |
+--------------------+-------+
* Control sets can be remapped at either synth_design or opt_design


3. Flip-Flop Distribution
-------------------------

+--------------+-----------------------+------------------------+-----------------+--------------+
| Clock Enable | Synchronous Set/Reset | Asynchronous Set/Reset | Total Registers | Total Slices |
+--------------+-----------------------+------------------------+-----------------+--------------+
| No           | No                    | No                     |            5590 |         1736 |
| No           | No                    | Yes                    |               0 |            0 |
| No           | Yes                   | No                     |             883 |          306 |
| Yes          | No                    | No                     |            3230 |          788 |
| Yes          | No                    | Yes                    |               0 |            0 |
| Yes          | Yes                   | No                     |             396 |          108 |
+--------------+-----------------------+------------------------+-----------------+--------------+


4. Detailed Control Set Information
-----------------------------------

+-----------------------------------------------+--------------------------------------------------------------------------------------------------------------------------------------------------------------+----------------------------------------------------------------------------------------------------------------------------------------------------+------------------+----------------+--------------+
|                  Clock Signal                 |                                                                         Enable Signal                                                                        |                                                                  Set/Reset Signal                                                                  | Slice Load Count | Bel Load Count | Bels / Slice |
+-----------------------------------------------+--------------------------------------------------------------------------------------------------------------------------------------------------------------+----------------------------------------------------------------------------------------------------------------------------------------------------+------------------+----------------+--------------+
|  IPv2_0_i/processing_system7_0/inst/FCLK_CLK0 | IPv2_0_i/ps7_0_axi_periph/s00_couplers/auto_pc/inst/gen_axilite.gen_b2s_conv.axilite_b2s/WR.b_channel_0/bid_fifo_0/bresp_push                                |                                                                                                                                                    |                1 |              2 |         2.00 |
|  IPv2_0_i/processing_system7_0/inst/FCLK_CLK0 |                                                                                                                                                              | IPv2_0_i/rst_ps7_0_50M/U0/EXT_LPF/lpf_int                                                                                                          |                1 |              4 |         4.00 |
|  IPv2_0_i/processing_system7_0/inst/FCLK_CLK0 |                                                                                                                                                              | IPv2_0_i/FFT_0/inst/FFT_AXILiteS_s_axi_U/FSM_onehot_rstate_reg[1]_0                                                                                |                3 |              4 |         1.33 |
|  IPv2_0_i/processing_system7_0/inst/FCLK_CLK0 | IPv2_0_i/FFT_0/inst/FFT053_U0/sext_ln59_reg_446[4]_i_1_n_1                                                                                                   |                                                                                                                                                    |                1 |              4 |         4.00 |
|  IPv2_0_i/processing_system7_0/inst/FCLK_CLK0 |                                                                                                                                                              | IPv2_0_i/ps7_0_axi_periph/s00_couplers/auto_pc/inst/gen_axilite.gen_b2s_conv.axilite_b2s/SI_REG/ar.ar_pipe/aresetn_d_reg[1]_inv_0                  |                2 |              4 |         2.00 |
|  IPv2_0_i/processing_system7_0/inst/FCLK_CLK0 |                                                                                                                                                              | IPv2_0_i/ps7_0_axi_periph/s00_couplers/auto_pc/inst/gen_axilite.gen_b2s_conv.axilite_b2s/SI_REG/aw.aw_pipe/aresetn_d_reg[0]_0                      |                2 |              4 |         2.00 |
|  IPv2_0_i/processing_system7_0/inst/FCLK_CLK0 | IPv2_0_i/FFT_0/inst/FFT053_U0/Ulimit_reg_361[1]_i_1_n_1                                                                                                      |                                                                                                                                                    |                1 |              4 |         4.00 |
|  IPv2_0_i/processing_system7_0/inst/FCLK_CLK0 | IPv2_0_i/FFT_0/inst/bitreverse_U0/rev_32_U/bitreverse_rev_32_rom_U/rev_32_ce0                                                                                |                                                                                                                                                    |                1 |              5 |         5.00 |
|  IPv2_0_i/processing_system7_0/inst/FCLK_CLK0 | IPv2_0_i/counter_0/inst/counter_AXILiteS_s_axi_U/waddr                                                                                                       |                                                                                                                                                    |                2 |              5 |         2.50 |
|  IPv2_0_i/processing_system7_0/inst/FCLK_CLK0 | IPv2_0_i/counter_0/inst/counter_AXILiteS_s_axi_U/rdata[31]_i_2_n_0                                                                                           |                                                                                                                                                    |                2 |              5 |         2.50 |
|  IPv2_0_i/processing_system7_0/inst/FCLK_CLK0 | IPv2_0_i/FFT_0/inst/FFT055_U0/sext_ln59_reg_442[4]_i_1__0_n_1                                                                                                |                                                                                                                                                    |                3 |              5 |         1.67 |
|  IPv2_0_i/processing_system7_0/inst/FCLK_CLK0 | IPv2_0_i/FFT_0/inst/FFT055_U0/butterfly_pass_0_i_reg_1851                                                                                                    | IPv2_0_i/FFT_0/inst/FFT055_U0/i_0_i_reg_196                                                                                                        |                1 |              5 |         5.00 |
|  IPv2_0_i/processing_system7_0/inst/FCLK_CLK0 | IPv2_0_i/FFT_0/inst/FFT053_U0/butterfly_pass_0_i_reg_1871                                                                                                    | IPv2_0_i/FFT_0/inst/FFT053_U0/butterfly_span_0_i_reg_176                                                                                           |                2 |              5 |         2.50 |
|  IPv2_0_i/processing_system7_0/inst/FCLK_CLK0 | IPv2_0_i/FFT_0/inst/bitreverse_U0/zext_ln45_reg_150[4]_i_1_n_1                                                                                               |                                                                                                                                                    |                2 |              5 |         2.50 |
|  IPv2_0_i/processing_system7_0/inst/FCLK_CLK0 | IPv2_0_i/ps7_0_axi_periph/s00_couplers/auto_pc/inst/gen_axilite.gen_b2s_conv.axilite_b2s/RD.r_channel_0/rd_data_fifo_0/cnt_read[4]_i_1_n_0                   | IPv2_0_i/ps7_0_axi_periph/s00_couplers/auto_pc/inst/gen_axilite.gen_b2s_conv.axilite_b2s/areset_d1                                                 |                2 |              5 |         2.50 |
|  IPv2_0_i/processing_system7_0/inst/FCLK_CLK0 | IPv2_0_i/ps7_0_axi_periph/s00_couplers/auto_pc/inst/gen_axilite.gen_b2s_conv.axilite_b2s/RD.r_channel_0/transaction_fifo_0/cnt_read[4]_i_1__0_n_0            | IPv2_0_i/ps7_0_axi_periph/s00_couplers/auto_pc/inst/gen_axilite.gen_b2s_conv.axilite_b2s/areset_d1                                                 |                2 |              5 |         2.50 |
|  IPv2_0_i/processing_system7_0/inst/FCLK_CLK0 | IPv2_0_i/FFT_0/inst/FFT057_U0/sext_ln59_reg_442[4]_i_1__2_n_1                                                                                                |                                                                                                                                                    |                2 |              5 |         2.50 |
|  IPv2_0_i/processing_system7_0/inst/FCLK_CLK0 | IPv2_0_i/FFT_0/inst/FFT057_U0/butterfly_pass_0_reg_1891                                                                                                      | IPv2_0_i/FFT_0/inst/FFT057_U0/butterfly_pass_0_reg_189                                                                                             |                2 |              5 |         2.50 |
|  IPv2_0_i/processing_system7_0/inst/FCLK_CLK0 | IPv2_0_i/FFT_0/inst/FFT054_U0/butterfly_pass_0_i_reg_1851                                                                                                    | IPv2_0_i/FFT_0/inst/FFT054_U0/i_0_i_reg_196                                                                                                        |                2 |              5 |         2.50 |
|  IPv2_0_i/processing_system7_0/inst/FCLK_CLK0 | IPv2_0_i/FFT_0/inst/FFT056_U0/sext_ln59_reg_442[4]_i_1__1_n_1                                                                                                |                                                                                                                                                    |                2 |              5 |         2.50 |
|  IPv2_0_i/processing_system7_0/inst/FCLK_CLK0 | IPv2_0_i/FFT_0/inst/FFT054_U0/sext_ln59_reg_442[4]_i_1_n_1                                                                                                   |                                                                                                                                                    |                1 |              5 |         5.00 |
|  IPv2_0_i/processing_system7_0/inst/FCLK_CLK0 | IPv2_0_i/FFT_0/inst/FFT056_U0/butterfly_pass_0_i_reg_1851                                                                                                    | IPv2_0_i/FFT_0/inst/FFT056_U0/i_0_i_reg_196                                                                                                        |                1 |              5 |         5.00 |
|  IPv2_0_i/processing_system7_0/inst/FCLK_CLK0 | IPv2_0_i/FFT_0/inst/FFT055_U0/p_r_M_imag_reg_4040                                                                                                            |                                                                                                                                                    |                2 |              6 |         3.00 |
|  IPv2_0_i/processing_system7_0/inst/FCLK_CLK0 | IPv2_0_i/FFT_0/inst/FFT053_U0/Q[1]                                                                                                                           |                                                                                                                                                    |                2 |              6 |         3.00 |
|  IPv2_0_i/processing_system7_0/inst/FCLK_CLK0 | IPv2_0_i/FFT_0/inst/bitreverse_U0/i_0_i_reg_107[5]_i_2_n_1                                                                                                   | IPv2_0_i/FFT_0/inst/bitreverse_U0/i_0_i_reg_107                                                                                                    |                2 |              6 |         3.00 |
|  IPv2_0_i/processing_system7_0/inst/FCLK_CLK0 | IPv2_0_i/rst_ps7_0_50M/U0/SEQ/seq_cnt_en                                                                                                                     | IPv2_0_i/rst_ps7_0_50M/U0/SEQ/SEQ_COUNTER/clear                                                                                                    |                1 |              6 |         6.00 |
|  IPv2_0_i/processing_system7_0/inst/FCLK_CLK0 | IPv2_0_i/FFT_0/inst/FFT057_U0/icmp_ln53_fu_251_p2                                                                                                            |                                                                                                                                                    |                1 |              6 |         6.00 |
|  IPv2_0_i/processing_system7_0/inst/FCLK_CLK0 | IPv2_0_i/FFT_0/inst/FFT055_U0/W_M_real63_U/FFT053_W_M_real65_rom_U/FFT055_U0_data_OUT2_M_imag_ce0                                                            |                                                                                                                                                    |                1 |              6 |         6.00 |
|  IPv2_0_i/processing_system7_0/inst/FCLK_CLK0 | IPv2_0_i/FFT_0/inst/bitreverse_U0/ap_CS_fsm_pp0_stage0                                                                                                       |                                                                                                                                                    |                2 |              7 |         3.50 |
|  IPv2_0_i/processing_system7_0/inst/FCLK_CLK0 |                                                                                                                                                              | IPv2_0_i/FFT_0/inst/FFT054_U0/FFT_fmul_32ns_32ndEe_U35/FFT_ap_fmul_2_max_dsp_32_u/U0/i_synth/MULT.OP/i_non_prim.EXP/STATE_DELAY/i_pipe/state_op[0] |                3 |              8 |         2.67 |
|  IPv2_0_i/processing_system7_0/inst/FCLK_CLK0 |                                                                                                                                                              | IPv2_0_i/FFT_0/inst/FFT057_U0/FFT_fmul_32ns_32ndEe_U79/FFT_ap_fmul_2_max_dsp_32_u/U0/i_synth/MULT.OP/i_non_prim.EXP/STATE_DELAY/i_pipe/state_op[0] |                2 |              8 |         4.00 |
|  IPv2_0_i/processing_system7_0/inst/FCLK_CLK0 |                                                                                                                                                              | IPv2_0_i/FFT_0/inst/FFT057_U0/FFT_fmul_32ns_32ndEe_U80/FFT_ap_fmul_2_max_dsp_32_u/U0/i_synth/MULT.OP/i_non_prim.EXP/STATE_DELAY/i_pipe/state_op[0] |                2 |              8 |         4.00 |
|  IPv2_0_i/processing_system7_0/inst/FCLK_CLK0 |                                                                                                                                                              | IPv2_0_i/FFT_0/inst/FFT055_U0/FFT_fmul_32ns_32ndEe_U50/FFT_ap_fmul_2_max_dsp_32_u/U0/i_synth/MULT.OP/i_non_prim.EXP/STATE_DELAY/i_pipe/state_op[0] |                2 |              8 |         4.00 |
|  IPv2_0_i/processing_system7_0/inst/FCLK_CLK0 |                                                                                                                                                              | IPv2_0_i/FFT_0/inst/FFT055_U0/FFT_fmul_32ns_32ndEe_U49/FFT_ap_fmul_2_max_dsp_32_u/U0/i_synth/MULT.OP/i_non_prim.EXP/STATE_DELAY/i_pipe/state_op[0] |                2 |              8 |         4.00 |
|  IPv2_0_i/processing_system7_0/inst/FCLK_CLK0 |                                                                                                                                                              | IPv2_0_i/FFT_0/inst/FFT054_U0/FFT_fmul_32ns_32ndEe_U38/FFT_ap_fmul_2_max_dsp_32_u/U0/i_synth/MULT.OP/i_non_prim.EXP/STATE_DELAY/i_pipe/state_op[0] |                3 |              8 |         2.67 |
|  IPv2_0_i/processing_system7_0/inst/FCLK_CLK0 |                                                                                                                                                              | IPv2_0_i/FFT_0/inst/FFT054_U0/FFT_fmul_32ns_32ndEe_U37/FFT_ap_fmul_2_max_dsp_32_u/U0/i_synth/MULT.OP/i_non_prim.EXP/STATE_DELAY/i_pipe/state_op[0] |                3 |              8 |         2.67 |
|  IPv2_0_i/processing_system7_0/inst/FCLK_CLK0 |                                                                                                                                                              | IPv2_0_i/FFT_0/inst/FFT054_U0/FFT_fmul_32ns_32ndEe_U36/FFT_ap_fmul_2_max_dsp_32_u/U0/i_synth/MULT.OP/i_non_prim.EXP/STATE_DELAY/i_pipe/state_op[0] |                3 |              8 |         2.67 |
|  IPv2_0_i/processing_system7_0/inst/FCLK_CLK0 |                                                                                                                                                              | IPv2_0_i/FFT_0/inst/FFT055_U0/FFT_fmul_32ns_32ndEe_U52/FFT_ap_fmul_2_max_dsp_32_u/U0/i_synth/MULT.OP/i_non_prim.EXP/STATE_DELAY/i_pipe/state_op[0] |                2 |              8 |         4.00 |
|  IPv2_0_i/processing_system7_0/inst/FCLK_CLK0 |                                                                                                                                                              | IPv2_0_i/FFT_0/inst/FFT053_U0/FFT_fmul_32ns_32ndEe_U19/FFT_ap_fmul_2_max_dsp_32_u/U0/i_synth/MULT.OP/i_non_prim.EXP/STATE_DELAY/i_pipe/state_op[0] |                2 |              8 |         4.00 |
|  IPv2_0_i/processing_system7_0/inst/FCLK_CLK0 | IPv2_0_i/FFT_0/inst/FFT057_U0/ap_CS_fsm_pp0_stage0                                                                                                           |                                                                                                                                                    |                3 |              8 |         2.67 |
|  IPv2_0_i/processing_system7_0/inst/FCLK_CLK0 | IPv2_0_i/ps7_0_axi_periph/s00_couplers/auto_pc/inst/gen_axilite.gen_b2s_conv.axilite_b2s/WR.b_channel_0/mhandshake_r                                         | IPv2_0_i/ps7_0_axi_periph/s00_couplers/auto_pc/inst/gen_axilite.gen_b2s_conv.axilite_b2s/WR.b_channel_0/bid_fifo_0/SR[0]                           |                3 |              8 |         2.67 |
|  IPv2_0_i/processing_system7_0/inst/FCLK_CLK0 |                                                                                                                                                              | IPv2_0_i/FFT_0/inst/FFT053_U0/FFT_fmul_32ns_32ndEe_U18/FFT_ap_fmul_2_max_dsp_32_u/U0/i_synth/MULT.OP/i_non_prim.EXP/STATE_DELAY/i_pipe/state_op[0] |                2 |              8 |         4.00 |
|  IPv2_0_i/processing_system7_0/inst/FCLK_CLK0 |                                                                                                                                                              | IPv2_0_i/FFT_0/inst/FFT053_U0/FFT_fmul_32ns_32ndEe_U17/FFT_ap_fmul_2_max_dsp_32_u/U0/i_synth/MULT.OP/i_non_prim.EXP/STATE_DELAY/i_pipe/state_op[0] |                3 |              8 |         2.67 |
|  IPv2_0_i/processing_system7_0/inst/FCLK_CLK0 | IPv2_0_i/FFT_0/inst/FFT056_U0/sext_ln58_2_reg_372[4]_i_1_n_1                                                                                                 |                                                                                                                                                    |                3 |              8 |         2.67 |
|  IPv2_0_i/processing_system7_0/inst/FCLK_CLK0 |                                                                                                                                                              | IPv2_0_i/FFT_0/inst/FFT053_U0/FFT_fmul_32ns_32ndEe_U16/FFT_ap_fmul_2_max_dsp_32_u/U0/i_synth/MULT.OP/i_non_prim.EXP/STATE_DELAY/i_pipe/state_op[0] |                3 |              8 |         2.67 |
|  IPv2_0_i/processing_system7_0/inst/FCLK_CLK0 |                                                                                                                                                              | IPv2_0_i/FFT_0/inst/FFT056_U0/FFT_fmul_32ns_32ndEe_U65/FFT_ap_fmul_2_max_dsp_32_u/U0/i_synth/MULT.OP/i_non_prim.EXP/STATE_DELAY/i_pipe/state_op[0] |                2 |              8 |         4.00 |
|  IPv2_0_i/processing_system7_0/inst/FCLK_CLK0 |                                                                                                                                                              | IPv2_0_i/FFT_0/inst/FFT056_U0/FFT_fmul_32ns_32ndEe_U63/FFT_ap_fmul_2_max_dsp_32_u/U0/i_synth/MULT.OP/i_non_prim.EXP/STATE_DELAY/i_pipe/state_op[0] |                3 |              8 |         2.67 |
|  IPv2_0_i/processing_system7_0/inst/FCLK_CLK0 |                                                                                                                                                              | IPv2_0_i/FFT_0/inst/FFT056_U0/FFT_fmul_32ns_32ndEe_U64/FFT_ap_fmul_2_max_dsp_32_u/U0/i_synth/MULT.OP/i_non_prim.EXP/STATE_DELAY/i_pipe/state_op[0] |                2 |              8 |         4.00 |
|  IPv2_0_i/processing_system7_0/inst/FCLK_CLK0 |                                                                                                                                                              | IPv2_0_i/FFT_0/inst/FFT056_U0/FFT_fmul_32ns_32ndEe_U66/FFT_ap_fmul_2_max_dsp_32_u/U0/i_synth/MULT.OP/i_non_prim.EXP/STATE_DELAY/i_pipe/state_op[0] |                3 |              8 |         2.67 |
|  IPv2_0_i/processing_system7_0/inst/FCLK_CLK0 |                                                                                                                                                              | IPv2_0_i/FFT_0/inst/FFT055_U0/FFT_fmul_32ns_32ndEe_U51/FFT_ap_fmul_2_max_dsp_32_u/U0/i_synth/MULT.OP/i_non_prim.EXP/STATE_DELAY/i_pipe/state_op[0] |                2 |              8 |         4.00 |
|  IPv2_0_i/processing_system7_0/inst/FCLK_CLK0 |                                                                                                                                                              | IPv2_0_i/FFT_0/inst/FFT057_U0/FFT_fmul_32ns_32ndEe_U77/FFT_ap_fmul_2_max_dsp_32_u/U0/i_synth/MULT.OP/i_non_prim.EXP/STATE_DELAY/i_pipe/state_op[0] |                3 |              8 |         2.67 |
|  IPv2_0_i/processing_system7_0/inst/FCLK_CLK0 |                                                                                                                                                              | IPv2_0_i/FFT_0/inst/FFT057_U0/FFT_fmul_32ns_32ndEe_U78/FFT_ap_fmul_2_max_dsp_32_u/U0/i_synth/MULT.OP/i_non_prim.EXP/STATE_DELAY/i_pipe/state_op[0] |                3 |              8 |         2.67 |
|  IPv2_0_i/processing_system7_0/inst/FCLK_CLK0 | IPv2_0_i/FFT_0/inst/FFT055_U0/sext_ln58_3_reg_372[4]_i_1_n_1                                                                                                 |                                                                                                                                                    |                3 |              9 |         3.00 |
|  IPv2_0_i/processing_system7_0/inst/FCLK_CLK0 | IPv2_0_i/FFT_0/inst/FFT_AXILiteS_s_axi_U/aw_hs                                                                                                               |                                                                                                                                                    |                2 |             10 |         5.00 |
|  IPv2_0_i/processing_system7_0/inst/FCLK_CLK0 |                                                                                                                                                              | IPv2_0_i/ps7_0_axi_periph/s00_couplers/auto_pc/inst/gen_axilite.gen_b2s_conv.axilite_b2s/areset_d1                                                 |                3 |             10 |         3.33 |
|  IPv2_0_i/processing_system7_0/inst/FCLK_CLK0 | IPv2_0_i/FFT_0/inst/FFT056_U0/Q[0]                                                                                                                           |                                                                                                                                                    |                5 |             10 |         2.00 |
|  IPv2_0_i/processing_system7_0/inst/FCLK_CLK0 | IPv2_0_i/FFT_0/inst/FFT054_U0/sext_ln58_4_reg_372[4]_i_1_n_1                                                                                                 |                                                                                                                                                    |                4 |             10 |         2.50 |
|  IPv2_0_i/processing_system7_0/inst/FCLK_CLK0 |                                                                                                                                                              | IPv2_0_i/ps7_0_axi_periph/xbar/inst/gen_sasd.crossbar_sasd_0/addr_arbiter_inst/SR[0]                                                               |                5 |             11 |         2.20 |
|  IPv2_0_i/processing_system7_0/inst/FCLK_CLK0 | IPv2_0_i/FFT_0/inst/FFT055_U0/Q[1]                                                                                                                           |                                                                                                                                                    |                4 |             11 |         2.75 |
|  IPv2_0_i/processing_system7_0/inst/FCLK_CLK0 | IPv2_0_i/ps7_0_axi_periph/s00_couplers/auto_pc/inst/gen_axilite.gen_b2s_conv.axilite_b2s/WR.aw_channel_0/cmd_translator_0/incr_cmd_0/axaddr_incr[11]_i_1_n_0 |                                                                                                                                                    |                2 |             12 |         6.00 |
|  IPv2_0_i/processing_system7_0/inst/FCLK_CLK0 | IPv2_0_i/ps7_0_axi_periph/s00_couplers/auto_pc/inst/gen_axilite.gen_b2s_conv.axilite_b2s/WR.aw_channel_0/aw_cmd_fsm_0/FSM_sequential_state_reg[1]_0[0]       |                                                                                                                                                    |                7 |             12 |         1.71 |
|  IPv2_0_i/processing_system7_0/inst/FCLK_CLK0 | IPv2_0_i/ps7_0_axi_periph/s00_couplers/auto_pc/inst/gen_axilite.gen_b2s_conv.axilite_b2s/RD.ar_channel_0/ar_cmd_fsm_0/E[0]                                   |                                                                                                                                                    |                4 |             12 |         3.00 |
|  IPv2_0_i/processing_system7_0/inst/FCLK_CLK0 | IPv2_0_i/ps7_0_axi_periph/s00_couplers/auto_pc/inst/gen_axilite.gen_b2s_conv.axilite_b2s/RD.ar_channel_0/ar_cmd_fsm_0/sel_first_reg[0]                       |                                                                                                                                                    |                2 |             12 |         6.00 |
|  IPv2_0_i/processing_system7_0/inst/FCLK_CLK0 | IPv2_0_i/FFT_0/inst/FFT054_U0/Q[1]                                                                                                                           |                                                                                                                                                    |                5 |             12 |         2.40 |
|  IPv2_0_i/processing_system7_0/inst/FCLK_CLK0 | IPv2_0_i/ps7_0_axi_periph/s00_couplers/auto_pc/inst/gen_axilite.gen_b2s_conv.axilite_b2s/RD.r_channel_0/r_push_r                                             |                                                                                                                                                    |                4 |             13 |         3.25 |
|  IPv2_0_i/processing_system7_0/inst/FCLK_CLK0 | IPv2_0_i/ps7_0_axi_periph/s00_couplers/auto_pc/inst/gen_axilite.gen_b2s_conv.axilite_b2s/SI_REG/b.b_pipe/p_1_in                                              |                                                                                                                                                    |                2 |             14 |         7.00 |
|  IPv2_0_i/processing_system7_0/inst/FCLK_CLK0 | IPv2_0_i/ps7_0_axi_periph/s00_couplers/auto_pc/inst/gen_axilite.gen_b2s_conv.axilite_b2s/SI_REG/b.b_pipe/s_ready_i_reg_0                                     |                                                                                                                                                    |                2 |             14 |         7.00 |
|  IPv2_0_i/processing_system7_0/inst/FCLK_CLK0 |                                                                                                                                                              | IPv2_0_i/counter_0/inst/counter_AXILiteS_s_axi_U/ap_rst_n_inv                                                                                      |                6 |             15 |         2.50 |
|  IPv2_0_i/processing_system7_0/inst/FCLK_CLK0 | IPv2_0_i/ps7_0_axi_periph/s00_couplers/auto_pc/inst/gen_axilite.gen_b2s_conv.axilite_b2s/WR.b_channel_0/bid_fifo_0/sel                                       |                                                                                                                                                    |                3 |             16 |         5.33 |
|  IPv2_0_i/processing_system7_0/inst/FCLK_CLK0 | IPv2_0_i/FFT_0/inst/FFT056_U0/W_M_real62_U/FFT053_W_M_real65_rom_U/E[0]                                                                                      |                                                                                                                                                    |                3 |             18 |         6.00 |
|  IPv2_0_i/processing_system7_0/inst/FCLK_CLK0 | IPv2_0_i/FFT_0/inst/FFT056_U0/p_r_M_imag_reg_4040                                                                                                            |                                                                                                                                                    |                4 |             19 |         4.75 |
|  IPv2_0_i/processing_system7_0/inst/FCLK_CLK0 |                                                                                                                                                              | IPv2_0_i/FFT_0/inst/FFT053_U0/FFT_fmul_32ns_32ndEe_U18/FFT_ap_fmul_2_max_dsp_32_u/U0/i_synth/MULT.OP/i_non_prim.EXP/SIG_DELAY/i_pipe/state_op[0]   |                7 |             22 |         3.14 |
|  IPv2_0_i/processing_system7_0/inst/FCLK_CLK0 |                                                                                                                                                              | IPv2_0_i/FFT_0/inst/FFT055_U0/FFT_fmul_32ns_32ndEe_U52/FFT_ap_fmul_2_max_dsp_32_u/U0/i_synth/MULT.OP/i_non_prim.EXP/SIG_DELAY/i_pipe/state_op[0]   |                8 |             22 |         2.75 |
|  IPv2_0_i/processing_system7_0/inst/FCLK_CLK0 |                                                                                                                                                              | IPv2_0_i/FFT_0/inst/FFT056_U0/FFT_fmul_32ns_32ndEe_U63/FFT_ap_fmul_2_max_dsp_32_u/U0/i_synth/MULT.OP/i_non_prim.EXP/SIG_DELAY/i_pipe/state_op[0]   |                9 |             22 |         2.44 |
|  IPv2_0_i/processing_system7_0/inst/FCLK_CLK0 |                                                                                                                                                              | IPv2_0_i/FFT_0/inst/FFT057_U0/FFT_fmul_32ns_32ndEe_U80/FFT_ap_fmul_2_max_dsp_32_u/U0/i_synth/MULT.OP/i_non_prim.EXP/SIG_DELAY/i_pipe/state_op[0]   |                8 |             22 |         2.75 |
|  IPv2_0_i/processing_system7_0/inst/FCLK_CLK0 |                                                                                                                                                              | IPv2_0_i/FFT_0/inst/FFT053_U0/FFT_fmul_32ns_32ndEe_U17/FFT_ap_fmul_2_max_dsp_32_u/U0/i_synth/MULT.OP/i_non_prim.EXP/SIG_DELAY/i_pipe/state_op[0]   |                8 |             22 |         2.75 |
|  IPv2_0_i/processing_system7_0/inst/FCLK_CLK0 |                                                                                                                                                              | IPv2_0_i/FFT_0/inst/FFT053_U0/FFT_fmul_32ns_32ndEe_U16/FFT_ap_fmul_2_max_dsp_32_u/U0/i_synth/MULT.OP/i_non_prim.EXP/SIG_DELAY/i_pipe/state_op[0]   |                7 |             22 |         3.14 |
|  IPv2_0_i/processing_system7_0/inst/FCLK_CLK0 |                                                                                                                                                              | IPv2_0_i/FFT_0/inst/FFT056_U0/FFT_fmul_32ns_32ndEe_U64/FFT_ap_fmul_2_max_dsp_32_u/U0/i_synth/MULT.OP/i_non_prim.EXP/SIG_DELAY/i_pipe/state_op[0]   |                7 |             22 |         3.14 |
|  IPv2_0_i/processing_system7_0/inst/FCLK_CLK0 |                                                                                                                                                              | IPv2_0_i/FFT_0/inst/FFT057_U0/FFT_fmul_32ns_32ndEe_U79/FFT_ap_fmul_2_max_dsp_32_u/U0/i_synth/MULT.OP/i_non_prim.EXP/SIG_DELAY/i_pipe/state_op[0]   |                7 |             22 |         3.14 |
|  IPv2_0_i/processing_system7_0/inst/FCLK_CLK0 |                                                                                                                                                              | IPv2_0_i/FFT_0/inst/FFT055_U0/FFT_fmul_32ns_32ndEe_U51/FFT_ap_fmul_2_max_dsp_32_u/U0/i_synth/MULT.OP/i_non_prim.EXP/SIG_DELAY/i_pipe/state_op[0]   |                6 |             22 |         3.67 |
|  IPv2_0_i/processing_system7_0/inst/FCLK_CLK0 |                                                                                                                                                              | IPv2_0_i/FFT_0/inst/FFT057_U0/FFT_fmul_32ns_32ndEe_U78/FFT_ap_fmul_2_max_dsp_32_u/U0/i_synth/MULT.OP/i_non_prim.EXP/SIG_DELAY/i_pipe/state_op[0]   |                7 |             22 |         3.14 |
|  IPv2_0_i/processing_system7_0/inst/FCLK_CLK0 |                                                                                                                                                              | IPv2_0_i/FFT_0/inst/FFT055_U0/FFT_fmul_32ns_32ndEe_U50/FFT_ap_fmul_2_max_dsp_32_u/U0/i_synth/MULT.OP/i_non_prim.EXP/SIG_DELAY/i_pipe/state_op[0]   |                7 |             22 |         3.14 |
|  IPv2_0_i/processing_system7_0/inst/FCLK_CLK0 |                                                                                                                                                              | IPv2_0_i/FFT_0/inst/FFT055_U0/FFT_fmul_32ns_32ndEe_U49/FFT_ap_fmul_2_max_dsp_32_u/U0/i_synth/MULT.OP/i_non_prim.EXP/SIG_DELAY/i_pipe/state_op[0]   |                6 |             22 |         3.67 |
|  IPv2_0_i/processing_system7_0/inst/FCLK_CLK0 |                                                                                                                                                              | IPv2_0_i/FFT_0/inst/FFT057_U0/FFT_fmul_32ns_32ndEe_U77/FFT_ap_fmul_2_max_dsp_32_u/U0/i_synth/MULT.OP/i_non_prim.EXP/SIG_DELAY/i_pipe/state_op[0]   |                6 |             22 |         3.67 |
|  IPv2_0_i/processing_system7_0/inst/FCLK_CLK0 |                                                                                                                                                              | IPv2_0_i/FFT_0/inst/FFT054_U0/FFT_fmul_32ns_32ndEe_U38/FFT_ap_fmul_2_max_dsp_32_u/U0/i_synth/MULT.OP/i_non_prim.EXP/SIG_DELAY/i_pipe/state_op[0]   |                8 |             22 |         2.75 |
|  IPv2_0_i/processing_system7_0/inst/FCLK_CLK0 |                                                                                                                                                              | IPv2_0_i/FFT_0/inst/FFT054_U0/FFT_fmul_32ns_32ndEe_U37/FFT_ap_fmul_2_max_dsp_32_u/U0/i_synth/MULT.OP/i_non_prim.EXP/SIG_DELAY/i_pipe/state_op[0]   |                7 |             22 |         3.14 |
|  IPv2_0_i/processing_system7_0/inst/FCLK_CLK0 |                                                                                                                                                              | IPv2_0_i/FFT_0/inst/FFT054_U0/FFT_fmul_32ns_32ndEe_U36/FFT_ap_fmul_2_max_dsp_32_u/U0/i_synth/MULT.OP/i_non_prim.EXP/SIG_DELAY/i_pipe/state_op[0]   |                8 |             22 |         2.75 |
|  IPv2_0_i/processing_system7_0/inst/FCLK_CLK0 |                                                                                                                                                              | IPv2_0_i/FFT_0/inst/FFT056_U0/FFT_fmul_32ns_32ndEe_U66/FFT_ap_fmul_2_max_dsp_32_u/U0/i_synth/MULT.OP/i_non_prim.EXP/SIG_DELAY/i_pipe/state_op[0]   |                6 |             22 |         3.67 |
|  IPv2_0_i/processing_system7_0/inst/FCLK_CLK0 |                                                                                                                                                              | IPv2_0_i/FFT_0/inst/FFT054_U0/FFT_fmul_32ns_32ndEe_U35/FFT_ap_fmul_2_max_dsp_32_u/U0/i_synth/MULT.OP/i_non_prim.EXP/SIG_DELAY/i_pipe/state_op[0]   |                8 |             22 |         2.75 |
|  IPv2_0_i/processing_system7_0/inst/FCLK_CLK0 |                                                                                                                                                              | IPv2_0_i/FFT_0/inst/FFT056_U0/FFT_fmul_32ns_32ndEe_U65/FFT_ap_fmul_2_max_dsp_32_u/U0/i_synth/MULT.OP/i_non_prim.EXP/SIG_DELAY/i_pipe/state_op[0]   |                7 |             22 |         3.14 |
|  IPv2_0_i/processing_system7_0/inst/FCLK_CLK0 |                                                                                                                                                              | IPv2_0_i/FFT_0/inst/FFT053_U0/FFT_fmul_32ns_32ndEe_U19/FFT_ap_fmul_2_max_dsp_32_u/U0/i_synth/MULT.OP/i_non_prim.EXP/SIG_DELAY/i_pipe/state_op[0]   |                7 |             22 |         3.14 |
|  IPv2_0_i/processing_system7_0/inst/FCLK_CLK0 | IPv2_0_i/ps7_0_axi_periph/s00_couplers/auto_pc/inst/gen_axilite.gen_b2s_conv.axilite_b2s/RD.ar_channel_0/ar_cmd_fsm_0/m_valid_i_reg[0]                       |                                                                                                                                                    |               12 |             24 |         2.00 |
|  IPv2_0_i/processing_system7_0/inst/FCLK_CLK0 | IPv2_0_i/ps7_0_axi_periph/s00_couplers/auto_pc/inst/gen_axilite.gen_b2s_conv.axilite_b2s/WR.aw_channel_0/aw_cmd_fsm_0/E[0]                                   |                                                                                                                                                    |               10 |             24 |         2.40 |
|  IPv2_0_i/processing_system7_0/inst/FCLK_CLK0 | IPv2_0_i/ps7_0_axi_periph/xbar/inst/gen_sasd.crossbar_sasd_0/addr_arbiter_inst/p_0_in1_in                                                                    | IPv2_0_i/ps7_0_axi_periph/xbar/inst/gen_sasd.crossbar_sasd_0/addr_arbiter_inst/SR[0]                                                               |                9 |             26 |         2.89 |
|  IPv2_0_i/processing_system7_0/inst/FCLK_CLK0 | IPv2_0_i/counter_0/inst/counter_AXILiteS_s_axi_U/rdata[31]_i_2_n_0                                                                                           | IPv2_0_i/counter_0/inst/counter_AXILiteS_s_axi_U/rdata[31]_i_1_n_0                                                                                 |                8 |             27 |         3.38 |
|  IPv2_0_i/processing_system7_0/inst/FCLK_CLK0 | IPv2_0_i/FFT_0/inst/FFT056_U0/butterfly_pass_0_i_reg_185                                                                                                     | IPv2_0_i/FFT_0/inst/FFT056_U0/butterfly_pass_0_i_reg_185[0]_i_1__1_n_1                                                                             |                8 |             32 |         4.00 |
|  IPv2_0_i/processing_system7_0/inst/FCLK_CLK0 | IPv2_0_i/FFT_0/inst/FFT056_U0/butterfly_pass_0_i_reg_1851                                                                                                    | IPv2_0_i/FFT_0/inst/FFT056_U0/butterfly_span_0_i_reg_174[0]_i_1__1_n_1                                                                             |                8 |             32 |         4.00 |
|  IPv2_0_i/processing_system7_0/inst/FCLK_CLK0 | IPv2_0_i/FFT_0/inst/FFT057_U0/butterfly_pass_0_reg_1891                                                                                                      | IPv2_0_i/FFT_0/inst/FFT057_U0/index_reg_178[0]_i_1_n_1                                                                                             |                8 |             32 |         4.00 |
|  IPv2_0_i/processing_system7_0/inst/FCLK_CLK0 | IPv2_0_i/FFT_0/inst/FFT_AXILiteS_s_axi_U/rdata[31]_i_1_n_1                                                                                                   |                                                                                                                                                    |               11 |             32 |         2.91 |
|  IPv2_0_i/processing_system7_0/inst/FCLK_CLK0 | IPv2_0_i/FFT_0/inst/rdata_reg[31]_i_12_n_1                                                                                                                   |                                                                                                                                                    |               10 |             32 |         3.20 |
|  IPv2_0_i/processing_system7_0/inst/FCLK_CLK0 | IPv2_0_i/FFT_0/inst/rdata_reg[31]_i_13_n_1                                                                                                                   |                                                                                                                                                    |               10 |             32 |         3.20 |
|  IPv2_0_i/processing_system7_0/inst/FCLK_CLK0 | IPv2_0_i/FFT_0/inst/rdata_reg[31]_i_9_n_1                                                                                                                    |                                                                                                                                                    |                9 |             32 |         3.56 |
|  IPv2_0_i/processing_system7_0/inst/FCLK_CLK0 | IPv2_0_i/FFT_0/inst/rdata_reg[31]_i_8_n_1                                                                                                                    |                                                                                                                                                    |                9 |             32 |         3.56 |
|  IPv2_0_i/processing_system7_0/inst/FCLK_CLK0 | IPv2_0_i/FFT_0/inst/FFT053_U0/butterfly_pass_0_i_reg_1871                                                                                                    | IPv2_0_i/FFT_0/inst/FFT053_U0/butterfly_pass_0_i_reg_187[0]_i_1_n_1                                                                                |                8 |             32 |         4.00 |
|  IPv2_0_i/processing_system7_0/inst/FCLK_CLK0 | IPv2_0_i/FFT_0/inst/FFT055_U0/butterfly_pass_0_i_reg_1851                                                                                                    | IPv2_0_i/FFT_0/inst/FFT055_U0/butterfly_span_0_i_reg_174[0]_i_1__0_n_1                                                                             |                8 |             32 |         4.00 |
|  IPv2_0_i/processing_system7_0/inst/FCLK_CLK0 | IPv2_0_i/counter_0/inst/counter_AXILiteS_s_axi_U/ap_start                                                                                                    |                                                                                                                                                    |                8 |             32 |         4.00 |
|  IPv2_0_i/processing_system7_0/inst/FCLK_CLK0 | IPv2_0_i/FFT_0/inst/FFT055_U0/butterfly_pass_0_i_reg_185                                                                                                     | IPv2_0_i/FFT_0/inst/FFT055_U0/butterfly_pass_0_i_reg_185[0]_i_1__0_n_1                                                                             |                8 |             32 |         4.00 |
|  IPv2_0_i/processing_system7_0/inst/FCLK_CLK0 | IPv2_0_i/counter_0/inst/counter_AXILiteS_s_axi_U/ap_start                                                                                                    | IPv2_0_i/counter_0/inst/counter_AXILiteS_s_axi_U/ap_rst_n_inv                                                                                      |                9 |             32 |         3.56 |
|  IPv2_0_i/processing_system7_0/inst/FCLK_CLK0 | IPv2_0_i/FFT_0/inst/FFT054_U0/butterfly_pass_0_i_reg_185                                                                                                     | IPv2_0_i/FFT_0/inst/FFT054_U0/butterfly_pass_0_i_reg_185[0]_i_1_n_1                                                                                |                8 |             32 |         4.00 |
|  IPv2_0_i/processing_system7_0/inst/FCLK_CLK0 | IPv2_0_i/FFT_0/inst/FFT054_U0/butterfly_pass_0_i_reg_1851                                                                                                    | IPv2_0_i/FFT_0/inst/FFT054_U0/butterfly_span_0_i_reg_174[0]_i_1_n_1                                                                                |                8 |             32 |         4.00 |
|  IPv2_0_i/processing_system7_0/inst/FCLK_CLK0 | IPv2_0_i/ps7_0_axi_periph/s00_couplers/auto_pc/inst/gen_axilite.gen_b2s_conv.axilite_b2s/RD.r_channel_0/rd_data_fifo_0/wr_en0                                |                                                                                                                                                    |                9 |             34 |         3.78 |
|  IPv2_0_i/processing_system7_0/inst/FCLK_CLK0 | IPv2_0_i/ps7_0_axi_periph/xbar/inst/gen_sasd.crossbar_sasd_0/addr_arbiter_inst/E[0]                                                                          |                                                                                                                                                    |                8 |             35 |         4.38 |
|  IPv2_0_i/processing_system7_0/inst/FCLK_CLK0 | IPv2_0_i/ps7_0_axi_periph/s00_couplers/auto_pc/inst/gen_axilite.gen_b2s_conv.axilite_b2s/SI_REG/r.r_pipe/p_1_in                                              |                                                                                                                                                    |                7 |             47 |         6.71 |
|  IPv2_0_i/processing_system7_0/inst/FCLK_CLK0 | IPv2_0_i/FFT_0/inst/FFT057_U0/W_M_real_U/FFT053_W_M_real65_rom_U/E[0]                                                                                        |                                                                                                                                                    |               11 |             47 |         4.27 |
|  IPv2_0_i/processing_system7_0/inst/FCLK_CLK0 | IPv2_0_i/ps7_0_axi_periph/s00_couplers/auto_pc/inst/gen_axilite.gen_b2s_conv.axilite_b2s/SI_REG/r.r_pipe/s_ready_i_reg_0                                     |                                                                                                                                                    |                8 |             47 |         5.88 |
|  IPv2_0_i/processing_system7_0/inst/FCLK_CLK0 | IPv2_0_i/ps7_0_axi_periph/s00_couplers/auto_pc/inst/gen_axilite.gen_b2s_conv.axilite_b2s/SI_REG/aw.aw_pipe/s_ready_i_reg_0                                   |                                                                                                                                                    |               10 |             48 |         4.80 |
|  IPv2_0_i/processing_system7_0/inst/FCLK_CLK0 | IPv2_0_i/ps7_0_axi_periph/s00_couplers/auto_pc/inst/gen_axilite.gen_b2s_conv.axilite_b2s/WR.b_channel_0/bid_fifo_0/E[0]                                      |                                                                                                                                                    |                8 |             48 |         6.00 |
|  IPv2_0_i/processing_system7_0/inst/FCLK_CLK0 | IPv2_0_i/ps7_0_axi_periph/s00_couplers/auto_pc/inst/gen_axilite.gen_b2s_conv.axilite_b2s/SI_REG/ar.ar_pipe/s_ready_i_reg_0                                   |                                                                                                                                                    |               10 |             48 |         4.80 |
|  IPv2_0_i/processing_system7_0/inst/FCLK_CLK0 | IPv2_0_i/ps7_0_axi_periph/s00_couplers/auto_pc/inst/gen_axilite.gen_b2s_conv.axilite_b2s/RD.ar_channel_0/ar_cmd_fsm_0/m_valid_i_reg_1[0]                     |                                                                                                                                                    |                7 |             48 |         6.86 |
|  IPv2_0_i/processing_system7_0/inst/FCLK_CLK0 | IPv2_0_i/FFT_0/inst/FFT057_U0/p_r_M_imag_reg_4040                                                                                                            |                                                                                                                                                    |               11 |             48 |         4.36 |
|  IPv2_0_i/processing_system7_0/inst/FCLK_CLK0 | IPv2_0_i/FFT_0/inst/FFT057_U0/Product_M_real_reg_458[31]_i_1__2_n_1                                                                                          |                                                                                                                                                    |               12 |             64 |         5.33 |
|  IPv2_0_i/processing_system7_0/inst/FCLK_CLK0 | IPv2_0_i/FFT_0/inst/FFT057_U0/p_t_imag_reg_4160                                                                                                              |                                                                                                                                                    |               10 |             64 |         6.40 |
|  IPv2_0_i/processing_system7_0/inst/FCLK_CLK0 | IPv2_0_i/FFT_0/inst/FFT057_U0/p_r_M_imag_1_reg_4760                                                                                                          |                                                                                                                                                    |               10 |             64 |         6.40 |
|  IPv2_0_i/processing_system7_0/inst/FCLK_CLK0 | IPv2_0_i/FFT_0/inst/FFT053_U0/Product_M_real_reg_462[31]_i_1_n_1                                                                                             |                                                                                                                                                    |               17 |             64 |         3.76 |
|  IPv2_0_i/processing_system7_0/inst/FCLK_CLK0 | IPv2_0_i/FFT_0/inst/FFT053_U0/p_r_M_imag_5_reg_4800                                                                                                          |                                                                                                                                                    |                9 |             64 |         7.11 |
|  IPv2_0_i/processing_system7_0/inst/FCLK_CLK0 | IPv2_0_i/FFT_0/inst/ram_reg_i_58__20_n_1                                                                                                                     |                                                                                                                                                    |               17 |             64 |         3.76 |
|  IPv2_0_i/processing_system7_0/inst/FCLK_CLK0 | IPv2_0_i/FFT_0/inst/FFT053_U0/p_t_imag_reg_4200                                                                                                              |                                                                                                                                                    |               15 |             64 |         4.27 |
|  IPv2_0_i/processing_system7_0/inst/FCLK_CLK0 | IPv2_0_i/FFT_0/inst/FFT055_U0/p_t_imag_reg_4160                                                                                                              |                                                                                                                                                    |                9 |             64 |         7.11 |
|  IPv2_0_i/processing_system7_0/inst/FCLK_CLK0 | IPv2_0_i/FFT_0/inst/FFT056_U0/Product_M_real_reg_458[31]_i_1__1_n_1                                                                                          |                                                                                                                                                    |               16 |             64 |         4.00 |
|  IPv2_0_i/processing_system7_0/inst/FCLK_CLK0 | IPv2_0_i/FFT_0/inst/FFT055_U0/p_r_M_imag_3_reg_4760                                                                                                          |                                                                                                                                                    |               10 |             64 |         6.40 |
|  IPv2_0_i/processing_system7_0/inst/FCLK_CLK0 | IPv2_0_i/FFT_0/inst/FFT056_U0/p_t_imag_reg_4160                                                                                                              |                                                                                                                                                    |               10 |             64 |         6.40 |
|  IPv2_0_i/processing_system7_0/inst/FCLK_CLK0 | IPv2_0_i/FFT_0/inst/FFT056_U0/p_r_M_imag_2_reg_4760                                                                                                          |                                                                                                                                                    |                9 |             64 |         7.11 |
|  IPv2_0_i/processing_system7_0/inst/FCLK_CLK0 | IPv2_0_i/FFT_0/inst/FFT054_U0/p_t_imag_reg_4160                                                                                                              |                                                                                                                                                    |               11 |             64 |         5.82 |
|  IPv2_0_i/processing_system7_0/inst/FCLK_CLK0 | IPv2_0_i/FFT_0/inst/FFT054_U0/p_r_M_imag_4_reg_4760                                                                                                          |                                                                                                                                                    |               10 |             64 |         6.40 |
|  IPv2_0_i/processing_system7_0/inst/FCLK_CLK0 | IPv2_0_i/FFT_0/inst/FFT055_U0/Product_M_real_reg_458[31]_i_1__0_n_1                                                                                          |                                                                                                                                                    |               14 |             64 |         4.57 |
|  IPv2_0_i/processing_system7_0/inst/FCLK_CLK0 | IPv2_0_i/FFT_0/inst/FFT054_U0/Product_M_real_reg_458[31]_i_1_n_1                                                                                             |                                                                                                                                                    |               13 |             64 |         4.92 |
|  IPv2_0_i/processing_system7_0/inst/FCLK_CLK0 | IPv2_0_i/FFT_0/inst/FFT057_U0/complex_M_imag_writ_reg_487[31]_i_1__1_n_1                                                                                     |                                                                                                                                                    |               40 |            128 |         3.20 |
|  IPv2_0_i/processing_system7_0/inst/FCLK_CLK0 | IPv2_0_i/FFT_0/inst/FFT055_U0/complex_M_imag_writ_reg_487[31]_i_1__0_n_1                                                                                     |                                                                                                                                                    |               35 |            128 |         3.66 |
|  IPv2_0_i/processing_system7_0/inst/FCLK_CLK0 | IPv2_0_i/FFT_0/inst/FFT055_U0/tmp_i_i_i_reg_422[31]_i_1__0_n_1                                                                                               |                                                                                                                                                    |               41 |            128 |         3.12 |
|  IPv2_0_i/processing_system7_0/inst/FCLK_CLK0 | IPv2_0_i/FFT_0/inst/FFT053_U0/complex_M_imag_writ_reg_491[31]_i_1_n_1                                                                                        |                                                                                                                                                    |               31 |            128 |         4.13 |
|  IPv2_0_i/processing_system7_0/inst/FCLK_CLK0 | IPv2_0_i/FFT_0/inst/FFT053_U0/tmp_i_i_i_reg_426[31]_i_1_n_1                                                                                                  |                                                                                                                                                    |               36 |            128 |         3.56 |
|  IPv2_0_i/processing_system7_0/inst/FCLK_CLK0 | IPv2_0_i/FFT_0/inst/FFT054_U0/tmp_i_i_i_reg_422[31]_i_1_n_1                                                                                                  |                                                                                                                                                    |               51 |            128 |         2.51 |
|  IPv2_0_i/processing_system7_0/inst/FCLK_CLK0 | IPv2_0_i/FFT_0/inst/FFT054_U0/complex_M_imag_writ_reg_487[31]_i_1_n_1                                                                                        |                                                                                                                                                    |               29 |            128 |         4.41 |
|  IPv2_0_i/processing_system7_0/inst/FCLK_CLK0 | IPv2_0_i/FFT_0/inst/FFT056_U0/complex_M_real_writ_reg_482[31]_i_1_n_1                                                                                        |                                                                                                                                                    |               27 |            128 |         4.74 |
|  IPv2_0_i/processing_system7_0/inst/FCLK_CLK0 | IPv2_0_i/FFT_0/inst/FFT057_U0/tmp_i_i_reg_422[31]_i_1_n_1                                                                                                    |                                                                                                                                                    |               36 |            128 |         3.56 |
|  IPv2_0_i/processing_system7_0/inst/FCLK_CLK0 | IPv2_0_i/FFT_0/inst/FFT056_U0/tmp_i_i_i_reg_422[31]_i_1__1_n_1                                                                                               |                                                                                                                                                    |               31 |            128 |         4.13 |
|  IPv2_0_i/processing_system7_0/inst/FCLK_CLK0 |                                                                                                                                                              | IPv2_0_i/FFT_0/inst/Block_codeRepl11320_U0/ap_rst_n_inv                                                                                            |               90 |            231 |         2.57 |
|  IPv2_0_i/processing_system7_0/inst/FCLK_CLK0 |                                                                                                                                                              |                                                                                                                                                    |             1737 |           5688 |         3.27 |
+-----------------------------------------------+--------------------------------------------------------------------------------------------------------------------------------------------------------------+----------------------------------------------------------------------------------------------------------------------------------------------------+------------------+----------------+--------------+


