
*** Running vivado
    with args -log IPv2_0_counter_0_0.vds -m64 -product Vivado -mode batch -messageDb vivado.pb -notrace -source IPv2_0_counter_0_0.tcl


****** Vivado v2020.1 (64-bit)
  **** SW Build 2902540 on Wed May 27 19:54:35 MDT 2020
  **** IP Build 2902112 on Wed May 27 22:43:36 MDT 2020
    ** Copyright 1986-2020 Xilinx, Inc. All Rights Reserved.

source IPv2_0_counter_0_0.tcl -notrace
INFO: [IP_Flow 19-234] Refreshing IP repositories
INFO: [IP_Flow 19-1700] Loaded user IP repository '/home/arjunmenonv/Arjun_acads/Year3/CompOrg/HW-Spectrum-Analyzer/SpecAnalv2/soln_v2'.
INFO: [IP_Flow 19-1700] Loaded user IP repository '/home/arjunmenonv/Arjun_acads/Year3/CompOrg/HW-Spectrum-Analyzer/SpecAnalv2/perf_ctr/solution1'.
INFO: [IP_Flow 19-2313] Loaded Vivado IP repository '/tools/Xilinx/Vivado/2020.1/data/ip'.
Command: synth_design -top IPv2_0_counter_0_0 -part xc7z020clg400-1 -mode out_of_context
Starting synth_design
Attempting to get a license for feature 'Synthesis' and/or device 'xc7z020'
INFO: [Common 17-349] Got license for feature 'Synthesis' and/or device 'xc7z020'
INFO: [Device 21-403] Loading part xc7z020clg400-1
INFO: [Synth 8-7079] Multithreading enabled for synth_design using a maximum of 4 processes.
INFO: [Synth 8-7078] Launching helper process for spawning children vivado processes
INFO: [Synth 8-7075] Helper process launched with PID 9282
---------------------------------------------------------------------------------
Starting RTL Elaboration : Time (s): cpu = 00:00:07 ; elapsed = 00:00:09 . Memory (MB): peak = 2149.305 ; gain = 0.000 ; free physical = 1004 ; free virtual = 2828
---------------------------------------------------------------------------------
INFO: [Synth 8-6157] synthesizing module 'IPv2_0_counter_0_0' [/home/arjunmenonv/Arjun_acads/Year3/CompOrg/HW-Spectrum-Analyzer/SpecAnalv2/FFT32v2_IP/FFT32v2_IP.srcs/sources_1/bd/IPv2_0/ip/IPv2_0_counter_0_0/synth/IPv2_0_counter_0_0.v:58]
INFO: [Synth 8-6157] synthesizing module 'counter' [/home/arjunmenonv/Arjun_acads/Year3/CompOrg/HW-Spectrum-Analyzer/SpecAnalv2/FFT32v2_IP/FFT32v2_IP.srcs/sources_1/bd/IPv2_0/ipshared/6e14/hdl/verilog/counter.v:12]
	Parameter ap_ST_fsm_state1 bound to: 1'b1 
	Parameter C_S_AXI_AXILITES_DATA_WIDTH bound to: 32 - type: integer 
	Parameter C_S_AXI_AXILITES_ADDR_WIDTH bound to: 5 - type: integer 
	Parameter C_S_AXI_DATA_WIDTH bound to: 32 - type: integer 
	Parameter C_S_AXI_AXILITES_WSTRB_WIDTH bound to: 4 - type: integer 
	Parameter C_S_AXI_WSTRB_WIDTH bound to: 4 - type: integer 
INFO: [Synth 8-6157] synthesizing module 'counter_AXILiteS_s_axi' [/home/arjunmenonv/Arjun_acads/Year3/CompOrg/HW-Spectrum-Analyzer/SpecAnalv2/FFT32v2_IP/FFT32v2_IP.srcs/sources_1/bd/IPv2_0/ipshared/6e14/hdl/verilog/counter_AXILiteS_s_axi.v:6]
	Parameter C_S_AXI_ADDR_WIDTH bound to: 5 - type: integer 
	Parameter C_S_AXI_DATA_WIDTH bound to: 32 - type: integer 
	Parameter ADDR_AP_CTRL bound to: 5'b00000 
	Parameter ADDR_GIE bound to: 5'b00100 
	Parameter ADDR_IER bound to: 5'b01000 
	Parameter ADDR_ISR bound to: 5'b01100 
	Parameter ADDR_AP_RETURN_0 bound to: 5'b10000 
	Parameter WRIDLE bound to: 2'b00 
	Parameter WRDATA bound to: 2'b01 
	Parameter WRRESP bound to: 2'b10 
	Parameter WRRESET bound to: 2'b11 
	Parameter RDIDLE bound to: 2'b00 
	Parameter RDDATA bound to: 2'b01 
	Parameter RDRESET bound to: 2'b10 
	Parameter ADDR_BITS bound to: 5 - type: integer 
INFO: [Synth 8-155] case statement is not full and has no default [/home/arjunmenonv/Arjun_acads/Year3/CompOrg/HW-Spectrum-Analyzer/SpecAnalv2/FFT32v2_IP/FFT32v2_IP.srcs/sources_1/bd/IPv2_0/ipshared/6e14/hdl/verilog/counter_AXILiteS_s_axi.v:189]
INFO: [Synth 8-6155] done synthesizing module 'counter_AXILiteS_s_axi' (1#1) [/home/arjunmenonv/Arjun_acads/Year3/CompOrg/HW-Spectrum-Analyzer/SpecAnalv2/FFT32v2_IP/FFT32v2_IP.srcs/sources_1/bd/IPv2_0/ipshared/6e14/hdl/verilog/counter_AXILiteS_s_axi.v:6]
INFO: [Synth 8-6155] done synthesizing module 'counter' (2#1) [/home/arjunmenonv/Arjun_acads/Year3/CompOrg/HW-Spectrum-Analyzer/SpecAnalv2/FFT32v2_IP/FFT32v2_IP.srcs/sources_1/bd/IPv2_0/ipshared/6e14/hdl/verilog/counter.v:12]
INFO: [Synth 8-6155] done synthesizing module 'IPv2_0_counter_0_0' (3#1) [/home/arjunmenonv/Arjun_acads/Year3/CompOrg/HW-Spectrum-Analyzer/SpecAnalv2/FFT32v2_IP/FFT32v2_IP.srcs/sources_1/bd/IPv2_0/ip/IPv2_0_counter_0_0/synth/IPv2_0_counter_0_0.v:58]
---------------------------------------------------------------------------------
Finished RTL Elaboration : Time (s): cpu = 00:00:09 ; elapsed = 00:00:12 . Memory (MB): peak = 2149.305 ; gain = 0.000 ; free physical = 1103 ; free virtual = 2926
---------------------------------------------------------------------------------
---------------------------------------------------------------------------------
Start Handling Custom Attributes
---------------------------------------------------------------------------------
---------------------------------------------------------------------------------
Finished Handling Custom Attributes : Time (s): cpu = 00:00:10 ; elapsed = 00:00:13 . Memory (MB): peak = 2149.305 ; gain = 0.000 ; free physical = 1098 ; free virtual = 2921
---------------------------------------------------------------------------------
---------------------------------------------------------------------------------
Finished RTL Optimization Phase 1 : Time (s): cpu = 00:00:10 ; elapsed = 00:00:13 . Memory (MB): peak = 2149.305 ; gain = 0.000 ; free physical = 1098 ; free virtual = 2921
---------------------------------------------------------------------------------
Netlist sorting complete. Time (s): cpu = 00:00:00.01 ; elapsed = 00:00:00.01 . Memory (MB): peak = 2149.305 ; gain = 0.000 ; free physical = 1090 ; free virtual = 2913
INFO: [Project 1-570] Preparing netlist for logic optimization

Processing XDC Constraints
Initializing timing engine
Parsing XDC File [/home/arjunmenonv/Arjun_acads/Year3/CompOrg/HW-Spectrum-Analyzer/SpecAnalv2/FFT32v2_IP/FFT32v2_IP.srcs/sources_1/bd/IPv2_0/ip/IPv2_0_counter_0_0/constraints/counter_ooc.xdc] for cell 'inst'
Finished Parsing XDC File [/home/arjunmenonv/Arjun_acads/Year3/CompOrg/HW-Spectrum-Analyzer/SpecAnalv2/FFT32v2_IP/FFT32v2_IP.srcs/sources_1/bd/IPv2_0/ip/IPv2_0_counter_0_0/constraints/counter_ooc.xdc] for cell 'inst'
Parsing XDC File [/home/arjunmenonv/Arjun_acads/Year3/CompOrg/HW-Spectrum-Analyzer/SpecAnalv2/FFT32v2_IP/FFT32v2_IP.runs/IPv2_0_counter_0_0_synth_1/dont_touch.xdc]
Finished Parsing XDC File [/home/arjunmenonv/Arjun_acads/Year3/CompOrg/HW-Spectrum-Analyzer/SpecAnalv2/FFT32v2_IP/FFT32v2_IP.runs/IPv2_0_counter_0_0_synth_1/dont_touch.xdc]
Completed Processing XDC Constraints

Netlist sorting complete. Time (s): cpu = 00:00:00 ; elapsed = 00:00:00 . Memory (MB): peak = 2297.020 ; gain = 0.000 ; free physical = 938 ; free virtual = 2762
INFO: [Project 1-111] Unisim Transformation Summary:
No Unisim elements were transformed.

Constraint Validation Runtime : Time (s): cpu = 00:00:00.05 ; elapsed = 00:00:00.05 . Memory (MB): peak = 2303.957 ; gain = 6.938 ; free physical = 938 ; free virtual = 2762
---------------------------------------------------------------------------------
Finished Constraint Validation : Time (s): cpu = 00:00:20 ; elapsed = 00:00:26 . Memory (MB): peak = 2303.957 ; gain = 154.652 ; free physical = 968 ; free virtual = 2790
---------------------------------------------------------------------------------
---------------------------------------------------------------------------------
Start Loading Part and Timing Information
---------------------------------------------------------------------------------
Loading part: xc7z020clg400-1
---------------------------------------------------------------------------------
Finished Loading Part and Timing Information : Time (s): cpu = 00:00:20 ; elapsed = 00:00:26 . Memory (MB): peak = 2303.957 ; gain = 154.652 ; free physical = 968 ; free virtual = 2790
---------------------------------------------------------------------------------
---------------------------------------------------------------------------------
Start Applying 'set_property' XDC Constraints
---------------------------------------------------------------------------------
Applied set_property DONT_TOUCH = true for inst. (constraint file  /home/arjunmenonv/Arjun_acads/Year3/CompOrg/HW-Spectrum-Analyzer/SpecAnalv2/FFT32v2_IP/FFT32v2_IP.runs/IPv2_0_counter_0_0_synth_1/dont_touch.xdc, line 9).
---------------------------------------------------------------------------------
Finished applying 'set_property' XDC Constraints : Time (s): cpu = 00:00:20 ; elapsed = 00:00:26 . Memory (MB): peak = 2303.957 ; gain = 154.652 ; free physical = 968 ; free virtual = 2790
---------------------------------------------------------------------------------
INFO: [Synth 8-802] inferred FSM for state register 'wstate_reg' in module 'counter_AXILiteS_s_axi'
INFO: [Synth 8-802] inferred FSM for state register 'rstate_reg' in module 'counter_AXILiteS_s_axi'
---------------------------------------------------------------------------------------------------
                   State |                     New Encoding |                Previous Encoding 
---------------------------------------------------------------------------------------------------
                  iSTATE |                             0001 |                               11
*
                  WRIDLE |                             0010 |                               00
                  WRDATA |                             0100 |                               01
                  WRRESP |                             1000 |                               10
---------------------------------------------------------------------------------------------------
INFO: [Synth 8-3354] encoded FSM with state register 'wstate_reg' using encoding 'one-hot' in module 'counter_AXILiteS_s_axi'
---------------------------------------------------------------------------------------------------
                   State |                     New Encoding |                Previous Encoding 
---------------------------------------------------------------------------------------------------
                  iSTATE |                              001 |                               10
*
                  RDIDLE |                              010 |                               00
                  RDDATA |                              100 |                               01
---------------------------------------------------------------------------------------------------
INFO: [Synth 8-3354] encoded FSM with state register 'rstate_reg' using encoding 'one-hot' in module 'counter_AXILiteS_s_axi'
---------------------------------------------------------------------------------
Finished RTL Optimization Phase 2 : Time (s): cpu = 00:00:21 ; elapsed = 00:00:26 . Memory (MB): peak = 2303.957 ; gain = 154.652 ; free physical = 959 ; free virtual = 2783
---------------------------------------------------------------------------------
---------------------------------------------------------------------------------
Start RTL Component Statistics 
---------------------------------------------------------------------------------
Detailed RTL Component Info : 
+---Adders : 
	   2 Input   32 Bit       Adders := 1     
+---XORs : 
	   2 Input      1 Bit         XORs := 2     
+---Registers : 
	               32 Bit    Registers := 2     
	                5 Bit    Registers := 1     
	                2 Bit    Registers := 1     
	                1 Bit    Registers := 9     
+---Muxes : 
	   4 Input    4 Bit        Muxes := 1     
	   2 Input    4 Bit        Muxes := 3     
	   3 Input    3 Bit        Muxes := 1     
	   2 Input    3 Bit        Muxes := 2     
	   2 Input    1 Bit        Muxes := 1     
---------------------------------------------------------------------------------
Finished RTL Component Statistics 
---------------------------------------------------------------------------------
---------------------------------------------------------------------------------
Start Part Resource Summary
---------------------------------------------------------------------------------
Part Resources:
DSPs: 220 (col length:60)
BRAMs: 280 (col length: RAMB18 60 RAMB36 30)
---------------------------------------------------------------------------------
Finished Part Resource Summary
---------------------------------------------------------------------------------
---------------------------------------------------------------------------------
Start Cross Boundary and Area Optimization
---------------------------------------------------------------------------------
---------------------------------------------------------------------------------
Finished Cross Boundary and Area Optimization : Time (s): cpu = 00:00:23 ; elapsed = 00:00:28 . Memory (MB): peak = 2303.957 ; gain = 154.652 ; free physical = 936 ; free virtual = 2769
---------------------------------------------------------------------------------
---------------------------------------------------------------------------------
Start Applying XDC Timing Constraints
---------------------------------------------------------------------------------
---------------------------------------------------------------------------------
Finished Applying XDC Timing Constraints : Time (s): cpu = 00:00:34 ; elapsed = 00:00:41 . Memory (MB): peak = 2303.957 ; gain = 154.652 ; free physical = 886 ; free virtual = 2721
---------------------------------------------------------------------------------
---------------------------------------------------------------------------------
Start Timing Optimization
---------------------------------------------------------------------------------
---------------------------------------------------------------------------------
Finished Timing Optimization : Time (s): cpu = 00:00:34 ; elapsed = 00:00:41 . Memory (MB): peak = 2303.957 ; gain = 154.652 ; free physical = 874 ; free virtual = 2712
---------------------------------------------------------------------------------
---------------------------------------------------------------------------------
Start Technology Mapping
---------------------------------------------------------------------------------
---------------------------------------------------------------------------------
Finished Technology Mapping : Time (s): cpu = 00:00:34 ; elapsed = 00:00:41 . Memory (MB): peak = 2303.957 ; gain = 154.652 ; free physical = 869 ; free virtual = 2707
---------------------------------------------------------------------------------
---------------------------------------------------------------------------------
Start IO Insertion
---------------------------------------------------------------------------------
---------------------------------------------------------------------------------
Start Flattening Before IO Insertion
---------------------------------------------------------------------------------
---------------------------------------------------------------------------------
Finished Flattening Before IO Insertion
---------------------------------------------------------------------------------
---------------------------------------------------------------------------------
Start Final Netlist Cleanup
---------------------------------------------------------------------------------
---------------------------------------------------------------------------------
Finished Final Netlist Cleanup
---------------------------------------------------------------------------------
---------------------------------------------------------------------------------
Finished IO Insertion : Time (s): cpu = 00:00:40 ; elapsed = 00:00:47 . Memory (MB): peak = 2303.957 ; gain = 154.652 ; free physical = 811 ; free virtual = 2640
---------------------------------------------------------------------------------
---------------------------------------------------------------------------------
Start Renaming Generated Instances
---------------------------------------------------------------------------------
---------------------------------------------------------------------------------
Finished Renaming Generated Instances : Time (s): cpu = 00:00:40 ; elapsed = 00:00:47 . Memory (MB): peak = 2303.957 ; gain = 154.652 ; free physical = 811 ; free virtual = 2640
---------------------------------------------------------------------------------
---------------------------------------------------------------------------------
Start Rebuilding User Hierarchy
---------------------------------------------------------------------------------
---------------------------------------------------------------------------------
Finished Rebuilding User Hierarchy : Time (s): cpu = 00:00:40 ; elapsed = 00:00:47 . Memory (MB): peak = 2303.957 ; gain = 154.652 ; free physical = 811 ; free virtual = 2640
---------------------------------------------------------------------------------
---------------------------------------------------------------------------------
Start Renaming Generated Ports
---------------------------------------------------------------------------------
---------------------------------------------------------------------------------
Finished Renaming Generated Ports : Time (s): cpu = 00:00:40 ; elapsed = 00:00:47 . Memory (MB): peak = 2303.957 ; gain = 154.652 ; free physical = 811 ; free virtual = 2640
---------------------------------------------------------------------------------
---------------------------------------------------------------------------------
Start Handling Custom Attributes
---------------------------------------------------------------------------------
---------------------------------------------------------------------------------
Finished Handling Custom Attributes : Time (s): cpu = 00:00:40 ; elapsed = 00:00:47 . Memory (MB): peak = 2303.957 ; gain = 154.652 ; free physical = 811 ; free virtual = 2640
---------------------------------------------------------------------------------
---------------------------------------------------------------------------------
Start Renaming Generated Nets
---------------------------------------------------------------------------------
---------------------------------------------------------------------------------
Finished Renaming Generated Nets : Time (s): cpu = 00:00:40 ; elapsed = 00:00:47 . Memory (MB): peak = 2303.957 ; gain = 154.652 ; free physical = 811 ; free virtual = 2640
---------------------------------------------------------------------------------
---------------------------------------------------------------------------------
Start Writing Synthesis Report
---------------------------------------------------------------------------------

Report BlackBoxes: 
+-+--------------+----------+
| |BlackBox name |Instances |
+-+--------------+----------+
+-+--------------+----------+

Report Cell Usage: 
+------+-------+------+
|      |Cell   |Count |
+------+-------+------+
|1     |CARRY4 |    16|
|2     |LUT1   |     4|
|3     |LUT2   |     4|
|4     |LUT3   |     1|
|5     |LUT4   |     8|
|6     |LUT5   |     4|
|7     |LUT6   |    14|
|8     |FDRE   |   116|
+------+-------+------+
---------------------------------------------------------------------------------
Finished Writing Synthesis Report : Time (s): cpu = 00:00:40 ; elapsed = 00:00:47 . Memory (MB): peak = 2303.957 ; gain = 154.652 ; free physical = 811 ; free virtual = 2640
---------------------------------------------------------------------------------
Synthesis finished with 0 errors, 0 critical warnings and 0 warnings.
Synthesis Optimization Runtime : Time (s): cpu = 00:00:36 ; elapsed = 00:00:43 . Memory (MB): peak = 2303.957 ; gain = 0.000 ; free physical = 865 ; free virtual = 2694
Synthesis Optimization Complete : Time (s): cpu = 00:00:40 ; elapsed = 00:00:47 . Memory (MB): peak = 2303.957 ; gain = 154.652 ; free physical = 865 ; free virtual = 2695
INFO: [Project 1-571] Translating synthesized netlist
Netlist sorting complete. Time (s): cpu = 00:00:00.01 ; elapsed = 00:00:00.01 . Memory (MB): peak = 2303.957 ; gain = 0.000 ; free physical = 927 ; free virtual = 2756
INFO: [Netlist 29-17] Analyzing 16 Unisim elements for replacement
INFO: [Netlist 29-28] Unisim Transformation completed in 0 CPU seconds
INFO: [Project 1-570] Preparing netlist for logic optimization
INFO: [Opt 31-138] Pushed 0 inverter(s) to 0 load pin(s).
Netlist sorting complete. Time (s): cpu = 00:00:00 ; elapsed = 00:00:00 . Memory (MB): peak = 2303.957 ; gain = 0.000 ; free physical = 841 ; free virtual = 2670
INFO: [Project 1-111] Unisim Transformation Summary:
No Unisim elements were transformed.

INFO: [Common 17-83] Releasing license: Synthesis
29 Infos, 0 Warnings, 0 Critical Warnings and 0 Errors encountered.
synth_design completed successfully
synth_design: Time (s): cpu = 00:00:59 ; elapsed = 00:01:01 . Memory (MB): peak = 2303.957 ; gain = 154.781 ; free physical = 980 ; free virtual = 2809
INFO: [Common 17-1381] The checkpoint '/home/arjunmenonv/Arjun_acads/Year3/CompOrg/HW-Spectrum-Analyzer/SpecAnalv2/FFT32v2_IP/FFT32v2_IP.runs/IPv2_0_counter_0_0_synth_1/IPv2_0_counter_0_0.dcp' has been generated.
WARNING: [Common 17-576] 'use_project_ipc' is deprecated. This option is deprecated and no longer used.
INFO: [Coretcl 2-1648] Added synthesis output to IP cache for IP IPv2_0_counter_0_0, cache-ID = 1bd45280893059dc
INFO: [Coretcl 2-1174] Renamed 2 cell refs.
INFO: [Common 17-1381] The checkpoint '/home/arjunmenonv/Arjun_acads/Year3/CompOrg/HW-Spectrum-Analyzer/SpecAnalv2/FFT32v2_IP/FFT32v2_IP.runs/IPv2_0_counter_0_0_synth_1/IPv2_0_counter_0_0.dcp' has been generated.
INFO: [runtcl-4] Executing : report_utilization -file IPv2_0_counter_0_0_utilization_synth.rpt -pb IPv2_0_counter_0_0_utilization_synth.pb
INFO: [Common 17-206] Exiting Vivado at Tue Dec 29 13:16:08 2020...
