

================================================================
== Vivado HLS Report for 'FFT'
================================================================
* Date:           Wed Jan  6 00:06:30 2021

* Version:        2020.1 (Build 2897737 on Wed May 27 20:21:37 MDT 2020)
* Project:        vhls_v3
* Solution:       solnv3
* Product family: zynq
* Target device:  xc7z020-clg400-1


================================================================
== Performance Estimates
================================================================
+ Timing: 
    * Summary: 
    +--------+----------+----------+------------+
    |  Clock |  Target  | Estimated| Uncertainty|
    +--------+----------+----------+------------+
    |ap_clk  | 10.00 ns | 8.683 ns |   1.25 ns  |
    +--------+----------+----------+------------+

+ Latency: 
    * Summary: 
    +---------+---------+----------+----------+-----+-----+----------+
    |  Latency (cycles) |  Latency (absolute) |  Interval | Pipeline |
    |   min   |   max   |    min   |    max   | min | max |   Type   |
    +---------+---------+----------+----------+-----+-----+----------+
    |      263|      266| 2.630 us | 2.660 us |   70|   70| dataflow |
    +---------+---------+----------+----------+-----+-----+----------+

    + Detail: 
        * Instance: 
        +-------------------------+----------------------+---------+---------+----------+----------+-----+-----+---------+
        |                         |                      |  Latency (cycles) |  Latency (absolute) |  Interval | Pipeline|
        |         Instance        |        Module        |   min   |   max   |    min   |    max   | min | max |   Type  |
        +-------------------------+----------------------+---------+---------+----------+----------+-----+-----+---------+
        |mult_window_U0           |mult_window           |       38|       41| 0.380 us | 0.410 us |   38|   41|   none  |
        |FFT0146_U0               |FFT0146               |       20|       20| 0.200 us | 0.200 us |   20|   20|   none  |
        |FFT0147_U0               |FFT0147               |       20|       20| 0.200 us | 0.200 us |   20|   20|   none  |
        |FFT0148_U0               |FFT0148               |       20|       20| 0.200 us | 0.200 us |   20|   20|   none  |
        |FFT0145_U0               |FFT0145               |       20|       20| 0.200 us | 0.200 us |   20|   20|   none  |
        |FFT0149_U0               |FFT0149               |       20|       20| 0.200 us | 0.200 us |   20|   20|   none  |
        |Block_codeRepl1624_p_U0  |Block_codeRepl1624_p  |       69|       69| 0.690 us | 0.690 us |   69|   69|   none  |
        |bitreverse_U0            |bitreverse            |       16|       16| 0.160 us | 0.160 us |   16|   16|   none  |
        |Block_codeRepl16_pro_U0  |Block_codeRepl16_pro  |       31|       31| 0.310 us | 0.310 us |   31|   31|   none  |
        |FFT_entry3_U0            |FFT_entry3            |        0|        0|   0 ns   |   0 ns   |    0|    0|   none  |
        +-------------------------+----------------------+---------+---------+----------+----------+-----+-----+---------+

        * Loop: 
        N/A



================================================================
== Utilization Estimates
================================================================
* Summary: 
+-----------------+---------+-------+--------+-------+-----+
|       Name      | BRAM_18K| DSP48E|   FF   |  LUT  | URAM|
+-----------------+---------+-------+--------+-------+-----+
|DSP              |        -|      -|       -|      -|    -|
|Expression       |        -|      -|       0|    128|    -|
|FIFO             |        0|      -|      10|     40|    -|
|Instance         |       16|    112|    8783|  23929|    0|
|Memory           |       32|      -|       0|      0|    0|
|Multiplexer      |        -|      -|       -|    180|    -|
|Register         |        -|      -|      22|      -|    -|
+-----------------+---------+-------+--------+-------+-----+
|Total            |       48|    112|    8815|  24277|    0|
+-----------------+---------+-------+--------+-------+-----+
|Available        |      280|    220|  106400|  53200|    0|
+-----------------+---------+-------+--------+-------+-----+
|Utilization (%)  |       17|     50|       8|     45|    0|
+-----------------+---------+-------+--------+-------+-----+

+ Detail: 
    * Instance: 
    +-------------------------+----------------------+---------+-------+------+-------+-----+
    |         Instance        |        Module        | BRAM_18K| DSP48E|  FF  |  LUT  | URAM|
    +-------------------------+----------------------+---------+-------+------+-------+-----+
    |Block_codeRepl1624_p_U0  |Block_codeRepl1624_p  |        1|      8|   326|    874|    0|
    |Block_codeRepl16_pro_U0  |Block_codeRepl16_pro  |        0|      0|    33|    496|    0|
    |FFT0145_U0               |FFT0145               |        2|      8|   693|    746|    0|
    |FFT0146_U0               |FFT0146               |        2|      8|   693|    764|    0|
    |FFT0147_U0               |FFT0147               |        2|      8|   693|    764|    0|
    |FFT0148_U0               |FFT0148               |        2|      8|   693|    764|    0|
    |FFT0149_U0               |FFT0149               |        2|      8|   693|    746|    0|
    |FFT_AXILiteS_s_axi_U     |FFT_AXILiteS_s_axi    |        0|      0|    50|     56|    0|
    |FFT_entry3_U0            |FFT_entry3            |        0|      0|     2|     20|    0|
    |bitreverse_U0            |bitreverse            |        0|      0|    18|    780|    0|
    |mult_window_U0           |mult_window           |        5|     64|  4889|  17919|    0|
    +-------------------------+----------------------+---------+-------+------+-------+-----+
    |Total                    |                      |       16|    112|  8783|  23929|    0|
    +-------------------------+----------------------+---------+-------+------+-------+-----+

    * DSP48E: 
    N/A

    * Memory: 
    +------------------------+----------------------+---------+---+----+-----+------+-----+------+-------------+
    |         Memory         |        Module        | BRAM_18K| FF| LUT| URAM| Words| Bits| Banks| W*Bits*Banks|
    +------------------------+----------------------+---------+---+----+-----+------+-----+------+-------------+
    |data_OUTfft_M_real_s_U  |FFT_data_OUTfft_Mzec  |        2|  0|   0|    0|    32|   32|     2|         2048|
    |data_OUTfft_M_imag_s_U  |FFT_data_OUTfft_Mzec  |        2|  0|   0|    0|    32|   32|     2|         2048|
    |prod_IN_M_real_V_U      |FFT_prod_IN_M_reancg  |        2|  0|   0|    0|    32|   32|     2|         2048|
    |prod_IN_M_imag_V_U      |FFT_prod_IN_M_reancg  |        2|  0|   0|    0|    32|   32|     2|         2048|
    |data_OUT0_M_real_V_U    |FFT_prod_IN_M_reancg  |        2|  0|   0|    0|    32|   32|     2|         2048|
    |data_OUT0_M_imag_V_U    |FFT_prod_IN_M_reancg  |        2|  0|   0|    0|    32|   32|     2|         2048|
    |data_OUT1_M_imag_V_U    |FFT_prod_IN_M_reancg  |        2|  0|   0|    0|    32|   32|     2|         2048|
    |data_OUT1_M_real_V_U    |FFT_prod_IN_M_reancg  |        2|  0|   0|    0|    32|   32|     2|         2048|
    |data_OUT2_M_imag_V_U    |FFT_prod_IN_M_reancg  |        2|  0|   0|    0|    32|   32|     2|         2048|
    |data_OUT2_M_real_V_U    |FFT_prod_IN_M_reancg  |        2|  0|   0|    0|    32|   32|     2|         2048|
    |data_OUT3_M_imag_V_U    |FFT_prod_IN_M_reancg  |        2|  0|   0|    0|    32|   32|     2|         2048|
    |data_OUT3_M_real_V_U    |FFT_prod_IN_M_reancg  |        2|  0|   0|    0|    32|   32|     2|         2048|
    |data_OUT4_M_imag_V_U    |FFT_prod_IN_M_reancg  |        2|  0|   0|    0|    32|   32|     2|         2048|
    |data_OUT4_M_real_V_U    |FFT_prod_IN_M_reancg  |        2|  0|   0|    0|    32|   32|     2|         2048|
    |xin_M_imag_V_U          |FFT_xin_M_imag_V      |        2|  0|   0|    0|    32|   32|     2|         2048|
    |xin_M_real_V_U          |FFT_xin_M_imag_V      |        2|  0|   0|    0|    32|   32|     2|         2048|
    +------------------------+----------------------+---------+---+----+-----+------+-----+------+-------------+
    |Total                   |                      |       32|  0|   0|    0|   512|  512|    32|        32768|
    +------------------------+----------------------+---------+---+----+-----+------+-----+------+-------------+

    * FIFO: 
    +---------------+---------+---+----+-----+------+-----+---------+
    |      Name     | BRAM_18K| FF| LUT| URAM| Depth| Bits| Size:D*B|
    +---------------+---------+---+----+-----+------+-----+---------+
    |win_mode_c1_U  |        0|  5|   0|    -|     2|    8|       16|
    |win_mode_c_U   |        0|  5|   0|    -|     2|    8|       16|
    +---------------+---------+---+----+-----+------+-----+---------+
    |Total          |        0| 10|   0|    0|     4|   16|       32|
    +---------------+---------+---+----+-----+------+-----+---------+

    * Expression: 
    +--------------------------------------------+----------+-------+---+----+------------+------------+
    |                Variable Name               | Operation| DSP48E| FF| LUT| Bitwidth P0| Bitwidth P1|
    +--------------------------------------------+----------+-------+---+----+------------+------------+
    |Block_codeRepl16_pro_U0_ap_ready_count      |     +    |      0|  0|  10|           2|           1|
    |FFT_entry3_U0_ap_ready_count                |     +    |      0|  0|  10|           2|           1|
    |Block_codeRepl1624_p_U0_ap_start            |    and   |      0|  0|   2|           1|           1|
    |Block_codeRepl16_pro_U0_ap_continue         |    and   |      0|  0|   2|           1|           1|
    |Block_codeRepl16_pro_U0_ap_start            |    and   |      0|  0|   2|           1|           1|
    |FFT0145_U0_ap_continue                      |    and   |      0|  0|   2|           1|           1|
    |FFT0145_U0_ap_start                         |    and   |      0|  0|   2|           1|           1|
    |FFT0146_U0_ap_continue                      |    and   |      0|  0|   2|           1|           1|
    |FFT0146_U0_ap_start                         |    and   |      0|  0|   2|           1|           1|
    |FFT0147_U0_ap_continue                      |    and   |      0|  0|   2|           1|           1|
    |FFT0147_U0_ap_start                         |    and   |      0|  0|   2|           1|           1|
    |FFT0148_U0_ap_continue                      |    and   |      0|  0|   2|           1|           1|
    |FFT0148_U0_ap_start                         |    and   |      0|  0|   2|           1|           1|
    |FFT0149_U0_ap_continue                      |    and   |      0|  0|   2|           1|           1|
    |FFT0149_U0_ap_start                         |    and   |      0|  0|   2|           1|           1|
    |FFT_entry3_U0_ap_start                      |    and   |      0|  0|   2|           1|           1|
    |ap_channel_done_data_OUT0_M_imag_V          |    and   |      0|  0|   2|           1|           1|
    |ap_channel_done_data_OUT0_M_real_V          |    and   |      0|  0|   2|           1|           1|
    |ap_channel_done_data_OUT1_M_imag_V          |    and   |      0|  0|   2|           1|           1|
    |ap_channel_done_data_OUT1_M_real_V          |    and   |      0|  0|   2|           1|           1|
    |ap_channel_done_data_OUT2_M_imag_V          |    and   |      0|  0|   2|           1|           1|
    |ap_channel_done_data_OUT2_M_real_V          |    and   |      0|  0|   2|           1|           1|
    |ap_channel_done_data_OUT3_M_imag_V          |    and   |      0|  0|   2|           1|           1|
    |ap_channel_done_data_OUT3_M_real_V          |    and   |      0|  0|   2|           1|           1|
    |ap_channel_done_data_OUT4_M_imag_V          |    and   |      0|  0|   2|           1|           1|
    |ap_channel_done_data_OUT4_M_real_V          |    and   |      0|  0|   2|           1|           1|
    |ap_channel_done_data_OUTfft_M_imag_s        |    and   |      0|  0|   2|           1|           1|
    |ap_channel_done_data_OUTfft_M_real_s        |    and   |      0|  0|   2|           1|           1|
    |ap_channel_done_prod_IN_M_imag_V            |    and   |      0|  0|   2|           1|           1|
    |ap_channel_done_prod_IN_M_real_V            |    and   |      0|  0|   2|           1|           1|
    |ap_channel_done_xin_M_imag_V                |    and   |      0|  0|   2|           1|           1|
    |ap_channel_done_xin_M_real_V                |    and   |      0|  0|   2|           1|           1|
    |ap_idle                                     |    and   |      0|  0|   2|           1|           1|
    |ap_sync_ready                               |    and   |      0|  0|   2|           1|           1|
    |bitreverse_U0_ap_continue                   |    and   |      0|  0|   2|           1|           1|
    |bitreverse_U0_ap_start                      |    and   |      0|  0|   2|           1|           1|
    |mult_window_U0_ap_continue                  |    and   |      0|  0|   2|           1|           1|
    |mult_window_U0_ap_start                     |    and   |      0|  0|   2|           1|           1|
    |ap_sync_Block_codeRepl16_pro_U0_ap_ready    |    or    |      0|  0|   2|           1|           1|
    |ap_sync_FFT_entry3_U0_ap_ready              |    or    |      0|  0|   2|           1|           1|
    |ap_sync_channel_write_data_OUT0_M_imag_V    |    or    |      0|  0|   2|           1|           1|
    |ap_sync_channel_write_data_OUT0_M_real_V    |    or    |      0|  0|   2|           1|           1|
    |ap_sync_channel_write_data_OUT1_M_imag_V    |    or    |      0|  0|   2|           1|           1|
    |ap_sync_channel_write_data_OUT1_M_real_V    |    or    |      0|  0|   2|           1|           1|
    |ap_sync_channel_write_data_OUT2_M_imag_V    |    or    |      0|  0|   2|           1|           1|
    |ap_sync_channel_write_data_OUT2_M_real_V    |    or    |      0|  0|   2|           1|           1|
    |ap_sync_channel_write_data_OUT3_M_imag_V    |    or    |      0|  0|   2|           1|           1|
    |ap_sync_channel_write_data_OUT3_M_real_V    |    or    |      0|  0|   2|           1|           1|
    |ap_sync_channel_write_data_OUT4_M_imag_V    |    or    |      0|  0|   2|           1|           1|
    |ap_sync_channel_write_data_OUT4_M_real_V    |    or    |      0|  0|   2|           1|           1|
    |ap_sync_channel_write_data_OUTfft_M_imag_s  |    or    |      0|  0|   2|           1|           1|
    |ap_sync_channel_write_data_OUTfft_M_real_s  |    or    |      0|  0|   2|           1|           1|
    |ap_sync_channel_write_prod_IN_M_imag_V      |    or    |      0|  0|   2|           1|           1|
    |ap_sync_channel_write_prod_IN_M_real_V      |    or    |      0|  0|   2|           1|           1|
    |ap_sync_channel_write_xin_M_imag_V          |    or    |      0|  0|   2|           1|           1|
    |ap_sync_channel_write_xin_M_real_V          |    or    |      0|  0|   2|           1|           1|
    +--------------------------------------------+----------+-------+---+----+------------+------------+
    |Total                                       |          |      0|  0| 128|          58|          56|
    +--------------------------------------------+----------+-------+---+----+------------+------------+

    * Multiplexer: 
    +------------------------------------------------+----+-----------+-----+-----------+
    |                      Name                      | LUT| Input Size| Bits| Total Bits|
    +------------------------------------------------+----+-----------+-----+-----------+
    |Block_codeRepl16_pro_U0_ap_ready_count          |   9|          2|    2|          4|
    |FFT_entry3_U0_ap_ready_count                    |   9|          2|    2|          4|
    |ap_sync_reg_Block_codeRepl16_pro_U0_ap_ready    |   9|          2|    1|          2|
    |ap_sync_reg_FFT_entry3_U0_ap_ready              |   9|          2|    1|          2|
    |ap_sync_reg_channel_write_data_OUT0_M_imag_V    |   9|          2|    1|          2|
    |ap_sync_reg_channel_write_data_OUT0_M_real_V    |   9|          2|    1|          2|
    |ap_sync_reg_channel_write_data_OUT1_M_imag_V    |   9|          2|    1|          2|
    |ap_sync_reg_channel_write_data_OUT1_M_real_V    |   9|          2|    1|          2|
    |ap_sync_reg_channel_write_data_OUT2_M_imag_V    |   9|          2|    1|          2|
    |ap_sync_reg_channel_write_data_OUT2_M_real_V    |   9|          2|    1|          2|
    |ap_sync_reg_channel_write_data_OUT3_M_imag_V    |   9|          2|    1|          2|
    |ap_sync_reg_channel_write_data_OUT3_M_real_V    |   9|          2|    1|          2|
    |ap_sync_reg_channel_write_data_OUT4_M_imag_V    |   9|          2|    1|          2|
    |ap_sync_reg_channel_write_data_OUT4_M_real_V    |   9|          2|    1|          2|
    |ap_sync_reg_channel_write_data_OUTfft_M_imag_s  |   9|          2|    1|          2|
    |ap_sync_reg_channel_write_data_OUTfft_M_real_s  |   9|          2|    1|          2|
    |ap_sync_reg_channel_write_prod_IN_M_imag_V      |   9|          2|    1|          2|
    |ap_sync_reg_channel_write_prod_IN_M_real_V      |   9|          2|    1|          2|
    |ap_sync_reg_channel_write_xin_M_imag_V          |   9|          2|    1|          2|
    |ap_sync_reg_channel_write_xin_M_real_V          |   9|          2|    1|          2|
    +------------------------------------------------+----+-----------+-----+-----------+
    |Total                                           | 180|         40|   22|         44|
    +------------------------------------------------+----+-----------+-----+-----------+

    * Register: 
    +------------------------------------------------+---+----+-----+-----------+
    |                      Name                      | FF| LUT| Bits| Const Bits|
    +------------------------------------------------+---+----+-----+-----------+
    |Block_codeRepl16_pro_U0_ap_ready_count          |  2|   0|    2|          0|
    |FFT_entry3_U0_ap_ready_count                    |  2|   0|    2|          0|
    |ap_sync_reg_Block_codeRepl16_pro_U0_ap_ready    |  1|   0|    1|          0|
    |ap_sync_reg_FFT_entry3_U0_ap_ready              |  1|   0|    1|          0|
    |ap_sync_reg_channel_write_data_OUT0_M_imag_V    |  1|   0|    1|          0|
    |ap_sync_reg_channel_write_data_OUT0_M_real_V    |  1|   0|    1|          0|
    |ap_sync_reg_channel_write_data_OUT1_M_imag_V    |  1|   0|    1|          0|
    |ap_sync_reg_channel_write_data_OUT1_M_real_V    |  1|   0|    1|          0|
    |ap_sync_reg_channel_write_data_OUT2_M_imag_V    |  1|   0|    1|          0|
    |ap_sync_reg_channel_write_data_OUT2_M_real_V    |  1|   0|    1|          0|
    |ap_sync_reg_channel_write_data_OUT3_M_imag_V    |  1|   0|    1|          0|
    |ap_sync_reg_channel_write_data_OUT3_M_real_V    |  1|   0|    1|          0|
    |ap_sync_reg_channel_write_data_OUT4_M_imag_V    |  1|   0|    1|          0|
    |ap_sync_reg_channel_write_data_OUT4_M_real_V    |  1|   0|    1|          0|
    |ap_sync_reg_channel_write_data_OUTfft_M_imag_s  |  1|   0|    1|          0|
    |ap_sync_reg_channel_write_data_OUTfft_M_real_s  |  1|   0|    1|          0|
    |ap_sync_reg_channel_write_prod_IN_M_imag_V      |  1|   0|    1|          0|
    |ap_sync_reg_channel_write_prod_IN_M_real_V      |  1|   0|    1|          0|
    |ap_sync_reg_channel_write_xin_M_imag_V          |  1|   0|    1|          0|
    |ap_sync_reg_channel_write_xin_M_real_V          |  1|   0|    1|          0|
    +------------------------------------------------+---+----+-----+-----------+
    |Total                                           | 22|   0|   22|          0|
    +------------------------------------------------+---+----+-----+-----------+



================================================================
== Interface
================================================================
* Summary: 
+--------------------------+-----+-----+------------+-------------------+--------------+
|         RTL Ports        | Dir | Bits|  Protocol  |   Source Object   |    C Type    |
+--------------------------+-----+-----+------------+-------------------+--------------+
|s_axi_AXILiteS_AWVALID    |  in |    1|    s_axi   |      AXILiteS     |    scalar    |
|s_axi_AXILiteS_AWREADY    | out |    1|    s_axi   |      AXILiteS     |    scalar    |
|s_axi_AXILiteS_AWADDR     |  in |    5|    s_axi   |      AXILiteS     |    scalar    |
|s_axi_AXILiteS_WVALID     |  in |    1|    s_axi   |      AXILiteS     |    scalar    |
|s_axi_AXILiteS_WREADY     | out |    1|    s_axi   |      AXILiteS     |    scalar    |
|s_axi_AXILiteS_WDATA      |  in |   32|    s_axi   |      AXILiteS     |    scalar    |
|s_axi_AXILiteS_WSTRB      |  in |    4|    s_axi   |      AXILiteS     |    scalar    |
|s_axi_AXILiteS_ARVALID    |  in |    1|    s_axi   |      AXILiteS     |    scalar    |
|s_axi_AXILiteS_ARREADY    | out |    1|    s_axi   |      AXILiteS     |    scalar    |
|s_axi_AXILiteS_ARADDR     |  in |    5|    s_axi   |      AXILiteS     |    scalar    |
|s_axi_AXILiteS_RVALID     | out |    1|    s_axi   |      AXILiteS     |    scalar    |
|s_axi_AXILiteS_RREADY     |  in |    1|    s_axi   |      AXILiteS     |    scalar    |
|s_axi_AXILiteS_RDATA      | out |   32|    s_axi   |      AXILiteS     |    scalar    |
|s_axi_AXILiteS_RRESP      | out |    2|    s_axi   |      AXILiteS     |    scalar    |
|s_axi_AXILiteS_BVALID     | out |    1|    s_axi   |      AXILiteS     |    scalar    |
|s_axi_AXILiteS_BREADY     |  in |    1|    s_axi   |      AXILiteS     |    scalar    |
|s_axi_AXILiteS_BRESP      | out |    2|    s_axi   |      AXILiteS     |    scalar    |
|ap_clk                    |  in |    1| ap_ctrl_hs |        FFT        | return value |
|ap_rst_n                  |  in |    1| ap_ctrl_hs |        FFT        | return value |
|interrupt                 | out |    1| ap_ctrl_hs |        FFT        | return value |
|data_IN_M_real_V_TDATA    |  in |   32|    axis    |  data_IN_M_real_V |    pointer   |
|data_IN_M_real_V_TVALID   |  in |    1|    axis    |  data_IN_M_real_V |    pointer   |
|data_IN_M_real_V_TREADY   | out |    1|    axis    |  data_IN_M_real_V |    pointer   |
|data_IN_M_imag_V_TDATA    |  in |   32|    axis    |  data_IN_M_imag_V |    pointer   |
|data_IN_M_imag_V_TVALID   |  in |    1|    axis    |  data_IN_M_imag_V |    pointer   |
|data_IN_M_imag_V_TREADY   | out |    1|    axis    |  data_IN_M_imag_V |    pointer   |
|data_OUT_M_real_V_TDATA   | out |   32|    axis    | data_OUT_M_real_V |    pointer   |
|data_OUT_M_real_V_TVALID  | out |    1|    axis    | data_OUT_M_real_V |    pointer   |
|data_OUT_M_real_V_TREADY  |  in |    1|    axis    | data_OUT_M_real_V |    pointer   |
|data_OUT_M_imag_V_TDATA   | out |   32|    axis    | data_OUT_M_imag_V |    pointer   |
|data_OUT_M_imag_V_TVALID  | out |    1|    axis    | data_OUT_M_imag_V |    pointer   |
|data_OUT_M_imag_V_TREADY  |  in |    1|    axis    | data_OUT_M_imag_V |    pointer   |
|mag_OUT_V_TDATA           | out |   32|    axis    |     mag_OUT_V     |    pointer   |
|mag_OUT_V_TVALID          | out |    1|    axis    |     mag_OUT_V     |    pointer   |
|mag_OUT_V_TREADY          |  in |    1|    axis    |     mag_OUT_V     |    pointer   |
+--------------------------+-----+-----+------------+-------------------+--------------+

