INFO: [XSIM 43-3496] Using init file passed via -initfile option "/tools/Xilinx/Vivado/2020.1/data/xsim/ip/xsim_ip.ini".
Vivado Simulator 2020.1
Copyright 1986-1999, 2001-2020 Xilinx, Inc. All Rights Reserved.
Running: /tools/Xilinx/Vivado/2020.1/bin/unwrapped/lnx64.o/xelab xil_defaultlib.apatb_FFT_top glbl -prj FFT.prj -L smartconnect_v1_0 -L axi_protocol_checker_v1_1_12 -L axi_protocol_checker_v1_1_13 -L axis_protocol_checker_v1_1_11 -L axis_protocol_checker_v1_1_12 -L xil_defaultlib -L unisims_ver -L xpm --initfile /tools/Xilinx/Vivado/2020.1/data/xsim/ip/xsim_ip.ini --lib ieee_proposed=./ieee_proposed -s FFT -debug wave 
Multi-threading is on. Using 6 slave threads.
Determining compilation order of HDL files.
WARNING: [XSIM 43-3431] One or more environment variables have been detected which affect the operation of the C compiler. These are typically not set in standard installations and are not tested by Xilinx, however they may be appropriate for your system, so the flow will attempt to continue.  If errors occur, try running xelab with the "-mt off -v 1" switches to see more information from the C compiler. The following environment variables have been detected:
INFO: [VRFC 10-2263] Analyzing SystemVerilog file "/home/arjunmenonv/Arjun_acads/Year3/CompOrg/HW-Spectrum-Analyzer/teach-fpga/01-fft/build/FFT32float/z7float32/sim/verilog/glbl.v" into library work
INFO: [VRFC 10-311] analyzing module glbl
INFO: [VRFC 10-2263] Analyzing SystemVerilog file "/home/arjunmenonv/Arjun_acads/Year3/CompOrg/HW-Spectrum-Analyzer/teach-fpga/01-fft/build/FFT32float/z7float32/sim/verilog/FFT_AXILiteS_s_axi.v" into library xil_defaultlib
INFO: [VRFC 10-311] analyzing module FFT_AXILiteS_s_axi
INFO: [VRFC 10-311] analyzing module FFT_AXILiteS_s_axi_ram
INFO: [VRFC 10-2263] Analyzing SystemVerilog file "/home/arjunmenonv/Arjun_acads/Year3/CompOrg/HW-Spectrum-Analyzer/teach-fpga/01-fft/build/FFT32float/z7float32/sim/verilog/FFT_fmul_32ns_32neOg.v" into library xil_defaultlib
INFO: [VRFC 10-311] analyzing module FFT_fmul_32ns_32neOg
INFO: [VRFC 10-2263] Analyzing SystemVerilog file "/home/arjunmenonv/Arjun_acads/Year3/CompOrg/HW-Spectrum-Analyzer/teach-fpga/01-fft/build/FFT32float/z7float32/sim/verilog/FFT.v" into library xil_defaultlib
INFO: [VRFC 10-311] analyzing module FFT
INFO: [VRFC 10-2263] Analyzing SystemVerilog file "/home/arjunmenonv/Arjun_acads/Year3/CompOrg/HW-Spectrum-Analyzer/teach-fpga/01-fft/build/FFT32float/z7float32/sim/verilog/FFT_rev_32.v" into library xil_defaultlib
INFO: [VRFC 10-311] analyzing module FFT_rev_32_rom
INFO: [VRFC 10-311] analyzing module FFT_rev_32
INFO: [VRFC 10-2263] Analyzing SystemVerilog file "/home/arjunmenonv/Arjun_acads/Year3/CompOrg/HW-Spectrum-Analyzer/teach-fpga/01-fft/build/FFT32float/z7float32/sim/verilog/FFT_fsub_32ns_32nbkb.v" into library xil_defaultlib
INFO: [VRFC 10-311] analyzing module FFT_fsub_32ns_32nbkb
INFO: [VRFC 10-2263] Analyzing SystemVerilog file "/home/arjunmenonv/Arjun_acads/Year3/CompOrg/HW-Spectrum-Analyzer/teach-fpga/01-fft/build/FFT32float/z7float32/sim/verilog/FFT0_W_M_real.v" into library xil_defaultlib
INFO: [VRFC 10-311] analyzing module FFT0_W_M_real_rom
INFO: [VRFC 10-311] analyzing module FFT0_W_M_real
INFO: [VRFC 10-2263] Analyzing SystemVerilog file "/home/arjunmenonv/Arjun_acads/Year3/CompOrg/HW-Spectrum-Analyzer/teach-fpga/01-fft/build/FFT32float/z7float32/sim/verilog/FFT.autotb.v" into library xil_defaultlib
INFO: [VRFC 10-311] analyzing module apatb_FFT_top
INFO: [VRFC 10-2263] Analyzing SystemVerilog file "/home/arjunmenonv/Arjun_acads/Year3/CompOrg/HW-Spectrum-Analyzer/teach-fpga/01-fft/build/FFT32float/z7float32/sim/verilog/FFT0_W_M_imag.v" into library xil_defaultlib
INFO: [VRFC 10-311] analyzing module FFT0_W_M_imag_rom
INFO: [VRFC 10-311] analyzing module FFT0_W_M_imag
INFO: [VRFC 10-2263] Analyzing SystemVerilog file "/home/arjunmenonv/Arjun_acads/Year3/CompOrg/HW-Spectrum-Analyzer/teach-fpga/01-fft/build/FFT32float/z7float32/sim/verilog/FFT_faddfsub_32nscud.v" into library xil_defaultlib
INFO: [VRFC 10-311] analyzing module FFT_faddfsub_32nscud
INFO: [VRFC 10-2263] Analyzing SystemVerilog file "/home/arjunmenonv/Arjun_acads/Year3/CompOrg/HW-Spectrum-Analyzer/teach-fpga/01-fft/build/FFT32float/z7float32/sim/verilog/FFT_fadd_32ns_32ndEe.v" into library xil_defaultlib
INFO: [VRFC 10-311] analyzing module FFT_fadd_32ns_32ndEe
INFO: [VRFC 10-2263] Analyzing SystemVerilog file "/home/arjunmenonv/Arjun_acads/Year3/CompOrg/HW-Spectrum-Analyzer/teach-fpga/01-fft/build/FFT32float/z7float32/sim/verilog/FFT0.v" into library xil_defaultlib
INFO: [VRFC 10-311] analyzing module FFT0
INFO: [VRFC 10-2263] Analyzing SystemVerilog file "/home/arjunmenonv/Arjun_acads/Year3/CompOrg/HW-Spectrum-Analyzer/teach-fpga/01-fft/build/FFT32float/z7float32/sim/verilog/FFT_xin_M_real.v" into library xil_defaultlib
INFO: [VRFC 10-311] analyzing module FFT_xin_M_real_ram
INFO: [VRFC 10-311] analyzing module FFT_xin_M_real
INFO: [VRFC 10-2263] Analyzing SystemVerilog file "/home/arjunmenonv/Arjun_acads/Year3/CompOrg/HW-Spectrum-Analyzer/teach-fpga/01-fft/build/FFT32float/z7float32/sim/verilog/AESL_axi_slave_AXILiteS.v" into library xil_defaultlib
INFO: [VRFC 10-311] analyzing module AESL_axi_slave_AXILiteS
INFO: [VRFC 10-163] Analyzing VHDL file "/home/arjunmenonv/Arjun_acads/Year3/CompOrg/HW-Spectrum-Analyzer/teach-fpga/01-fft/build/FFT32float/z7float32/sim/verilog/ip/xil_defaultlib/FFT_ap_faddfsub_3_full_dsp_32.vhd" into library xil_defaultlib
INFO: [VRFC 10-3107] analyzing entity 'FFT_ap_faddfsub_3_full_dsp_32'
INFO: [VRFC 10-163] Analyzing VHDL file "/home/arjunmenonv/Arjun_acads/Year3/CompOrg/HW-Spectrum-Analyzer/teach-fpga/01-fft/build/FFT32float/z7float32/sim/verilog/ip/xil_defaultlib/FFT_ap_fadd_3_full_dsp_32.vhd" into library xil_defaultlib
INFO: [VRFC 10-3107] analyzing entity 'FFT_ap_fadd_3_full_dsp_32'
INFO: [VRFC 10-163] Analyzing VHDL file "/home/arjunmenonv/Arjun_acads/Year3/CompOrg/HW-Spectrum-Analyzer/teach-fpga/01-fft/build/FFT32float/z7float32/sim/verilog/ip/xil_defaultlib/FFT_ap_fmul_2_max_dsp_32.vhd" into library xil_defaultlib
INFO: [VRFC 10-3107] analyzing entity 'FFT_ap_fmul_2_max_dsp_32'
INFO: [VRFC 10-163] Analyzing VHDL file "/home/arjunmenonv/Arjun_acads/Year3/CompOrg/HW-Spectrum-Analyzer/teach-fpga/01-fft/build/FFT32float/z7float32/sim/verilog/ip/xil_defaultlib/FFT_ap_fsub_3_full_dsp_32.vhd" into library xil_defaultlib
INFO: [VRFC 10-3107] analyzing entity 'FFT_ap_fsub_3_full_dsp_32'
Starting static elaboration
Pass Through NonSizing Optimizer
WARNING: [VRFC 10-3499] library name 'floating_point_v7_1_10' of instantiated unit conflicts with visible identifier [ip/xil_defaultlib/FFT_ap_fsub_3_full_dsp_32.vhd:202]
WARNING: [VRFC 10-3499] library name 'floating_point_v7_1_10' of instantiated unit conflicts with visible identifier [ip/xil_defaultlib/FFT_ap_faddfsub_3_full_dsp_32.vhd:207]
WARNING: [VRFC 10-3499] library name 'floating_point_v7_1_10' of instantiated unit conflicts with visible identifier [ip/xil_defaultlib/FFT_ap_fadd_3_full_dsp_32.vhd:202]
WARNING: [VRFC 10-3499] library name 'floating_point_v7_1_10' of instantiated unit conflicts with visible identifier [ip/xil_defaultlib/FFT_ap_fmul_2_max_dsp_32.vhd:202]
Completed static elaboration
Starting simulation data flow analysis
Completed simulation data flow analysis
Time Resolution for simulation is 1ps
Compiling package std.standard
Compiling package std.textio
Compiling package ieee.std_logic_1164
Compiling package ieee.numeric_std
Compiling package floating_point_v7_1_10.floating_point_v7_1_10_viv_comp
Compiling package xbip_utils_v3_0_10.xbip_utils_v3_0_10_pkg
Compiling package axi_utils_v2_0_6.axi_utils_v2_0_6_pkg
Compiling package floating_point_v7_1_10.floating_point_v7_1_10_consts
Compiling package ieee.math_real
Compiling package floating_point_v7_1_10.floating_point_v7_1_10_exp_table...
Compiling package mult_gen_v12_0_16.mult_gen_v12_0_16_pkg
Compiling package ieee.std_logic_arith
Compiling package ieee.std_logic_signed
Compiling package floating_point_v7_1_10.floating_point_v7_1_10_pkg
Compiling package floating_point_v7_1_10.flt_utils
Compiling package xbip_pipe_v3_0_6.xbip_pipe_v3_0_6_viv_comp
Compiling package unisim.vcomponents
Compiling package ieee.vital_timing
Compiling package ieee.vital_primitives
Compiling package unisim.vpkg
Compiling module xil_defaultlib.FFT_xin_M_real_ram
Compiling module xil_defaultlib.FFT_xin_M_real(DataWidth=32,Addr...
Compiling module xil_defaultlib.FFT_rev_32_rom
Compiling module xil_defaultlib.FFT_rev_32(DataWidth=5,AddressRa...
Compiling module xil_defaultlib.FFT_AXILiteS_s_axi_ram(DEPTH=32)
Compiling module xil_defaultlib.FFT_AXILiteS_s_axi
Compiling module xil_defaultlib.FFT0_W_M_real_rom
Compiling module xil_defaultlib.FFT0_W_M_real(DataWidth=32,Addre...
Compiling module xil_defaultlib.FFT0_W_M_imag_rom
Compiling module xil_defaultlib.FFT0_W_M_imag(DataWidth=32,Addre...
Compiling architecture muxcy_v of entity unisim.MUXCY [muxcy_default]
Compiling architecture synth of entity xbip_pipe_v3_0_6.xbip_pipe_v3_0_6_viv [\xbip_pipe_v3_0_6_viv(c_has_ce=1...]
Compiling architecture rtl of entity floating_point_v7_1_10.delay [\delay(width=7,length=0)\]
Compiling architecture struct of entity floating_point_v7_1_10.carry_chain [\carry_chain(c_xdevicefamily="zy...]
Compiling architecture synth of entity floating_point_v7_1_10.compare_eq_im [\compare_eq_im(c_xdevicefamily="...]
Compiling architecture xorcy_v of entity unisim.XORCY [xorcy_default]
Compiling architecture struct of entity floating_point_v7_1_10.carry_chain [\carry_chain(c_xdevicefamily="zy...]
Compiling architecture synth of entity xbip_pipe_v3_0_6.xbip_pipe_v3_0_6_viv [\xbip_pipe_v3_0_6_viv(c_has_ce=1...]
Compiling architecture rtl of entity floating_point_v7_1_10.delay [\delay(length=0)\]
Compiling architecture synth of entity xbip_pipe_v3_0_6.xbip_pipe_v3_0_6_viv [\xbip_pipe_v3_0_6_viv(c_has_ce=1...]
Compiling architecture rtl of entity floating_point_v7_1_10.delay [\delay(width=24,length=0,fast_in...]
Compiling architecture synth of entity xbip_pipe_v3_0_6.xbip_pipe_v3_0_6_viv [\xbip_pipe_v3_0_6_viv(c_has_ce=1...]
Compiling architecture rtl of entity floating_point_v7_1_10.delay [\delay(width=16,length=0)\]
Compiling architecture dsp48e1_v of entity unisim.DSP48E1 [\DSP48E1(acascreg=0,adreg=0,alum...]
Compiling architecture synth of entity xbip_pipe_v3_0_6.xbip_pipe_v3_0_6_viv [\xbip_pipe_v3_0_6_viv(c_has_ce=1...]
Compiling architecture rtl of entity floating_point_v7_1_10.delay [\delay(width=4,length=0)\]
Compiling architecture synth of entity xbip_pipe_v3_0_6.xbip_pipe_v3_0_6_viv [\xbip_pipe_v3_0_6_viv(c_has_ce=1...]
Compiling architecture rtl of entity floating_point_v7_1_10.delay [\delay(width=48,length=0)\]
Compiling architecture synth of entity xbip_pipe_v3_0_6.xbip_pipe_v3_0_6_viv [\xbip_pipe_v3_0_6_viv(c_has_ce=1...]
Compiling architecture rtl of entity floating_point_v7_1_10.delay [\delay(width=24,length=0)\]
Compiling architecture rtl of entity floating_point_v7_1_10.dsp48e1_wrapper [\dsp48e1_wrapper(a_width=24,c_wi...]
Compiling architecture synth of entity xbip_pipe_v3_0_6.xbip_pipe_v3_0_6_viv [\xbip_pipe_v3_0_6_viv(c_latency=...]
Compiling architecture rtl of entity floating_point_v7_1_10.delay [delay_default]
Compiling architecture synth of entity xbip_pipe_v3_0_6.xbip_pipe_v3_0_6_viv [\xbip_pipe_v3_0_6_viv(c_has_ce=1...]
Compiling architecture rtl of entity floating_point_v7_1_10.delay [\delay(width=13,length=0)\]
Compiling architecture synth of entity xbip_pipe_v3_0_6.xbip_pipe_v3_0_6_viv [\xbip_pipe_v3_0_6_viv(c_has_ce=1...]
Compiling architecture rtl of entity floating_point_v7_1_10.delay [\delay(width=27,length=0)\]
Compiling architecture synth of entity floating_point_v7_1_10.align_add_dsp48e1_sgl [\align_add_dsp48e1_sgl(c_xdevice...]
Compiling architecture lut5_v of entity unisim.LUT5 [\LUT5(init="00000000000000001111...]
Compiling architecture lut5_v of entity unisim.LUT5 [\LUT5(init="00000000000000000000...]
Compiling architecture synth of entity xbip_pipe_v3_0_6.xbip_pipe_v3_0_6_viv [\xbip_pipe_v3_0_6_viv(c_has_ce=1...]
Compiling architecture rtl of entity floating_point_v7_1_10.delay [\delay(width=5,length=0)\]
Compiling architecture rtl of entity floating_point_v7_1_10.lead_zero_encode_shift [\lead_zero_encode_shift(ab_fw=24...]
Compiling architecture synth of entity xbip_pipe_v3_0_6.xbip_pipe_v3_0_6_viv [\xbip_pipe_v3_0_6_viv(c_has_ce=1...]
Compiling architecture rtl of entity floating_point_v7_1_10.delay [\delay(width=3,length=0)\]
Compiling architecture lut6_v of entity unisim.LUT6 [\LUT6(init="11111110010101001011...]
Compiling architecture lut5_v of entity unisim.LUT5 [\LUT5(init="00010001010111110000...]
Compiling architecture lut5_v of entity unisim.LUT5 [\LUT5(init="11101110101000001111...]
Compiling architecture synth of entity xbip_pipe_v3_0_6.xbip_pipe_v3_0_6_viv [\xbip_pipe_v3_0_6_viv(c_latency=...]
Compiling architecture rtl of entity floating_point_v7_1_10.delay [\delay(width=2)\]
Compiling architecture dsp48e1_v of entity unisim.DSP48E1 [\DSP48E1(adreg=0,alumodereg=0,ca...]
Compiling architecture synth of entity xbip_pipe_v3_0_6.xbip_pipe_v3_0_6_viv [\xbip_pipe_v3_0_6_viv(c_has_ce=1...]
Compiling architecture rtl of entity floating_point_v7_1_10.delay [\delay(width=25,length=0)\]
Compiling architecture rtl of entity floating_point_v7_1_10.dsp48e1_wrapper [\dsp48e1_wrapper(a_width=24,c_wi...]
Compiling architecture rtl of entity floating_point_v7_1_10.norm_and_round_dsp48e1_sgl [\norm_and_round_dsp48e1_sgl(c_mu...]
Compiling architecture lut5_v of entity unisim.LUT5 [\LUT5(init="10011001100110011001...]
Compiling architecture lut5_v of entity unisim.LUT5 [\LUT5(init="11111111000000001111...]
Compiling architecture synth of entity xbip_pipe_v3_0_6.xbip_pipe_v3_0_6_viv [\xbip_pipe_v3_0_6_viv(c_has_ce=1...]
Compiling architecture rtl of entity floating_point_v7_1_10.delay [\delay(width=9,length=0)\]
Compiling architecture struct of entity floating_point_v7_1_10.carry_chain [\carry_chain(c_xdevicefamily="zy...]
Compiling architecture synth of entity xbip_pipe_v3_0_6.xbip_pipe_v3_0_6_viv [\xbip_pipe_v3_0_6_viv(c_has_ce=1...]
Compiling architecture rtl of entity floating_point_v7_1_10.delay [\delay(width=8,length=0)\]
Compiling architecture synth of entity xbip_pipe_v3_0_6.xbip_pipe_v3_0_6_viv [\xbip_pipe_v3_0_6_viv(c_latency=...]
Compiling architecture rtl of entity floating_point_v7_1_10.delay [\delay(width=10)\]
Compiling architecture synth of entity xbip_pipe_v3_0_6.xbip_pipe_v3_0_6_viv [\xbip_pipe_v3_0_6_viv(c_has_ce=1...]
Compiling architecture rtl of entity floating_point_v7_1_10.delay [\delay(width=4,length=0,fast_inp...]
Compiling architecture fdre_v of entity unisim.FDRE [fdre_default]
Compiling architecture fde_v of entity unisim.FDE [fde_default]
Compiling architecture struct of entity floating_point_v7_1_10.carry_chain [\carry_chain(c_xdevicefamily="zy...]
Compiling architecture synth of entity floating_point_v7_1_10.compare_eq_im [\compare_eq_im(c_xdevicefamily="...]
Compiling architecture synth of entity xbip_pipe_v3_0_6.xbip_pipe_v3_0_6_viv [\xbip_pipe_v3_0_6_viv(c_latency=...]
Compiling architecture rtl of entity floating_point_v7_1_10.delay [\delay(fast_input=true)\]
Compiling architecture rtl of entity floating_point_v7_1_10.special_detect [\special_detect(c_xdevicefamily=...]
Compiling architecture struct of entity floating_point_v7_1_10.carry_chain [\carry_chain(c_xdevicefamily="zy...]
Compiling architecture synth of entity floating_point_v7_1_10.compare_gt [\compare_gt(c_xdevicefamily="zyn...]
Compiling architecture synth of entity floating_point_v7_1_10.compare [\compare(c_xdevicefamily="zynq",...]
Compiling architecture synth of entity xbip_pipe_v3_0_6.xbip_pipe_v3_0_6_viv [\xbip_pipe_v3_0_6_viv(c_latency=...]
Compiling architecture rtl of entity floating_point_v7_1_10.delay [\delay(width=8)\]
Compiling architecture synth of entity xbip_pipe_v3_0_6.xbip_pipe_v3_0_6_viv [\xbip_pipe_v3_0_6_viv(c_latency=...]
Compiling architecture rtl of entity floating_point_v7_1_10.delay [\delay(width=9)\]
Compiling architecture synth of entity xbip_pipe_v3_0_6.xbip_pipe_v3_0_6_viv [\xbip_pipe_v3_0_6_viv(c_latency=...]
Compiling architecture rtl of entity floating_point_v7_1_10.delay [\delay(width=2,length=2,fast_inp...]
Compiling architecture synth of entity xbip_pipe_v3_0_6.xbip_pipe_v3_0_6_viv [\xbip_pipe_v3_0_6_viv(c_latency=...]
Compiling architecture rtl of entity floating_point_v7_1_10.delay [\delay(length=2,fast_input=true)...]
Compiling architecture synth of entity xbip_pipe_v3_0_6.xbip_pipe_v3_0_6_viv [\xbip_pipe_v3_0_6_viv(c_has_ce=1...]
Compiling architecture rtl of entity floating_point_v7_1_10.delay [\delay(length=0,fast_input=true)...]
Compiling architecture synth of entity xbip_pipe_v3_0_6.xbip_pipe_v3_0_6_viv [\xbip_pipe_v3_0_6_viv(c_has_ce=1...]
Compiling architecture rtl of entity floating_point_v7_1_10.delay [\delay(width=2,length=0,fast_inp...]
Compiling architecture synth of entity xbip_pipe_v3_0_6.xbip_pipe_v3_0_6_viv [\xbip_pipe_v3_0_6_viv(c_has_ce=1...]
Compiling architecture rtl of entity floating_point_v7_1_10.delay [\delay(width=12,length=0)\]
Compiling architecture rtl of entity floating_point_v7_1_10.flt_add_exp_sp [\flt_add_exp_sp(c_xdevicefamily=...]
Compiling architecture synth of entity xbip_pipe_v3_0_6.xbip_pipe_v3_0_6_viv [\xbip_pipe_v3_0_6_viv(c_latency=...]
Compiling architecture rtl of entity floating_point_v7_1_10.delay [\delay(width=23)\]
Compiling architecture synth of entity floating_point_v7_1_10.flt_dec_op [\flt_dec_op(c_xdevicefamily="zyn...]
Compiling architecture rtl of entity floating_point_v7_1_10.flt_add_dsp [\flt_add_dsp(c_xdevicefamily="zy...]
Compiling architecture rtl of entity floating_point_v7_1_10.flt_add [\flt_add(c_xdevicefamily="zynq",...]
Compiling architecture synth of entity xbip_pipe_v3_0_6.xbip_pipe_v3_0_6_viv [\xbip_pipe_v3_0_6_viv(c_latency=...]
Compiling architecture synth of entity xbip_pipe_v3_0_6.xbip_pipe_v3_0_6_viv [\xbip_pipe_v3_0_6_viv(c_has_ce=1...]
Compiling architecture rtl of entity floating_point_v7_1_10.delay [\delay(width=32,length=0)\]
Compiling architecture xilinx of entity floating_point_v7_1_10.floating_point_v7_1_10_viv [\floating_point_v7_1_10_viv(c_xd...]
Compiling architecture xilinx of entity floating_point_v7_1_10.floating_point_v7_1_10 [\floating_point_v7_1_10(c_xdevic...]
Compiling architecture fft_ap_fsub_3_full_dsp_32_arch of entity xil_defaultlib.FFT_ap_fsub_3_full_dsp_32 [fft_ap_fsub_3_full_dsp_32_defaul...]
Compiling module xil_defaultlib.FFT_fsub_32ns_32nbkb
Compiling architecture rtl of entity floating_point_v7_1_10.flt_add [\flt_add(c_xdevicefamily="zynq",...]
Compiling architecture xilinx of entity floating_point_v7_1_10.floating_point_v7_1_10_viv [\floating_point_v7_1_10_viv(c_xd...]
Compiling architecture xilinx of entity floating_point_v7_1_10.floating_point_v7_1_10 [\floating_point_v7_1_10(c_xdevic...]
Compiling architecture fft_ap_faddfsub_3_full_dsp_32_arch of entity xil_defaultlib.FFT_ap_faddfsub_3_full_dsp_32 [fft_ap_faddfsub_3_full_dsp_32_de...]
Compiling module xil_defaultlib.FFT_faddfsub_32nscud(ID=1)
Compiling architecture rtl of entity floating_point_v7_1_10.flt_add [\flt_add(c_xdevicefamily="zynq",...]
Compiling architecture xilinx of entity floating_point_v7_1_10.floating_point_v7_1_10_viv [\floating_point_v7_1_10_viv(c_xd...]
Compiling architecture xilinx of entity floating_point_v7_1_10.floating_point_v7_1_10 [\floating_point_v7_1_10(c_xdevic...]
Compiling architecture fft_ap_fadd_3_full_dsp_32_arch of entity xil_defaultlib.FFT_ap_fadd_3_full_dsp_32 [fft_ap_fadd_3_full_dsp_32_defaul...]
Compiling module xil_defaultlib.FFT_fadd_32ns_32ndEe(ID=1)
Compiling architecture dsp48e1_v of entity unisim.DSP48E1 [\DSP48E1(acascreg=0,adreg=0,alum...]
Compiling architecture synth of entity xbip_pipe_v3_0_6.xbip_pipe_v3_0_6_viv [\xbip_pipe_v3_0_6_viv(c_has_ce=1...]
Compiling architecture rtl of entity floating_point_v7_1_10.delay [\delay(width=17,length=0)\]
Compiling architecture rtl of entity floating_point_v7_1_10.dsp48e1_wrapper [\dsp48e1_wrapper(a_width=24,b_wi...]
Compiling architecture dsp48e1_v of entity unisim.DSP48E1 [\DSP48E1(acascreg=0,adreg=0,alum...]
Compiling architecture rtl of entity floating_point_v7_1_10.dsp48e1_wrapper [\dsp48e1_wrapper(a_width=24,b_wi...]
Compiling architecture struct of entity floating_point_v7_1_10.fix_mult_dsp48e1_sgl [\fix_mult_dsp48e1_sgl(registers=...]
Compiling architecture rtl of entity floating_point_v7_1_10.fix_mult [\fix_mult(c_xdevicefamily="zynq"...]
Compiling architecture synth of entity xbip_pipe_v3_0_6.xbip_pipe_v3_0_6_viv [\xbip_pipe_v3_0_6_viv(c_has_ce=1...]
Compiling architecture rtl of entity floating_point_v7_1_10.delay [\delay(width=8,length=0,fast_inp...]
Compiling architecture struct of entity floating_point_v7_1_10.carry_chain [\carry_chain(c_xdevicefamily="zy...]
Compiling architecture struct of entity floating_point_v7_1_10.carry_chain [\carry_chain(c_xdevicefamily="zy...]
Compiling architecture synth of entity floating_point_v7_1_10.compare_eq_im [\compare_eq_im(c_xdevicefamily="...]
Compiling architecture rtl of entity floating_point_v7_1_10.special_detect [\special_detect(c_xdevicefamily=...]
Compiling architecture synth of entity xbip_pipe_v3_0_6.xbip_pipe_v3_0_6_viv [\xbip_pipe_v3_0_6_viv(c_latency=...]
Compiling architecture rtl of entity floating_point_v7_1_10.delay [\delay(width=2,fast_input=true)\]
Compiling architecture synth of entity xbip_pipe_v3_0_6.xbip_pipe_v3_0_6_viv [\xbip_pipe_v3_0_6_viv(c_latency=...]
Compiling architecture rtl of entity floating_point_v7_1_10.delay [\delay(width=4,fast_input=true)\]
Compiling architecture synth of entity xbip_pipe_v3_0_6.xbip_pipe_v3_0_6_viv [\xbip_pipe_v3_0_6_viv(c_has_ce=1...]
Compiling architecture rtl of entity floating_point_v7_1_10.delay [\delay(width=3,length=0,fast_inp...]
Compiling architecture synth of entity xbip_pipe_v3_0_6.xbip_pipe_v3_0_6_viv [\xbip_pipe_v3_0_6_viv(c_has_ce=1...]
Compiling architecture rtl of entity floating_point_v7_1_10.delay [\delay(width=14,length=0)\]
Compiling architecture rtl of entity floating_point_v7_1_10.flt_mult_exp [\flt_mult_exp(c_xdevicefamily="z...]
Compiling architecture dsp48e1_v of entity unisim.DSP48E1 [\DSP48E1(acascreg=0,adreg=0,alum...]
Compiling architecture synth of entity xbip_pipe_v3_0_6.xbip_pipe_v3_0_6_viv [\xbip_pipe_v3_0_6_viv(c_has_ce=1...]
Compiling architecture rtl of entity floating_point_v7_1_10.delay [\delay(width=30,length=0)\]
Compiling architecture synth of entity xbip_pipe_v3_0_6.xbip_pipe_v3_0_6_viv [\xbip_pipe_v3_0_6_viv(c_has_ce=1...]
Compiling architecture rtl of entity floating_point_v7_1_10.delay [\delay(width=18,length=0)\]
Compiling architecture rtl of entity floating_point_v7_1_10.dsp48e1_wrapper [\dsp48e1_wrapper(a_width=30,b_wi...]
Compiling architecture struct of entity floating_point_v7_1_10.flt_round_dsp_opt_full [\flt_round_dsp_opt_full(c_xdevic...]
Compiling architecture rtl of entity floating_point_v7_1_10.flt_mult_round [\flt_mult_round(c_xdevicefamily=...]
Compiling architecture synth of entity floating_point_v7_1_10.flt_dec_op_lat [\flt_dec_op_lat(c_xdevicefamily=...]
Compiling architecture rtl of entity floating_point_v7_1_10.flt_mult [\flt_mult(c_xdevicefamily="zynq"...]
Compiling architecture xilinx of entity floating_point_v7_1_10.floating_point_v7_1_10_viv [\floating_point_v7_1_10_viv(c_xd...]
Compiling architecture xilinx of entity floating_point_v7_1_10.floating_point_v7_1_10 [\floating_point_v7_1_10(c_xdevic...]
Compiling architecture fft_ap_fmul_2_max_dsp_32_arch of entity xil_defaultlib.FFT_ap_fmul_2_max_dsp_32 [fft_ap_fmul_2_max_dsp_32_default]
Compiling module xil_defaultlib.FFT_fmul_32ns_32neOg(ID=1)
Compiling module xil_defaultlib.FFT0
Compiling module xil_defaultlib.FFT
Compiling module xil_defaultlib.AESL_axi_slave_AXILiteS
Compiling module xil_defaultlib.apatb_FFT_top
Compiling module work.glbl
Built simulation snapshot FFT
