Copyright 1986-2020 Xilinx, Inc. All Rights Reserved.
----------------------------------------------------------------------------------------
| Tool Version : Vivado v.2020.1 (lin64) Build 2902540 Wed May 27 19:54:35 MDT 2020
| Date         : Sun Dec 27 17:06:56 2020
| Host         : arjun-Lenovo-ubuntu18 running 64-bit Ubuntu 18.04.5 LTS
| Command      : report_control_sets -verbose -file ip1_wrapper_control_sets_placed.rpt
| Design       : ip1_wrapper
| Device       : xc7z020
----------------------------------------------------------------------------------------

Control Set Information

Table of Contents
-----------------
1. Summary
2. Histogram
3. Flip-Flop Distribution
4. Detailed Control Set Information

1. Summary
----------

+----------------------------------------------------------+-------+
|                          Status                          | Count |
+----------------------------------------------------------+-------+
| Total control sets                                       |    76 |
|    Minimum number of control sets                        |    76 |
|    Addition due to synthesis replication                 |     0 |
|    Addition due to physical synthesis replication        |     0 |
| Unused register locations in slices containing registers |   153 |
+----------------------------------------------------------+-------+
* Control sets can be merged at opt_design using control_set_merge or merge_equivalent_drivers
** Run report_qor_suggestions for automated merging and remapping suggestions


2. Histogram
------------

+--------------------+-------+
|       Fanout       | Count |
+--------------------+-------+
| Total control sets |    76 |
| >= 0 to < 4        |     1 |
| >= 4 to < 6        |    14 |
| >= 6 to < 8        |     6 |
| >= 8 to < 10       |     5 |
| >= 10 to < 12      |     5 |
| >= 12 to < 14      |     5 |
| >= 14 to < 16      |     4 |
| >= 16              |    36 |
+--------------------+-------+
* Control sets can be remapped at either synth_design or opt_design


3. Flip-Flop Distribution
-------------------------

+--------------+-----------------------+------------------------+-----------------+--------------+
| Clock Enable | Synchronous Set/Reset | Asynchronous Set/Reset | Total Registers | Total Slices |
+--------------+-----------------------+------------------------+-----------------+--------------+
| No           | No                    | No                     |             969 |          273 |
| No           | No                    | Yes                    |               0 |            0 |
| No           | Yes                   | No                     |             233 |           83 |
| Yes          | No                    | No                     |            1214 |          319 |
| Yes          | No                    | Yes                    |               0 |            0 |
| Yes          | Yes                   | No                     |             263 |           68 |
+--------------+-----------------------+------------------------+-----------------+--------------+


4. Detailed Control Set Information
-----------------------------------

+--------------------------------------------+-----------------------------------------------------------------------------------------------------------------------------------------------------------+------------------------------------------------------------------------------------------------------------------------------------------------------+------------------+----------------+--------------+
|                Clock Signal                |                                                                       Enable Signal                                                                       |                                                                   Set/Reset Signal                                                                   | Slice Load Count | Bel Load Count | Bels / Slice |
+--------------------------------------------+-----------------------------------------------------------------------------------------------------------------------------------------------------------+------------------------------------------------------------------------------------------------------------------------------------------------------+------------------+----------------+--------------+
|  ip1_i/processing_system7_0/inst/FCLK_CLK0 | ip1_i/ps7_0_axi_periph/s00_couplers/auto_pc/inst/gen_axilite.gen_b2s_conv.axilite_b2s/WR.b_channel_0/bid_fifo_0/bresp_push                                |                                                                                                                                                      |                1 |              2 |         2.00 |
|  ip1_i/processing_system7_0/inst/FCLK_CLK0 | ip1_i/FFT_0/inst/grp_FFT0_fu_306/ap_NS_fsm1                                                                                                               | ip1_i/FFT_0/inst/grp_FFT0_fu_306/FFT_stage_cast1_reg_419[2]_i_1_n_3                                                                                  |                2 |              4 |         2.00 |
|  ip1_i/processing_system7_0/inst/FCLK_CLK0 |                                                                                                                                                           | ip1_i/ps7_0_axi_periph/s00_couplers/auto_pc/inst/gen_axilite.gen_b2s_conv.axilite_b2s/SI_REG/ar.ar_pipe/aresetn_d_reg[1]_inv_0                       |                2 |              4 |         2.00 |
|  ip1_i/processing_system7_0/inst/FCLK_CLK0 |                                                                                                                                                           | ip1_i/ps7_0_axi_periph/s00_couplers/auto_pc/inst/gen_axilite.gen_b2s_conv.axilite_b2s/SI_REG/aw.aw_pipe/aresetn_d_reg[0]_0                           |                2 |              4 |         2.00 |
|  ip1_i/processing_system7_0/inst/FCLK_CLK0 |                                                                                                                                                           | ip1_i/rst_ps7_0_50M/U0/EXT_LPF/lpf_int                                                                                                               |                2 |              4 |         2.00 |
|  ip1_i/processing_system7_0/inst/FCLK_CLK0 |                                                                                                                                                           | ip1_i/FFT_0/inst/FFT_AXILiteS_s_axi_U/FSM_onehot_rstate_reg[1]_1                                                                                     |                1 |              4 |         4.00 |
|  ip1_i/processing_system7_0/inst/FCLK_CLK0 | ip1_i/FFT_0/inst/zext_ln72_reg_482_reg0                                                                                                                   |                                                                                                                                                      |                3 |              5 |         1.67 |
|  ip1_i/processing_system7_0/inst/FCLK_CLK0 | ip1_i/FFT_0/inst/zext_ln62_reg_429_reg0                                                                                                                   |                                                                                                                                                      |                2 |              5 |         2.50 |
|  ip1_i/processing_system7_0/inst/FCLK_CLK0 | ip1_i/counter_0/inst/counter_AXILiteS_s_axi_U/rdata[31]_i_2_n_0                                                                                           |                                                                                                                                                      |                3 |              5 |         1.67 |
|  ip1_i/processing_system7_0/inst/FCLK_CLK0 | ip1_i/counter_0/inst/counter_AXILiteS_s_axi_U/waddr                                                                                                       |                                                                                                                                                      |                1 |              5 |         5.00 |
|  ip1_i/processing_system7_0/inst/FCLK_CLK0 | ip1_i/ps7_0_axi_periph/s00_couplers/auto_pc/inst/gen_axilite.gen_b2s_conv.axilite_b2s/RD.r_channel_0/transaction_fifo_0/cnt_read[4]_i_1__0_n_0            | ip1_i/ps7_0_axi_periph/s00_couplers/auto_pc/inst/gen_axilite.gen_b2s_conv.axilite_b2s/areset_d1                                                      |                2 |              5 |         2.50 |
|  ip1_i/processing_system7_0/inst/FCLK_CLK0 | ip1_i/FFT_0/inst/grp_FFT0_fu_306/ap_CS_fsm_state2                                                                                                         |                                                                                                                                                      |                1 |              5 |         5.00 |
|  ip1_i/processing_system7_0/inst/FCLK_CLK0 | ip1_i/ps7_0_axi_periph/s00_couplers/auto_pc/inst/gen_axilite.gen_b2s_conv.axilite_b2s/RD.r_channel_0/rd_data_fifo_0/cnt_read[4]_i_1_n_0                   | ip1_i/ps7_0_axi_periph/s00_couplers/auto_pc/inst/gen_axilite.gen_b2s_conv.axilite_b2s/areset_d1                                                      |                1 |              5 |         5.00 |
|  ip1_i/processing_system7_0/inst/FCLK_CLK0 | ip1_i/FFT_0/inst/grp_FFT0_fu_306/ap_CS_fsm_state12                                                                                                        |                                                                                                                                                      |                2 |              5 |         2.50 |
|  ip1_i/processing_system7_0/inst/FCLK_CLK0 | ip1_i/FFT_0/inst/ap_NS_fsm[4]                                                                                                                             |                                                                                                                                                      |                1 |              5 |         5.00 |
|  ip1_i/processing_system7_0/inst/FCLK_CLK0 | ip1_i/rst_ps7_0_50M/U0/SEQ/seq_cnt_en                                                                                                                     | ip1_i/rst_ps7_0_50M/U0/SEQ/SEQ_COUNTER/clear                                                                                                         |                1 |              6 |         6.00 |
|  ip1_i/processing_system7_0/inst/FCLK_CLK0 | ip1_i/FFT_0/inst/ap_CS_fsm_state6                                                                                                                         | ip1_i/FFT_0/inst/ap_NS_fsm11_out                                                                                                                     |                1 |              6 |         6.00 |
|  ip1_i/processing_system7_0/inst/FCLK_CLK0 | ip1_i/FFT_0/inst/ap_CS_fsm_state2                                                                                                                         |                                                                                                                                                      |                2 |              6 |         3.00 |
|  ip1_i/processing_system7_0/inst/FCLK_CLK0 | ip1_i/FFT_0/inst/ap_CS_fsm_state16                                                                                                                        |                                                                                                                                                      |                2 |              6 |         3.00 |
|  ip1_i/processing_system7_0/inst/FCLK_CLK0 | ip1_i/FFT_0/inst/ap_CS_fsm_state3                                                                                                                         | ip1_i/FFT_0/inst/FFT_AXILiteS_s_axi_U/ap_CS_fsm_reg[0][0]                                                                                            |                1 |              6 |         6.00 |
|  ip1_i/processing_system7_0/inst/FCLK_CLK0 | ip1_i/FFT_0/inst/ap_CS_fsm_state17                                                                                                                        | ip1_i/FFT_0/inst/grp_FFT0_fu_306/SR[0]                                                                                                               |                2 |              6 |         3.00 |
|  ip1_i/processing_system7_0/inst/FCLK_CLK0 | ip1_i/ps7_0_axi_periph/s00_couplers/auto_pc/inst/gen_axilite.gen_b2s_conv.axilite_b2s/WR.b_channel_0/mhandshake_r                                         | ip1_i/ps7_0_axi_periph/s00_couplers/auto_pc/inst/gen_axilite.gen_b2s_conv.axilite_b2s/WR.b_channel_0/bid_fifo_0/SR[0]                                |                3 |              8 |         2.67 |
|  ip1_i/processing_system7_0/inst/FCLK_CLK0 |                                                                                                                                                           | ip1_i/FFT_0/inst/grp_FFT0_fu_306/FFT_fmul_32ns_32neOg_U5/FFT_ap_fmul_2_max_dsp_32_u/U0/i_synth/MULT.OP/i_non_prim.EXP/STATE_DELAY/i_pipe/state_op[0] |                2 |              8 |         4.00 |
|  ip1_i/processing_system7_0/inst/FCLK_CLK0 |                                                                                                                                                           | ip1_i/FFT_0/inst/grp_FFT0_fu_306/FFT_fmul_32ns_32neOg_U6/FFT_ap_fmul_2_max_dsp_32_u/U0/i_synth/MULT.OP/i_non_prim.EXP/STATE_DELAY/i_pipe/state_op[0] |                2 |              8 |         4.00 |
|  ip1_i/processing_system7_0/inst/FCLK_CLK0 |                                                                                                                                                           | ip1_i/FFT_0/inst/grp_FFT0_fu_306/FFT_fmul_32ns_32neOg_U7/FFT_ap_fmul_2_max_dsp_32_u/U0/i_synth/MULT.OP/i_non_prim.EXP/STATE_DELAY/i_pipe/state_op[0] |                2 |              8 |         4.00 |
|  ip1_i/processing_system7_0/inst/FCLK_CLK0 |                                                                                                                                                           | ip1_i/FFT_0/inst/grp_FFT0_fu_306/FFT_fmul_32ns_32neOg_U8/FFT_ap_fmul_2_max_dsp_32_u/U0/i_synth/MULT.OP/i_non_prim.EXP/STATE_DELAY/i_pipe/state_op[0] |                2 |              8 |         4.00 |
|  ip1_i/processing_system7_0/inst/FCLK_CLK0 | ip1_i/FFT_0/inst/grp_FFT0_fu_306/ap_NS_fsm[2]                                                                                                             |                                                                                                                                                      |                3 |             10 |         3.33 |
|  ip1_i/processing_system7_0/inst/FCLK_CLK0 |                                                                                                                                                           | ip1_i/ps7_0_axi_periph/s00_couplers/auto_pc/inst/gen_axilite.gen_b2s_conv.axilite_b2s/areset_d1                                                      |                5 |             10 |         2.00 |
|  ip1_i/processing_system7_0/inst/FCLK_CLK0 | ip1_i/FFT_0/inst/FFT_AXILiteS_s_axi_U/aw_hs                                                                                                               |                                                                                                                                                      |                2 |             10 |         5.00 |
|  ip1_i/processing_system7_0/inst/FCLK_CLK0 | ip1_i/FFT_0/inst/ap_CS_fsm_state4                                                                                                                         |                                                                                                                                                      |                2 |             11 |         5.50 |
|  ip1_i/processing_system7_0/inst/FCLK_CLK0 |                                                                                                                                                           | ip1_i/ps7_0_axi_periph/xbar/inst/gen_sasd.crossbar_sasd_0/addr_arbiter_inst/SR[0]                                                                    |                5 |             11 |         2.20 |
|  ip1_i/processing_system7_0/inst/FCLK_CLK0 | ip1_i/ps7_0_axi_periph/s00_couplers/auto_pc/inst/gen_axilite.gen_b2s_conv.axilite_b2s/WR.aw_channel_0/aw_cmd_fsm_0/FSM_sequential_state_reg[1]_0[0]       |                                                                                                                                                      |                6 |             12 |         2.00 |
|  ip1_i/processing_system7_0/inst/FCLK_CLK0 | ip1_i/ps7_0_axi_periph/s00_couplers/auto_pc/inst/gen_axilite.gen_b2s_conv.axilite_b2s/RD.ar_channel_0/ar_cmd_fsm_0/sel_first_reg[0]                       |                                                                                                                                                      |                3 |             12 |         4.00 |
|  ip1_i/processing_system7_0/inst/FCLK_CLK0 | ip1_i/ps7_0_axi_periph/s00_couplers/auto_pc/inst/gen_axilite.gen_b2s_conv.axilite_b2s/RD.ar_channel_0/ar_cmd_fsm_0/E[0]                                   |                                                                                                                                                      |                3 |             12 |         4.00 |
|  ip1_i/processing_system7_0/inst/FCLK_CLK0 | ip1_i/ps7_0_axi_periph/s00_couplers/auto_pc/inst/gen_axilite.gen_b2s_conv.axilite_b2s/WR.aw_channel_0/cmd_translator_0/incr_cmd_0/axaddr_incr[11]_i_1_n_0 |                                                                                                                                                      |                3 |             12 |         4.00 |
|  ip1_i/processing_system7_0/inst/FCLK_CLK0 | ip1_i/ps7_0_axi_periph/s00_couplers/auto_pc/inst/gen_axilite.gen_b2s_conv.axilite_b2s/RD.r_channel_0/r_push_r                                             |                                                                                                                                                      |                4 |             13 |         3.25 |
|  ip1_i/processing_system7_0/inst/FCLK_CLK0 | ip1_i/ps7_0_axi_periph/s00_couplers/auto_pc/inst/gen_axilite.gen_b2s_conv.axilite_b2s/SI_REG/b.b_pipe/p_1_in                                              |                                                                                                                                                      |                2 |             14 |         7.00 |
|  ip1_i/processing_system7_0/inst/FCLK_CLK0 | ip1_i/ps7_0_axi_periph/s00_couplers/auto_pc/inst/gen_axilite.gen_b2s_conv.axilite_b2s/SI_REG/b.b_pipe/s_ready_i_reg_0                                     |                                                                                                                                                      |                2 |             14 |         7.00 |
|  ip1_i/processing_system7_0/inst/FCLK_CLK0 | ip1_i/FFT_0/inst/grp_FFT0_fu_306/ap_NS_fsm1                                                                                                               |                                                                                                                                                      |                4 |             15 |         3.75 |
|  ip1_i/processing_system7_0/inst/FCLK_CLK0 |                                                                                                                                                           | ip1_i/counter_0/inst/counter_AXILiteS_s_axi_U/ap_rst_n_inv                                                                                           |                6 |             15 |         2.50 |
|  ip1_i/processing_system7_0/inst/FCLK_CLK0 | ip1_i/ps7_0_axi_periph/s00_couplers/auto_pc/inst/gen_axilite.gen_b2s_conv.axilite_b2s/WR.b_channel_0/bid_fifo_0/sel                                       |                                                                                                                                                      |                3 |             16 |         5.33 |
|  ip1_i/processing_system7_0/inst/FCLK_CLK0 |                                                                                                                                                           | ip1_i/FFT_0/inst/grp_FFT0_fu_306/FFT_fmul_32ns_32neOg_U8/FFT_ap_fmul_2_max_dsp_32_u/U0/i_synth/MULT.OP/i_non_prim.EXP/SIG_DELAY/i_pipe/state_op[0]   |                7 |             22 |         3.14 |
|  ip1_i/processing_system7_0/inst/FCLK_CLK0 |                                                                                                                                                           | ip1_i/FFT_0/inst/grp_FFT0_fu_306/FFT_fmul_32ns_32neOg_U7/FFT_ap_fmul_2_max_dsp_32_u/U0/i_synth/MULT.OP/i_non_prim.EXP/SIG_DELAY/i_pipe/state_op[0]   |                9 |             22 |         2.44 |
|  ip1_i/processing_system7_0/inst/FCLK_CLK0 |                                                                                                                                                           | ip1_i/FFT_0/inst/grp_FFT0_fu_306/FFT_fmul_32ns_32neOg_U6/FFT_ap_fmul_2_max_dsp_32_u/U0/i_synth/MULT.OP/i_non_prim.EXP/SIG_DELAY/i_pipe/state_op[0]   |                7 |             22 |         3.14 |
|  ip1_i/processing_system7_0/inst/FCLK_CLK0 |                                                                                                                                                           | ip1_i/FFT_0/inst/grp_FFT0_fu_306/FFT_fmul_32ns_32neOg_U5/FFT_ap_fmul_2_max_dsp_32_u/U0/i_synth/MULT.OP/i_non_prim.EXP/SIG_DELAY/i_pipe/state_op[0]   |                8 |             22 |         2.75 |
|  ip1_i/processing_system7_0/inst/FCLK_CLK0 | ip1_i/ps7_0_axi_periph/s00_couplers/auto_pc/inst/gen_axilite.gen_b2s_conv.axilite_b2s/RD.ar_channel_0/ar_cmd_fsm_0/m_valid_i_reg[0]                       |                                                                                                                                                      |                9 |             24 |         2.67 |
|  ip1_i/processing_system7_0/inst/FCLK_CLK0 | ip1_i/ps7_0_axi_periph/s00_couplers/auto_pc/inst/gen_axilite.gen_b2s_conv.axilite_b2s/WR.aw_channel_0/aw_cmd_fsm_0/E[0]                                   |                                                                                                                                                      |                9 |             24 |         2.67 |
|  ip1_i/processing_system7_0/inst/FCLK_CLK0 | ip1_i/ps7_0_axi_periph/xbar/inst/gen_sasd.crossbar_sasd_0/addr_arbiter_inst/p_0_in1_in                                                                    | ip1_i/ps7_0_axi_periph/xbar/inst/gen_sasd.crossbar_sasd_0/addr_arbiter_inst/SR[0]                                                                    |               10 |             26 |         2.60 |
|  ip1_i/processing_system7_0/inst/FCLK_CLK0 | ip1_i/counter_0/inst/counter_AXILiteS_s_axi_U/rdata[31]_i_2_n_0                                                                                           | ip1_i/counter_0/inst/counter_AXILiteS_s_axi_U/rdata[31]_i_1_n_0                                                                                      |                5 |             27 |         5.40 |
|  ip1_i/processing_system7_0/inst/FCLK_CLK0 | ip1_i/FFT_0/inst/grp_FFT0_fu_306/ap_NS_fsm[2]                                                                                                             | ip1_i/FFT_0/inst/grp_FFT0_fu_306/select_ln33_reg_453                                                                                                 |                8 |             31 |         3.88 |
|  ip1_i/processing_system7_0/inst/FCLK_CLK0 | ip1_i/FFT_0/inst/rdata_reg[31]_i_8_n_3                                                                                                                    |                                                                                                                                                      |               11 |             32 |         2.91 |
|  ip1_i/processing_system7_0/inst/FCLK_CLK0 | ip1_i/FFT_0/inst/rdata_reg[31]_i_13_n_3                                                                                                                   |                                                                                                                                                      |                8 |             32 |         4.00 |
|  ip1_i/processing_system7_0/inst/FCLK_CLK0 | ip1_i/FFT_0/inst/rdata_reg[31]_i_12_n_3                                                                                                                   |                                                                                                                                                      |               10 |             32 |         3.20 |
|  ip1_i/processing_system7_0/inst/FCLK_CLK0 | ip1_i/FFT_0/inst/FFT_AXILiteS_s_axi_U/rdata[31]_i_1_n_3                                                                                                   |                                                                                                                                                      |               16 |             32 |         2.00 |
|  ip1_i/processing_system7_0/inst/FCLK_CLK0 | ip1_i/counter_0/inst/counter_AXILiteS_s_axi_U/ap_start                                                                                                    |                                                                                                                                                      |                8 |             32 |         4.00 |
|  ip1_i/processing_system7_0/inst/FCLK_CLK0 | ip1_i/FFT_0/inst/grp_FFT0_fu_306/ap_NS_fsm[2]                                                                                                             | ip1_i/FFT_0/inst/grp_FFT0_fu_306/butterfly_pass_2_reg_458                                                                                            |                8 |             32 |         4.00 |
|  ip1_i/processing_system7_0/inst/FCLK_CLK0 | ip1_i/counter_0/inst/counter_AXILiteS_s_axi_U/ap_start                                                                                                    | ip1_i/counter_0/inst/counter_AXILiteS_s_axi_U/ap_rst_n_inv                                                                                           |                9 |             32 |         3.56 |
|  ip1_i/processing_system7_0/inst/FCLK_CLK0 | ip1_i/FFT_0/inst/rdata_reg[31]_i_9_n_3                                                                                                                    |                                                                                                                                                      |                8 |             32 |         4.00 |
|  ip1_i/processing_system7_0/inst/FCLK_CLK0 | ip1_i/ps7_0_axi_periph/s00_couplers/auto_pc/inst/gen_axilite.gen_b2s_conv.axilite_b2s/RD.r_channel_0/rd_data_fifo_0/wr_en0                                |                                                                                                                                                      |                9 |             34 |         3.78 |
|  ip1_i/processing_system7_0/inst/FCLK_CLK0 | ip1_i/ps7_0_axi_periph/xbar/inst/gen_sasd.crossbar_sasd_0/addr_arbiter_inst/E[0]                                                                          |                                                                                                                                                      |                9 |             35 |         3.89 |
|  ip1_i/processing_system7_0/inst/FCLK_CLK0 | ip1_i/ps7_0_axi_periph/s00_couplers/auto_pc/inst/gen_axilite.gen_b2s_conv.axilite_b2s/SI_REG/r.r_pipe/s_ready_i_reg_0                                     |                                                                                                                                                      |                7 |             47 |         6.71 |
|  ip1_i/processing_system7_0/inst/FCLK_CLK0 | ip1_i/ps7_0_axi_periph/s00_couplers/auto_pc/inst/gen_axilite.gen_b2s_conv.axilite_b2s/SI_REG/r.r_pipe/p_1_in                                              |                                                                                                                                                      |                7 |             47 |         6.71 |
|  ip1_i/processing_system7_0/inst/FCLK_CLK0 | ip1_i/ps7_0_axi_periph/s00_couplers/auto_pc/inst/gen_axilite.gen_b2s_conv.axilite_b2s/SI_REG/aw.aw_pipe/s_ready_i_reg_0                                   |                                                                                                                                                      |                9 |             48 |         5.33 |
|  ip1_i/processing_system7_0/inst/FCLK_CLK0 | ip1_i/ps7_0_axi_periph/s00_couplers/auto_pc/inst/gen_axilite.gen_b2s_conv.axilite_b2s/WR.b_channel_0/bid_fifo_0/E[0]                                      |                                                                                                                                                      |                8 |             48 |         6.00 |
|  ip1_i/processing_system7_0/inst/FCLK_CLK0 | ip1_i/ps7_0_axi_periph/s00_couplers/auto_pc/inst/gen_axilite.gen_b2s_conv.axilite_b2s/RD.ar_channel_0/ar_cmd_fsm_0/m_valid_i_reg_1[0]                     |                                                                                                                                                      |               10 |             48 |         4.80 |
|  ip1_i/processing_system7_0/inst/FCLK_CLK0 | ip1_i/FFT_0/inst/grp_FFT0_fu_306/ap_CS_fsm_state4                                                                                                         |                                                                                                                                                      |               14 |             48 |         3.43 |
|  ip1_i/processing_system7_0/inst/FCLK_CLK0 | ip1_i/ps7_0_axi_periph/s00_couplers/auto_pc/inst/gen_axilite.gen_b2s_conv.axilite_b2s/SI_REG/ar.ar_pipe/s_ready_i_reg_0                                   |                                                                                                                                                      |               10 |             48 |         4.80 |
|  ip1_i/processing_system7_0/inst/FCLK_CLK0 | ip1_i/FFT_0/inst/grp_FFT0_fu_306/ap_CS_fsm_state3                                                                                                         |                                                                                                                                                      |               10 |             52 |         5.20 |
|  ip1_i/processing_system7_0/inst/FCLK_CLK0 |                                                                                                                                                           | ip1_i/FFT_0/inst/FFT_AXILiteS_s_axi_U/SR[0]                                                                                                          |               21 |             61 |         2.90 |
|  ip1_i/processing_system7_0/inst/FCLK_CLK0 | ip1_i/FFT_0/inst/grp_FFT0_fu_306/reg_2610                                                                                                                 |                                                                                                                                                      |               14 |             64 |         4.57 |
|  ip1_i/processing_system7_0/inst/FCLK_CLK0 | ip1_i/FFT_0/inst/grp_FFT0_fu_306/reg_2450                                                                                                                 |                                                                                                                                                      |               31 |             64 |         2.06 |
|  ip1_i/processing_system7_0/inst/FCLK_CLK0 | ip1_i/FFT_0/inst/grp_FFT0_fu_306/ap_CS_fsm_state18                                                                                                        |                                                                                                                                                      |               14 |             64 |         4.57 |
|  ip1_i/processing_system7_0/inst/FCLK_CLK0 | ip1_i/FFT_0/inst/ram_reg_i_39__0_n_3                                                                                                                      |                                                                                                                                                      |               18 |             64 |         3.56 |
|  ip1_i/processing_system7_0/inst/FCLK_CLK0 | ip1_i/FFT_0/inst/grp_FFT0_fu_306/ap_CS_fsm_state20                                                                                                        | ip1_i/FFT_0/inst/grp_FFT0_fu_306/butterfly_pass_0_reg_191                                                                                            |               15 |             69 |         4.60 |
|  ip1_i/processing_system7_0/inst/FCLK_CLK0 | ip1_i/FFT_0/inst/grp_FFT0_fu_306/ap_CS_fsm_state8                                                                                                         |                                                                                                                                                      |               32 |            128 |         4.00 |
|  ip1_i/processing_system7_0/inst/FCLK_CLK0 |                                                                                                                                                           |                                                                                                                                                      |              274 |            970 |         3.54 |
+--------------------------------------------+-----------------------------------------------------------------------------------------------------------------------------------------------------------+------------------------------------------------------------------------------------------------------------------------------------------------------+------------------+----------------+--------------+


