
*** Running vivado
    with args -log Z7fft32IP_processing_system7_0_0.vds -m64 -product Vivado -mode batch -messageDb vivado.pb -notrace -source Z7fft32IP_processing_system7_0_0.tcl


****** Vivado v2020.1 (64-bit)
  **** SW Build 2902540 on Wed May 27 19:54:35 MDT 2020
  **** IP Build 2902112 on Wed May 27 22:43:36 MDT 2020
    ** Copyright 1986-2020 Xilinx, Inc. All Rights Reserved.

source Z7fft32IP_processing_system7_0_0.tcl -notrace
create_project: Time (s): cpu = 00:00:03 ; elapsed = 00:00:05 . Memory (MB): peak = 2133.305 ; gain = 4.027 ; free physical = 2680 ; free virtual = 6180
INFO: [IP_Flow 19-234] Refreshing IP repositories
INFO: [IP_Flow 19-1700] Loaded user IP repository '/home/arjunmenonv/Arjun_acads/Year3/CompOrg/HW-Spectrum-Analyzer/SpecAnalv3'.
WARNING: [IP_Flow 19-3656] If you move the project, the path for repository '/home/arjunmenonv/Arjun_acads/Year3/CompOrg/HW-Spectrum-Analyzer/SpecAnalv3' may become invalid. A better location for the repository would be in a path adjacent to the project. (Current project location is '/home/arjunmenonv/Arjun_acads/Year3/CompOrg/HW-Spectrum-Analyzer/SpecAnalv3/FFT32v3_viv/FFT32v3_viv.runs/Z7fft32IP_processing_system7_0_0_synth_1'.)
INFO: [IP_Flow 19-2313] Loaded Vivado IP repository '/tools/Xilinx/Vivado/2020.1/data/ip'.
Command: synth_design -top Z7fft32IP_processing_system7_0_0 -part xc7z020clg400-1 -mode out_of_context
Starting synth_design
Attempting to get a license for feature 'Synthesis' and/or device 'xc7z020'
INFO: [Common 17-349] Got license for feature 'Synthesis' and/or device 'xc7z020'
INFO: [Device 21-403] Loading part xc7z020clg400-1
INFO: [Synth 8-7079] Multithreading enabled for synth_design using a maximum of 4 processes.
INFO: [Synth 8-7078] Launching helper process for spawning children vivado processes
INFO: [Synth 8-7075] Helper process launched with PID 16248
---------------------------------------------------------------------------------
Starting RTL Elaboration : Time (s): cpu = 00:00:06 ; elapsed = 00:00:13 . Memory (MB): peak = 2133.434 ; gain = 0.000 ; free physical = 1604 ; free virtual = 4402
---------------------------------------------------------------------------------
INFO: [Synth 8-6157] synthesizing module 'Z7fft32IP_processing_system7_0_0' [/home/arjunmenonv/Arjun_acads/Year3/CompOrg/HW-Spectrum-Analyzer/SpecAnalv3/FFT32v3_viv/FFT32v3_viv.srcs/sources_1/bd/Z7fft32IP/ip/Z7fft32IP_processing_system7_0_0/synth/Z7fft32IP_processing_system7_0_0.v:60]
INFO: [Synth 8-6157] synthesizing module 'processing_system7_v5_5_processing_system7' [/home/arjunmenonv/Arjun_acads/Year3/CompOrg/HW-Spectrum-Analyzer/SpecAnalv3/FFT32v3_viv/FFT32v3_viv.srcs/sources_1/bd/Z7fft32IP/ip/Z7fft32IP_processing_system7_0_0/hdl/verilog/processing_system7_v5_5_processing_system7.v:161]
	Parameter C_USE_DEFAULT_ACP_USER_VAL bound to: 0 - type: integer 
	Parameter C_S_AXI_ACP_ARUSER_VAL bound to: 31 - type: integer 
	Parameter C_S_AXI_ACP_AWUSER_VAL bound to: 31 - type: integer 
	Parameter C_M_AXI_GP0_THREAD_ID_WIDTH bound to: 12 - type: integer 
	Parameter C_M_AXI_GP1_THREAD_ID_WIDTH bound to: 12 - type: integer 
	Parameter C_M_AXI_GP0_ENABLE_STATIC_REMAP bound to: 0 - type: integer 
	Parameter C_M_AXI_GP1_ENABLE_STATIC_REMAP bound to: 0 - type: integer 
	Parameter C_M_AXI_GP0_ID_WIDTH bound to: 12 - type: integer 
	Parameter C_M_AXI_GP1_ID_WIDTH bound to: 12 - type: integer 
	Parameter C_S_AXI_GP0_ID_WIDTH bound to: 6 - type: integer 
	Parameter C_S_AXI_GP1_ID_WIDTH bound to: 6 - type: integer 
	Parameter C_S_AXI_HP0_ID_WIDTH bound to: 6 - type: integer 
	Parameter C_S_AXI_HP1_ID_WIDTH bound to: 6 - type: integer 
	Parameter C_S_AXI_HP2_ID_WIDTH bound to: 6 - type: integer 
	Parameter C_S_AXI_HP3_ID_WIDTH bound to: 6 - type: integer 
	Parameter C_S_AXI_ACP_ID_WIDTH bound to: 3 - type: integer 
	Parameter C_S_AXI_HP0_DATA_WIDTH bound to: 64 - type: integer 
	Parameter C_S_AXI_HP1_DATA_WIDTH bound to: 64 - type: integer 
	Parameter C_S_AXI_HP2_DATA_WIDTH bound to: 32 - type: integer 
	Parameter C_S_AXI_HP3_DATA_WIDTH bound to: 64 - type: integer 
	Parameter C_INCLUDE_ACP_TRANS_CHECK bound to: 0 - type: integer 
	Parameter C_NUM_F2P_INTR_INPUTS bound to: 1 - type: integer 
	Parameter C_FCLK_CLK0_BUF bound to: TRUE - type: string 
	Parameter C_FCLK_CLK1_BUF bound to: FALSE - type: string 
	Parameter C_FCLK_CLK2_BUF bound to: FALSE - type: string 
	Parameter C_FCLK_CLK3_BUF bound to: FALSE - type: string 
	Parameter C_EMIO_GPIO_WIDTH bound to: 64 - type: integer 
	Parameter C_INCLUDE_TRACE_BUFFER bound to: 0 - type: integer 
	Parameter C_TRACE_BUFFER_FIFO_SIZE bound to: 128 - type: integer 
	Parameter C_TRACE_BUFFER_CLOCK_DELAY bound to: 12 - type: integer 
	Parameter USE_TRACE_DATA_EDGE_DETECTOR bound to: 0 - type: integer 
	Parameter C_TRACE_PIPELINE_WIDTH bound to: 8 - type: integer 
	Parameter C_PS7_SI_REV bound to: PRODUCTION - type: string 
	Parameter C_EN_EMIO_ENET0 bound to: 0 - type: integer 
	Parameter C_EN_EMIO_ENET1 bound to: 0 - type: integer 
	Parameter C_EN_EMIO_TRACE bound to: 0 - type: integer 
	Parameter C_DQ_WIDTH bound to: 32 - type: integer 
	Parameter C_DQS_WIDTH bound to: 4 - type: integer 
	Parameter C_DM_WIDTH bound to: 4 - type: integer 
	Parameter C_MIO_PRIMITIVE bound to: 54 - type: integer 
	Parameter C_PACKAGE_NAME bound to: clg400 - type: string 
	Parameter C_IRQ_F2P_MODE bound to: DIRECT - type: string 
	Parameter C_TRACE_INTERNAL_WIDTH bound to: 2 - type: integer 
	Parameter C_EN_EMIO_PJTAG bound to: 0 - type: integer 
	Parameter C_USE_AXI_NONSECURE bound to: 0 - type: integer 
	Parameter C_USE_S_AXI_HP0 bound to: 1 - type: integer 
	Parameter C_USE_S_AXI_HP1 bound to: 0 - type: integer 
	Parameter C_USE_S_AXI_HP2 bound to: 0 - type: integer 
	Parameter C_USE_S_AXI_HP3 bound to: 0 - type: integer 
	Parameter C_USE_M_AXI_GP0 bound to: 1 - type: integer 
	Parameter C_USE_M_AXI_GP1 bound to: 0 - type: integer 
	Parameter C_USE_S_AXI_GP0 bound to: 0 - type: integer 
	Parameter C_USE_S_AXI_GP1 bound to: 0 - type: integer 
	Parameter C_USE_S_AXI_ACP bound to: 0 - type: integer 
	Parameter C_GP0_EN_MODIFIABLE_TXN bound to: 1 - type: integer 
	Parameter C_GP1_EN_MODIFIABLE_TXN bound to: 1 - type: integer 
INFO: [Synth 8-6157] synthesizing module 'BUFG' [/tools/Xilinx/Vivado/2020.1/scripts/rt/data/unisim_comp.v:1083]
INFO: [Synth 8-6155] done synthesizing module 'BUFG' (1#1) [/tools/Xilinx/Vivado/2020.1/scripts/rt/data/unisim_comp.v:1083]
INFO: [Synth 8-6157] synthesizing module 'BIBUF' [/tools/Xilinx/Vivado/2020.1/scripts/rt/data/unisim_comp.v:730]
INFO: [Synth 8-6155] done synthesizing module 'BIBUF' (2#1) [/tools/Xilinx/Vivado/2020.1/scripts/rt/data/unisim_comp.v:730]
INFO: [Synth 8-6157] synthesizing module 'PS7' [/tools/Xilinx/Vivado/2020.1/scripts/rt/data/unisim_comp.v:62027]
INFO: [Synth 8-6155] done synthesizing module 'PS7' (3#1) [/tools/Xilinx/Vivado/2020.1/scripts/rt/data/unisim_comp.v:62027]
INFO: [Synth 8-6155] done synthesizing module 'processing_system7_v5_5_processing_system7' (4#1) [/home/arjunmenonv/Arjun_acads/Year3/CompOrg/HW-Spectrum-Analyzer/SpecAnalv3/FFT32v3_viv/FFT32v3_viv.srcs/sources_1/bd/Z7fft32IP/ip/Z7fft32IP_processing_system7_0_0/hdl/verilog/processing_system7_v5_5_processing_system7.v:161]
WARNING: [Synth 8-7071] port 'M_AXI_GP0_ARESETN' of module 'processing_system7_v5_5_processing_system7' is unconnected for instance 'inst' [/home/arjunmenonv/Arjun_acads/Year3/CompOrg/HW-Spectrum-Analyzer/SpecAnalv3/FFT32v3_viv/FFT32v3_viv.srcs/sources_1/bd/Z7fft32IP/ip/Z7fft32IP_processing_system7_0_0/synth/Z7fft32IP_processing_system7_0_0.v:461]
WARNING: [Synth 8-7071] port 'M_AXI_GP1_ARESETN' of module 'processing_system7_v5_5_processing_system7' is unconnected for instance 'inst' [/home/arjunmenonv/Arjun_acads/Year3/CompOrg/HW-Spectrum-Analyzer/SpecAnalv3/FFT32v3_viv/FFT32v3_viv.srcs/sources_1/bd/Z7fft32IP/ip/Z7fft32IP_processing_system7_0_0/synth/Z7fft32IP_processing_system7_0_0.v:461]
WARNING: [Synth 8-7071] port 'S_AXI_GP0_ARESETN' of module 'processing_system7_v5_5_processing_system7' is unconnected for instance 'inst' [/home/arjunmenonv/Arjun_acads/Year3/CompOrg/HW-Spectrum-Analyzer/SpecAnalv3/FFT32v3_viv/FFT32v3_viv.srcs/sources_1/bd/Z7fft32IP/ip/Z7fft32IP_processing_system7_0_0/synth/Z7fft32IP_processing_system7_0_0.v:461]
WARNING: [Synth 8-7071] port 'S_AXI_GP1_ARESETN' of module 'processing_system7_v5_5_processing_system7' is unconnected for instance 'inst' [/home/arjunmenonv/Arjun_acads/Year3/CompOrg/HW-Spectrum-Analyzer/SpecAnalv3/FFT32v3_viv/FFT32v3_viv.srcs/sources_1/bd/Z7fft32IP/ip/Z7fft32IP_processing_system7_0_0/synth/Z7fft32IP_processing_system7_0_0.v:461]
WARNING: [Synth 8-7071] port 'S_AXI_ACP_ARESETN' of module 'processing_system7_v5_5_processing_system7' is unconnected for instance 'inst' [/home/arjunmenonv/Arjun_acads/Year3/CompOrg/HW-Spectrum-Analyzer/SpecAnalv3/FFT32v3_viv/FFT32v3_viv.srcs/sources_1/bd/Z7fft32IP/ip/Z7fft32IP_processing_system7_0_0/synth/Z7fft32IP_processing_system7_0_0.v:461]
WARNING: [Synth 8-7071] port 'S_AXI_HP0_ARESETN' of module 'processing_system7_v5_5_processing_system7' is unconnected for instance 'inst' [/home/arjunmenonv/Arjun_acads/Year3/CompOrg/HW-Spectrum-Analyzer/SpecAnalv3/FFT32v3_viv/FFT32v3_viv.srcs/sources_1/bd/Z7fft32IP/ip/Z7fft32IP_processing_system7_0_0/synth/Z7fft32IP_processing_system7_0_0.v:461]
WARNING: [Synth 8-7071] port 'S_AXI_HP1_ARESETN' of module 'processing_system7_v5_5_processing_system7' is unconnected for instance 'inst' [/home/arjunmenonv/Arjun_acads/Year3/CompOrg/HW-Spectrum-Analyzer/SpecAnalv3/FFT32v3_viv/FFT32v3_viv.srcs/sources_1/bd/Z7fft32IP/ip/Z7fft32IP_processing_system7_0_0/synth/Z7fft32IP_processing_system7_0_0.v:461]
WARNING: [Synth 8-7071] port 'S_AXI_HP2_ARESETN' of module 'processing_system7_v5_5_processing_system7' is unconnected for instance 'inst' [/home/arjunmenonv/Arjun_acads/Year3/CompOrg/HW-Spectrum-Analyzer/SpecAnalv3/FFT32v3_viv/FFT32v3_viv.srcs/sources_1/bd/Z7fft32IP/ip/Z7fft32IP_processing_system7_0_0/synth/Z7fft32IP_processing_system7_0_0.v:461]
WARNING: [Synth 8-7071] port 'S_AXI_HP3_ARESETN' of module 'processing_system7_v5_5_processing_system7' is unconnected for instance 'inst' [/home/arjunmenonv/Arjun_acads/Year3/CompOrg/HW-Spectrum-Analyzer/SpecAnalv3/FFT32v3_viv/FFT32v3_viv.srcs/sources_1/bd/Z7fft32IP/ip/Z7fft32IP_processing_system7_0_0/synth/Z7fft32IP_processing_system7_0_0.v:461]
WARNING: [Synth 8-7071] port 'DMA0_RSTN' of module 'processing_system7_v5_5_processing_system7' is unconnected for instance 'inst' [/home/arjunmenonv/Arjun_acads/Year3/CompOrg/HW-Spectrum-Analyzer/SpecAnalv3/FFT32v3_viv/FFT32v3_viv.srcs/sources_1/bd/Z7fft32IP/ip/Z7fft32IP_processing_system7_0_0/synth/Z7fft32IP_processing_system7_0_0.v:461]
WARNING: [Synth 8-7071] port 'DMA1_RSTN' of module 'processing_system7_v5_5_processing_system7' is unconnected for instance 'inst' [/home/arjunmenonv/Arjun_acads/Year3/CompOrg/HW-Spectrum-Analyzer/SpecAnalv3/FFT32v3_viv/FFT32v3_viv.srcs/sources_1/bd/Z7fft32IP/ip/Z7fft32IP_processing_system7_0_0/synth/Z7fft32IP_processing_system7_0_0.v:461]
WARNING: [Synth 8-7071] port 'DMA2_RSTN' of module 'processing_system7_v5_5_processing_system7' is unconnected for instance 'inst' [/home/arjunmenonv/Arjun_acads/Year3/CompOrg/HW-Spectrum-Analyzer/SpecAnalv3/FFT32v3_viv/FFT32v3_viv.srcs/sources_1/bd/Z7fft32IP/ip/Z7fft32IP_processing_system7_0_0/synth/Z7fft32IP_processing_system7_0_0.v:461]
WARNING: [Synth 8-7071] port 'DMA3_RSTN' of module 'processing_system7_v5_5_processing_system7' is unconnected for instance 'inst' [/home/arjunmenonv/Arjun_acads/Year3/CompOrg/HW-Spectrum-Analyzer/SpecAnalv3/FFT32v3_viv/FFT32v3_viv.srcs/sources_1/bd/Z7fft32IP/ip/Z7fft32IP_processing_system7_0_0/synth/Z7fft32IP_processing_system7_0_0.v:461]
WARNING: [Synth 8-7023] instance 'inst' of module 'processing_system7_v5_5_processing_system7' has 685 connections declared, but only 672 given [/home/arjunmenonv/Arjun_acads/Year3/CompOrg/HW-Spectrum-Analyzer/SpecAnalv3/FFT32v3_viv/FFT32v3_viv.srcs/sources_1/bd/Z7fft32IP/ip/Z7fft32IP_processing_system7_0_0/synth/Z7fft32IP_processing_system7_0_0.v:461]
INFO: [Synth 8-6155] done synthesizing module 'Z7fft32IP_processing_system7_0_0' (5#1) [/home/arjunmenonv/Arjun_acads/Year3/CompOrg/HW-Spectrum-Analyzer/SpecAnalv3/FFT32v3_viv/FFT32v3_viv.srcs/sources_1/bd/Z7fft32IP/ip/Z7fft32IP_processing_system7_0_0/synth/Z7fft32IP_processing_system7_0_0.v:60]
---------------------------------------------------------------------------------
Finished RTL Elaboration : Time (s): cpu = 00:00:07 ; elapsed = 00:00:15 . Memory (MB): peak = 2142.305 ; gain = 8.871 ; free physical = 1719 ; free virtual = 4529
---------------------------------------------------------------------------------
---------------------------------------------------------------------------------
Start Handling Custom Attributes
---------------------------------------------------------------------------------
---------------------------------------------------------------------------------
Finished Handling Custom Attributes : Time (s): cpu = 00:00:08 ; elapsed = 00:00:16 . Memory (MB): peak = 2160.117 ; gain = 26.684 ; free physical = 1722 ; free virtual = 4533
---------------------------------------------------------------------------------
---------------------------------------------------------------------------------
Finished RTL Optimization Phase 1 : Time (s): cpu = 00:00:08 ; elapsed = 00:00:16 . Memory (MB): peak = 2160.117 ; gain = 26.684 ; free physical = 1722 ; free virtual = 4533
---------------------------------------------------------------------------------
Netlist sorting complete. Time (s): cpu = 00:00:00.01 ; elapsed = 00:00:00.01 . Memory (MB): peak = 2166.055 ; gain = 0.000 ; free physical = 1698 ; free virtual = 4510
INFO: [Project 1-570] Preparing netlist for logic optimization

Processing XDC Constraints
Initializing timing engine
Parsing XDC File [/home/arjunmenonv/Arjun_acads/Year3/CompOrg/HW-Spectrum-Analyzer/SpecAnalv3/FFT32v3_viv/FFT32v3_viv.srcs/sources_1/bd/Z7fft32IP/ip/Z7fft32IP_processing_system7_0_0/Z7fft32IP_processing_system7_0_0.xdc] for cell 'inst'
Finished Parsing XDC File [/home/arjunmenonv/Arjun_acads/Year3/CompOrg/HW-Spectrum-Analyzer/SpecAnalv3/FFT32v3_viv/FFT32v3_viv.srcs/sources_1/bd/Z7fft32IP/ip/Z7fft32IP_processing_system7_0_0/Z7fft32IP_processing_system7_0_0.xdc] for cell 'inst'
INFO: [Project 1-236] Implementation specific constraints were found while reading constraint file [/home/arjunmenonv/Arjun_acads/Year3/CompOrg/HW-Spectrum-Analyzer/SpecAnalv3/FFT32v3_viv/FFT32v3_viv.srcs/sources_1/bd/Z7fft32IP/ip/Z7fft32IP_processing_system7_0_0/Z7fft32IP_processing_system7_0_0.xdc]. These constraints will be ignored for synthesis but will be used in implementation. Impacted constraints are listed in the file [.Xil/Z7fft32IP_processing_system7_0_0_propImpl.xdc].
Resolution: To avoid this warning, move constraints listed in [.Xil/Z7fft32IP_processing_system7_0_0_propImpl.xdc] to another XDC file and exclude this new file from synthesis with the used_in_synthesis property (File Properties dialog in GUI) and re-run elaboration/synthesis.
Parsing XDC File [/home/arjunmenonv/Arjun_acads/Year3/CompOrg/HW-Spectrum-Analyzer/SpecAnalv3/FFT32v3_viv/FFT32v3_viv.runs/Z7fft32IP_processing_system7_0_0_synth_1/dont_touch.xdc]
Finished Parsing XDC File [/home/arjunmenonv/Arjun_acads/Year3/CompOrg/HW-Spectrum-Analyzer/SpecAnalv3/FFT32v3_viv/FFT32v3_viv.runs/Z7fft32IP_processing_system7_0_0_synth_1/dont_touch.xdc]
Completed Processing XDC Constraints

Netlist sorting complete. Time (s): cpu = 00:00:00 ; elapsed = 00:00:00 . Memory (MB): peak = 2242.961 ; gain = 0.000 ; free physical = 1518 ; free virtual = 4349
INFO: [Project 1-111] Unisim Transformation Summary:
No Unisim elements were transformed.

Constraint Validation Runtime : Time (s): cpu = 00:00:00.04 ; elapsed = 00:00:00.04 . Memory (MB): peak = 2242.961 ; gain = 0.000 ; free physical = 1513 ; free virtual = 4344
---------------------------------------------------------------------------------
Finished Constraint Validation : Time (s): cpu = 00:00:15 ; elapsed = 00:00:29 . Memory (MB): peak = 2242.961 ; gain = 109.527 ; free physical = 1607 ; free virtual = 4448
---------------------------------------------------------------------------------
---------------------------------------------------------------------------------
Start Loading Part and Timing Information
---------------------------------------------------------------------------------
Loading part: xc7z020clg400-1
---------------------------------------------------------------------------------
Finished Loading Part and Timing Information : Time (s): cpu = 00:00:15 ; elapsed = 00:00:29 . Memory (MB): peak = 2242.961 ; gain = 109.527 ; free physical = 1607 ; free virtual = 4448
---------------------------------------------------------------------------------
---------------------------------------------------------------------------------
Start Applying 'set_property' XDC Constraints
---------------------------------------------------------------------------------
Applied set_property DONT_TOUCH = true for inst. (constraint file  /home/arjunmenonv/Arjun_acads/Year3/CompOrg/HW-Spectrum-Analyzer/SpecAnalv3/FFT32v3_viv/FFT32v3_viv.runs/Z7fft32IP_processing_system7_0_0_synth_1/dont_touch.xdc, line 9).
---------------------------------------------------------------------------------
Finished applying 'set_property' XDC Constraints : Time (s): cpu = 00:00:15 ; elapsed = 00:00:29 . Memory (MB): peak = 2242.961 ; gain = 109.527 ; free physical = 1607 ; free virtual = 4448
---------------------------------------------------------------------------------
---------------------------------------------------------------------------------
Finished RTL Optimization Phase 2 : Time (s): cpu = 00:00:16 ; elapsed = 00:00:30 . Memory (MB): peak = 2242.961 ; gain = 109.527 ; free physical = 1568 ; free virtual = 4420
---------------------------------------------------------------------------------
---------------------------------------------------------------------------------
Start RTL Component Statistics 
---------------------------------------------------------------------------------
Detailed RTL Component Info : 
---------------------------------------------------------------------------------
Finished RTL Component Statistics 
---------------------------------------------------------------------------------
---------------------------------------------------------------------------------
Start Part Resource Summary
---------------------------------------------------------------------------------
Part Resources:
DSPs: 220 (col length:60)
BRAMs: 280 (col length: RAMB18 60 RAMB36 30)
---------------------------------------------------------------------------------
Finished Part Resource Summary
---------------------------------------------------------------------------------
---------------------------------------------------------------------------------
Start Cross Boundary and Area Optimization
---------------------------------------------------------------------------------
---------------------------------------------------------------------------------
Finished Cross Boundary and Area Optimization : Time (s): cpu = 00:00:17 ; elapsed = 00:00:31 . Memory (MB): peak = 2242.961 ; gain = 109.527 ; free physical = 1529 ; free virtual = 4384
---------------------------------------------------------------------------------
---------------------------------------------------------------------------------
Start Applying XDC Timing Constraints
---------------------------------------------------------------------------------
---------------------------------------------------------------------------------
Finished Applying XDC Timing Constraints : Time (s): cpu = 00:00:25 ; elapsed = 00:00:41 . Memory (MB): peak = 2390.945 ; gain = 257.512 ; free physical = 1046 ; free virtual = 3900
---------------------------------------------------------------------------------
---------------------------------------------------------------------------------
Start Timing Optimization
---------------------------------------------------------------------------------
---------------------------------------------------------------------------------
Finished Timing Optimization : Time (s): cpu = 00:00:25 ; elapsed = 00:00:41 . Memory (MB): peak = 2409.953 ; gain = 276.520 ; free physical = 1032 ; free virtual = 3887
---------------------------------------------------------------------------------
---------------------------------------------------------------------------------
Start Technology Mapping
---------------------------------------------------------------------------------
---------------------------------------------------------------------------------
Finished Technology Mapping : Time (s): cpu = 00:00:27 ; elapsed = 00:00:42 . Memory (MB): peak = 2425.969 ; gain = 292.535 ; free physical = 1029 ; free virtual = 3884
---------------------------------------------------------------------------------
---------------------------------------------------------------------------------
Start IO Insertion
---------------------------------------------------------------------------------
---------------------------------------------------------------------------------
Start Flattening Before IO Insertion
---------------------------------------------------------------------------------
---------------------------------------------------------------------------------
Finished Flattening Before IO Insertion
---------------------------------------------------------------------------------
---------------------------------------------------------------------------------
Start Final Netlist Cleanup
---------------------------------------------------------------------------------
---------------------------------------------------------------------------------
Finished Final Netlist Cleanup
---------------------------------------------------------------------------------
---------------------------------------------------------------------------------
Finished IO Insertion : Time (s): cpu = 00:00:31 ; elapsed = 00:00:47 . Memory (MB): peak = 2429.938 ; gain = 296.504 ; free physical = 1429 ; free virtual = 4300
---------------------------------------------------------------------------------
---------------------------------------------------------------------------------
Start Renaming Generated Instances
---------------------------------------------------------------------------------
---------------------------------------------------------------------------------
Finished Renaming Generated Instances : Time (s): cpu = 00:00:31 ; elapsed = 00:00:47 . Memory (MB): peak = 2429.938 ; gain = 296.504 ; free physical = 1429 ; free virtual = 4300
---------------------------------------------------------------------------------
---------------------------------------------------------------------------------
Start Rebuilding User Hierarchy
---------------------------------------------------------------------------------
---------------------------------------------------------------------------------
Finished Rebuilding User Hierarchy : Time (s): cpu = 00:00:31 ; elapsed = 00:00:47 . Memory (MB): peak = 2429.938 ; gain = 296.504 ; free physical = 1430 ; free virtual = 4301
---------------------------------------------------------------------------------
---------------------------------------------------------------------------------
Start Renaming Generated Ports
---------------------------------------------------------------------------------
---------------------------------------------------------------------------------
Finished Renaming Generated Ports : Time (s): cpu = 00:00:31 ; elapsed = 00:00:47 . Memory (MB): peak = 2429.938 ; gain = 296.504 ; free physical = 1429 ; free virtual = 4301
---------------------------------------------------------------------------------
---------------------------------------------------------------------------------
Start Handling Custom Attributes
---------------------------------------------------------------------------------
---------------------------------------------------------------------------------
Finished Handling Custom Attributes : Time (s): cpu = 00:00:31 ; elapsed = 00:00:47 . Memory (MB): peak = 2429.938 ; gain = 296.504 ; free physical = 1429 ; free virtual = 4300
---------------------------------------------------------------------------------
---------------------------------------------------------------------------------
Start Renaming Generated Nets
---------------------------------------------------------------------------------
---------------------------------------------------------------------------------
Finished Renaming Generated Nets : Time (s): cpu = 00:00:31 ; elapsed = 00:00:47 . Memory (MB): peak = 2429.938 ; gain = 296.504 ; free physical = 1428 ; free virtual = 4300
---------------------------------------------------------------------------------
---------------------------------------------------------------------------------
Start Writing Synthesis Report
---------------------------------------------------------------------------------

Report BlackBoxes: 
+-+--------------+----------+
| |BlackBox name |Instances |
+-+--------------+----------+
+-+--------------+----------+

Report Cell Usage: 
+------+------+------+
|      |Cell  |Count |
+------+------+------+
|1     |BIBUF |   130|
|2     |BUFG  |     1|
|3     |LUT1  |   112|
|4     |PS7   |     1|
+------+------+------+
---------------------------------------------------------------------------------
Finished Writing Synthesis Report : Time (s): cpu = 00:00:31 ; elapsed = 00:00:47 . Memory (MB): peak = 2429.938 ; gain = 296.504 ; free physical = 1428 ; free virtual = 4299
---------------------------------------------------------------------------------
Synthesis finished with 0 errors, 0 critical warnings and 0 warnings.
Synthesis Optimization Runtime : Time (s): cpu = 00:00:29 ; elapsed = 00:00:39 . Memory (MB): peak = 2429.938 ; gain = 213.660 ; free physical = 1479 ; free virtual = 4350
Synthesis Optimization Complete : Time (s): cpu = 00:00:31 ; elapsed = 00:00:47 . Memory (MB): peak = 2429.945 ; gain = 296.504 ; free physical = 1479 ; free virtual = 4350
INFO: [Project 1-571] Translating synthesized netlist
Netlist sorting complete. Time (s): cpu = 00:00:00.02 ; elapsed = 00:00:00.02 . Memory (MB): peak = 2429.945 ; gain = 0.000 ; free physical = 1551 ; free virtual = 4422
INFO: [Project 1-570] Preparing netlist for logic optimization
INFO: [Opt 31-138] Pushed 0 inverter(s) to 0 load pin(s).
Netlist sorting complete. Time (s): cpu = 00:00:00 ; elapsed = 00:00:00 . Memory (MB): peak = 2438.844 ; gain = 0.000 ; free physical = 1508 ; free virtual = 4372
INFO: [Project 1-111] Unisim Transformation Summary:
No Unisim elements were transformed.

INFO: [Common 17-83] Releasing license: Synthesis
26 Infos, 15 Warnings, 0 Critical Warnings and 0 Errors encountered.
synth_design completed successfully
synth_design: Time (s): cpu = 00:00:43 ; elapsed = 00:00:56 . Memory (MB): peak = 2438.844 ; gain = 305.539 ; free physical = 1784 ; free virtual = 4649
INFO: [Common 17-1381] The checkpoint '/home/arjunmenonv/Arjun_acads/Year3/CompOrg/HW-Spectrum-Analyzer/SpecAnalv3/FFT32v3_viv/FFT32v3_viv.runs/Z7fft32IP_processing_system7_0_0_synth_1/Z7fft32IP_processing_system7_0_0.dcp' has been generated.
WARNING: [Common 17-576] 'use_project_ipc' is deprecated. This option is deprecated and no longer used.
INFO: [Coretcl 2-1648] Added synthesis output to IP cache for IP Z7fft32IP_processing_system7_0_0, cache-ID = 4d04c38927bf85f1
INFO: [Common 17-1381] The checkpoint '/home/arjunmenonv/Arjun_acads/Year3/CompOrg/HW-Spectrum-Analyzer/SpecAnalv3/FFT32v3_viv/FFT32v3_viv.runs/Z7fft32IP_processing_system7_0_0_synth_1/Z7fft32IP_processing_system7_0_0.dcp' has been generated.
INFO: [runtcl-4] Executing : report_utilization -file Z7fft32IP_processing_system7_0_0_utilization_synth.rpt -pb Z7fft32IP_processing_system7_0_0_utilization_synth.pb
INFO: [Common 17-206] Exiting Vivado at Fri Jan  1 21:32:37 2021...
