#-----------------------------------------------------------
# Vivado v2020.1 (64-bit)
# SW Build 2902540 on Wed May 27 19:54:35 MDT 2020
# IP Build 2902112 on Wed May 27 22:43:36 MDT 2020
# Start of session at: Tue Dec 29 12:37:45 2020
# Process ID: 6442
# Current directory: /home/arjunmenonv/Arjun_acads/Year3/CompOrg/HW-Spectrum-Analyzer/SpecAnalv2/soln_v2/impl/ip
# Command line: vivado -notrace -mode batch -source run_ippack.tcl
# Log file: /home/arjunmenonv/Arjun_acads/Year3/CompOrg/HW-Spectrum-Analyzer/SpecAnalv2/soln_v2/impl/ip/vivado.log
# Journal file: /home/arjunmenonv/Arjun_acads/Year3/CompOrg/HW-Spectrum-Analyzer/SpecAnalv2/soln_v2/impl/ip/vivado.jou
#-----------------------------------------------------------
source run_ippack.tcl -notrace
create_project: Time (s): cpu = 00:00:02 ; elapsed = 00:00:05 . Memory (MB): peak = 2043.531 ; gain = 4.027 ; free physical = 297 ; free virtual = 1841
INFO: [IP_Flow 19-234] Refreshing IP repositories
INFO: [IP_Flow 19-1704] No user IP repositories specified
INFO: [IP_Flow 19-2313] Loaded Vivado IP repository '/tools/Xilinx/Vivado/2020.1/data/ip'.
create_ip: Time (s): cpu = 00:00:04 ; elapsed = 00:00:09 . Memory (MB): peak = 2086.398 ; gain = 42.867 ; free physical = 244 ; free virtual = 1821
INFO: [IP_Flow 19-1686] Generating 'Synthesis' target for IP 'FFT_ap_fadd_3_full_dsp_32'...
INFO: [IP_Flow 19-1686] Generating 'Simulation' target for IP 'FFT_ap_fadd_3_full_dsp_32'...
INFO: [IP_Flow 19-1686] Generating 'Synthesis' target for IP 'FFT_ap_fmul_2_max_dsp_32'...
INFO: [IP_Flow 19-1686] Generating 'Simulation' target for IP 'FFT_ap_fmul_2_max_dsp_32'...
INFO: [IP_Flow 19-1686] Generating 'Synthesis' target for IP 'FFT_ap_fsub_3_full_dsp_32'...
INFO: [IP_Flow 19-1686] Generating 'Simulation' target for IP 'FFT_ap_fsub_3_full_dsp_32'...
INFO: [IP_Flow 19-234] Refreshing IP repositories
INFO: [IP_Flow 19-1704] No user IP repositories specified
INFO: [IP_Flow 19-2313] Loaded Vivado IP repository '/tools/Xilinx/Vivado/2020.1/data/ip'.
INFO: [Common 17-206] Exiting Vivado at Tue Dec 29 12:39:00 2020...
