#-----------------------------------------------------------
# Vivado v2020.1 (64-bit)
# SW Build 2902540 on Wed May 27 19:54:35 MDT 2020
# IP Build 2902112 on Wed May 27 22:43:36 MDT 2020
# Start of session at: Sun Dec 27 16:42:57 2020
# Process ID: 31529
# Current directory: /home/arjunmenonv/Arjun_acads/Year3/CompOrg/HW-Spectrum-Analyzer/teach-fpga/01-fft/build/FFT32float/z7float32/.autopilot/db/ip_tmp
# Command line: vivado  -notrace -mode batch -source run_vivado_gen_ip.tcl
# Log file: /home/arjunmenonv/Arjun_acads/Year3/CompOrg/HW-Spectrum-Analyzer/teach-fpga/01-fft/build/FFT32float/z7float32/.autopilot/db/ip_tmp/vivado.log
# Journal file: /home/arjunmenonv/Arjun_acads/Year3/CompOrg/HW-Spectrum-Analyzer/teach-fpga/01-fft/build/FFT32float/z7float32/.autopilot/db/ip_tmp/vivado.jou
#-----------------------------------------------------------
source run_vivado_gen_ip.tcl -notrace
create_project: Time (s): cpu = 00:00:02 ; elapsed = 00:00:05 . Memory (MB): peak = 2072.574 ; gain = 4.027 ; free physical = 238 ; free virtual = 2489
INFO: [IP_Flow 19-234] Refreshing IP repositories
INFO: [IP_Flow 19-1704] No user IP repositories specified
INFO: [IP_Flow 19-2313] Loaded Vivado IP repository '/tools/Xilinx/Vivado/2020.1/data/ip'.
WARNING: [IP_Flow 19-4832] The IP name 'FFT_ap_faddfsub_3_full_dsp_32' you have specified is long. The Windows operating system has path length limitations. It is recommended you use shorter names to reduce the likelihood of issues.
create_ip: Time (s): cpu = 00:00:04 ; elapsed = 00:00:08 . Memory (MB): peak = 2115.441 ; gain = 42.867 ; free physical = 131 ; free virtual = 2450
INFO: [IP_Flow 19-1686] Generating 'Synthesis' target for IP 'FFT_ap_faddfsub_3_full_dsp_32'...
INFO: [IP_Flow 19-1686] Generating 'Simulation' target for IP 'FFT_ap_faddfsub_3_full_dsp_32'...
INFO: [IP_Flow 19-1686] Generating 'Synthesis' target for IP 'FFT_ap_fadd_3_full_dsp_32'...
INFO: [IP_Flow 19-1686] Generating 'Simulation' target for IP 'FFT_ap_fadd_3_full_dsp_32'...
INFO: [IP_Flow 19-1686] Generating 'Synthesis' target for IP 'FFT_ap_fmul_2_max_dsp_32'...
INFO: [IP_Flow 19-1686] Generating 'Simulation' target for IP 'FFT_ap_fmul_2_max_dsp_32'...
INFO: [IP_Flow 19-1686] Generating 'Synthesis' target for IP 'FFT_ap_fsub_3_full_dsp_32'...
INFO: [IP_Flow 19-1686] Generating 'Simulation' target for IP 'FFT_ap_fsub_3_full_dsp_32'...
INFO: [Common 17-206] Exiting Vivado at Sun Dec 27 16:43:58 2020...
