

================================================================
== Vivado HLS Report for 'FFT0'
================================================================
* Date:           Mon Jan  4 10:50:08 2021

* Version:        2020.1 (Build 2897737 on Wed May 27 20:21:37 MDT 2020)
* Project:        vhlsv2.9
* Solution:       solution1
* Product family: zynq
* Target device:  xc7z020-clg400-1


================================================================
== Performance Estimates
================================================================
+ Timing: 
    * Summary: 
    +--------+----------+----------+------------+
    |  Clock |  Target  | Estimated| Uncertainty|
    +--------+----------+----------+------------+
    |ap_clk  | 10.00 ns | 7.674 ns |   1.25 ns  |
    +--------+----------+----------+------------+

+ Latency: 
    * Summary: 
    +---------+---------+----------+----------+-----+-----+---------+
    |  Latency (cycles) |  Latency (absolute) |  Interval | Pipeline|
    |   min   |   max   |    min   |    max   | min | max |   Type  |
    +---------+---------+----------+----------+-----+-----+---------+
    |       51|       51| 0.510 us | 0.510 us |   51|   51|   none  |
    +---------+---------+----------+----------+-----+-----+---------+

    + Detail: 
        * Instance: 
        N/A

        * Loop: 
        +--------------+---------+---------+----------+-----------+-----------+------+----------+
        |              |  Latency (cycles) | Iteration|  Initiation Interval  | Trip |          |
        |   Loop Name  |   min   |   max   |  Latency |  achieved |   target  | Count| Pipelined|
        +--------------+---------+---------+----------+-----------+-----------+------+----------+
        |- FFT_label1  |       49|       49|        20|          2|          1|    16|    yes   |
        +--------------+---------+---------+----------+-----------+-----------+------+----------+



================================================================
== Utilization Estimates
================================================================
* Summary: 
+-----------------+---------+-------+--------+-------+-----+
|       Name      | BRAM_18K| DSP48E|   FF   |  LUT  | URAM|
+-----------------+---------+-------+--------+-------+-----+
|DSP              |        -|      -|       -|      -|    -|
|Expression       |        -|      -|       0|    552|    -|
|FIFO             |        -|      -|       -|      -|    -|
|Instance         |        -|     12|     901|   1812|    -|
|Memory           |        0|      -|      64|     16|    -|
|Multiplexer      |        -|      -|       -|    315|    -|
|Register         |        4|      -|     952|     66|    -|
+-----------------+---------+-------+--------+-------+-----+
|Total            |        4|     12|    1917|   2761|    0|
+-----------------+---------+-------+--------+-------+-----+
|Available        |      280|    220|  106400|  53200|    0|
+-----------------+---------+-------+--------+-------+-----+
|Utilization (%)  |        1|      5|       1|      5|    0|
+-----------------+---------+-------+--------+-------+-----+

+ Detail: 
    * Instance: 
    +--------------------------+----------------------+---------+-------+-----+-----+-----+
    |         Instance         |        Module        | BRAM_18K| DSP48E|  FF | LUT | URAM|
    +--------------------------+----------------------+---------+-------+-----+-----+-----+
    |FFT_fadd_32ns_32ndEe_U31  |FFT_fadd_32ns_32ndEe  |        0|      2|  205|  390|    0|
    |FFT_faddfsub_32nsfYi_U29  |FFT_faddfsub_32nsfYi  |        0|      2|  205|  390|    0|
    |FFT_fmul_32ns_32neOg_U32  |FFT_fmul_32ns_32neOg  |        0|      3|  143|  321|    0|
    |FFT_fmul_32ns_32neOg_U33  |FFT_fmul_32ns_32neOg  |        0|      3|  143|  321|    0|
    |FFT_fsub_32ns_32ncud_U30  |FFT_fsub_32ns_32ncud  |        0|      2|  205|  390|    0|
    +--------------------------+----------------------+---------+-------+-----+-----+-----+
    |Total                     |                      |        0|     12|  901| 1812|    0|
    +--------------------------+----------------------+---------+-------+-----+-----+-----+

    * DSP48E: 
    N/A

    * Memory: 
    +------------+---------------+---------+----+----+-----+------+-----+------+-------------+
    |   Memory   |     Module    | BRAM_18K| FF | LUT| URAM| Words| Bits| Banks| W*Bits*Banks|
    +------------+---------------+---------+----+----+-----+------+-----+------+-------------+
    |W_M_imag_U  |FFT0_W_M_imag  |        0|  32|   8|    0|    16|   32|     1|          512|
    |W_M_real_U  |FFT0_W_M_real  |        0|  32|   8|    0|    16|   32|     1|          512|
    +------------+---------------+---------+----+----+-----+------+-----+------+-------------+
    |Total       |               |        0|  64|  16|    0|    32|   64|     2|         1024|
    +------------+---------------+---------+----+----+-----+------+-----+------+-------------+

    * FIFO: 
    N/A

    * Expression: 
    +----------------------------+----------+-------+---+-----+------------+------------+
    |        Variable Name       | Operation| DSP48E| FF| LUT | Bitwidth P0| Bitwidth P1|
    +----------------------------+----------+-------+---+-----+------------+------------+
    |Llimit_fu_329_p2            |     +    |      0|  0|   39|          32|          32|
    |Ulimit_fu_308_p2            |     +    |      0|  0|   39|          32|          32|
    |add_ln85_fu_267_p2          |     +    |      0|  0|   15|           2|           5|
    |add_ln87_fu_281_p2          |     +    |      0|  0|   15|           2|           5|
    |butterfly_pass_fu_351_p2    |     +    |      0|  0|   39|          32|           1|
    |butterfly_span_fu_345_p2    |     +    |      0|  0|   39|          32|           1|
    |i_fu_297_p2                 |     +    |      0|  0|   15|           5|           1|
    |ap_condition_443            |    and   |      0|  0|    2|           1|           1|
    |ap_condition_449            |    and   |      0|  0|    2|           1|           1|
    |icmp_ln77_fu_291_p2         |   icmp   |      0|  0|   11|           5|           6|
    |icmp_ln85_fu_314_p2         |   icmp   |      0|  0|   18|          32|          32|
    |icmp_ln87_fu_319_p2         |   icmp   |      0|  0|   18|          32|          32|
    |butterfly_pass_1_fu_357_p3  |  select  |      0|  0|   32|           1|          32|
    |butterfly_pass_2_fu_371_p3  |  select  |      0|  0|   32|           1|          32|
    |select_ln85_fu_364_p3       |  select  |      0|  0|   32|           1|          32|
    |index_fu_324_p2             |    shl   |      0|  0|  101|          32|          32|
    |shl_ln80_fu_303_p2          |    shl   |      0|  0|  101|          32|          32|
    |ap_enable_pp0               |    xor   |      0|  0|    2|           1|           2|
    +----------------------------+----------+-------+---+-----+------------+------------+
    |Total                       |          |      0|  0|  552|         276|         311|
    +----------------------------+----------+-------+---+-----+------------+------------+

    * Multiplexer: 
    +-------------------------------------------+----+-----------+-----+-----------+
    |                    Name                   | LUT| Input Size| Bits| Total Bits|
    +-------------------------------------------+----+-----------+-----+-----------+
    |ap_NS_fsm                                  |  27|          5|    1|          5|
    |ap_enable_reg_pp0_iter9                    |   9|          2|    1|          2|
    |ap_phi_mux_butterfly_pass_0_phi_fu_206_p4  |   9|          2|   32|         64|
    |ap_phi_mux_butterfly_span_0_phi_fu_194_p4  |   9|          2|   32|         64|
    |ap_phi_mux_i_0_phi_fu_218_p4               |   9|          2|    5|         10|
    |butterfly_pass_0_reg_202                   |   9|          2|   32|         64|
    |butterfly_span_0_reg_190                   |   9|          2|   32|         64|
    |data_IN_M_imag_address0                    |  15|          3|    5|         15|
    |data_IN_M_real_address0                    |  15|          3|    5|         15|
    |data_OUT_M_imag_address0                   |  15|          3|    5|         15|
    |data_OUT_M_imag_d0                         |  15|          3|   32|         96|
    |data_OUT_M_real_address0                   |  15|          3|    5|         15|
    |data_OUT_M_real_d0                         |  15|          3|   32|         96|
    |grp_fu_225_opcode                          |  15|          3|    2|          6|
    |grp_fu_225_p0                              |  15|          3|   32|         96|
    |grp_fu_225_p1                              |  15|          3|   32|         96|
    |grp_fu_229_p0                              |  15|          3|   32|         96|
    |grp_fu_229_p1                              |  15|          3|   32|         96|
    |grp_fu_233_p0                              |  15|          3|   32|         96|
    |grp_fu_233_p1                              |  15|          3|   32|         96|
    |grp_fu_237_p0                              |  15|          3|   32|         96|
    |grp_fu_241_p0                              |  15|          3|   32|         96|
    |i_0_reg_214                                |   9|          2|    5|         10|
    +-------------------------------------------+----+-----------+-----+-----------+
    |Total                                      | 315|         64|  482|       1309|
    +-------------------------------------------+----+-----------+-----+-----------+

    * Register: 
    +-------------------------------+----+----+-----+-----------+
    |              Name             | FF | LUT| Bits| Const Bits|
    +-------------------------------+----+----+-----+-----------+
    |FFT_stage_cast1_reg_393        |   6|   0|   32|         26|
    |Product_M_imag_reg_546         |  32|   0|   32|          0|
    |Product_M_real_reg_528         |  32|   0|   32|          0|
    |Ulimit_reg_417                 |  32|   0|   32|          0|
    |ap_CS_fsm                      |   4|   0|    4|          0|
    |ap_enable_reg_pp0_iter0        |   1|   0|    1|          0|
    |ap_enable_reg_pp0_iter1        |   1|   0|    1|          0|
    |ap_enable_reg_pp0_iter2        |   1|   0|    1|          0|
    |ap_enable_reg_pp0_iter3        |   1|   0|    1|          0|
    |ap_enable_reg_pp0_iter4        |   1|   0|    1|          0|
    |ap_enable_reg_pp0_iter5        |   1|   0|    1|          0|
    |ap_enable_reg_pp0_iter6        |   1|   0|    1|          0|
    |ap_enable_reg_pp0_iter7        |   1|   0|    1|          0|
    |ap_enable_reg_pp0_iter8        |   1|   0|    1|          0|
    |ap_enable_reg_pp0_iter9        |   1|   0|    1|          0|
    |butterfly_pass_0_reg_202       |  32|   0|   32|          0|
    |butterfly_pass_2_reg_465       |  32|   0|   32|          0|
    |butterfly_span_0_reg_190       |  32|   0|   32|          0|
    |complex_M_imag_writ_2_reg_557  |  32|   0|   32|          0|
    |complex_M_real_writ_2_reg_552  |  32|   0|   32|          0|
    |i_0_reg_214                    |   5|   0|    5|          0|
    |i_reg_412                      |   5|   0|    5|          0|
    |icmp_ln77_reg_408              |   1|   0|    1|          0|
    |icmp_ln85_reg_423              |   1|   0|    1|          0|
    |icmp_ln87_reg_429              |   1|   0|    1|          0|
    |index_shift_cast_reg_388       |   4|   0|   32|         28|
    |p_r_M_imag_2_reg_540           |  32|   0|   32|          0|
    |p_r_M_imag_reg_476             |  32|   0|   32|          0|
    |p_r_M_real_2_reg_534           |  32|   0|   32|          0|
    |p_r_M_real_reg_470             |  32|   0|   32|          0|
    |p_t_imag_reg_487               |  32|   0|   32|          0|
    |p_t_real_reg_482               |  32|   0|   32|          0|
    |pass_shift_cast_reg_383        |   4|   0|   32|         28|
    |reg_245                        |  32|   0|   32|          0|
    |select_ln85_reg_460            |  32|   0|   32|          0|
    |sext_ln82_1_reg_444            |  64|   0|   64|          0|
    |sext_ln83_reg_512              |  64|   0|   64|          0|
    |tmp_3_i_i_reg_497              |  32|   0|   32|          0|
    |tmp_5_i_i_reg_502              |  32|   0|   32|          0|
    |tmp_6_i_i_reg_507              |  32|   0|   32|          0|
    |tmp_i_i_reg_492                |  32|   0|   32|          0|
    |zext_ln85_reg_398              |   5|   0|   32|         27|
    |zext_ln87_reg_403              |   5|   0|   32|         27|
    |Ulimit_reg_417                 |  64|  32|   32|          0|
    |icmp_ln77_reg_408              |  64|  32|    1|          0|
    |sext_ln82_1_reg_444            |   3|   1|   64|          0|
    |sext_ln83_reg_512              |   2|   1|   64|          0|
    +-------------------------------+----+----+-----+-----------+
    |Total                          | 952|  66| 1116|        136|
    +-------------------------------+----+----+-----+-----------+



================================================================
== Interface
================================================================
* Summary: 
+--------------------------+-----+-----+------------+-----------------+--------------+
|         RTL Ports        | Dir | Bits|  Protocol  |  Source Object  |    C Type    |
+--------------------------+-----+-----+------------+-----------------+--------------+
|ap_clk                    |  in |    1| ap_ctrl_hs |       FFT0      | return value |
|ap_rst                    |  in |    1| ap_ctrl_hs |       FFT0      | return value |
|ap_start                  |  in |    1| ap_ctrl_hs |       FFT0      | return value |
|ap_done                   | out |    1| ap_ctrl_hs |       FFT0      | return value |
|ap_idle                   | out |    1| ap_ctrl_hs |       FFT0      | return value |
|ap_ready                  | out |    1| ap_ctrl_hs |       FFT0      | return value |
|FFT_stage                 |  in |    6|   ap_none  |    FFT_stage    |    scalar    |
|pass_check                |  in |    6|   ap_none  |    pass_check   |    scalar    |
|index_shift               |  in |    4|   ap_none  |   index_shift   |    scalar    |
|pass_shift                |  in |    4|   ap_none  |    pass_shift   |    scalar    |
|data_IN_M_real_address0   | out |    5|  ap_memory |  data_IN_M_real |     array    |
|data_IN_M_real_ce0        | out |    1|  ap_memory |  data_IN_M_real |     array    |
|data_IN_M_real_q0         |  in |   32|  ap_memory |  data_IN_M_real |     array    |
|data_IN_M_imag_address0   | out |    5|  ap_memory |  data_IN_M_imag |     array    |
|data_IN_M_imag_ce0        | out |    1|  ap_memory |  data_IN_M_imag |     array    |
|data_IN_M_imag_q0         |  in |   32|  ap_memory |  data_IN_M_imag |     array    |
|data_OUT_M_real_address0  | out |    5|  ap_memory | data_OUT_M_real |     array    |
|data_OUT_M_real_ce0       | out |    1|  ap_memory | data_OUT_M_real |     array    |
|data_OUT_M_real_we0       | out |    1|  ap_memory | data_OUT_M_real |     array    |
|data_OUT_M_real_d0        | out |   32|  ap_memory | data_OUT_M_real |     array    |
|data_OUT_M_imag_address0  | out |    5|  ap_memory | data_OUT_M_imag |     array    |
|data_OUT_M_imag_ce0       | out |    1|  ap_memory | data_OUT_M_imag |     array    |
|data_OUT_M_imag_we0       | out |    1|  ap_memory | data_OUT_M_imag |     array    |
|data_OUT_M_imag_d0        | out |   32|  ap_memory | data_OUT_M_imag |     array    |
+--------------------------+-----+-----+------------+-----------------+--------------+

