

================================================================
== Vivado HLS Report for 'mult_window'
================================================================
* Date:           Mon Jan  4 10:50:07 2021

* Version:        2020.1 (Build 2897737 on Wed May 27 20:21:37 MDT 2020)
* Project:        vhlsv2.9
* Solution:       solution1
* Product family: zynq
* Target device:  xc7z020-clg400-1


================================================================
== Performance Estimates
================================================================
+ Timing: 
    * Summary: 
    +--------+----------+----------+------------+
    |  Clock |  Target  | Estimated| Uncertainty|
    +--------+----------+----------+------------+
    |ap_clk  | 10.00 ns | 7.256 ns |   1.25 ns  |
    +--------+----------+----------+------------+

+ Latency: 
    * Summary: 
    +---------+---------+----------+----------+-----+-----+---------+
    |  Latency (cycles) |  Latency (absolute) |  Interval | Pipeline|
    |   min   |   max   |    min   |    max   | min | max |   Type  |
    +---------+---------+----------+----------+-----+-----+---------+
    |       46|       46| 0.460 us | 0.460 us |   46|   46|   none  |
    +---------+---------+----------+----------+-----+-----+---------+

    + Detail: 
        * Instance: 
        N/A

        * Loop: 
        +----------+---------+---------+----------+-----------+-----------+------+----------+
        |          |  Latency (cycles) | Iteration|  Initiation Interval  | Trip |          |
        | Loop Name|   min   |   max   |  Latency |  achieved |   target  | Count| Pipelined|
        +----------+---------+---------+----------+-----------+-----------+------+----------+
        |- Loop 1  |       16|       16|         1|          -|          -|    16|    no    |
        |- Loop 2  |       16|       16|         2|          1|          1|    16|    yes   |
        |- Loop 3  |       16|       16|         2|          1|          1|    16|    yes   |
        |- Loop 4  |       16|       16|         2|          1|          1|    16|    yes   |
        |- Loop 5  |       26|       26|        12|          1|          1|    16|    yes   |
        +----------+---------+---------+----------+-----------+-----------+------+----------+



================================================================
== Utilization Estimates
================================================================
* Summary: 
+-----------------+---------+-------+--------+-------+-----+
|       Name      | BRAM_18K| DSP48E|   FF   |  LUT  | URAM|
+-----------------+---------+-------+--------+-------+-----+
|DSP              |        -|      -|       -|      -|    -|
|Expression       |        -|      -|       0|    171|    -|
|FIFO             |        -|      -|       -|      -|    -|
|Instance         |        -|     32|    1964|   4128|    -|
|Memory           |        5|      -|       0|      0|    0|
|Multiplexer      |        -|      -|       -|    272|    -|
|Register         |        0|      -|     868|     96|    -|
+-----------------+---------+-------+--------+-------+-----+
|Total            |        5|     32|    2832|   4667|    0|
+-----------------+---------+-------+--------+-------+-----+
|Available        |      280|    220|  106400|  53200|    0|
+-----------------+---------+-------+--------+-------+-----+
|Utilization (%)  |        1|     14|       2|      8|    0|
+-----------------+---------+-------+--------+-------+-----+

+ Detail: 
    * Instance: 
    +--------------------------+----------------------+---------+-------+-----+-----+-----+
    |         Instance         |        Module        | BRAM_18K| DSP48E|  FF | LUT | URAM|
    +--------------------------+----------------------+---------+-------+-----+-----+-----+
    |FFT_fadd_32ns_32ndEe_U2   |FFT_fadd_32ns_32ndEe  |        0|      2|  205|  390|    0|
    |FFT_fadd_32ns_32ndEe_U4   |FFT_fadd_32ns_32ndEe  |        0|      2|  205|  390|    0|
    |FFT_fmul_32ns_32neOg_U5   |FFT_fmul_32ns_32neOg  |        0|      3|  143|  321|    0|
    |FFT_fmul_32ns_32neOg_U6   |FFT_fmul_32ns_32neOg  |        0|      3|  143|  321|    0|
    |FFT_fmul_32ns_32neOg_U7   |FFT_fmul_32ns_32neOg  |        0|      3|  143|  321|    0|
    |FFT_fmul_32ns_32neOg_U8   |FFT_fmul_32ns_32neOg  |        0|      3|  143|  321|    0|
    |FFT_fmul_32ns_32neOg_U9   |FFT_fmul_32ns_32neOg  |        0|      3|  143|  321|    0|
    |FFT_fmul_32ns_32neOg_U10  |FFT_fmul_32ns_32neOg  |        0|      3|  143|  321|    0|
    |FFT_fmul_32ns_32neOg_U11  |FFT_fmul_32ns_32neOg  |        0|      3|  143|  321|    0|
    |FFT_fmul_32ns_32neOg_U12  |FFT_fmul_32ns_32neOg  |        0|      3|  143|  321|    0|
    |FFT_fsub_32ns_32ncud_U1   |FFT_fsub_32ns_32ncud  |        0|      2|  205|  390|    0|
    |FFT_fsub_32ns_32ncud_U3   |FFT_fsub_32ns_32ncud  |        0|      2|  205|  390|    0|
    +--------------------------+----------------------+---------+-------+-----+-----+-----+
    |Total                     |                      |        0|     32| 1964| 4128|    0|
    +--------------------------+----------------------+---------+-------+-----+-----+-----+

    * DSP48E: 
    N/A

    * Memory: 
    +--------------+----------------------+---------+---+----+-----+------+-----+------+-------------+
    |    Memory    |        Module        | BRAM_18K| FF| LUT| URAM| Words| Bits| Banks| W*Bits*Banks|
    +--------------+----------------------+---------+---+----+-----+------+-----+------+-------------+
    |Blackman32_U  |mult_window_Blackbkb  |        1|  0|   0|    0|    32|   32|     1|         1024|
    |Hamm32_U      |mult_window_Hamm32    |        1|  0|   0|    0|    32|   32|     1|         1024|
    |Hann32_U      |mult_window_Hann32    |        1|  0|   0|    0|    32|   32|     1|         1024|
    |window_U      |mult_window_window    |        2|  0|   0|    0|    32|   32|     1|         1024|
    +--------------+----------------------+---------+---+----+-----+------+-----+------+-------------+
    |Total         |                      |        5|  0|   0|    0|   128|  128|     4|         4096|
    +--------------+----------------------+---------+---+----+-----+------+-----+------+-------------+

    * FIFO: 
    N/A

    * Expression: 
    +-------------------------+----------+-------+---+----+------------+------------+
    |      Variable Name      | Operation| DSP48E| FF| LUT| Bitwidth P0| Bitwidth P1|
    +-------------------------+----------+-------+---+----+------------+------------+
    |add_ln30_fu_535_p2       |     +    |      0|  0|  15|           2|           6|
    |add_ln38_fu_503_p2       |     +    |      0|  0|  15|           2|           6|
    |add_ln46_fu_471_p2       |     +    |      0|  0|  15|           2|           6|
    |add_ln53_fu_567_p2       |     +    |      0|  0|  15|           2|           6|
    |add_ln59_fu_603_p2       |     +    |      0|  0|  15|           2|           6|
    |icmp_ln30_fu_509_p2      |   icmp   |      0|  0|  11|           6|           7|
    |icmp_ln38_fu_477_p2      |   icmp   |      0|  0|  11|           6|           7|
    |icmp_ln46_fu_445_p2      |   icmp   |      0|  0|  11|           6|           7|
    |icmp_ln53_fu_541_p2      |   icmp   |      0|  0|  11|           6|           7|
    |icmp_ln59_fu_573_p2      |   icmp   |      0|  0|  11|           6|           7|
    |or_ln30_fu_524_p2        |    or    |      0|  0|   5|           5|           1|
    |or_ln38_fu_492_p2        |    or    |      0|  0|   5|           5|           1|
    |or_ln46_fu_460_p2        |    or    |      0|  0|   5|           5|           1|
    |or_ln53_fu_556_p2        |    or    |      0|  0|   5|           5|           1|
    |or_ln59_fu_590_p2        |    or    |      0|  0|   5|           5|           1|
    |ap_enable_pp0            |    xor   |      0|  0|   2|           1|           2|
    |ap_enable_pp1            |    xor   |      0|  0|   2|           1|           2|
    |ap_enable_pp2            |    xor   |      0|  0|   2|           1|           2|
    |ap_enable_pp3            |    xor   |      0|  0|   2|           1|           2|
    |ap_enable_reg_pp0_iter1  |    xor   |      0|  0|   2|           2|           1|
    |ap_enable_reg_pp1_iter1  |    xor   |      0|  0|   2|           2|           1|
    |ap_enable_reg_pp2_iter1  |    xor   |      0|  0|   2|           2|           1|
    |ap_enable_reg_pp3_iter1  |    xor   |      0|  0|   2|           2|           1|
    +-------------------------+----------+-------+---+----+------------+------------+
    |Total                    |          |      0|  0| 171|          77|          82|
    +-------------------------+----------+-------+---+----+------------+------------+

    * Multiplexer: 
    +--------------------------+----+-----------+-----+-----------+
    |           Name           | LUT| Input Size| Bits| Total Bits|
    +--------------------------+----+-----------+-----+-----------+
    |ap_NS_fsm                 |  44|          9|    1|          9|
    |ap_enable_reg_pp0_iter1   |  15|          3|    1|          3|
    |ap_enable_reg_pp1_iter1   |  15|          3|    1|          3|
    |ap_enable_reg_pp2_iter1   |  15|          3|    1|          3|
    |ap_enable_reg_pp3_iter1   |   9|          2|    1|          2|
    |ap_enable_reg_pp3_iter11  |   9|          2|    1|          2|
    |i1_0_0_reg_349            |   9|          2|    6|         12|
    |i2_0_0_reg_338            |   9|          2|    6|         12|
    |i3_0_0_reg_371            |   9|          2|    6|         12|
    |i4_0_0_reg_382            |   9|          2|    6|         12|
    |i_0_0_reg_360             |   9|          2|    6|         12|
    |window_address0           |  33|          6|    5|         30|
    |window_address1           |  33|          6|    5|         30|
    |window_d0                 |  27|          5|   32|        160|
    |window_d1                 |  27|          5|   32|        160|
    +--------------------------+----+-----------+-----+-----------+
    |Total                     | 272|         54|  110|        462|
    +--------------------------+----+-----------+-----+-----------+

    * Register: 
    +-------------------------------+----+----+-----+-----------+
    |              Name             | FF | LUT| Bits| Const Bits|
    +-------------------------------+----+----+-----+-----------+
    |ap_CS_fsm                      |   8|   0|    8|          0|
    |ap_enable_reg_pp0_iter0        |   1|   0|    1|          0|
    |ap_enable_reg_pp0_iter1        |   1|   0|    1|          0|
    |ap_enable_reg_pp1_iter0        |   1|   0|    1|          0|
    |ap_enable_reg_pp1_iter1        |   1|   0|    1|          0|
    |ap_enable_reg_pp2_iter0        |   1|   0|    1|          0|
    |ap_enable_reg_pp2_iter1        |   1|   0|    1|          0|
    |ap_enable_reg_pp3_iter0        |   1|   0|    1|          0|
    |ap_enable_reg_pp3_iter1        |   1|   0|    1|          0|
    |ap_enable_reg_pp3_iter10       |   1|   0|    1|          0|
    |ap_enable_reg_pp3_iter11       |   1|   0|    1|          0|
    |ap_enable_reg_pp3_iter2        |   1|   0|    1|          0|
    |ap_enable_reg_pp3_iter3        |   1|   0|    1|          0|
    |ap_enable_reg_pp3_iter4        |   1|   0|    1|          0|
    |ap_enable_reg_pp3_iter5        |   1|   0|    1|          0|
    |ap_enable_reg_pp3_iter6        |   1|   0|    1|          0|
    |ap_enable_reg_pp3_iter7        |   1|   0|    1|          0|
    |ap_enable_reg_pp3_iter8        |   1|   0|    1|          0|
    |ap_enable_reg_pp3_iter9        |   1|   0|    1|          0|
    |complex_M_imag_writ_1_reg_850  |  32|   0|   32|          0|
    |complex_M_imag_writ_reg_840    |  32|   0|   32|          0|
    |complex_M_real_writ_1_reg_845  |  32|   0|   32|          0|
    |complex_M_real_writ_reg_835    |  32|   0|   32|          0|
    |i1_0_0_reg_349                 |   6|   0|    6|          0|
    |i2_0_0_reg_338                 |   6|   0|    6|          0|
    |i3_0_0_reg_371                 |   6|   0|    6|          0|
    |i4_0_0_reg_382                 |   6|   0|    6|          0|
    |i_0_0_reg_360                  |   6|   0|    6|          0|
    |icmp_ln30_reg_671              |   1|   0|    1|          0|
    |icmp_ln38_reg_642              |   1|   0|    1|          0|
    |icmp_ln46_reg_613              |   1|   0|    1|          0|
    |icmp_ln59_reg_708              |   1|   0|    1|          0|
    |p_r_M_imag_1_reg_783           |  32|   0|   32|          0|
    |p_r_M_imag_reg_765             |  32|   0|   32|          0|
    |p_r_M_real_1_reg_777           |  32|   0|   32|          0|
    |p_r_M_real_reg_759             |  32|   0|   32|          0|
    |tmp_1_i_i1_reg_830             |  32|   0|   32|          0|
    |tmp_1_i_i_reg_810              |  32|   0|   32|          0|
    |tmp_8_i_i1_reg_820             |  32|   0|   32|          0|
    |tmp_8_i_i_reg_800              |  32|   0|   32|          0|
    |tmp_i_i1_17_reg_825            |  32|   0|   32|          0|
    |tmp_i_i1_reg_815               |  32|   0|   32|          0|
    |tmp_i_i_15_reg_805             |  32|   0|   32|          0|
    |tmp_i_i_reg_795                |  32|   0|   32|          0|
    |window_load_1_reg_789          |  32|   0|   32|          0|
    |window_load_reg_771            |  32|   0|   32|          0|
    |zext_ln34_1_reg_685            |   4|   0|   64|         60|
    |zext_ln34_reg_675              |   6|   0|   64|         58|
    |zext_ln42_1_reg_656            |   4|   0|   64|         60|
    |zext_ln42_reg_646              |   6|   0|   64|         58|
    |zext_ln50_1_reg_627            |   4|   0|   64|         60|
    |zext_ln50_reg_617              |   6|   0|   64|         58|
    |zext_ln62_1_reg_733            |   4|   0|   64|         60|
    |zext_ln62_reg_712              |   6|   0|   64|         58|
    |icmp_ln59_reg_708              |  64|  32|    1|          0|
    |zext_ln62_1_reg_733            |  64|  32|   64|         60|
    |zext_ln62_reg_712              |  64|  32|   64|         58|
    +-------------------------------+----+----+-----+-----------+
    |Total                          | 868|  96| 1277|        590|
    +-------------------------------+----+----+-----+-----------+



================================================================
== Interface
================================================================
* Summary: 
+---------------------------+-----+-----+------------+------------------+--------------+
|         RTL Ports         | Dir | Bits|  Protocol  |   Source Object  |    C Type    |
+---------------------------+-----+-----+------------+------------------+--------------+
|ap_clk                     |  in |    1| ap_ctrl_hs |    mult_window   | return value |
|ap_rst                     |  in |    1| ap_ctrl_hs |    mult_window   | return value |
|ap_start                   |  in |    1| ap_ctrl_hs |    mult_window   | return value |
|ap_done                    | out |    1| ap_ctrl_hs |    mult_window   | return value |
|ap_idle                    | out |    1| ap_ctrl_hs |    mult_window   | return value |
|ap_ready                   | out |    1| ap_ctrl_hs |    mult_window   | return value |
|data_IN_M_real_address0    | out |    5|  ap_memory |  data_IN_M_real  |     array    |
|data_IN_M_real_ce0         | out |    1|  ap_memory |  data_IN_M_real  |     array    |
|data_IN_M_real_q0          |  in |   32|  ap_memory |  data_IN_M_real  |     array    |
|data_IN_M_real_address1    | out |    5|  ap_memory |  data_IN_M_real  |     array    |
|data_IN_M_real_ce1         | out |    1|  ap_memory |  data_IN_M_real  |     array    |
|data_IN_M_real_q1          |  in |   32|  ap_memory |  data_IN_M_real  |     array    |
|data_IN_M_imag_address0    | out |    5|  ap_memory |  data_IN_M_imag  |     array    |
|data_IN_M_imag_ce0         | out |    1|  ap_memory |  data_IN_M_imag  |     array    |
|data_IN_M_imag_q0          |  in |   32|  ap_memory |  data_IN_M_imag  |     array    |
|data_IN_M_imag_address1    | out |    5|  ap_memory |  data_IN_M_imag  |     array    |
|data_IN_M_imag_ce1         | out |    1|  ap_memory |  data_IN_M_imag  |     array    |
|data_IN_M_imag_q1          |  in |   32|  ap_memory |  data_IN_M_imag  |     array    |
|win_mode                   |  in |    8|   ap_none  |     win_mode     |    scalar    |
|prod_IN_M_real_2_address0  | out |    5|  ap_memory | prod_IN_M_real_2 |     array    |
|prod_IN_M_real_2_ce0       | out |    1|  ap_memory | prod_IN_M_real_2 |     array    |
|prod_IN_M_real_2_we0       | out |    1|  ap_memory | prod_IN_M_real_2 |     array    |
|prod_IN_M_real_2_d0        | out |   32|  ap_memory | prod_IN_M_real_2 |     array    |
|prod_IN_M_real_2_address1  | out |    5|  ap_memory | prod_IN_M_real_2 |     array    |
|prod_IN_M_real_2_ce1       | out |    1|  ap_memory | prod_IN_M_real_2 |     array    |
|prod_IN_M_real_2_we1       | out |    1|  ap_memory | prod_IN_M_real_2 |     array    |
|prod_IN_M_real_2_d1        | out |   32|  ap_memory | prod_IN_M_real_2 |     array    |
|prod_IN_M_imag_2_address0  | out |    5|  ap_memory | prod_IN_M_imag_2 |     array    |
|prod_IN_M_imag_2_ce0       | out |    1|  ap_memory | prod_IN_M_imag_2 |     array    |
|prod_IN_M_imag_2_we0       | out |    1|  ap_memory | prod_IN_M_imag_2 |     array    |
|prod_IN_M_imag_2_d0        | out |   32|  ap_memory | prod_IN_M_imag_2 |     array    |
|prod_IN_M_imag_2_address1  | out |    5|  ap_memory | prod_IN_M_imag_2 |     array    |
|prod_IN_M_imag_2_ce1       | out |    1|  ap_memory | prod_IN_M_imag_2 |     array    |
|prod_IN_M_imag_2_we1       | out |    1|  ap_memory | prod_IN_M_imag_2 |     array    |
|prod_IN_M_imag_2_d1        | out |   32|  ap_memory | prod_IN_M_imag_2 |     array    |
+---------------------------+-----+-----+------------+------------------+--------------+

