

================================================================
== Vivado HLS Report for 'bitreverse'
================================================================
* Date:           Thu Dec 31 16:12:33 2020

* Version:        2020.1 (Build 2897737 on Wed May 27 20:21:37 MDT 2020)
* Project:        vhlsv4_256
* Solution:       soln256
* Product family: zynq
* Target device:  xc7z020-clg400-1


================================================================
== Performance Estimates
================================================================
+ Timing: 
    * Summary: 
    +--------+----------+----------+------------+
    |  Clock |  Target  | Estimated| Uncertainty|
    +--------+----------+----------+------------+
    |ap_clk  | 10.00 ns | 6.508 ns |   1.25 ns  |
    +--------+----------+----------+------------+

+ Latency: 
    * Summary: 
    +---------+---------+----------+----------+-----+-----+---------+
    |  Latency (cycles) |  Latency (absolute) |  Interval | Pipeline|
    |   min   |   max   |    min   |    max   | min | max |   Type  |
    +---------+---------+----------+----------+-----+-----+---------+
    |      259|      259| 2.590 us | 2.590 us |  259|  259|   none  |
    +---------+---------+----------+----------+-----+-----+---------+

    + Detail: 
        * Instance: 
        N/A

        * Loop: 
        +----------------------+---------+---------+----------+-----------+-----------+------+----------+
        |                      |  Latency (cycles) | Iteration|  Initiation Interval  | Trip |          |
        |       Loop Name      |   min   |   max   |  Latency |  achieved |   target  | Count| Pipelined|
        +----------------------+---------+---------+----------+-----------+-----------+------+----------+
        |- bitreversal_label1  |      257|      257|         3|          1|          1|   256|    yes   |
        +----------------------+---------+---------+----------+-----------+-----------+------+----------+



================================================================
== Utilization Estimates
================================================================
* Summary: 
+-----------------+---------+-------+--------+-------+-----+
|       Name      | BRAM_18K| DSP48E|   FF   |  LUT  | URAM|
+-----------------+---------+-------+--------+-------+-----+
|DSP              |        -|      -|       -|      -|    -|
|Expression       |        -|      -|       0|     34|    -|
|FIFO             |        -|      -|       -|      -|    -|
|Instance         |        -|      -|       -|      -|    -|
|Memory           |        1|      -|       0|      0|    -|
|Multiplexer      |        -|      -|       -|     57|    -|
|Register         |        -|      -|      36|      -|    -|
+-----------------+---------+-------+--------+-------+-----+
|Total            |        1|      0|      36|     91|    0|
+-----------------+---------+-------+--------+-------+-----+
|Available        |      280|    220|  106400|  53200|    0|
+-----------------+---------+-------+--------+-------+-----+
|Utilization (%)  |    ~0   |      0|   ~0   |   ~0  |    0|
+-----------------+---------+-------+--------+-------+-----+

+ Detail: 
    * Instance: 
    N/A

    * DSP48E: 
    N/A

    * Memory: 
    +-----------+--------------------+---------+---+----+-----+------+-----+------+-------------+
    |   Memory  |       Module       | BRAM_18K| FF| LUT| URAM| Words| Bits| Banks| W*Bits*Banks|
    +-----------+--------------------+---------+---+----+-----+------+-----+------+-------------+
    |rev_256_U  |bitreverse_rev_256  |        1|  0|   0|    0|   256|    8|     1|         2048|
    +-----------+--------------------+---------+---+----+-----+------+-----+------+-------------+
    |Total      |                    |        1|  0|   0|    0|   256|    8|     1|         2048|
    +-----------+--------------------+---------+---+----+-----+------+-----+------+-------------+

    * FIFO: 
    N/A

    * Expression: 
    +-------------------------+----------+-------+---+----+------------+------------+
    |      Variable Name      | Operation| DSP48E| FF| LUT| Bitwidth P0| Bitwidth P1|
    +-------------------------+----------+-------+---+----+------------+------------+
    |i_fu_124_p2              |     +    |      0|  0|  15|           9|           1|
    |icmp_ln76_fu_118_p2      |   icmp   |      0|  0|  13|           9|          10|
    |ap_block_state1          |    or    |      0|  0|   2|           1|           1|
    |ap_enable_pp0            |    xor   |      0|  0|   2|           1|           2|
    |ap_enable_reg_pp0_iter1  |    xor   |      0|  0|   2|           2|           1|
    +-------------------------+----------+-------+---+----+------------+------------+
    |Total                    |          |      0|  0|  34|          22|          15|
    +-------------------------+----------+-------+---+----+------------+------------+

    * Multiplexer: 
    +-------------------------+----+-----------+-----+-----------+
    |           Name          | LUT| Input Size| Bits| Total Bits|
    +-------------------------+----+-----------+-----+-----------+
    |ap_NS_fsm                |  21|          4|    1|          4|
    |ap_done                  |   9|          2|    1|          2|
    |ap_enable_reg_pp0_iter1  |   9|          2|    1|          2|
    |ap_enable_reg_pp0_iter2  |   9|          2|    1|          2|
    |i_0_i_reg_107            |   9|          2|    9|         18|
    +-------------------------+----+-----------+-----+-----------+
    |Total                    |  57|         12|   13|         28|
    +-------------------------+----+-----------+-----+-----------+

    * Register: 
    +---------------------------------+---+----+-----+-----------+
    |               Name              | FF| LUT| Bits| Const Bits|
    +---------------------------------+---+----+-----+-----------+
    |ap_CS_fsm                        |  3|   0|    3|          0|
    |ap_done_reg                      |  1|   0|    1|          0|
    |ap_enable_reg_pp0_iter0          |  1|   0|    1|          0|
    |ap_enable_reg_pp0_iter1          |  1|   0|    1|          0|
    |ap_enable_reg_pp0_iter2          |  1|   0|    1|          0|
    |i_0_i_reg_107                    |  9|   0|    9|          0|
    |icmp_ln76_reg_141                |  1|   0|    1|          0|
    |icmp_ln76_reg_141_pp0_iter1_reg  |  1|   0|    1|          0|
    |zext_ln78_reg_150                |  9|   0|   64|         55|
    |zext_ln78_reg_150_pp0_iter1_reg  |  9|   0|   64|         55|
    +---------------------------------+---+----+-----+-----------+
    |Total                            | 36|   0|  146|        110|
    +---------------------------------+---+----+-----+-----------+



================================================================
== Interface
================================================================
* Summary: 
+---------------------------+-----+-----+------------+------------------+--------------+
|         RTL Ports         | Dir | Bits|  Protocol  |   Source Object  |    C Type    |
+---------------------------+-----+-----+------------+------------------+--------------+
|ap_clk                     |  in |    1| ap_ctrl_hs |    bitreverse    | return value |
|ap_rst                     |  in |    1| ap_ctrl_hs |    bitreverse    | return value |
|ap_start                   |  in |    1| ap_ctrl_hs |    bitreverse    | return value |
|ap_done                    | out |    1| ap_ctrl_hs |    bitreverse    | return value |
|ap_continue                |  in |    1| ap_ctrl_hs |    bitreverse    | return value |
|ap_idle                    | out |    1| ap_ctrl_hs |    bitreverse    | return value |
|ap_ready                   | out |    1| ap_ctrl_hs |    bitreverse    | return value |
|win_IN_M_imag_address0     | out |    8|  ap_memory |   win_IN_M_imag  |     array    |
|win_IN_M_imag_ce0          | out |    1|  ap_memory |   win_IN_M_imag  |     array    |
|win_IN_M_imag_q0           |  in |   32|  ap_memory |   win_IN_M_imag  |     array    |
|win_IN_M_real_address0     | out |    8|  ap_memory |   win_IN_M_real  |     array    |
|win_IN_M_real_ce0          | out |    1|  ap_memory |   win_IN_M_real  |     array    |
|win_IN_M_real_q0           |  in |   32|  ap_memory |   win_IN_M_real  |     array    |
|data_OUT0_M_real_address0  | out |    8|  ap_memory | data_OUT0_M_real |     array    |
|data_OUT0_M_real_ce0       | out |    1|  ap_memory | data_OUT0_M_real |     array    |
|data_OUT0_M_real_we0       | out |    1|  ap_memory | data_OUT0_M_real |     array    |
|data_OUT0_M_real_d0        | out |   32|  ap_memory | data_OUT0_M_real |     array    |
|data_OUT0_M_imag_address0  | out |    8|  ap_memory | data_OUT0_M_imag |     array    |
|data_OUT0_M_imag_ce0       | out |    1|  ap_memory | data_OUT0_M_imag |     array    |
|data_OUT0_M_imag_we0       | out |    1|  ap_memory | data_OUT0_M_imag |     array    |
|data_OUT0_M_imag_d0        | out |   32|  ap_memory | data_OUT0_M_imag |     array    |
+---------------------------+-----+-----+------------+------------------+--------------+

