

================================================================
== Vivado HLS Report for 'Block_codeRepl11627_s'
================================================================
* Date:           Thu Dec 31 16:12:39 2020

* Version:        2020.1 (Build 2897737 on Wed May 27 20:21:37 MDT 2020)
* Project:        vhlsv4_256
* Solution:       soln256
* Product family: zynq
* Target device:  xc7z020-clg400-1


================================================================
== Performance Estimates
================================================================
+ Timing: 
    * Summary: 
    +--------+----------+----------+------------+
    |  Clock |  Target  | Estimated| Uncertainty|
    +--------+----------+----------+------------+
    |ap_clk  | 10.00 ns | 7.256 ns |   1.25 ns  |
    +--------+----------+----------+------------+

+ Latency: 
    * Summary: 
    +---------+---------+----------+----------+-----+-----+---------+
    |  Latency (cycles) |  Latency (absolute) |  Interval | Pipeline|
    |   min   |   max   |    min   |    max   | min | max |   Type  |
    +---------+---------+----------+----------+-----+-----+---------+
    |      546|      546| 5.460 us | 5.460 us |  546|  546|   none  |
    +---------+---------+----------+----------+-----+-----+---------+

    + Detail: 
        * Instance: 
        N/A

        * Loop: 
        +----------+---------+---------+----------+-----------+-----------+------+----------+
        |          |  Latency (cycles) | Iteration|  Initiation Interval  | Trip |          |
        | Loop Name|   min   |   max   |  Latency |  achieved |   target  | Count| Pipelined|
        +----------+---------+---------+----------+-----------+-----------+------+----------+
        |- Loop 1  |      287|      287|        33|          1|          1|   256|    yes   |
        +----------+---------+---------+----------+-----------+-----------+------+----------+



================================================================
== Utilization Estimates
================================================================
* Summary: 
+-----------------+---------+-------+--------+-------+-----+
|       Name      | BRAM_18K| DSP48E|   FF   |  LUT  | URAM|
+-----------------+---------+-------+--------+-------+-----+
|DSP              |        -|      -|       -|      -|    -|
|Expression       |        -|      -|       0|     38|    -|
|FIFO             |        -|      -|       -|      -|    -|
|Instance         |        -|     27|    1262|   2288|    -|
|Memory           |        1|      -|       0|      0|    0|
|Multiplexer      |        -|      -|       -|   4783|    -|
|Register         |        0|      -|     697|     64|    -|
+-----------------+---------+-------+--------+-------+-----+
|Total            |        1|     27|    1959|   7173|    0|
+-----------------+---------+-------+--------+-------+-----+
|Available        |      280|    220|  106400|  53200|    0|
+-----------------+---------+-------+--------+-------+-----+
|Utilization (%)  |    ~0   |     12|       1|     13|    0|
+-----------------+---------+-------+--------+-------+-----+

+ Detail: 
    * Instance: 
    +---------------------------+----------------------+---------+-------+-----+-----+-----+
    |          Instance         |        Module        | BRAM_18K| DSP48E|  FF | LUT | URAM|
    +---------------------------+----------------------+---------+-------+-----+-----+-----+
    |FFT_fadd_32ns_32ndEe_U153  |FFT_fadd_32ns_32ndEe  |        0|      2|  205|  390|    0|
    |FFT_flog_32ns_32ng8j_U158  |FFT_flog_32ns_32ng8j  |        0|     13|  485|  614|    0|
    |FFT_fmul_32ns_32neOg_U154  |FFT_fmul_32ns_32neOg  |        0|      3|  143|  321|    0|
    |FFT_fmul_32ns_32neOg_U155  |FFT_fmul_32ns_32neOg  |        0|      3|  143|  321|    0|
    |FFT_fmul_32ns_32neOg_U156  |FFT_fmul_32ns_32neOg  |        0|      3|  143|  321|    0|
    |FFT_fmul_32ns_32neOg_U157  |FFT_fmul_32ns_32neOg  |        0|      3|  143|  321|    0|
    +---------------------------+----------------------+---------+-------+-----+-----+-----+
    |Total                      |                      |        0|     27| 1262| 2288|    0|
    +---------------------------+----------------------+---------+-------+-----+-----+-----+

    * DSP48E: 
    N/A

    * Memory: 
    +------------+----------------------+---------+---+----+-----+------+-----+------+-------------+
    |   Memory   |        Module        | BRAM_18K| FF| LUT| URAM| Words| Bits| Banks| W*Bits*Banks|
    +------------+----------------------+---------+---+----+-----+------+-----+------+-------------+
    |xout_mag_U  |Block_codeRepl116fYi  |        1|  0|   0|    0|   256|   32|     1|         8192|
    +------------+----------------------+---------+---+----+-----+------+-----+------+-------------+
    |Total       |                      |        1|  0|   0|    0|   256|   32|     1|         8192|
    +------------+----------------------+---------+---+----+-----+------+-----+------+-------------+

    * FIFO: 
    N/A

    * Expression: 
    +-------------------------+----------+-------+---+----+------------+------------+
    |      Variable Name      | Operation| DSP48E| FF| LUT| Bitwidth P0| Bitwidth P1|
    +-------------------------+----------+-------+---+----+------------+------------+
    |i_fu_5554_p2             |     +    |      0|  0|  15|           9|           1|
    |icmp_ln108_fu_5548_p2    |   icmp   |      0|  0|  13|           9|          10|
    |ap_block_state1          |    or    |      0|  0|   2|           1|           1|
    |ap_block_state100_io     |    or    |      0|  0|   2|           1|           1|
    |ap_block_state292        |    or    |      0|  0|   2|           1|           1|
    |ap_enable_pp0            |    xor   |      0|  0|   2|           1|           2|
    |ap_enable_reg_pp0_iter1  |    xor   |      0|  0|   2|           2|           1|
    +-------------------------+----------+-------+---+----+------------+------------+
    |Total                    |          |      0|  0|  38|          24|          17|
    +-------------------------+----------+-------+---+----+------------+------------+

    * Multiplexer: 
    +------------------------------+------+-----------+-----+-----------+
    |             Name             |  LUT | Input Size| Bits| Total Bits|
    +------------------------------+------+-----------+-----+-----------+
    |ap_NS_fsm                     |  1189|        261|    1|        261|
    |ap_done                       |     9|          2|    1|          2|
    |ap_enable_reg_pp0_iter1       |     9|          2|    1|          2|
    |ap_enable_reg_pp0_iter32      |     9|          2|    1|          2|
    |data_OUT_FFT_M_imag_address0  |  1177|        258|    8|       2064|
    |data_OUT_FFT_M_real_address0  |  1177|        258|    8|       2064|
    |data_OUT_M_imag_TDATA_blk_n   |     9|          2|    1|          2|
    |data_OUT_M_real_TDATA_blk_n   |     9|          2|    1|          2|
    |i_0_i_reg_5491                |     9|          2|    9|         18|
    |mag_OUT_TDATA_blk_n           |     9|          2|    1|          2|
    |xout_mag_address0             |  1177|        258|    8|       2064|
    +------------------------------+------+-----------+-----+-----------+
    |Total                         |  4783|       1049|   40|       6483|
    +------------------------------+------+-----------+-----+-----------+

    * Register: 
    +--------------------------+-----+----+-----+-----------+
    |           Name           |  FF | LUT| Bits| Const Bits|
    +--------------------------+-----+----+-----+-----------+
    |ap_CS_fsm                 |  260|   0|  260|          0|
    |ap_done_reg               |    1|   0|    1|          0|
    |ap_enable_reg_pp0_iter0   |    1|   0|    1|          0|
    |ap_enable_reg_pp0_iter1   |    1|   0|    1|          0|
    |ap_enable_reg_pp0_iter10  |    1|   0|    1|          0|
    |ap_enable_reg_pp0_iter11  |    1|   0|    1|          0|
    |ap_enable_reg_pp0_iter12  |    1|   0|    1|          0|
    |ap_enable_reg_pp0_iter13  |    1|   0|    1|          0|
    |ap_enable_reg_pp0_iter14  |    1|   0|    1|          0|
    |ap_enable_reg_pp0_iter15  |    1|   0|    1|          0|
    |ap_enable_reg_pp0_iter16  |    1|   0|    1|          0|
    |ap_enable_reg_pp0_iter17  |    1|   0|    1|          0|
    |ap_enable_reg_pp0_iter18  |    1|   0|    1|          0|
    |ap_enable_reg_pp0_iter19  |    1|   0|    1|          0|
    |ap_enable_reg_pp0_iter2   |    1|   0|    1|          0|
    |ap_enable_reg_pp0_iter20  |    1|   0|    1|          0|
    |ap_enable_reg_pp0_iter21  |    1|   0|    1|          0|
    |ap_enable_reg_pp0_iter22  |    1|   0|    1|          0|
    |ap_enable_reg_pp0_iter23  |    1|   0|    1|          0|
    |ap_enable_reg_pp0_iter24  |    1|   0|    1|          0|
    |ap_enable_reg_pp0_iter25  |    1|   0|    1|          0|
    |ap_enable_reg_pp0_iter26  |    1|   0|    1|          0|
    |ap_enable_reg_pp0_iter27  |    1|   0|    1|          0|
    |ap_enable_reg_pp0_iter28  |    1|   0|    1|          0|
    |ap_enable_reg_pp0_iter29  |    1|   0|    1|          0|
    |ap_enable_reg_pp0_iter3   |    1|   0|    1|          0|
    |ap_enable_reg_pp0_iter30  |    1|   0|    1|          0|
    |ap_enable_reg_pp0_iter31  |    1|   0|    1|          0|
    |ap_enable_reg_pp0_iter32  |    1|   0|    1|          0|
    |ap_enable_reg_pp0_iter4   |    1|   0|    1|          0|
    |ap_enable_reg_pp0_iter5   |    1|   0|    1|          0|
    |ap_enable_reg_pp0_iter6   |    1|   0|    1|          0|
    |ap_enable_reg_pp0_iter7   |    1|   0|    1|          0|
    |ap_enable_reg_pp0_iter8   |    1|   0|    1|          0|
    |ap_enable_reg_pp0_iter9   |    1|   0|    1|          0|
    |i_0_i_reg_5491            |    9|   0|    9|          0|
    |icmp_ln108_reg_8126       |    1|   0|    1|          0|
    |p_x_assign_reg_8160       |   32|   0|   32|          0|
    |reg_5529                  |   32|   0|   32|          0|
    |reg_5536                  |   32|   0|   32|          0|
    |tmp_5_i_reg_8175          |   32|   0|   32|          0|
    |tmp_i_30_reg_8155         |   32|   0|   32|          0|
    |tmp_i_i_i_i_i_reg_8165    |   32|   0|   32|          0|
    |tmp_i_i_i_i_reg_8170      |   32|   0|   32|          0|
    |tmp_i_reg_8150            |   32|   0|   32|          0|
    |zext_ln121_reg_8135       |    9|   0|   64|         55|
    |icmp_ln108_reg_8126       |   64|  32|    1|          0|
    |zext_ln121_reg_8135       |   64|  32|   64|         55|
    +--------------------------+-----+----+-----+-----------+
    |Total                     |  697|  64|  689|        110|
    +--------------------------+-----+----+-----+-----------+



================================================================
== Interface
================================================================
* Summary: 
+------------------------------+-----+-----+------------+----------------------+--------------+
|           RTL Ports          | Dir | Bits|  Protocol  |     Source Object    |    C Type    |
+------------------------------+-----+-----+------------+----------------------+--------------+
|ap_clk                        |  in |    1| ap_ctrl_hs | Block_codeRepl11627_ | return value |
|ap_rst                        |  in |    1| ap_ctrl_hs | Block_codeRepl11627_ | return value |
|ap_start                      |  in |    1| ap_ctrl_hs | Block_codeRepl11627_ | return value |
|ap_done                       | out |    1| ap_ctrl_hs | Block_codeRepl11627_ | return value |
|ap_continue                   |  in |    1| ap_ctrl_hs | Block_codeRepl11627_ | return value |
|ap_idle                       | out |    1| ap_ctrl_hs | Block_codeRepl11627_ | return value |
|ap_ready                      | out |    1| ap_ctrl_hs | Block_codeRepl11627_ | return value |
|mag_OUT_TDATA                 | out |   32|    axis    |        mag_OUT       |    pointer   |
|mag_OUT_TVALID                | out |    1|    axis    |        mag_OUT       |    pointer   |
|mag_OUT_TREADY                |  in |    1|    axis    |        mag_OUT       |    pointer   |
|data_OUT_M_real_TDATA         | out |   32|    axis    |    data_OUT_M_real   |    pointer   |
|data_OUT_M_real_TVALID        | out |    1|    axis    |    data_OUT_M_real   |    pointer   |
|data_OUT_M_real_TREADY        |  in |    1|    axis    |    data_OUT_M_real   |    pointer   |
|data_OUT_M_imag_TDATA         | out |   32|    axis    |    data_OUT_M_imag   |    pointer   |
|data_OUT_M_imag_TVALID        | out |    1|    axis    |    data_OUT_M_imag   |    pointer   |
|data_OUT_M_imag_TREADY        |  in |    1|    axis    |    data_OUT_M_imag   |    pointer   |
|data_OUT_FFT_M_imag_address0  | out |    8|  ap_memory |  data_OUT_FFT_M_imag |     array    |
|data_OUT_FFT_M_imag_ce0       | out |    1|  ap_memory |  data_OUT_FFT_M_imag |     array    |
|data_OUT_FFT_M_imag_q0        |  in |   32|  ap_memory |  data_OUT_FFT_M_imag |     array    |
|data_OUT_FFT_M_real_address0  | out |    8|  ap_memory |  data_OUT_FFT_M_real |     array    |
|data_OUT_FFT_M_real_ce0       | out |    1|  ap_memory |  data_OUT_FFT_M_real |     array    |
|data_OUT_FFT_M_real_q0        |  in |   32|  ap_memory |  data_OUT_FFT_M_real |     array    |
+------------------------------+-----+-----+------------+----------------------+--------------+

