

================================================================
== Vivado HLS Report for 'FFT'
================================================================
* Date:           Thu Dec 31 16:12:45 2020

* Version:        2020.1 (Build 2897737 on Wed May 27 20:21:37 MDT 2020)
* Project:        vhlsv4_256
* Solution:       soln256
* Product family: zynq
* Target device:  xc7z020-clg400-1


================================================================
== Performance Estimates
================================================================
+ Timing: 
    * Summary: 
    +--------+----------+----------+------------+
    |  Clock |  Target  | Estimated| Uncertainty|
    +--------+----------+----------+------------+
    |ap_clk  | 10.00 ns | 8.358 ns |   1.25 ns  |
    +--------+----------+----------+------------+

+ Latency: 
    * Summary: 
    +---------+---------+-----------+-----------+-----+-----+----------+
    |  Latency (cycles) |   Latency (absolute)  |  Interval | Pipeline |
    |   min   |   max   |    min    |    max    | min | max |   Type   |
    +---------+---------+-----------+-----------+-----+-----+----------+
    |     2502|     2502| 25.020 us | 25.020 us |  547|  547| dataflow |
    +---------+---------+-----------+-----------+-----+-----+----------+

    + Detail: 
        * Instance: 
        +-------------------------+-----------------------+---------+---------+----------+----------+-----+-----+---------+
        |                         |                       |  Latency (cycles) |  Latency (absolute) |  Interval | Pipeline|
        |         Instance        |         Module        |   min   |   max   |    min   |    max   | min | max |   Type  |
        +-------------------------+-----------------------+---------+---------+----------+----------+-----+-----+---------+
        |Block_codeRepl11627_U0   |Block_codeRepl11627_s  |      546|      546| 5.460 us | 5.460 us |  546|  546|   none  |
        |mult_window_U0           |mult_window            |      270|      270| 2.700 us | 2.700 us |  270|  270|   none  |
        |FFT0122_U0               |FFT0122                |      145|      145| 1.450 us | 1.450 us |  145|  145|   none  |
        |FFT0123_U0               |FFT0123                |      145|      145| 1.450 us | 1.450 us |  145|  145|   none  |
        |FFT0124_U0               |FFT0124                |      145|      145| 1.450 us | 1.450 us |  145|  145|   none  |
        |FFT0125_U0               |FFT0125                |      145|      145| 1.450 us | 1.450 us |  145|  145|   none  |
        |FFT0126_U0               |FFT0126                |      145|      145| 1.450 us | 1.450 us |  145|  145|   none  |
        |FFT0127_U0               |FFT0127                |      145|      145| 1.450 us | 1.450 us |  145|  145|   none  |
        |FFT0121_U0               |FFT0121                |      145|      145| 1.450 us | 1.450 us |  145|  145|   none  |
        |FFT0128_U0               |FFT0128                |      145|      145| 1.450 us | 1.450 us |  145|  145|   none  |
        |Block_codeRepl116_pr_U0  |Block_codeRepl116_pr   |      255|      255| 2.550 us | 2.550 us |  255|  255|   none  |
        |bitreverse_U0            |bitreverse             |      259|      259| 2.590 us | 2.590 us |  259|  259|   none  |
        |FFT_entry3_U0            |FFT_entry3             |        0|        0|   0 ns   |   0 ns   |    0|    0|   none  |
        +-------------------------+-----------------------+---------+---------+----------+----------+-----+-----+---------+

        * Loop: 
        N/A



================================================================
== Utilization Estimates
================================================================
* Summary: 
+-----------------+---------+-------+--------+-------+-----+
|       Name      | BRAM_18K| DSP48E|   FF   |  LUT  | URAM|
+-----------------+---------+-------+--------+-------+-----+
|DSP              |        -|      -|       -|      -|    -|
|Expression       |        -|      -|       0|    164|    -|
|FIFO             |        0|      -|      10|     40|    -|
|Instance         |       55|    251|   26794|  48288|    0|
|Memory           |       44|      -|       0|      0|    0|
|Multiplexer      |        -|      -|       -|    234|    -|
|Register         |        -|      -|      28|      -|    -|
+-----------------+---------+-------+--------+-------+-----+
|Total            |       99|    251|   26832|  48726|    0|
+-----------------+---------+-------+--------+-------+-----+
|Available        |      280|    220|  106400|  53200|    0|
+-----------------+---------+-------+--------+-------+-----+
|Utilization (%)  |       35|    114|      25|     91|    0|
+-----------------+---------+-------+--------+-------+-----+

+ Detail: 
    * Instance: 
    +-------------------------+-----------------------+---------+-------+------+------+-----+
    |         Instance        |         Module        | BRAM_18K| DSP48E|  FF  |  LUT | URAM|
    +-------------------------+-----------------------+---------+-------+------+------+-----+
    |Block_codeRepl11627_U0   |Block_codeRepl11627_s  |        1|     27|  1959|  7173|    0|
    |Block_codeRepl116_pr_U0  |Block_codeRepl116_pr   |        0|      0|   257|  3568|    0|
    |FFT0121_U0               |FFT0121                |        6|     24|  2703|  4070|    0|
    |FFT0122_U0               |FFT0122                |        6|     24|  2703|  4088|    0|
    |FFT0123_U0               |FFT0123                |        6|     24|  2703|  4088|    0|
    |FFT0124_U0               |FFT0124                |        6|     24|  2703|  4088|    0|
    |FFT0125_U0               |FFT0125                |        6|     24|  2703|  4088|    0|
    |FFT0126_U0               |FFT0126                |        6|     24|  2703|  4088|    0|
    |FFT0127_U0               |FFT0127                |        6|     24|  2703|  4088|    0|
    |FFT0128_U0               |FFT0128                |        6|     24|  2703|  4070|    0|
    |FFT_AXILiteS_s_axi_U     |FFT_AXILiteS_s_axi     |        0|      0|    44|    56|    0|
    |FFT_entry3_U0            |FFT_entry3             |        0|      0|     2|    20|    0|
    |bitreverse_U0            |bitreverse             |        1|      0|    36|    91|    0|
    |mult_window_U0           |mult_window            |        5|     32|  2872|  4712|    0|
    +-------------------------+-----------------------+---------+-------+------+------+-----+
    |Total                    |                       |       55|    251| 26794| 48288|    0|
    +-------------------------+-----------------------+---------+-------+------+------+-----+

    * DSP48E: 
    N/A

    * Memory: 
    +-----------------------+----------------------+---------+---+----+-----+------+-----+------+-------------+
    |         Memory        |        Module        | BRAM_18K| FF| LUT| URAM| Words| Bits| Banks| W*Bits*Banks|
    +-----------------------+----------------------+---------+---+----+-----+------+-----+------+-------------+
    |data_OUT1_M_imag_U     |FFT_data_OUT1_M_ijbC  |        2|  0|   0|    0|   256|   32|     2|        16384|
    |data_OUT1_M_real_U     |FFT_data_OUT1_M_ijbC  |        2|  0|   0|    0|   256|   32|     2|        16384|
    |data_OUT2_M_imag_U     |FFT_data_OUT1_M_ijbC  |        2|  0|   0|    0|   256|   32|     2|        16384|
    |data_OUT2_M_real_U     |FFT_data_OUT1_M_ijbC  |        2|  0|   0|    0|   256|   32|     2|        16384|
    |data_OUT3_M_imag_U     |FFT_data_OUT1_M_ijbC  |        2|  0|   0|    0|   256|   32|     2|        16384|
    |data_OUT3_M_real_U     |FFT_data_OUT1_M_ijbC  |        2|  0|   0|    0|   256|   32|     2|        16384|
    |data_OUT4_M_imag_U     |FFT_data_OUT1_M_ijbC  |        2|  0|   0|    0|   256|   32|     2|        16384|
    |data_OUT4_M_real_U     |FFT_data_OUT1_M_ijbC  |        2|  0|   0|    0|   256|   32|     2|        16384|
    |data_OUT5_M_imag_U     |FFT_data_OUT1_M_ijbC  |        2|  0|   0|    0|   256|   32|     2|        16384|
    |data_OUT5_M_real_U     |FFT_data_OUT1_M_ijbC  |        2|  0|   0|    0|   256|   32|     2|        16384|
    |data_OUT6_M_imag_U     |FFT_data_OUT1_M_ijbC  |        2|  0|   0|    0|   256|   32|     2|        16384|
    |data_OUT6_M_real_U     |FFT_data_OUT1_M_ijbC  |        2|  0|   0|    0|   256|   32|     2|        16384|
    |data_OUT7_M_imag_U     |FFT_data_OUT1_M_ijbC  |        2|  0|   0|    0|   256|   32|     2|        16384|
    |data_OUT7_M_real_U     |FFT_data_OUT1_M_ijbC  |        2|  0|   0|    0|   256|   32|     2|        16384|
    |win_IN_M_real_U        |FFT_win_IN_M_real     |        2|  0|   0|    0|   256|   32|     2|        16384|
    |win_IN_M_imag_U        |FFT_win_IN_M_real     |        2|  0|   0|    0|   256|   32|     2|        16384|
    |data_OUT_FFT_M_real_U  |FFT_win_IN_M_real     |        2|  0|   0|    0|   256|   32|     2|        16384|
    |data_OUT_FFT_M_imag_U  |FFT_win_IN_M_real     |        2|  0|   0|    0|   256|   32|     2|        16384|
    |xin_M_imag_U           |FFT_xin_M_imag        |        2|  0|   0|    0|   256|   32|     2|        16384|
    |xin_M_real_U           |FFT_xin_M_imag        |        2|  0|   0|    0|   256|   32|     2|        16384|
    |data_OUT0_M_real_U     |FFT_xin_M_imag        |        2|  0|   0|    0|   256|   32|     2|        16384|
    |data_OUT0_M_imag_U     |FFT_xin_M_imag        |        2|  0|   0|    0|   256|   32|     2|        16384|
    +-----------------------+----------------------+---------+---+----+-----+------+-----+------+-------------+
    |Total                  |                      |       44|  0|   0|    0|  5632|  704|    44|       360448|
    +-----------------------+----------------------+---------+---+----+-----+------+-----+------+-------------+

    * FIFO: 
    +---------------+---------+---+----+-----+------+-----+---------+
    |      Name     | BRAM_18K| FF| LUT| URAM| Depth| Bits| Size:D*B|
    +---------------+---------+---+----+-----+------+-----+---------+
    |win_mode_c1_U  |        0|  5|   0|    -|     2|    8|       16|
    |win_mode_c_U   |        0|  5|   0|    -|     2|    8|       16|
    +---------------+---------+---+----+-----+------+-----+---------+
    |Total          |        0| 10|   0|    0|     4|   16|       32|
    +---------------+---------+---+----+-----+------+-----+---------+

    * Expression: 
    +-------------------------------------------+----------+-------+---+----+------------+------------+
    |               Variable Name               | Operation| DSP48E| FF| LUT| Bitwidth P0| Bitwidth P1|
    +-------------------------------------------+----------+-------+---+----+------------+------------+
    |Block_codeRepl116_pr_U0_ap_ready_count     |     +    |      0|  0|  10|           2|           1|
    |FFT_entry3_U0_ap_ready_count               |     +    |      0|  0|  10|           2|           1|
    |Block_codeRepl11627_U0_ap_start            |    and   |      0|  0|   2|           1|           1|
    |Block_codeRepl116_pr_U0_ap_continue        |    and   |      0|  0|   2|           1|           1|
    |Block_codeRepl116_pr_U0_ap_start           |    and   |      0|  0|   2|           1|           1|
    |FFT0121_U0_ap_continue                     |    and   |      0|  0|   2|           1|           1|
    |FFT0121_U0_ap_start                        |    and   |      0|  0|   2|           1|           1|
    |FFT0122_U0_ap_continue                     |    and   |      0|  0|   2|           1|           1|
    |FFT0122_U0_ap_start                        |    and   |      0|  0|   2|           1|           1|
    |FFT0123_U0_ap_continue                     |    and   |      0|  0|   2|           1|           1|
    |FFT0123_U0_ap_start                        |    and   |      0|  0|   2|           1|           1|
    |FFT0124_U0_ap_continue                     |    and   |      0|  0|   2|           1|           1|
    |FFT0124_U0_ap_start                        |    and   |      0|  0|   2|           1|           1|
    |FFT0125_U0_ap_continue                     |    and   |      0|  0|   2|           1|           1|
    |FFT0125_U0_ap_start                        |    and   |      0|  0|   2|           1|           1|
    |FFT0126_U0_ap_continue                     |    and   |      0|  0|   2|           1|           1|
    |FFT0126_U0_ap_start                        |    and   |      0|  0|   2|           1|           1|
    |FFT0127_U0_ap_continue                     |    and   |      0|  0|   2|           1|           1|
    |FFT0127_U0_ap_start                        |    and   |      0|  0|   2|           1|           1|
    |FFT0128_U0_ap_continue                     |    and   |      0|  0|   2|           1|           1|
    |FFT0128_U0_ap_start                        |    and   |      0|  0|   2|           1|           1|
    |FFT_entry3_U0_ap_start                     |    and   |      0|  0|   2|           1|           1|
    |ap_channel_done_data_OUT0_M_imag           |    and   |      0|  0|   2|           1|           1|
    |ap_channel_done_data_OUT0_M_real           |    and   |      0|  0|   2|           1|           1|
    |ap_channel_done_data_OUT1_M_imag           |    and   |      0|  0|   2|           1|           1|
    |ap_channel_done_data_OUT1_M_real           |    and   |      0|  0|   2|           1|           1|
    |ap_channel_done_data_OUT2_M_imag           |    and   |      0|  0|   2|           1|           1|
    |ap_channel_done_data_OUT2_M_real           |    and   |      0|  0|   2|           1|           1|
    |ap_channel_done_data_OUT3_M_imag           |    and   |      0|  0|   2|           1|           1|
    |ap_channel_done_data_OUT3_M_real           |    and   |      0|  0|   2|           1|           1|
    |ap_channel_done_data_OUT4_M_imag           |    and   |      0|  0|   2|           1|           1|
    |ap_channel_done_data_OUT4_M_real           |    and   |      0|  0|   2|           1|           1|
    |ap_channel_done_data_OUT5_M_imag           |    and   |      0|  0|   2|           1|           1|
    |ap_channel_done_data_OUT5_M_real           |    and   |      0|  0|   2|           1|           1|
    |ap_channel_done_data_OUT6_M_imag           |    and   |      0|  0|   2|           1|           1|
    |ap_channel_done_data_OUT6_M_real           |    and   |      0|  0|   2|           1|           1|
    |ap_channel_done_data_OUT7_M_imag           |    and   |      0|  0|   2|           1|           1|
    |ap_channel_done_data_OUT7_M_real           |    and   |      0|  0|   2|           1|           1|
    |ap_channel_done_data_OUT_FFT_M_imag        |    and   |      0|  0|   2|           1|           1|
    |ap_channel_done_data_OUT_FFT_M_real        |    and   |      0|  0|   2|           1|           1|
    |ap_channel_done_win_IN_M_imag              |    and   |      0|  0|   2|           1|           1|
    |ap_channel_done_win_IN_M_real              |    and   |      0|  0|   2|           1|           1|
    |ap_channel_done_xin_M_imag                 |    and   |      0|  0|   2|           1|           1|
    |ap_channel_done_xin_M_real                 |    and   |      0|  0|   2|           1|           1|
    |ap_idle                                    |    and   |      0|  0|   2|           1|           1|
    |ap_sync_ready                              |    and   |      0|  0|   2|           1|           1|
    |bitreverse_U0_ap_continue                  |    and   |      0|  0|   2|           1|           1|
    |bitreverse_U0_ap_start                     |    and   |      0|  0|   2|           1|           1|
    |mult_window_U0_ap_continue                 |    and   |      0|  0|   2|           1|           1|
    |mult_window_U0_ap_start                    |    and   |      0|  0|   2|           1|           1|
    |ap_sync_Block_codeRepl116_pr_U0_ap_ready   |    or    |      0|  0|   2|           1|           1|
    |ap_sync_FFT_entry3_U0_ap_ready             |    or    |      0|  0|   2|           1|           1|
    |ap_sync_channel_write_data_OUT0_M_imag     |    or    |      0|  0|   2|           1|           1|
    |ap_sync_channel_write_data_OUT0_M_real     |    or    |      0|  0|   2|           1|           1|
    |ap_sync_channel_write_data_OUT1_M_imag     |    or    |      0|  0|   2|           1|           1|
    |ap_sync_channel_write_data_OUT1_M_real     |    or    |      0|  0|   2|           1|           1|
    |ap_sync_channel_write_data_OUT2_M_imag     |    or    |      0|  0|   2|           1|           1|
    |ap_sync_channel_write_data_OUT2_M_real     |    or    |      0|  0|   2|           1|           1|
    |ap_sync_channel_write_data_OUT3_M_imag     |    or    |      0|  0|   2|           1|           1|
    |ap_sync_channel_write_data_OUT3_M_real     |    or    |      0|  0|   2|           1|           1|
    |ap_sync_channel_write_data_OUT4_M_imag     |    or    |      0|  0|   2|           1|           1|
    |ap_sync_channel_write_data_OUT4_M_real     |    or    |      0|  0|   2|           1|           1|
    |ap_sync_channel_write_data_OUT5_M_imag     |    or    |      0|  0|   2|           1|           1|
    |ap_sync_channel_write_data_OUT5_M_real     |    or    |      0|  0|   2|           1|           1|
    |ap_sync_channel_write_data_OUT6_M_imag     |    or    |      0|  0|   2|           1|           1|
    |ap_sync_channel_write_data_OUT6_M_real     |    or    |      0|  0|   2|           1|           1|
    |ap_sync_channel_write_data_OUT7_M_imag     |    or    |      0|  0|   2|           1|           1|
    |ap_sync_channel_write_data_OUT7_M_real     |    or    |      0|  0|   2|           1|           1|
    |ap_sync_channel_write_data_OUT_FFT_M_imag  |    or    |      0|  0|   2|           1|           1|
    |ap_sync_channel_write_data_OUT_FFT_M_real  |    or    |      0|  0|   2|           1|           1|
    |ap_sync_channel_write_win_IN_M_imag        |    or    |      0|  0|   2|           1|           1|
    |ap_sync_channel_write_win_IN_M_real        |    or    |      0|  0|   2|           1|           1|
    |ap_sync_channel_write_xin_M_imag           |    or    |      0|  0|   2|           1|           1|
    |ap_sync_channel_write_xin_M_real           |    or    |      0|  0|   2|           1|           1|
    +-------------------------------------------+----------+-------+---+----+------------+------------+
    |Total                                      |          |      0|  0| 164|          76|          74|
    +-------------------------------------------+----------+-------+---+----+------------+------------+

    * Multiplexer: 
    +-----------------------------------------------+----+-----------+-----+-----------+
    |                      Name                     | LUT| Input Size| Bits| Total Bits|
    +-----------------------------------------------+----+-----------+-----+-----------+
    |Block_codeRepl116_pr_U0_ap_ready_count         |   9|          2|    2|          4|
    |FFT_entry3_U0_ap_ready_count                   |   9|          2|    2|          4|
    |ap_sync_reg_Block_codeRepl116_pr_U0_ap_ready   |   9|          2|    1|          2|
    |ap_sync_reg_FFT_entry3_U0_ap_ready             |   9|          2|    1|          2|
    |ap_sync_reg_channel_write_data_OUT0_M_imag     |   9|          2|    1|          2|
    |ap_sync_reg_channel_write_data_OUT0_M_real     |   9|          2|    1|          2|
    |ap_sync_reg_channel_write_data_OUT1_M_imag     |   9|          2|    1|          2|
    |ap_sync_reg_channel_write_data_OUT1_M_real     |   9|          2|    1|          2|
    |ap_sync_reg_channel_write_data_OUT2_M_imag     |   9|          2|    1|          2|
    |ap_sync_reg_channel_write_data_OUT2_M_real     |   9|          2|    1|          2|
    |ap_sync_reg_channel_write_data_OUT3_M_imag     |   9|          2|    1|          2|
    |ap_sync_reg_channel_write_data_OUT3_M_real     |   9|          2|    1|          2|
    |ap_sync_reg_channel_write_data_OUT4_M_imag     |   9|          2|    1|          2|
    |ap_sync_reg_channel_write_data_OUT4_M_real     |   9|          2|    1|          2|
    |ap_sync_reg_channel_write_data_OUT5_M_imag     |   9|          2|    1|          2|
    |ap_sync_reg_channel_write_data_OUT5_M_real     |   9|          2|    1|          2|
    |ap_sync_reg_channel_write_data_OUT6_M_imag     |   9|          2|    1|          2|
    |ap_sync_reg_channel_write_data_OUT6_M_real     |   9|          2|    1|          2|
    |ap_sync_reg_channel_write_data_OUT7_M_imag     |   9|          2|    1|          2|
    |ap_sync_reg_channel_write_data_OUT7_M_real     |   9|          2|    1|          2|
    |ap_sync_reg_channel_write_data_OUT_FFT_M_imag  |   9|          2|    1|          2|
    |ap_sync_reg_channel_write_data_OUT_FFT_M_real  |   9|          2|    1|          2|
    |ap_sync_reg_channel_write_win_IN_M_imag        |   9|          2|    1|          2|
    |ap_sync_reg_channel_write_win_IN_M_real        |   9|          2|    1|          2|
    |ap_sync_reg_channel_write_xin_M_imag           |   9|          2|    1|          2|
    |ap_sync_reg_channel_write_xin_M_real           |   9|          2|    1|          2|
    +-----------------------------------------------+----+-----------+-----+-----------+
    |Total                                          | 234|         52|   28|         56|
    +-----------------------------------------------+----+-----------+-----+-----------+

    * Register: 
    +-----------------------------------------------+---+----+-----+-----------+
    |                      Name                     | FF| LUT| Bits| Const Bits|
    +-----------------------------------------------+---+----+-----+-----------+
    |Block_codeRepl116_pr_U0_ap_ready_count         |  2|   0|    2|          0|
    |FFT_entry3_U0_ap_ready_count                   |  2|   0|    2|          0|
    |ap_sync_reg_Block_codeRepl116_pr_U0_ap_ready   |  1|   0|    1|          0|
    |ap_sync_reg_FFT_entry3_U0_ap_ready             |  1|   0|    1|          0|
    |ap_sync_reg_channel_write_data_OUT0_M_imag     |  1|   0|    1|          0|
    |ap_sync_reg_channel_write_data_OUT0_M_real     |  1|   0|    1|          0|
    |ap_sync_reg_channel_write_data_OUT1_M_imag     |  1|   0|    1|          0|
    |ap_sync_reg_channel_write_data_OUT1_M_real     |  1|   0|    1|          0|
    |ap_sync_reg_channel_write_data_OUT2_M_imag     |  1|   0|    1|          0|
    |ap_sync_reg_channel_write_data_OUT2_M_real     |  1|   0|    1|          0|
    |ap_sync_reg_channel_write_data_OUT3_M_imag     |  1|   0|    1|          0|
    |ap_sync_reg_channel_write_data_OUT3_M_real     |  1|   0|    1|          0|
    |ap_sync_reg_channel_write_data_OUT4_M_imag     |  1|   0|    1|          0|
    |ap_sync_reg_channel_write_data_OUT4_M_real     |  1|   0|    1|          0|
    |ap_sync_reg_channel_write_data_OUT5_M_imag     |  1|   0|    1|          0|
    |ap_sync_reg_channel_write_data_OUT5_M_real     |  1|   0|    1|          0|
    |ap_sync_reg_channel_write_data_OUT6_M_imag     |  1|   0|    1|          0|
    |ap_sync_reg_channel_write_data_OUT6_M_real     |  1|   0|    1|          0|
    |ap_sync_reg_channel_write_data_OUT7_M_imag     |  1|   0|    1|          0|
    |ap_sync_reg_channel_write_data_OUT7_M_real     |  1|   0|    1|          0|
    |ap_sync_reg_channel_write_data_OUT_FFT_M_imag  |  1|   0|    1|          0|
    |ap_sync_reg_channel_write_data_OUT_FFT_M_real  |  1|   0|    1|          0|
    |ap_sync_reg_channel_write_win_IN_M_imag        |  1|   0|    1|          0|
    |ap_sync_reg_channel_write_win_IN_M_real        |  1|   0|    1|          0|
    |ap_sync_reg_channel_write_xin_M_imag           |  1|   0|    1|          0|
    |ap_sync_reg_channel_write_xin_M_real           |  1|   0|    1|          0|
    +-----------------------------------------------+---+----+-----+-----------+
    |Total                                          | 28|   0|   28|          0|
    +-----------------------------------------------+---+----+-----+-----------+



================================================================
== Interface
================================================================
* Summary: 
+------------------------+-----+-----+------------+-----------------+--------------+
|        RTL Ports       | Dir | Bits|  Protocol  |  Source Object  |    C Type    |
+------------------------+-----+-----+------------+-----------------+--------------+
|s_axi_AXILiteS_AWVALID  |  in |    1|    s_axi   |     AXILiteS    |    scalar    |
|s_axi_AXILiteS_AWREADY  | out |    1|    s_axi   |     AXILiteS    |    scalar    |
|s_axi_AXILiteS_AWADDR   |  in |    5|    s_axi   |     AXILiteS    |    scalar    |
|s_axi_AXILiteS_WVALID   |  in |    1|    s_axi   |     AXILiteS    |    scalar    |
|s_axi_AXILiteS_WREADY   | out |    1|    s_axi   |     AXILiteS    |    scalar    |
|s_axi_AXILiteS_WDATA    |  in |   32|    s_axi   |     AXILiteS    |    scalar    |
|s_axi_AXILiteS_WSTRB    |  in |    4|    s_axi   |     AXILiteS    |    scalar    |
|s_axi_AXILiteS_ARVALID  |  in |    1|    s_axi   |     AXILiteS    |    scalar    |
|s_axi_AXILiteS_ARREADY  | out |    1|    s_axi   |     AXILiteS    |    scalar    |
|s_axi_AXILiteS_ARADDR   |  in |    5|    s_axi   |     AXILiteS    |    scalar    |
|s_axi_AXILiteS_RVALID   | out |    1|    s_axi   |     AXILiteS    |    scalar    |
|s_axi_AXILiteS_RREADY   |  in |    1|    s_axi   |     AXILiteS    |    scalar    |
|s_axi_AXILiteS_RDATA    | out |   32|    s_axi   |     AXILiteS    |    scalar    |
|s_axi_AXILiteS_RRESP    | out |    2|    s_axi   |     AXILiteS    |    scalar    |
|s_axi_AXILiteS_BVALID   | out |    1|    s_axi   |     AXILiteS    |    scalar    |
|s_axi_AXILiteS_BREADY   |  in |    1|    s_axi   |     AXILiteS    |    scalar    |
|s_axi_AXILiteS_BRESP    | out |    2|    s_axi   |     AXILiteS    |    scalar    |
|ap_clk                  |  in |    1| ap_ctrl_hs |       FFT       | return value |
|ap_rst_n                |  in |    1| ap_ctrl_hs |       FFT       | return value |
|ap_start                |  in |    1| ap_ctrl_hs |       FFT       | return value |
|ap_done                 | out |    1| ap_ctrl_hs |       FFT       | return value |
|ap_ready                | out |    1| ap_ctrl_hs |       FFT       | return value |
|ap_idle                 | out |    1| ap_ctrl_hs |       FFT       | return value |
|data_IN_M_real_TDATA    |  in |   32|    axis    |  data_IN_M_real |    pointer   |
|data_IN_M_real_TVALID   |  in |    1|    axis    |  data_IN_M_real |    pointer   |
|data_IN_M_real_TREADY   | out |    1|    axis    |  data_IN_M_real |    pointer   |
|data_IN_M_imag_TDATA    |  in |   32|    axis    |  data_IN_M_imag |    pointer   |
|data_IN_M_imag_TVALID   |  in |    1|    axis    |  data_IN_M_imag |    pointer   |
|data_IN_M_imag_TREADY   | out |    1|    axis    |  data_IN_M_imag |    pointer   |
|data_OUT_M_real_TDATA   | out |   32|    axis    | data_OUT_M_real |    pointer   |
|data_OUT_M_real_TVALID  | out |    1|    axis    | data_OUT_M_real |    pointer   |
|data_OUT_M_real_TREADY  |  in |    1|    axis    | data_OUT_M_real |    pointer   |
|data_OUT_M_imag_TDATA   | out |   32|    axis    | data_OUT_M_imag |    pointer   |
|data_OUT_M_imag_TVALID  | out |    1|    axis    | data_OUT_M_imag |    pointer   |
|data_OUT_M_imag_TREADY  |  in |    1|    axis    | data_OUT_M_imag |    pointer   |
|mag_OUT_TDATA           | out |   32|    axis    |     mag_OUT     |    pointer   |
|mag_OUT_TVALID          | out |    1|    axis    |     mag_OUT     |    pointer   |
|mag_OUT_TREADY          |  in |    1|    axis    |     mag_OUT     |    pointer   |
+------------------------+-----+-----+------------+-----------------+--------------+

