#-----------------------------------------------------------
# Vivado v2020.1 (64-bit)
# SW Build 2902540 on Wed May 27 19:54:35 MDT 2020
# IP Build 2902112 on Wed May 27 22:43:36 MDT 2020
# Start of session at: Thu Dec 24 23:18:36 2020
# Process ID: 27781
# Current directory: /home/arjunmenonv/Arjun_acads/Year3/CompOrg/HW-Spectrum-Analyzer/teach-fpga/01-fft/build
# Command line: vivado
# Log file: /home/arjunmenonv/Arjun_acads/Year3/CompOrg/HW-Spectrum-Analyzer/teach-fpga/01-fft/build/vivado.log
# Journal file: /home/arjunmenonv/Arjun_acads/Year3/CompOrg/HW-Spectrum-Analyzer/teach-fpga/01-fft/build/vivado.jou
#-----------------------------------------------------------
start_gui
open_project /home/arjunmenonv/Arjun_acads/Year3/CompOrg/HW-Spectrum-Analyzer/teach-fpga/01-fft/build/zynqFFT32_IP/zynqFFT32_IP.xpr
Scanning sources...
Finished scanning sources
INFO: [IP_Flow 19-234] Refreshing IP repositories
INFO: [IP_Flow 19-1700] Loaded user IP repository '/home/arjunmenonv/Arjun_acads/Year3/CompOrg/HW-Spectrum-Analyzer/teach-fpga/01-fft/build/FFT32float'.
INFO: [IP_Flow 19-2313] Loaded Vivado IP repository '/tools/Xilinx/Vivado/2020.1/data/ip'.
WARNING: [IP_Flow 19-3899] Cannot get the environment domain name variable for the component vendor name. Setting the vendor name to 'user.org'.
open_project: Time (s): cpu = 00:00:26 ; elapsed = 00:00:10 . Memory (MB): peak = 7125.426 ; gain = 37.047 ; free physical = 1463 ; free virtual = 4297
update_compile_order -fileset sources_1
create_bd_design "design_1"
Wrote  : </home/arjunmenonv/Arjun_acads/Year3/CompOrg/HW-Spectrum-Analyzer/teach-fpga/01-fft/build/zynqFFT32_IP/zynqFFT32_IP.srcs/sources_1/bd/design_1/design_1.bd> 
INFO: [Common 17-41] Interrupt caught. Command should exit soon.
create_bd_design: Time (s): cpu = 00:00:19 ; elapsed = 00:00:14 . Memory (MB): peak = 7187.152 ; gain = 27.711 ; free physical = 1327 ; free virtual = 4225
INFO: [Common 17-344] 'create_bd_design' was cancelled
open_bd_design {/home/arjunmenonv/Arjun_acads/Year3/CompOrg/HW-Spectrum-Analyzer/teach-fpga/01-fft/build/zynqFFT32_IP/zynqFFT32_IP.srcs/sources_1/bd/design_1/design_1.bd}
export_ip_user_files -of_objects  [get_files /home/arjunmenonv/Arjun_acads/Year3/CompOrg/HW-Spectrum-Analyzer/teach-fpga/01-fft/build/zynqFFT32_IP/zynqFFT32_IP.srcs/sources_1/bd/design_1/design_1.bd] -no_script -reset -force -quiet
remove_files  /home/arjunmenonv/Arjun_acads/Year3/CompOrg/HW-Spectrum-Analyzer/teach-fpga/01-fft/build/zynqFFT32_IP/zynqFFT32_IP.srcs/sources_1/bd/design_1/design_1.bd
Wrote  : </home/arjunmenonv/Arjun_acads/Year3/CompOrg/HW-Spectrum-Analyzer/teach-fpga/01-fft/build/zynqFFT32_IP/zynqFFT32_IP.srcs/sources_1/bd/design_1/ui/bd_1f5defd0.ui> 
open_bd_design {/home/arjunmenonv/Arjun_acads/Year3/CompOrg/HW-Spectrum-Analyzer/teach-fpga/01-fft/build/zynqFFT32_IP/zynqFFT32_IP.srcs/sources_1/bd/ip1/ip1.bd}
Successfully read diagram <ip1> from BD file </home/arjunmenonv/Arjun_acads/Year3/CompOrg/HW-Spectrum-Analyzer/teach-fpga/01-fft/build/zynqFFT32_IP/zynqFFT32_IP.srcs/sources_1/bd/ip1/ip1.bd>
startgroup
create_bd_cell -type ip -vlnv xilinx.com:ip:processing_system7:5.5 processing_system7_0
WARNING: [BD 41-176] The physical port 'S_AXI_GP2_rd_socket' specified in the portmap, is not found on the block! 
WARNING: [BD 41-176] The physical port 'S_AXI_GP2_wr_socket' specified in the portmap, is not found on the block! 
WARNING: [BD 41-176] The physical port 'S_AXI_GP3_rd_socket' specified in the portmap, is not found on the block! 
WARNING: [BD 41-176] The physical port 'S_AXI_GP3_wr_socket' specified in the portmap, is not found on the block! 
endgroup
apply_bd_automation -rule xilinx.com:bd_rule:processing_system7 -config {make_external "FIXED_IO, DDR" apply_board_preset "1" Master "Disable" Slave "Disable" }  [get_bd_cells processing_system7_0]
startgroup
create_bd_cell -type ip -vlnv xilinx.com:hls:FFT:1.0 FFT_0
endgroup
apply_bd_automation -rule xilinx.com:bd_rule:axi4 -config { Clk_master {Auto} Clk_slave {Auto} Clk_xbar {Auto} Master {/processing_system7_0/M_AXI_GP0} Slave {/FFT_0/s_axi_AXILiteS} ddr_seg {Auto} intc_ip {New AXI Interconnect} master_apm {0}}  [get_bd_intf_pins FFT_0/s_axi_AXILiteS]
INFO: [Ipptcl 7-1463] No Compatible Board Interface found. Board Tab not created in customize GUI
Slave segment '/FFT_0/s_axi_AXILiteS/Reg' is being assigned into address space '/processing_system7_0/Data' at <0x43C0_0000 [ 64K ]>.
undo
INFO: [Common 17-17] undo 'apply_bd_automation -rule xilinx.com:bd_rule:axi4 -config { Clk_master {Auto} Clk_slave {Auto} Clk_xbar {Auto} Master {/processing_system7_0/M_AXI_GP0} Slave {/FFT_0/s_axi_AXILiteS} ddr_seg {Auto} intc_ip {New AXI Interconnect} master_apm {0}}  [get_bd_intf_pins FFT_0/s_axi_AXILiteS]'
apply_bd_automation -rule xilinx.com:bd_rule:axi4 -config { Clk_master {Auto} Clk_slave {Auto} Clk_xbar {Auto} Master {/processing_system7_0/M_AXI_GP0} Slave {/FFT_0/s_axi_AXILiteS} ddr_seg {Auto} intc_ip {New AXI Interconnect} master_apm {0}}  [get_bd_intf_pins FFT_0/s_axi_AXILiteS]
INFO: [Ipptcl 7-1463] No Compatible Board Interface found. Board Tab not created in customize GUI
Slave segment '/FFT_0/s_axi_AXILiteS/Reg' is being assigned into address space '/processing_system7_0/Data' at <0x43C0_0000 [ 64K ]>.
regenerate_bd_layout
startgroup
create_bd_cell -type ip -vlnv xilinx.com:ip:axi_gpio:2.0 axi_gpio_0
endgroup
startgroup
apply_bd_automation -rule xilinx.com:bd_rule:board -config { Board_Interface {btns_4bits ( 4 Buttons ) } Manual_Source {Auto}}  [get_bd_intf_pins axi_gpio_0/GPIO]
INFO: [board_rule 100-100] set_property CONFIG.USE_BOARD_FLOW true [get_bd_cells /axi_gpio_0]
INFO: [board_rule 100-100] set_property CONFIG.GPIO_BOARD_INTERFACE btns_4bits [get_bd_cells /axi_gpio_0]
WARNING: [Board 49-26] cannot add Board Part digilentinc.com:arty-a7-100:part0:1.0 available at /tools/Xilinx/Vivado/2020.1/data/boards/board_files/arty-a7-100/E.0/board.xml as part xc7a100tcsg324-1 specified in board_part file is either invalid or not available
WARNING: [Board 49-26] cannot add Board Part digilentinc.com:arty-a7-35:part0:1.0 available at /tools/Xilinx/Vivado/2020.1/data/boards/board_files/arty-a7-35/E.0/board.xml as part xc7a35ticsg324-1l specified in board_part file is either invalid or not available
WARNING: [Board 49-26] cannot add Board Part digilentinc.com:arty-s7-25:part0:1.0 available at /tools/Xilinx/Vivado/2020.1/data/boards/board_files/arty-s7-25/E.0/board.xml as part xc7s25csga324-1 specified in board_part file is either invalid or not available
WARNING: [Board 49-26] cannot add Board Part digilentinc.com:arty-s7-50:part0:1.0 available at /tools/Xilinx/Vivado/2020.1/data/boards/board_files/arty-s7-50/B.0/board.xml as part xc7s50csga324-1 specified in board_part file is either invalid or not available
WARNING: [Board 49-26] cannot add Board Part digilentinc.com:arty:part0:1.1 available at /tools/Xilinx/Vivado/2020.1/data/boards/board_files/arty/C.0/board.xml as part xc7a35ticsg324-1l specified in board_part file is either invalid or not available
WARNING: [Board 49-26] cannot add Board Part digilentinc.com:basys3:part0:1.1 available at /tools/Xilinx/Vivado/2020.1/data/boards/board_files/basys3/C.0/board.xml as part xc7a35tcpg236-1 specified in board_part file is either invalid or not available
WARNING: [Board 49-26] cannot add Board Part digilentinc.com:cmod-s7-25:part0:1.0 available at /tools/Xilinx/Vivado/2020.1/data/boards/board_files/cmod-s7-25/B.0/board.xml as part xc7s25csga225-1 specified in board_part file is either invalid or not available
WARNING: [Board 49-26] cannot add Board Part digilentinc.com:cmod_a7-15t:part0:1.1 available at /tools/Xilinx/Vivado/2020.1/data/boards/board_files/cmod_a7-15t/B.0/board.xml as part xc7a15tcpg236-1 specified in board_part file is either invalid or not available
WARNING: [Board 49-26] cannot add Board Part digilentinc.com:cmod_a7-35t:part0:1.1 available at /tools/Xilinx/Vivado/2020.1/data/boards/board_files/cmod_a7-35t/B.0/board.xml as part xc7a35tcpg236-1 specified in board_part file is either invalid or not available
WARNING: [Board 49-26] cannot add Board Part digilentinc.com:genesys2:part0:1.1 available at /tools/Xilinx/Vivado/2020.1/data/boards/board_files/genesys2/H/board.xml as part xc7k325tffg900-2 specified in board_part file is either invalid or not available
WARNING: [Board 49-26] cannot add Board Part digilentinc.com:gzu_3eg:part0:1.0 available at /tools/Xilinx/Vivado/2020.1/data/boards/board_files/genesys-zu-3eg/B.0/board.xml as part xczu3eg-sfvc784-1-e specified in board_part file is either invalid or not available
WARNING: [Board 49-26] cannot add Board Part digilentinc.com:nexys-a7-100t:part0:1.0 available at /tools/Xilinx/Vivado/2020.1/data/boards/board_files/nexys-a7-100t/D.0/board.xml as part xc7a100tcsg324-1 specified in board_part file is either invalid or not available
WARNING: [Board 49-26] cannot add Board Part digilentinc.com:nexys-a7-50t:part0:1.0 available at /tools/Xilinx/Vivado/2020.1/data/boards/board_files/nexys-a7-50t/D.0/board.xml as part xc7a50ticsg324-1l specified in board_part file is either invalid or not available
WARNING: [Board 49-26] cannot add Board Part digilentinc.com:nexys4:part0:1.1 available at /tools/Xilinx/Vivado/2020.1/data/boards/board_files/nexys4/B.1/board.xml as part xc7a100tcsg324-1 specified in board_part file is either invalid or not available
WARNING: [Board 49-26] cannot add Board Part digilentinc.com:nexys4_ddr:part0:1.1 available at /tools/Xilinx/Vivado/2020.1/data/boards/board_files/nexys4_ddr/C.1/board.xml as part xc7a100tcsg324-1 specified in board_part file is either invalid or not available
WARNING: [Board 49-26] cannot add Board Part digilentinc.com:nexys_video:part0:1.1 available at /tools/Xilinx/Vivado/2020.1/data/boards/board_files/nexys_video/A.0/board.xml as part xc7a200tsbg484-1 specified in board_part file is either invalid or not available
WARNING: [Board 49-26] cannot add Board Part digilentinc.com:sword:part0:1.0 available at /tools/Xilinx/Vivado/2020.1/data/boards/board_files/sword/C.0/board.xml as part xc7k325tffg900-2 specified in board_part file is either invalid or not available
WARNING: [Board 49-26] cannot add Board Part digilentinc.com:usb104-a7:part0:1.1 available at /tools/Xilinx/Vivado/2020.1/data/boards/board_files/usb104-a7/B/board.xml as part xc7a100tcsg324-1 specified in board_part file is either invalid or not available
WARNING: [Board 49-26] cannot add Board Part digilentinc.com:arty-a7-100:part0:1.0 available at /tools/Xilinx/Vivado/2020.1/data/boards/board_files/arty-a7-100/E.0/board.xml as part xc7a100tcsg324-1 specified in board_part file is either invalid or not available
WARNING: [Board 49-26] cannot add Board Part digilentinc.com:arty-a7-35:part0:1.0 available at /tools/Xilinx/Vivado/2020.1/data/boards/board_files/arty-a7-35/E.0/board.xml as part xc7a35ticsg324-1l specified in board_part file is either invalid or not available
WARNING: [Board 49-26] cannot add Board Part digilentinc.com:arty-s7-25:part0:1.0 available at /tools/Xilinx/Vivado/2020.1/data/boards/board_files/arty-s7-25/E.0/board.xml as part xc7s25csga324-1 specified in board_part file is either invalid or not available
WARNING: [Board 49-26] cannot add Board Part digilentinc.com:arty-s7-50:part0:1.0 available at /tools/Xilinx/Vivado/2020.1/data/boards/board_files/arty-s7-50/B.0/board.xml as part xc7s50csga324-1 specified in board_part file is either invalid or not available
WARNING: [Board 49-26] cannot add Board Part digilentinc.com:arty:part0:1.1 available at /tools/Xilinx/Vivado/2020.1/data/boards/board_files/arty/C.0/board.xml as part xc7a35ticsg324-1l specified in board_part file is either invalid or not available
WARNING: [Board 49-26] cannot add Board Part digilentinc.com:basys3:part0:1.1 available at /tools/Xilinx/Vivado/2020.1/data/boards/board_files/basys3/C.0/board.xml as part xc7a35tcpg236-1 specified in board_part file is either invalid or not available
WARNING: [Board 49-26] cannot add Board Part digilentinc.com:cmod-s7-25:part0:1.0 available at /tools/Xilinx/Vivado/2020.1/data/boards/board_files/cmod-s7-25/B.0/board.xml as part xc7s25csga225-1 specified in board_part file is either invalid or not available
WARNING: [Board 49-26] cannot add Board Part digilentinc.com:cmod_a7-15t:part0:1.1 available at /tools/Xilinx/Vivado/2020.1/data/boards/board_files/cmod_a7-15t/B.0/board.xml as part xc7a15tcpg236-1 specified in board_part file is either invalid or not available
WARNING: [Board 49-26] cannot add Board Part digilentinc.com:cmod_a7-35t:part0:1.1 available at /tools/Xilinx/Vivado/2020.1/data/boards/board_files/cmod_a7-35t/B.0/board.xml as part xc7a35tcpg236-1 specified in board_part file is either invalid or not available
WARNING: [Board 49-26] cannot add Board Part digilentinc.com:genesys2:part0:1.1 available at /tools/Xilinx/Vivado/2020.1/data/boards/board_files/genesys2/H/board.xml as part xc7k325tffg900-2 specified in board_part file is either invalid or not available
WARNING: [Board 49-26] cannot add Board Part digilentinc.com:gzu_3eg:part0:1.0 available at /tools/Xilinx/Vivado/2020.1/data/boards/board_files/genesys-zu-3eg/B.0/board.xml as part xczu3eg-sfvc784-1-e specified in board_part file is either invalid or not available
WARNING: [Board 49-26] cannot add Board Part digilentinc.com:nexys-a7-100t:part0:1.0 available at /tools/Xilinx/Vivado/2020.1/data/boards/board_files/nexys-a7-100t/D.0/board.xml as part xc7a100tcsg324-1 specified in board_part file is either invalid or not available
WARNING: [Board 49-26] cannot add Board Part digilentinc.com:nexys-a7-50t:part0:1.0 available at /tools/Xilinx/Vivado/2020.1/data/boards/board_files/nexys-a7-50t/D.0/board.xml as part xc7a50ticsg324-1l specified in board_part file is either invalid or not available
WARNING: [Board 49-26] cannot add Board Part digilentinc.com:nexys4:part0:1.1 available at /tools/Xilinx/Vivado/2020.1/data/boards/board_files/nexys4/B.1/board.xml as part xc7a100tcsg324-1 specified in board_part file is either invalid or not available
WARNING: [Board 49-26] cannot add Board Part digilentinc.com:nexys4_ddr:part0:1.1 available at /tools/Xilinx/Vivado/2020.1/data/boards/board_files/nexys4_ddr/C.1/board.xml as part xc7a100tcsg324-1 specified in board_part file is either invalid or not available
WARNING: [Board 49-26] cannot add Board Part digilentinc.com:nexys_video:part0:1.1 available at /tools/Xilinx/Vivado/2020.1/data/boards/board_files/nexys_video/A.0/board.xml as part xc7a200tsbg484-1 specified in board_part file is either invalid or not available
WARNING: [Board 49-26] cannot add Board Part digilentinc.com:sword:part0:1.0 available at /tools/Xilinx/Vivado/2020.1/data/boards/board_files/sword/C.0/board.xml as part xc7k325tffg900-2 specified in board_part file is either invalid or not available
WARNING: [Board 49-26] cannot add Board Part digilentinc.com:usb104-a7:part0:1.1 available at /tools/Xilinx/Vivado/2020.1/data/boards/board_files/usb104-a7/B/board.xml as part xc7a100tcsg324-1 specified in board_part file is either invalid or not available
WARNING: [Board 49-26] cannot add Board Part digilentinc.com:arty-a7-100:part0:1.0 available at /tools/Xilinx/Vivado/2020.1/data/boards/board_files/arty-a7-100/E.0/board.xml as part xc7a100tcsg324-1 specified in board_part file is either invalid or not available
WARNING: [Board 49-26] cannot add Board Part digilentinc.com:arty-a7-35:part0:1.0 available at /tools/Xilinx/Vivado/2020.1/data/boards/board_files/arty-a7-35/E.0/board.xml as part xc7a35ticsg324-1l specified in board_part file is either invalid or not available
WARNING: [Board 49-26] cannot add Board Part digilentinc.com:arty-s7-25:part0:1.0 available at /tools/Xilinx/Vivado/2020.1/data/boards/board_files/arty-s7-25/E.0/board.xml as part xc7s25csga324-1 specified in board_part file is either invalid or not available
WARNING: [Board 49-26] cannot add Board Part digilentinc.com:arty-s7-50:part0:1.0 available at /tools/Xilinx/Vivado/2020.1/data/boards/board_files/arty-s7-50/B.0/board.xml as part xc7s50csga324-1 specified in board_part file is either invalid or not available
WARNING: [Board 49-26] cannot add Board Part digilentinc.com:arty:part0:1.1 available at /tools/Xilinx/Vivado/2020.1/data/boards/board_files/arty/C.0/board.xml as part xc7a35ticsg324-1l specified in board_part file is either invalid or not available
WARNING: [Board 49-26] cannot add Board Part digilentinc.com:basys3:part0:1.1 available at /tools/Xilinx/Vivado/2020.1/data/boards/board_files/basys3/C.0/board.xml as part xc7a35tcpg236-1 specified in board_part file is either invalid or not available
WARNING: [Board 49-26] cannot add Board Part digilentinc.com:cmod-s7-25:part0:1.0 available at /tools/Xilinx/Vivado/2020.1/data/boards/board_files/cmod-s7-25/B.0/board.xml as part xc7s25csga225-1 specified in board_part file is either invalid or not available
WARNING: [Board 49-26] cannot add Board Part digilentinc.com:cmod_a7-15t:part0:1.1 available at /tools/Xilinx/Vivado/2020.1/data/boards/board_files/cmod_a7-15t/B.0/board.xml as part xc7a15tcpg236-1 specified in board_part file is either invalid or not available
WARNING: [Board 49-26] cannot add Board Part digilentinc.com:cmod_a7-35t:part0:1.1 available at /tools/Xilinx/Vivado/2020.1/data/boards/board_files/cmod_a7-35t/B.0/board.xml as part xc7a35tcpg236-1 specified in board_part file is either invalid or not available
WARNING: [Board 49-26] cannot add Board Part digilentinc.com:genesys2:part0:1.1 available at /tools/Xilinx/Vivado/2020.1/data/boards/board_files/genesys2/H/board.xml as part xc7k325tffg900-2 specified in board_part file is either invalid or not available
WARNING: [Board 49-26] cannot add Board Part digilentinc.com:gzu_3eg:part0:1.0 available at /tools/Xilinx/Vivado/2020.1/data/boards/board_files/genesys-zu-3eg/B.0/board.xml as part xczu3eg-sfvc784-1-e specified in board_part file is either invalid or not available
WARNING: [Board 49-26] cannot add Board Part digilentinc.com:nexys-a7-100t:part0:1.0 available at /tools/Xilinx/Vivado/2020.1/data/boards/board_files/nexys-a7-100t/D.0/board.xml as part xc7a100tcsg324-1 specified in board_part file is either invalid or not available
WARNING: [Board 49-26] cannot add Board Part digilentinc.com:nexys-a7-50t:part0:1.0 available at /tools/Xilinx/Vivado/2020.1/data/boards/board_files/nexys-a7-50t/D.0/board.xml as part xc7a50ticsg324-1l specified in board_part file is either invalid or not available
WARNING: [Board 49-26] cannot add Board Part digilentinc.com:nexys4:part0:1.1 available at /tools/Xilinx/Vivado/2020.1/data/boards/board_files/nexys4/B.1/board.xml as part xc7a100tcsg324-1 specified in board_part file is either invalid or not available
WARNING: [Board 49-26] cannot add Board Part digilentinc.com:nexys4_ddr:part0:1.1 available at /tools/Xilinx/Vivado/2020.1/data/boards/board_files/nexys4_ddr/C.1/board.xml as part xc7a100tcsg324-1 specified in board_part file is either invalid or not available
WARNING: [Board 49-26] cannot add Board Part digilentinc.com:nexys_video:part0:1.1 available at /tools/Xilinx/Vivado/2020.1/data/boards/board_files/nexys_video/A.0/board.xml as part xc7a200tsbg484-1 specified in board_part file is either invalid or not available
WARNING: [Board 49-26] cannot add Board Part digilentinc.com:sword:part0:1.0 available at /tools/Xilinx/Vivado/2020.1/data/boards/board_files/sword/C.0/board.xml as part xc7k325tffg900-2 specified in board_part file is either invalid or not available
WARNING: [Board 49-26] cannot add Board Part digilentinc.com:usb104-a7:part0:1.1 available at /tools/Xilinx/Vivado/2020.1/data/boards/board_files/usb104-a7/B/board.xml as part xc7a100tcsg324-1 specified in board_part file is either invalid or not available
WARNING: [Board 49-26] cannot add Board Part digilentinc.com:arty-a7-100:part0:1.0 available at /tools/Xilinx/Vivado/2020.1/data/boards/board_files/arty-a7-100/E.0/board.xml as part xc7a100tcsg324-1 specified in board_part file is either invalid or not available
WARNING: [Board 49-26] cannot add Board Part digilentinc.com:arty-a7-35:part0:1.0 available at /tools/Xilinx/Vivado/2020.1/data/boards/board_files/arty-a7-35/E.0/board.xml as part xc7a35ticsg324-1l specified in board_part file is either invalid or not available
WARNING: [Board 49-26] cannot add Board Part digilentinc.com:arty-s7-25:part0:1.0 available at /tools/Xilinx/Vivado/2020.1/data/boards/board_files/arty-s7-25/E.0/board.xml as part xc7s25csga324-1 specified in board_part file is either invalid or not available
WARNING: [Board 49-26] cannot add Board Part digilentinc.com:arty-s7-50:part0:1.0 available at /tools/Xilinx/Vivado/2020.1/data/boards/board_files/arty-s7-50/B.0/board.xml as part xc7s50csga324-1 specified in board_part file is either invalid or not available
WARNING: [Board 49-26] cannot add Board Part digilentinc.com:arty:part0:1.1 available at /tools/Xilinx/Vivado/2020.1/data/boards/board_files/arty/C.0/board.xml as part xc7a35ticsg324-1l specified in board_part file is either invalid or not available
WARNING: [Board 49-26] cannot add Board Part digilentinc.com:basys3:part0:1.1 available at /tools/Xilinx/Vivado/2020.1/data/boards/board_files/basys3/C.0/board.xml as part xc7a35tcpg236-1 specified in board_part file is either invalid or not available
WARNING: [Board 49-26] cannot add Board Part digilentinc.com:cmod-s7-25:part0:1.0 available at /tools/Xilinx/Vivado/2020.1/data/boards/board_files/cmod-s7-25/B.0/board.xml as part xc7s25csga225-1 specified in board_part file is either invalid or not available
WARNING: [Board 49-26] cannot add Board Part digilentinc.com:cmod_a7-15t:part0:1.1 available at /tools/Xilinx/Vivado/2020.1/data/boards/board_files/cmod_a7-15t/B.0/board.xml as part xc7a15tcpg236-1 specified in board_part file is either invalid or not available
WARNING: [Board 49-26] cannot add Board Part digilentinc.com:cmod_a7-35t:part0:1.1 available at /tools/Xilinx/Vivado/2020.1/data/boards/board_files/cmod_a7-35t/B.0/board.xml as part xc7a35tcpg236-1 specified in board_part file is either invalid or not available
WARNING: [Board 49-26] cannot add Board Part digilentinc.com:genesys2:part0:1.1 available at /tools/Xilinx/Vivado/2020.1/data/boards/board_files/genesys2/H/board.xml as part xc7k325tffg900-2 specified in board_part file is either invalid or not available
WARNING: [Board 49-26] cannot add Board Part digilentinc.com:gzu_3eg:part0:1.0 available at /tools/Xilinx/Vivado/2020.1/data/boards/board_files/genesys-zu-3eg/B.0/board.xml as part xczu3eg-sfvc784-1-e specified in board_part file is either invalid or not available
WARNING: [Board 49-26] cannot add Board Part digilentinc.com:nexys-a7-100t:part0:1.0 available at /tools/Xilinx/Vivado/2020.1/data/boards/board_files/nexys-a7-100t/D.0/board.xml as part xc7a100tcsg324-1 specified in board_part file is either invalid or not available
WARNING: [Board 49-26] cannot add Board Part digilentinc.com:nexys-a7-50t:part0:1.0 available at /tools/Xilinx/Vivado/2020.1/data/boards/board_files/nexys-a7-50t/D.0/board.xml as part xc7a50ticsg324-1l specified in board_part file is either invalid or not available
WARNING: [Board 49-26] cannot add Board Part digilentinc.com:nexys4:part0:1.1 available at /tools/Xilinx/Vivado/2020.1/data/boards/board_files/nexys4/B.1/board.xml as part xc7a100tcsg324-1 specified in board_part file is either invalid or not available
WARNING: [Board 49-26] cannot add Board Part digilentinc.com:nexys4_ddr:part0:1.1 available at /tools/Xilinx/Vivado/2020.1/data/boards/board_files/nexys4_ddr/C.1/board.xml as part xc7a100tcsg324-1 specified in board_part file is either invalid or not available
WARNING: [Board 49-26] cannot add Board Part digilentinc.com:nexys_video:part0:1.1 available at /tools/Xilinx/Vivado/2020.1/data/boards/board_files/nexys_video/A.0/board.xml as part xc7a200tsbg484-1 specified in board_part file is either invalid or not available
WARNING: [Board 49-26] cannot add Board Part digilentinc.com:sword:part0:1.0 available at /tools/Xilinx/Vivado/2020.1/data/boards/board_files/sword/C.0/board.xml as part xc7k325tffg900-2 specified in board_part file is either invalid or not available
WARNING: [Board 49-26] cannot add Board Part digilentinc.com:usb104-a7:part0:1.1 available at /tools/Xilinx/Vivado/2020.1/data/boards/board_files/usb104-a7/B/board.xml as part xc7a100tcsg324-1 specified in board_part file is either invalid or not available
WARNING: [Board 49-26] cannot add Board Part digilentinc.com:arty-a7-100:part0:1.0 available at /tools/Xilinx/Vivado/2020.1/data/boards/board_files/arty-a7-100/E.0/board.xml as part xc7a100tcsg324-1 specified in board_part file is either invalid or not available
WARNING: [Board 49-26] cannot add Board Part digilentinc.com:arty-a7-35:part0:1.0 available at /tools/Xilinx/Vivado/2020.1/data/boards/board_files/arty-a7-35/E.0/board.xml as part xc7a35ticsg324-1l specified in board_part file is either invalid or not available
WARNING: [Board 49-26] cannot add Board Part digilentinc.com:arty-s7-25:part0:1.0 available at /tools/Xilinx/Vivado/2020.1/data/boards/board_files/arty-s7-25/E.0/board.xml as part xc7s25csga324-1 specified in board_part file is either invalid or not available
WARNING: [Board 49-26] cannot add Board Part digilentinc.com:arty-s7-50:part0:1.0 available at /tools/Xilinx/Vivado/2020.1/data/boards/board_files/arty-s7-50/B.0/board.xml as part xc7s50csga324-1 specified in board_part file is either invalid or not available
WARNING: [Board 49-26] cannot add Board Part digilentinc.com:arty:part0:1.1 available at /tools/Xilinx/Vivado/2020.1/data/boards/board_files/arty/C.0/board.xml as part xc7a35ticsg324-1l specified in board_part file is either invalid or not available
WARNING: [Board 49-26] cannot add Board Part digilentinc.com:basys3:part0:1.1 available at /tools/Xilinx/Vivado/2020.1/data/boards/board_files/basys3/C.0/board.xml as part xc7a35tcpg236-1 specified in board_part file is either invalid or not available
WARNING: [Board 49-26] cannot add Board Part digilentinc.com:cmod-s7-25:part0:1.0 available at /tools/Xilinx/Vivado/2020.1/data/boards/board_files/cmod-s7-25/B.0/board.xml as part xc7s25csga225-1 specified in board_part file is either invalid or not available
WARNING: [Board 49-26] cannot add Board Part digilentinc.com:cmod_a7-15t:part0:1.1 available at /tools/Xilinx/Vivado/2020.1/data/boards/board_files/cmod_a7-15t/B.0/board.xml as part xc7a15tcpg236-1 specified in board_part file is either invalid or not available
WARNING: [Board 49-26] cannot add Board Part digilentinc.com:cmod_a7-35t:part0:1.1 available at /tools/Xilinx/Vivado/2020.1/data/boards/board_files/cmod_a7-35t/B.0/board.xml as part xc7a35tcpg236-1 specified in board_part file is either invalid or not available
WARNING: [Board 49-26] cannot add Board Part digilentinc.com:genesys2:part0:1.1 available at /tools/Xilinx/Vivado/2020.1/data/boards/board_files/genesys2/H/board.xml as part xc7k325tffg900-2 specified in board_part file is either invalid or not available
WARNING: [Board 49-26] cannot add Board Part digilentinc.com:gzu_3eg:part0:1.0 available at /tools/Xilinx/Vivado/2020.1/data/boards/board_files/genesys-zu-3eg/B.0/board.xml as part xczu3eg-sfvc784-1-e specified in board_part file is either invalid or not available
WARNING: [Board 49-26] cannot add Board Part digilentinc.com:nexys-a7-100t:part0:1.0 available at /tools/Xilinx/Vivado/2020.1/data/boards/board_files/nexys-a7-100t/D.0/board.xml as part xc7a100tcsg324-1 specified in board_part file is either invalid or not available
WARNING: [Board 49-26] cannot add Board Part digilentinc.com:nexys-a7-50t:part0:1.0 available at /tools/Xilinx/Vivado/2020.1/data/boards/board_files/nexys-a7-50t/D.0/board.xml as part xc7a50ticsg324-1l specified in board_part file is either invalid or not available
WARNING: [Board 49-26] cannot add Board Part digilentinc.com:nexys4:part0:1.1 available at /tools/Xilinx/Vivado/2020.1/data/boards/board_files/nexys4/B.1/board.xml as part xc7a100tcsg324-1 specified in board_part file is either invalid or not available
WARNING: [Board 49-26] cannot add Board Part digilentinc.com:nexys4_ddr:part0:1.1 available at /tools/Xilinx/Vivado/2020.1/data/boards/board_files/nexys4_ddr/C.1/board.xml as part xc7a100tcsg324-1 specified in board_part file is either invalid or not available
WARNING: [Board 49-26] cannot add Board Part digilentinc.com:nexys_video:part0:1.1 available at /tools/Xilinx/Vivado/2020.1/data/boards/board_files/nexys_video/A.0/board.xml as part xc7a200tsbg484-1 specified in board_part file is either invalid or not available
WARNING: [Board 49-26] cannot add Board Part digilentinc.com:sword:part0:1.0 available at /tools/Xilinx/Vivado/2020.1/data/boards/board_files/sword/C.0/board.xml as part xc7k325tffg900-2 specified in board_part file is either invalid or not available
WARNING: [Board 49-26] cannot add Board Part digilentinc.com:usb104-a7:part0:1.1 available at /tools/Xilinx/Vivado/2020.1/data/boards/board_files/usb104-a7/B/board.xml as part xc7a100tcsg324-1 specified in board_part file is either invalid or not available
WARNING: [Board 49-26] cannot add Board Part digilentinc.com:arty-a7-100:part0:1.0 available at /tools/Xilinx/Vivado/2020.1/data/boards/board_files/arty-a7-100/E.0/board.xml as part xc7a100tcsg324-1 specified in board_part file is either invalid or not available
WARNING: [Board 49-26] cannot add Board Part digilentinc.com:arty-a7-35:part0:1.0 available at /tools/Xilinx/Vivado/2020.1/data/boards/board_files/arty-a7-35/E.0/board.xml as part xc7a35ticsg324-1l specified in board_part file is either invalid or not available
WARNING: [Board 49-26] cannot add Board Part digilentinc.com:arty-s7-25:part0:1.0 available at /tools/Xilinx/Vivado/2020.1/data/boards/board_files/arty-s7-25/E.0/board.xml as part xc7s25csga324-1 specified in board_part file is either invalid or not available
WARNING: [Board 49-26] cannot add Board Part digilentinc.com:arty-s7-50:part0:1.0 available at /tools/Xilinx/Vivado/2020.1/data/boards/board_files/arty-s7-50/B.0/board.xml as part xc7s50csga324-1 specified in board_part file is either invalid or not available
WARNING: [Board 49-26] cannot add Board Part digilentinc.com:arty:part0:1.1 available at /tools/Xilinx/Vivado/2020.1/data/boards/board_files/arty/C.0/board.xml as part xc7a35ticsg324-1l specified in board_part file is either invalid or not available
WARNING: [Board 49-26] cannot add Board Part digilentinc.com:basys3:part0:1.1 available at /tools/Xilinx/Vivado/2020.1/data/boards/board_files/basys3/C.0/board.xml as part xc7a35tcpg236-1 specified in board_part file is either invalid or not available
WARNING: [Board 49-26] cannot add Board Part digilentinc.com:cmod-s7-25:part0:1.0 available at /tools/Xilinx/Vivado/2020.1/data/boards/board_files/cmod-s7-25/B.0/board.xml as part xc7s25csga225-1 specified in board_part file is either invalid or not available
WARNING: [Board 49-26] cannot add Board Part digilentinc.com:cmod_a7-15t:part0:1.1 available at /tools/Xilinx/Vivado/2020.1/data/boards/board_files/cmod_a7-15t/B.0/board.xml as part xc7a15tcpg236-1 specified in board_part file is either invalid or not available
WARNING: [Board 49-26] cannot add Board Part digilentinc.com:cmod_a7-35t:part0:1.1 available at /tools/Xilinx/Vivado/2020.1/data/boards/board_files/cmod_a7-35t/B.0/board.xml as part xc7a35tcpg236-1 specified in board_part file is either invalid or not available
WARNING: [Board 49-26] cannot add Board Part digilentinc.com:genesys2:part0:1.1 available at /tools/Xilinx/Vivado/2020.1/data/boards/board_files/genesys2/H/board.xml as part xc7k325tffg900-2 specified in board_part file is either invalid or not available
INFO: [Common 17-14] Message 'Board 49-26' appears 100 times and further instances of the messages will be disabled. Use the Tcl command set_msg_config to change the current settings.
INFO: [BoardRule 102-8] create_bd_intf_port -mode Master -vlnv xilinx.com:interface:gpio_rtl:1.0 btns_4bits
INFO: [BoardRule 102-9] connect_bd_intf_net /btns_4bits /axi_gpio_0/GPIO
apply_bd_automation -rule xilinx.com:bd_rule:axi4 -config { Clk_master {/processing_system7_0/FCLK_CLK0 (50 MHz)} Clk_slave {Auto} Clk_xbar {/processing_system7_0/FCLK_CLK0 (50 MHz)} Master {/processing_system7_0/M_AXI_GP0} Slave {/axi_gpio_0/S_AXI} ddr_seg {Auto} intc_ip {/ps7_0_axi_periph} master_apm {0}}  [get_bd_intf_pins axi_gpio_0/S_AXI]
Slave segment '/axi_gpio_0/S_AXI/Reg' is being assigned into address space '/processing_system7_0/Data' at <0x4120_0000 [ 64K ]>.
endgroup
regenerate_bd_layout
startgroup
create_bd_cell -type ip -vlnv xilinx.com:ip:axi_gpio:2.0 axi_gpio_1
endgroup
delete_bd_objs [get_bd_cells axi_gpio_1]
open_project /home/arjunmenonv/Arjun_acads/FPGA_proj/PSuart/PSuart.xpr
Scanning sources...
Finished scanning sources
INFO: [IP_Flow 19-234] Refreshing IP repositories
INFO: [IP_Flow 19-1704] No user IP repositories specified
INFO: [IP_Flow 19-2313] Loaded Vivado IP repository '/tools/Xilinx/Vivado/2020.1/data/ip'.
open_project: Time (s): cpu = 00:00:11 ; elapsed = 00:00:06 . Memory (MB): peak = 7384.375 ; gain = 12.008 ; free physical = 792 ; free virtual = 3976
open_bd_design {/home/arjunmenonv/Arjun_acads/FPGA_proj/PSuart/PSuart.srcs/sources_1/bd/serialZynq/serialZynq.bd}
Adding component instance block -- xilinx.com:ip:processing_system7:5.5 - processing_system7_0
WARNING: [BD 41-176] The physical port 'S_AXI_GP2_rd_socket' specified in the portmap, is not found on the block! 
WARNING: [BD 41-176] The physical port 'S_AXI_GP2_wr_socket' specified in the portmap, is not found on the block! 
WARNING: [BD 41-176] The physical port 'S_AXI_GP3_rd_socket' specified in the portmap, is not found on the block! 
WARNING: [BD 41-176] The physical port 'S_AXI_GP3_wr_socket' specified in the portmap, is not found on the block! 
Successfully read diagram <serialZynq> from BD file </home/arjunmenonv/Arjun_acads/FPGA_proj/PSuart/PSuart.srcs/sources_1/bd/serialZynq/serialZynq.bd>
open_bd_design: Time (s): cpu = 00:00:16 ; elapsed = 00:00:07 . Memory (MB): peak = 7485.426 ; gain = 88.043 ; free physical = 756 ; free virtual = 3933
update_compile_order -fileset sources_1
close_bd_design [get_bd_designs serialZynq]
Wrote  : </home/arjunmenonv/Arjun_acads/FPGA_proj/PSuart/PSuart.srcs/sources_1/bd/serialZynq/ui/bd_2bc31356.ui> 
close_project
delete_bd_objs [get_bd_intf_nets axi_gpio_0_GPIO] [get_bd_intf_nets ps7_0_axi_periph_M01_AXI] [get_bd_cells axi_gpio_0]
delete_bd_objs [get_bd_intf_ports btns_4bits]
regenerate_bd_layout
validate_bd_design
CRITICAL WARNING: [PSU-1]  Parameter : PCW_UIPARAM_DDR_DQS_TO_CLK_DELAY_0 has negative value -0.050 . PS DDR interfaces might fail when entering negative DQS skew values. 
CRITICAL WARNING: [PSU-2]  Parameter : PCW_UIPARAM_DDR_DQS_TO_CLK_DELAY_1 has negative value -0.044 . PS DDR interfaces might fail when entering negative DQS skew values. 
CRITICAL WARNING: [PSU-3]  Parameter : PCW_UIPARAM_DDR_DQS_TO_CLK_DELAY_2 has negative value -0.035 . PS DDR interfaces might fail when entering negative DQS skew values. 
CRITICAL WARNING: [PSU-4]  Parameter : PCW_UIPARAM_DDR_DQS_TO_CLK_DELAY_3 has negative value -0.100 . PS DDR interfaces might fail when entering negative DQS skew values. 
WARNING: [BD 41-176] The physical port 'S_AXI_GP2_rd_socket' specified in the portmap, is not found on the block! 
WARNING: [BD 41-176] The physical port 'S_AXI_GP2_wr_socket' specified in the portmap, is not found on the block! 
WARNING: [BD 41-176] The physical port 'S_AXI_GP3_rd_socket' specified in the portmap, is not found on the block! 
WARNING: [BD 41-176] The physical port 'S_AXI_GP3_wr_socket' specified in the portmap, is not found on the block! 
make_wrapper -files [get_files /home/arjunmenonv/Arjun_acads/Year3/CompOrg/HW-Spectrum-Analyzer/teach-fpga/01-fft/build/zynqFFT32_IP/zynqFFT32_IP.srcs/sources_1/bd/ip1/ip1.bd] -top
INFO: [BD 41-1662] The design 'ip1.bd' is already validated. Therefore parameter propagation will not be re-run.
Wrote  : </home/arjunmenonv/Arjun_acads/Year3/CompOrg/HW-Spectrum-Analyzer/teach-fpga/01-fft/build/zynqFFT32_IP/zynqFFT32_IP.srcs/sources_1/bd/ip1/ip1.bd> 
Wrote  : </home/arjunmenonv/Arjun_acads/Year3/CompOrg/HW-Spectrum-Analyzer/teach-fpga/01-fft/build/zynqFFT32_IP/zynqFFT32_IP.srcs/sources_1/bd/ip1/ui/bd_4f3e4e6a.ui> 
VHDL Output written to : /home/arjunmenonv/Arjun_acads/Year3/CompOrg/HW-Spectrum-Analyzer/teach-fpga/01-fft/build/zynqFFT32_IP/zynqFFT32_IP.srcs/sources_1/bd/ip1/synth/ip1.v
VHDL Output written to : /home/arjunmenonv/Arjun_acads/Year3/CompOrg/HW-Spectrum-Analyzer/teach-fpga/01-fft/build/zynqFFT32_IP/zynqFFT32_IP.srcs/sources_1/bd/ip1/sim/ip1.v
VHDL Output written to : /home/arjunmenonv/Arjun_acads/Year3/CompOrg/HW-Spectrum-Analyzer/teach-fpga/01-fft/build/zynqFFT32_IP/zynqFFT32_IP.srcs/sources_1/bd/ip1/hdl/ip1_wrapper.v
make_wrapper: Time (s): cpu = 00:00:05 ; elapsed = 00:00:08 . Memory (MB): peak = 7485.426 ; gain = 0.000 ; free physical = 636 ; free virtual = 3792
add_files -norecurse /home/arjunmenonv/Arjun_acads/Year3/CompOrg/HW-Spectrum-Analyzer/teach-fpga/01-fft/build/zynqFFT32_IP/zynqFFT32_IP.srcs/sources_1/bd/ip1/hdl/ip1_wrapper.v
launch_runs impl_1 -to_step write_bitstream -jobs 3
INFO: [BD 41-1662] The design 'ip1.bd' is already validated. Therefore parameter propagation will not be re-run.
Wrote  : </home/arjunmenonv/Arjun_acads/Year3/CompOrg/HW-Spectrum-Analyzer/teach-fpga/01-fft/build/zynqFFT32_IP/zynqFFT32_IP.srcs/sources_1/bd/ip1/ip1.bd> 
Wrote  : </home/arjunmenonv/Arjun_acads/Year3/CompOrg/HW-Spectrum-Analyzer/teach-fpga/01-fft/build/zynqFFT32_IP/zynqFFT32_IP.srcs/sources_1/bd/ip1/ui/bd_4f3e4e6a.ui> 
VHDL Output written to : /home/arjunmenonv/Arjun_acads/Year3/CompOrg/HW-Spectrum-Analyzer/teach-fpga/01-fft/build/zynqFFT32_IP/zynqFFT32_IP.srcs/sources_1/bd/ip1/synth/ip1.v
VHDL Output written to : /home/arjunmenonv/Arjun_acads/Year3/CompOrg/HW-Spectrum-Analyzer/teach-fpga/01-fft/build/zynqFFT32_IP/zynqFFT32_IP.srcs/sources_1/bd/ip1/sim/ip1.v
VHDL Output written to : /home/arjunmenonv/Arjun_acads/Year3/CompOrg/HW-Spectrum-Analyzer/teach-fpga/01-fft/build/zynqFFT32_IP/zynqFFT32_IP.srcs/sources_1/bd/ip1/hdl/ip1_wrapper.v
WARNING: [IP_Flow 19-5611] Unable to find an associated reset port for the interface 'M_AXI_GP0'. A default connection has been created.
INFO: [BD 41-1029] Generation completed for the IP Integrator block processing_system7_0 .
WARNING: [IP_Flow 19-519] IP 'ip1_FFT_0_0' detected a language mismatch between 'VHDL Simulation Wrapper' and 'Verilog Simulation' output products. Please check with the IP provider to see if this is expected.
INFO: [BD 41-1029] Generation completed for the IP Integrator block FFT_0 .
INFO: [BD 41-1029] Generation completed for the IP Integrator block ps7_0_axi_periph/xbar .
WARNING: [IP_Flow 19-4994] Overwriting existing constraint file '/home/arjunmenonv/Arjun_acads/Year3/CompOrg/HW-Spectrum-Analyzer/teach-fpga/01-fft/build/zynqFFT32_IP/zynqFFT32_IP.srcs/sources_1/bd/ip1/ip/ip1_auto_pc_1/ip1_auto_pc_1_ooc.xdc'
INFO: [BD 41-1029] Generation completed for the IP Integrator block ps7_0_axi_periph/s00_couplers/auto_pc .
WARNING: [IP_Flow 19-4994] Overwriting existing constraint file '/home/arjunmenonv/Arjun_acads/Year3/CompOrg/HW-Spectrum-Analyzer/teach-fpga/01-fft/build/zynqFFT32_IP/zynqFFT32_IP.srcs/sources_1/bd/ip1/ip/ip1_auto_pc_0/ip1_auto_pc_0_ooc.xdc'
INFO: [BD 41-1029] Generation completed for the IP Integrator block ps7_0_axi_periph/m00_couplers/auto_pc .
INFO: [BD 41-1029] Generation completed for the IP Integrator block rst_ps7_0_50M .
Exporting to file /home/arjunmenonv/Arjun_acads/Year3/CompOrg/HW-Spectrum-Analyzer/teach-fpga/01-fft/build/zynqFFT32_IP/zynqFFT32_IP.srcs/sources_1/bd/ip1/hw_handoff/ip1.hwh
Generated Block Design Tcl file /home/arjunmenonv/Arjun_acads/Year3/CompOrg/HW-Spectrum-Analyzer/teach-fpga/01-fft/build/zynqFFT32_IP/zynqFFT32_IP.srcs/sources_1/bd/ip1/hw_handoff/ip1_bd.tcl
Generated Hardware Definition File /home/arjunmenonv/Arjun_acads/Year3/CompOrg/HW-Spectrum-Analyzer/teach-fpga/01-fft/build/zynqFFT32_IP/zynqFFT32_IP.srcs/sources_1/bd/ip1/synth/ip1.hwdef
[Thu Dec 24 23:35:21 2020] Launched ip1_processing_system7_0_0_synth_1, ip1_FFT_0_0_synth_1, ip1_auto_pc_1_synth_1, ip1_auto_pc_0_synth_1, ip1_xbar_0_synth_1, ip1_rst_ps7_0_50M_1_synth_1, synth_1...
Run output will be captured here:
ip1_processing_system7_0_0_synth_1: /home/arjunmenonv/Arjun_acads/Year3/CompOrg/HW-Spectrum-Analyzer/teach-fpga/01-fft/build/zynqFFT32_IP/zynqFFT32_IP.runs/ip1_processing_system7_0_0_synth_1/runme.log
ip1_FFT_0_0_synth_1: /home/arjunmenonv/Arjun_acads/Year3/CompOrg/HW-Spectrum-Analyzer/teach-fpga/01-fft/build/zynqFFT32_IP/zynqFFT32_IP.runs/ip1_FFT_0_0_synth_1/runme.log
ip1_auto_pc_1_synth_1: /home/arjunmenonv/Arjun_acads/Year3/CompOrg/HW-Spectrum-Analyzer/teach-fpga/01-fft/build/zynqFFT32_IP/zynqFFT32_IP.runs/ip1_auto_pc_1_synth_1/runme.log
ip1_auto_pc_0_synth_1: /home/arjunmenonv/Arjun_acads/Year3/CompOrg/HW-Spectrum-Analyzer/teach-fpga/01-fft/build/zynqFFT32_IP/zynqFFT32_IP.runs/ip1_auto_pc_0_synth_1/runme.log
ip1_xbar_0_synth_1: /home/arjunmenonv/Arjun_acads/Year3/CompOrg/HW-Spectrum-Analyzer/teach-fpga/01-fft/build/zynqFFT32_IP/zynqFFT32_IP.runs/ip1_xbar_0_synth_1/runme.log
ip1_rst_ps7_0_50M_1_synth_1: /home/arjunmenonv/Arjun_acads/Year3/CompOrg/HW-Spectrum-Analyzer/teach-fpga/01-fft/build/zynqFFT32_IP/zynqFFT32_IP.runs/ip1_rst_ps7_0_50M_1_synth_1/runme.log
synth_1: /home/arjunmenonv/Arjun_acads/Year3/CompOrg/HW-Spectrum-Analyzer/teach-fpga/01-fft/build/zynqFFT32_IP/zynqFFT32_IP.runs/synth_1/runme.log
[Thu Dec 24 23:35:21 2020] Launched impl_1...
Run output will be captured here: /home/arjunmenonv/Arjun_acads/Year3/CompOrg/HW-Spectrum-Analyzer/teach-fpga/01-fft/build/zynqFFT32_IP/zynqFFT32_IP.runs/impl_1/runme.log
launch_runs: Time (s): cpu = 00:00:41 ; elapsed = 00:00:40 . Memory (MB): peak = 7579.332 ; gain = 80.039 ; free physical = 516 ; free virtual = 3746
set_property pfm_name {} [get_files -all {/home/arjunmenonv/Arjun_acads/Year3/CompOrg/HW-Spectrum-Analyzer/teach-fpga/01-fft/build/zynqFFT32_IP/zynqFFT32_IP.srcs/sources_1/bd/ip1/ip1.bd}]
write_hw_platform -fixed -include_bit -force -file /home/arjunmenonv/Arjun_acads/Year3/CompOrg/HW-Spectrum-Analyzer/teach-fpga/01-fft/build/zynqFFT32_IP/ip1_wrapper.xsa
INFO: [Vivado 12-4895] Creating Hardware Platform: /home/arjunmenonv/Arjun_acads/Year3/CompOrg/HW-Spectrum-Analyzer/teach-fpga/01-fft/build/zynqFFT32_IP/ip1_wrapper.xsa ...
INFO: [Hsi 55-2053] elapsed time for repository (/tools/Xilinx/Vivado/2020.1/data/embeddedsw) loading 1 seconds
WARNING: [Project 1-645] Board images not set in Hardware Platform.
INFO: [Vivado 12-4896] Successfully created Hardware Platform: /home/arjunmenonv/Arjun_acads/Year3/CompOrg/HW-Spectrum-Analyzer/teach-fpga/01-fft/build/zynqFFT32_IP/ip1_wrapper.xsa
write_hw_platform: Time (s): cpu = 00:00:09 ; elapsed = 00:00:12 . Memory (MB): peak = 7579.332 ; gain = 0.000 ; free physical = 2941 ; free virtual = 5328
INFO: [Vivado 12-8231] Launching Vitis
INFO: [Vivado 12-417] Running vitis
INFO: [Vivado 12-8232] Vitis launch initiated. Please check console for any further messages.
WARNING: [IP_Flow 19-3899] Cannot get the environment domain name variable for the component vendor name. Setting the vendor name to 'user.org'.
set_property  ip_repo_paths  {/home/arjunmenonv/Arjun_acads/Year3/CompOrg/HW-Spectrum-Analyzer/teach-fpga/01-fft/build/FFT32float /home/arjunmenonv/Arjun_acads/Year3/CompOrg/HW-Spectrum-Analyzer/teach-fpga/01-fft/build/perf_ctr} [current_project]
update_ip_catalog
INFO: [IP_Flow 19-234] Refreshing IP repositories
INFO: [IP_Flow 19-1700] Loaded user IP repository '/home/arjunmenonv/Arjun_acads/Year3/CompOrg/HW-Spectrum-Analyzer/teach-fpga/01-fft/build/FFT32float'.
INFO: [IP_Flow 19-1700] Loaded user IP repository '/home/arjunmenonv/Arjun_acads/Year3/CompOrg/HW-Spectrum-Analyzer/teach-fpga/01-fft/build/perf_ctr'.
WARNING: [IP_Flow 19-3899] Cannot get the environment domain name variable for the component vendor name. Setting the vendor name to 'user.org'.
WARNING: [IP_Flow 19-3899] Cannot get the environment domain name variable for the component vendor name. Setting the vendor name to 'user.org'.
WARNING: [IP_Flow 19-3899] Cannot get the environment domain name variable for the component vendor name. Setting the vendor name to 'user.org'.
startgroup
create_bd_cell -type ip -vlnv xilinx.com:hls:counter:1.0 counter_0
endgroup
apply_bd_automation -rule xilinx.com:bd_rule:axi4 -config { Clk_master {/processing_system7_0/FCLK_CLK0 (50 MHz)} Clk_slave {Auto} Clk_xbar {/processing_system7_0/FCLK_CLK0 (50 MHz)} Master {/processing_system7_0/M_AXI_GP0} Slave {/counter_0/s_axi_AXILiteS} ddr_seg {Auto} intc_ip {/ps7_0_axi_periph} master_apm {0}}  [get_bd_intf_pins counter_0/s_axi_AXILiteS]
Slave segment '/counter_0/s_axi_AXILiteS/Reg' is being assigned into address space '/processing_system7_0/Data' at <0x43C1_0000 [ 64K ]>.
regenerate_bd_layout
validate_bd_design
validate_bd_design: Time (s): cpu = 00:00:08 ; elapsed = 00:00:07 . Memory (MB): peak = 7687.926 ; gain = 0.000 ; free physical = 603 ; free virtual = 3399
make_wrapper -files [get_files /home/arjunmenonv/Arjun_acads/Year3/CompOrg/HW-Spectrum-Analyzer/teach-fpga/01-fft/build/zynqFFT32_IP/zynqFFT32_IP.srcs/sources_1/bd/ip1/ip1.bd] -top
INFO: [BD 41-1662] The design 'ip1.bd' is already validated. Therefore parameter propagation will not be re-run.
Wrote  : </home/arjunmenonv/Arjun_acads/Year3/CompOrg/HW-Spectrum-Analyzer/teach-fpga/01-fft/build/zynqFFT32_IP/zynqFFT32_IP.srcs/sources_1/bd/ip1/ip1.bd> 
Wrote  : </home/arjunmenonv/Arjun_acads/Year3/CompOrg/HW-Spectrum-Analyzer/teach-fpga/01-fft/build/zynqFFT32_IP/zynqFFT32_IP.srcs/sources_1/bd/ip1/ui/bd_4f3e4e6a.ui> 
VHDL Output written to : /home/arjunmenonv/Arjun_acads/Year3/CompOrg/HW-Spectrum-Analyzer/teach-fpga/01-fft/build/zynqFFT32_IP/zynqFFT32_IP.srcs/sources_1/bd/ip1/synth/ip1.v
VHDL Output written to : /home/arjunmenonv/Arjun_acads/Year3/CompOrg/HW-Spectrum-Analyzer/teach-fpga/01-fft/build/zynqFFT32_IP/zynqFFT32_IP.srcs/sources_1/bd/ip1/sim/ip1.v
VHDL Output written to : /home/arjunmenonv/Arjun_acads/Year3/CompOrg/HW-Spectrum-Analyzer/teach-fpga/01-fft/build/zynqFFT32_IP/zynqFFT32_IP.srcs/sources_1/bd/ip1/hdl/ip1_wrapper.v
reset_run synth_1
reset_run ip1_xbar_0_synth_1
launch_runs impl_1 -to_step write_bitstream -jobs 3
INFO: [BD 41-1662] The design 'ip1.bd' is already validated. Therefore parameter propagation will not be re-run.
Wrote  : </home/arjunmenonv/Arjun_acads/Year3/CompOrg/HW-Spectrum-Analyzer/teach-fpga/01-fft/build/zynqFFT32_IP/zynqFFT32_IP.srcs/sources_1/bd/ip1/ip1.bd> 
VHDL Output written to : /home/arjunmenonv/Arjun_acads/Year3/CompOrg/HW-Spectrum-Analyzer/teach-fpga/01-fft/build/zynqFFT32_IP/zynqFFT32_IP.srcs/sources_1/bd/ip1/synth/ip1.v
VHDL Output written to : /home/arjunmenonv/Arjun_acads/Year3/CompOrg/HW-Spectrum-Analyzer/teach-fpga/01-fft/build/zynqFFT32_IP/zynqFFT32_IP.srcs/sources_1/bd/ip1/sim/ip1.v
VHDL Output written to : /home/arjunmenonv/Arjun_acads/Year3/CompOrg/HW-Spectrum-Analyzer/teach-fpga/01-fft/build/zynqFFT32_IP/zynqFFT32_IP.srcs/sources_1/bd/ip1/hdl/ip1_wrapper.v
INFO: [BD 41-1029] Generation completed for the IP Integrator block ps7_0_axi_periph/xbar .
WARNING: [IP_Flow 19-4994] Overwriting existing constraint file '/home/arjunmenonv/Arjun_acads/Year3/CompOrg/HW-Spectrum-Analyzer/teach-fpga/01-fft/build/zynqFFT32_IP/zynqFFT32_IP.srcs/sources_1/bd/ip1/ip/ip1_auto_pc_0/ip1_auto_pc_0_ooc.xdc'
INFO: [BD 41-1029] Generation completed for the IP Integrator block ps7_0_axi_periph/s00_couplers/auto_pc .
INFO: [BD 41-1029] Generation completed for the IP Integrator block counter_0 .
Exporting to file /home/arjunmenonv/Arjun_acads/Year3/CompOrg/HW-Spectrum-Analyzer/teach-fpga/01-fft/build/zynqFFT32_IP/zynqFFT32_IP.srcs/sources_1/bd/ip1/hw_handoff/ip1.hwh
Generated Block Design Tcl file /home/arjunmenonv/Arjun_acads/Year3/CompOrg/HW-Spectrum-Analyzer/teach-fpga/01-fft/build/zynqFFT32_IP/zynqFFT32_IP.srcs/sources_1/bd/ip1/hw_handoff/ip1_bd.tcl
Generated Hardware Definition File /home/arjunmenonv/Arjun_acads/Year3/CompOrg/HW-Spectrum-Analyzer/teach-fpga/01-fft/build/zynqFFT32_IP/zynqFFT32_IP.srcs/sources_1/bd/ip1/synth/ip1.hwdef
[Fri Dec 25 14:38:01 2020] Launched ip1_xbar_0_synth_1, ip1_counter_0_0_synth_1, ip1_auto_pc_0_synth_1, synth_1...
Run output will be captured here:
ip1_xbar_0_synth_1: /home/arjunmenonv/Arjun_acads/Year3/CompOrg/HW-Spectrum-Analyzer/teach-fpga/01-fft/build/zynqFFT32_IP/zynqFFT32_IP.runs/ip1_xbar_0_synth_1/runme.log
ip1_counter_0_0_synth_1: /home/arjunmenonv/Arjun_acads/Year3/CompOrg/HW-Spectrum-Analyzer/teach-fpga/01-fft/build/zynqFFT32_IP/zynqFFT32_IP.runs/ip1_counter_0_0_synth_1/runme.log
ip1_auto_pc_0_synth_1: /home/arjunmenonv/Arjun_acads/Year3/CompOrg/HW-Spectrum-Analyzer/teach-fpga/01-fft/build/zynqFFT32_IP/zynqFFT32_IP.runs/ip1_auto_pc_0_synth_1/runme.log
synth_1: /home/arjunmenonv/Arjun_acads/Year3/CompOrg/HW-Spectrum-Analyzer/teach-fpga/01-fft/build/zynqFFT32_IP/zynqFFT32_IP.runs/synth_1/runme.log
[Fri Dec 25 14:38:01 2020] Launched impl_1...
Run output will be captured here: /home/arjunmenonv/Arjun_acads/Year3/CompOrg/HW-Spectrum-Analyzer/teach-fpga/01-fft/build/zynqFFT32_IP/zynqFFT32_IP.runs/impl_1/runme.log
launch_runs: Time (s): cpu = 00:00:09 ; elapsed = 00:00:10 . Memory (MB): peak = 7731.949 ; gain = 4.004 ; free physical = 682 ; free virtual = 3446
